2018-05-09 17:36:29 [scrapy.utils.log] INFO: Scrapy 1.4.0 started (bot: HouseCrawler)
2018-05-09 17:36:29 [scrapy.utils.log] INFO: Overridden settings: {'AUTOTHROTTLE_MAX_DELAY': 30, 'NEWSPIDER_MODULE': 'HouseCrawler.spiders', 'LOG_FILE': 'logs\\HouseCrawler\\AnjukeNewHouseSpider\\280e930f536b11e898b6382c4a16ce75.log', 'CONCURRENT_REQUESTS_PER_DOMAIN': 1, 'SPIDER_MODULES': ['HouseCrawler.spiders'], 'AUTOTHROTTLE_START_DELAY': 6, 'BOT_NAME': 'HouseCrawler', 'AUTOTHROTTLE_ENABLED': True, 'DOWNLOAD_DELAY': 4, 'AUTOTHROTTLE_DEBUG': True}
2018-05-09 17:36:29 [scrapy.middleware] INFO: Enabled extensions:
['scrapy.extensions.logstats.LogStats',
 'scrapy.extensions.telnet.TelnetConsole',
 'scrapy.extensions.corestats.CoreStats',
 'scrapy.extensions.throttle.AutoThrottle']
2018-05-09 17:36:29 [scrapy.middleware] INFO: Enabled downloader middlewares:
['HouseCrawler.middlewares.AnjukeUserAgentMiddleware',
 'scrapy.downloadermiddlewares.httpauth.HttpAuthMiddleware',
 'scrapy.downloadermiddlewares.downloadtimeout.DownloadTimeoutMiddleware',
 'scrapy.downloadermiddlewares.defaultheaders.DefaultHeadersMiddleware',
 'scrapy.downloadermiddlewares.retry.RetryMiddleware',
 'scrapy.downloadermiddlewares.redirect.MetaRefreshMiddleware',
 'scrapy.downloadermiddlewares.httpcompression.HttpCompressionMiddleware',
 'scrapy.downloadermiddlewares.redirect.RedirectMiddleware',
 'scrapy.downloadermiddlewares.cookies.CookiesMiddleware',
 'scrapy.downloadermiddlewares.httpproxy.HttpProxyMiddleware',
 'scrapy.downloadermiddlewares.stats.DownloaderStats']
2018-05-09 17:36:29 [scrapy.middleware] INFO: Enabled spider middlewares:
['scrapy.spidermiddlewares.httperror.HttpErrorMiddleware',
 'scrapy.spidermiddlewares.offsite.OffsiteMiddleware',
 'scrapy.spidermiddlewares.referer.RefererMiddleware',
 'scrapy.spidermiddlewares.urllength.UrlLengthMiddleware',
 'scrapy.spidermiddlewares.depth.DepthMiddleware']
2018-05-09 17:36:29 [scrapy.middleware] INFO: Enabled item pipelines:
[]
2018-05-09 17:36:29 [scrapy.core.engine] INFO: Spider opened
2018-05-09 17:36:29 [scrapy.extensions.logstats] INFO: Crawled 0 pages (at 0 pages/min), scraped 0 items (at 0 items/min)
2018-05-09 17:36:29 [scrapy.extensions.telnet] DEBUG: Telnet console listening on 127.0.0.1:6023
2018-05-09 17:36:29 [scrapy.extensions.throttle] INFO: slot: he.fang.anjuke.com | conc: 1 | delay: 4000 ms (-2000) | latency:  381 ms | size: 20839 bytes
2018-05-09 17:36:29 [scrapy.core.engine] DEBUG: Crawled (200) <GET https://he.fang.anjuke.com/loupan/zijinxian/> (referer: https://gz.fang.anjuke.com/)
2018-05-09 17:36:36 [scrapy.extensions.throttle] INFO: slot: he.fang.anjuke.com | conc: 1 | delay: 4000 ms (+0) | latency:  737 ms | size: 31834 bytes
2018-05-09 17:36:36 [scrapy.core.engine] DEBUG: Crawled (200) <GET https://he.fang.anjuke.com/loupan/419612.html> (referer: https://he.fang.anjuke.com/loupan/zijinxian/)
2018-05-09 17:36:42 [scrapy.extensions.throttle] INFO: slot: he.fang.anjuke.com | conc: 1 | delay: 4000 ms (+0) | latency:  740 ms | size: 34241 bytes
2018-05-09 17:36:42 [scrapy.core.engine] DEBUG: Crawled (200) <GET https://he.fang.anjuke.com/loupan/401908.html> (referer: https://he.fang.anjuke.com/loupan/zijinxian/)
2018-05-09 17:36:47 [scrapy.extensions.throttle] INFO: slot: he.fang.anjuke.com | conc: 1 | delay: 4000 ms (+0) | latency:  690 ms | size: 31007 bytes
2018-05-09 17:36:47 [scrapy.core.engine] DEBUG: Crawled (200) <GET https://he.fang.anjuke.com/loupan/402004.html> (referer: https://he.fang.anjuke.com/loupan/zijinxian/)
2018-05-09 17:36:53 [scrapy.extensions.throttle] INFO: slot: he.fang.anjuke.com | conc: 1 | delay: 4000 ms (+0) | latency:  393 ms | size: 23091 bytes
2018-05-09 17:36:53 [scrapy.core.engine] DEBUG: Crawled (200) <GET https://he.fang.anjuke.com/loupan/canshu-419612.html> (referer: https://he.fang.anjuke.com/loupan/419612.html)
2018-05-09 17:36:53 [scrapy.core.scraper] DEBUG: Scraped from <200 https://he.fang.anjuke.com/loupan/canshu-419612.html>
{'build_year': None,
 'city': '\xe6\xb2\xb3\xe6\xba\x90',
 'county': '\xe7\xb4\xab\xe9\x87\x91\xe5\x8e?',
 'crawl_time': 1525858613.277,
 'description': None,
 'down_payment': None,
 'house_address': u'\u4e1c\u73af\u8def\u4e34\u6c5f\u5de5\u4e1a\u56ed',
 'house_name': u'\u5bb6\u798f\u5efa\u6750\u6279\u53d1\u5e7f\u573a',
 'id': '81b92ccf-536c-11e8-bbbd-382c4a16ce75',
 'monthly_payment': None,
 'province': u'\u5e7f\u4e1c',
 'source': u'\u5b89\u5c45\u5ba2',
 'total_price': None,
 'type': u'new',
 'unit_price': None,
 'url': 'https://he.fang.anjuke.com/loupan/canshu-419612.html'}
2018-05-09 17:36:57 [scrapy.extensions.throttle] INFO: slot: he.fang.anjuke.com | conc: 1 | delay: 4000 ms (+0) | latency:  430 ms | size: 23916 bytes
2018-05-09 17:36:57 [scrapy.core.engine] DEBUG: Crawled (200) <GET https://he.fang.anjuke.com/loupan/canshu-401908.html> (referer: https://he.fang.anjuke.com/loupan/401908.html)
2018-05-09 17:36:57 [scrapy.core.scraper] DEBUG: Scraped from <200 https://he.fang.anjuke.com/loupan/canshu-401908.html>
{'build_year': None,
 'city': '\xe6\xb2\xb3\xe6\xba\x90',
 'county': '\xe7\xb4\xab\xe9\x87\x91\xe5\x8e?',
 'crawl_time': 1525858617.141,
 'description': None,
 'down_payment': None,
 'house_address': u'\u7d2b\u91d1\u53bf\u6cb3\u7d2b\u8def\u65c1\u68a7\u6850\u5c71\u5ea6\u5047\u533a',
 'house_name': u'\u6cb3\u6e90\u68ee\u6797\u6e56',
 'id': '8406c64f-536c-11e8-9918-382c4a16ce75',
 'monthly_payment': None,
 'province': u'\u5e7f\u4e1c',
 'source': u'\u5b89\u5c45\u5ba2',
 'total_price': None,
 'type': u'new',
 'unit_price': None,
 'url': 'https://he.fang.anjuke.com/loupan/canshu-401908.html'}
2018-05-09 17:37:03 [scrapy.extensions.throttle] INFO: slot: he.fang.anjuke.com | conc: 1 | delay: 4000 ms (+0) | latency:  559 ms | size: 23801 bytes
2018-05-09 17:37:03 [scrapy.core.engine] DEBUG: Crawled (200) <GET https://he.fang.anjuke.com/loupan/canshu-402004.html> (referer: https://he.fang.anjuke.com/loupan/402004.html)
2018-05-09 17:37:03 [scrapy.core.scraper] DEBUG: Scraped from <200 https://he.fang.anjuke.com/loupan/canshu-402004.html>
{'build_year': None,
 'city': '\xe6\xb2\xb3\xe6\xba\x90',
 'county': '\xe7\xb4\xab\xe9\x87\x91\xe5\x8e?',
 'crawl_time': 1525858623.269,
 'description': None,
 'down_payment': None,
 'house_address': u'\u7d2b\u91d1\u53bf\u6cb3\u6e90\u5e02\u7d2b\u91d1\u53bf\u57ce\u897f\u91d1\u5c71\u5927\u9053\u516c\u8def\u5c40\u4e0a\u4fa7',
 'house_name': u'\u9e3f\u798f\u57ce\u5e02\u4e3d\u82d1',
 'id': '87add54f-536c-11e8-bdbd-382c4a16ce75',
 'monthly_payment': None,
 'province': u'\u5e7f\u4e1c',
 'source': u'\u5b89\u5c45\u5ba2',
 'total_price': None,
 'type': u'new',
 'unit_price': None,
 'url': 'https://he.fang.anjuke.com/loupan/canshu-402004.html'}
2018-05-09 17:37:03 [scrapy.core.engine] INFO: Closing spider (finished)
2018-05-09 17:37:03 [scrapy.statscollectors] INFO: Dumping Scrapy stats:
{'downloader/request_bytes': 6981,
 'downloader/request_count': 7,
 'downloader/request_method_count/GET': 7,
 'downloader/response_bytes': 193882,
 'downloader/response_count': 7,
 'downloader/response_status_count/200': 7,
 'finish_reason': 'finished',
 'finish_time': datetime.datetime(2018, 5, 9, 9, 37, 3, 314000),
 'item_scraped_count': 3,
 'log_count/DEBUG': 11,
 'log_count/INFO': 14,
 'request_depth_max': 2,
 'response_received_count': 7,
 'scheduler/dequeued': 7,
 'scheduler/dequeued/memory': 7,
 'scheduler/enqueued': 7,
 'scheduler/enqueued/memory': 7,
 'start_time': datetime.datetime(2018, 5, 9, 9, 36, 29, 448000)}
2018-05-09 17:37:03 [scrapy.core.engine] INFO: Spider closed (finished)
