2018-05-09 17:37:05 [scrapy.utils.log] INFO: Scrapy 1.4.0 started (bot: HouseCrawler)
2018-05-09 17:37:05 [scrapy.utils.log] INFO: Overridden settings: {'AUTOTHROTTLE_MAX_DELAY': 30, 'NEWSPIDER_MODULE': 'HouseCrawler.spiders', 'LOG_FILE': 'logs\\HouseCrawler\\AnjukeNewHouseSpider\\2874a7de536b11e8abad382c4a16ce75.log', 'CONCURRENT_REQUESTS_PER_DOMAIN': 1, 'SPIDER_MODULES': ['HouseCrawler.spiders'], 'AUTOTHROTTLE_START_DELAY': 6, 'BOT_NAME': 'HouseCrawler', 'AUTOTHROTTLE_ENABLED': True, 'DOWNLOAD_DELAY': 4, 'AUTOTHROTTLE_DEBUG': True}
2018-05-09 17:37:06 [scrapy.middleware] INFO: Enabled extensions:
['scrapy.extensions.logstats.LogStats',
 'scrapy.extensions.telnet.TelnetConsole',
 'scrapy.extensions.corestats.CoreStats',
 'scrapy.extensions.throttle.AutoThrottle']
2018-05-09 17:37:06 [scrapy.middleware] INFO: Enabled downloader middlewares:
['HouseCrawler.middlewares.AnjukeUserAgentMiddleware',
 'scrapy.downloadermiddlewares.httpauth.HttpAuthMiddleware',
 'scrapy.downloadermiddlewares.downloadtimeout.DownloadTimeoutMiddleware',
 'scrapy.downloadermiddlewares.defaultheaders.DefaultHeadersMiddleware',
 'scrapy.downloadermiddlewares.retry.RetryMiddleware',
 'scrapy.downloadermiddlewares.redirect.MetaRefreshMiddleware',
 'scrapy.downloadermiddlewares.httpcompression.HttpCompressionMiddleware',
 'scrapy.downloadermiddlewares.redirect.RedirectMiddleware',
 'scrapy.downloadermiddlewares.cookies.CookiesMiddleware',
 'scrapy.downloadermiddlewares.httpproxy.HttpProxyMiddleware',
 'scrapy.downloadermiddlewares.stats.DownloaderStats']
2018-05-09 17:37:06 [scrapy.middleware] INFO: Enabled spider middlewares:
['scrapy.spidermiddlewares.httperror.HttpErrorMiddleware',
 'scrapy.spidermiddlewares.offsite.OffsiteMiddleware',
 'scrapy.spidermiddlewares.referer.RefererMiddleware',
 'scrapy.spidermiddlewares.urllength.UrlLengthMiddleware',
 'scrapy.spidermiddlewares.depth.DepthMiddleware']
2018-05-09 17:37:06 [scrapy.middleware] INFO: Enabled item pipelines:
[]
2018-05-09 17:37:06 [scrapy.core.engine] INFO: Spider opened
2018-05-09 17:37:06 [scrapy.extensions.logstats] INFO: Crawled 0 pages (at 0 pages/min), scraped 0 items (at 0 items/min)
2018-05-09 17:37:06 [scrapy.extensions.telnet] DEBUG: Telnet console listening on 127.0.0.1:6023
2018-05-09 17:37:06 [scrapy.extensions.throttle] INFO: slot: he.fang.anjuke.com | conc: 1 | delay: 4000 ms (-2000) | latency:  506 ms | size: 20911 bytes
2018-05-09 17:37:06 [scrapy.core.engine] DEBUG: Crawled (200) <GET https://he.fang.anjuke.com/loupan/longchuanxian/> (referer: https://gz.fang.anjuke.com/)
2018-05-09 17:37:15 [scrapy.extensions.throttle] INFO: slot: he.fang.anjuke.com | conc: 1 | delay: 4000 ms (+0) | latency:  972 ms | size: 35726 bytes
2018-05-09 17:37:15 [scrapy.core.engine] DEBUG: Crawled (200) <GET https://he.fang.anjuke.com/loupan/402180.html> (referer: https://he.fang.anjuke.com/loupan/longchuanxian/)
2018-05-09 17:37:20 [scrapy.extensions.throttle] INFO: slot: he.fang.anjuke.com | conc: 1 | delay: 4000 ms (+0) | latency:  513 ms | size: 31219 bytes
2018-05-09 17:37:20 [scrapy.core.engine] DEBUG: Crawled (200) <GET https://he.fang.anjuke.com/loupan/401745.html> (referer: https://he.fang.anjuke.com/loupan/longchuanxian/)
2018-05-09 17:37:25 [scrapy.extensions.throttle] INFO: slot: he.fang.anjuke.com | conc: 1 | delay: 4000 ms (+0) | latency:  583 ms | size: 31443 bytes
2018-05-09 17:37:25 [scrapy.core.engine] DEBUG: Crawled (200) <GET https://he.fang.anjuke.com/loupan/401454.html> (referer: https://he.fang.anjuke.com/loupan/longchuanxian/)
2018-05-09 17:37:27 [scrapy.extensions.throttle] INFO: slot: he.fang.anjuke.com | conc: 1 | delay: 4000 ms (+0) | latency:  424 ms | size: 23635 bytes
2018-05-09 17:37:27 [scrapy.core.engine] DEBUG: Crawled (200) <GET https://he.fang.anjuke.com/loupan/canshu-402180.html> (referer: https://he.fang.anjuke.com/loupan/402180.html)
2018-05-09 17:37:28 [scrapy.core.scraper] DEBUG: Scraped from <200 https://he.fang.anjuke.com/loupan/canshu-402180.html>
{'build_year': None,
 'city': '\xe6\xb2\xb3\xe6\xba\x90',
 'county': '\xe9\xbe\x99\xe5\xb7\x9d\xe5\x8e?',
 'crawl_time': 1525858647.993,
 'description': None,
 'down_payment': u'14.1',
 'house_address': u'\u9f99\u5ddd\u53bf\u6cb3\u6e90\u5e02\u9f99\u5ddd\u53bf\u6cbf\u6c5f\u4e8c\u8def',
 'house_name': u'\u5bb6\u548c\xb7\u6c34\u5cb8\u6c81\u56ed',
 'id': '966a6a8f-536c-11e8-9277-382c4a16ce75',
 'monthly_payment': u'1746.09',
 'province': u'\u5e7f\u4e1c',
 'source': u'\u5b89\u5c45\u5ba2',
 'total_price': u'47',
 'type': u'new',
 'unit_price': u'3800',
 'url': 'https://he.fang.anjuke.com/loupan/canshu-402180.html'}
2018-05-09 17:37:32 [scrapy.extensions.throttle] INFO: slot: he.fang.anjuke.com | conc: 1 | delay: 4000 ms (+0) | latency:  500 ms | size: 23668 bytes
2018-05-09 17:37:32 [scrapy.core.engine] DEBUG: Crawled (200) <GET https://he.fang.anjuke.com/loupan/canshu-401745.html> (referer: https://he.fang.anjuke.com/loupan/401745.html)
2018-05-09 17:37:33 [scrapy.core.scraper] DEBUG: Scraped from <200 https://he.fang.anjuke.com/loupan/canshu-401745.html>
{'build_year': None,
 'city': '\xe6\xb2\xb3\xe6\xba\x90',
 'county': '\xe9\xbe\x99\xe5\xb7\x9d\xe5\x8e?',
 'crawl_time': 1525858653.0,
 'description': None,
 'down_payment': None,
 'house_address': u'\u9f99\u5ddd\u53bf\u9f99\u5ddd\u53bf\u57ce\u65b0\u57ce\u533aG205\u56fd\u9053\u4e1c\u6c5f\u4e00\u6865\u897f\u6bb5',
 'house_name': u'\u6e2f\u665f\u8c6a\u5ead',
 'id': '99666c80-536c-11e8-9e8b-382c4a16ce75',
 'monthly_payment': None,
 'province': u'\u5e7f\u4e1c',
 'source': u'\u5b89\u5c45\u5ba2',
 'total_price': None,
 'type': u'new',
 'unit_price': None,
 'url': 'https://he.fang.anjuke.com/loupan/canshu-401745.html'}
2018-05-09 17:37:37 [scrapy.extensions.throttle] INFO: slot: he.fang.anjuke.com | conc: 1 | delay: 4000 ms (+0) | latency:  539 ms | size: 23782 bytes
2018-05-09 17:37:37 [scrapy.core.engine] DEBUG: Crawled (200) <GET https://he.fang.anjuke.com/loupan/canshu-401454.html> (referer: https://he.fang.anjuke.com/loupan/401454.html)
2018-05-09 17:37:37 [scrapy.core.scraper] DEBUG: Scraped from <200 https://he.fang.anjuke.com/loupan/canshu-401454.html>
{'build_year': None,
 'city': '\xe6\xb2\xb3\xe6\xba\x90',
 'county': '\xe9\xbe\x99\xe5\xb7\x9d\xe5\x8e?',
 'crawl_time': 1525858657.863,
 'description': None,
 'down_payment': u'28.5',
 'house_address': u'\u9f99\u5ddd\u53bf\u6cb3\u6e90\u5e02\u9f99\u5ddd\u53bf\u8001\u9686\u9547\u6587\u5fb7\u8def',
 'house_name': u'\u957f\u9e3f\xb7\u9f99\u5bb8\u6866\u5e9c',
 'id': '9c4c756e-536c-11e8-97d0-382c4a16ce75',
 'monthly_payment': u'3529.33',
 'province': u'\u5e7f\u4e1c',
 'source': u'\u5b89\u5c45\u5ba2',
 'total_price': u'95',
 'type': u'new',
 'unit_price': None,
 'url': 'https://he.fang.anjuke.com/loupan/canshu-401454.html'}
2018-05-09 17:37:37 [scrapy.core.engine] INFO: Closing spider (finished)
2018-05-09 17:37:37 [scrapy.statscollectors] INFO: Dumping Scrapy stats:
{'downloader/request_bytes': 6965,
 'downloader/request_count': 7,
 'downloader/request_method_count/GET': 7,
 'downloader/response_bytes': 195570,
 'downloader/response_count': 7,
 'downloader/response_status_count/200': 7,
 'finish_reason': 'finished',
 'finish_time': datetime.datetime(2018, 5, 9, 9, 37, 37, 908000),
 'item_scraped_count': 3,
 'log_count/DEBUG': 11,
 'log_count/INFO': 14,
 'request_depth_max': 2,
 'response_received_count': 7,
 'scheduler/dequeued': 7,
 'scheduler/dequeued/memory': 7,
 'scheduler/enqueued': 7,
 'scheduler/enqueued/memory': 7,
 'start_time': datetime.datetime(2018, 5, 9, 9, 37, 6, 70000)}
2018-05-09 17:37:37 [scrapy.core.engine] INFO: Spider closed (finished)
