2018-05-09 20:58:51 [scrapy.utils.log] INFO: Scrapy 1.4.0 started (bot: HouseCrawler)
2018-05-09 20:58:51 [scrapy.utils.log] INFO: Overridden settings: {'AUTOTHROTTLE_MAX_DELAY': 30, 'NEWSPIDER_MODULE': 'HouseCrawler.spiders', 'LOG_FILE': 'logs\\HouseCrawler\\AnjukeNewHouseSpider\\5ae9b640538211e8b8c1382c4a16ce75.log', 'CONCURRENT_REQUESTS_PER_DOMAIN': 1, 'SPIDER_MODULES': ['HouseCrawler.spiders'], 'AUTOTHROTTLE_START_DELAY': 6, 'BOT_NAME': 'HouseCrawler', 'AUTOTHROTTLE_ENABLED': True, 'DOWNLOAD_DELAY': 4, 'AUTOTHROTTLE_DEBUG': True}
2018-05-09 20:58:51 [scrapy.middleware] INFO: Enabled extensions:
['scrapy.extensions.logstats.LogStats',
 'scrapy.extensions.telnet.TelnetConsole',
 'scrapy.extensions.corestats.CoreStats',
 'scrapy.extensions.throttle.AutoThrottle']
2018-05-09 20:58:51 [scrapy.middleware] INFO: Enabled downloader middlewares:
['HouseCrawler.middlewares.AnjukeUserAgentMiddleware',
 'scrapy.downloadermiddlewares.httpauth.HttpAuthMiddleware',
 'scrapy.downloadermiddlewares.downloadtimeout.DownloadTimeoutMiddleware',
 'scrapy.downloadermiddlewares.defaultheaders.DefaultHeadersMiddleware',
 'scrapy.downloadermiddlewares.retry.RetryMiddleware',
 'scrapy.downloadermiddlewares.redirect.MetaRefreshMiddleware',
 'scrapy.downloadermiddlewares.httpcompression.HttpCompressionMiddleware',
 'scrapy.downloadermiddlewares.redirect.RedirectMiddleware',
 'scrapy.downloadermiddlewares.cookies.CookiesMiddleware',
 'scrapy.downloadermiddlewares.httpproxy.HttpProxyMiddleware',
 'scrapy.downloadermiddlewares.stats.DownloaderStats']
2018-05-09 20:58:51 [scrapy.middleware] INFO: Enabled spider middlewares:
['scrapy.spidermiddlewares.httperror.HttpErrorMiddleware',
 'scrapy.spidermiddlewares.offsite.OffsiteMiddleware',
 'scrapy.spidermiddlewares.referer.RefererMiddleware',
 'scrapy.spidermiddlewares.urllength.UrlLengthMiddleware',
 'scrapy.spidermiddlewares.depth.DepthMiddleware']
2018-05-09 20:58:51 [scrapy.middleware] INFO: Enabled item pipelines:
[]
2018-05-09 20:58:51 [scrapy.core.engine] INFO: Spider opened
2018-05-09 20:58:51 [scrapy.extensions.logstats] INFO: Crawled 0 pages (at 0 pages/min), scraped 0 items (at 0 items/min)
2018-05-09 20:58:51 [scrapy.extensions.telnet] DEBUG: Telnet console listening on 127.0.0.1:6023
2018-05-09 20:58:52 [scrapy.extensions.throttle] INFO: slot: qy.fang.anjuke.com | conc: 1 | delay: 4000 ms (-2000) | latency:  497 ms | size: 22968 bytes
2018-05-09 20:58:52 [scrapy.core.engine] DEBUG: Crawled (200) <GET https://qy.fang.anjuke.com/loupan/fogang/> (referer: https://gz.fang.anjuke.com/)
2018-05-09 20:59:01 [scrapy.extensions.throttle] INFO: slot: qy.fang.anjuke.com | conc: 1 | delay: 4000 ms (+0) | latency:  753 ms | size: 35380 bytes
2018-05-09 20:59:01 [scrapy.core.engine] DEBUG: Crawled (200) <GET https://qy.fang.anjuke.com/loupan/398226.html> (referer: https://qy.fang.anjuke.com/loupan/fogang/)
2018-05-09 20:59:05 [scrapy.extensions.throttle] INFO: slot: qy.fang.anjuke.com | conc: 1 | delay: 4000 ms (+0) | latency:  846 ms | size: 34651 bytes
2018-05-09 20:59:05 [scrapy.core.engine] DEBUG: Crawled (200) <GET https://qy.fang.anjuke.com/loupan/397937.html> (referer: https://qy.fang.anjuke.com/loupan/fogang/)
2018-05-09 20:59:10 [scrapy.extensions.throttle] INFO: slot: qy.fang.anjuke.com | conc: 1 | delay: 4000 ms (+0) | latency:  693 ms | size: 31450 bytes
2018-05-09 20:59:10 [scrapy.core.engine] DEBUG: Crawled (200) <GET https://qy.fang.anjuke.com/loupan/398225.html> (referer: https://qy.fang.anjuke.com/loupan/fogang/)
2018-05-09 20:59:16 [scrapy.extensions.throttle] INFO: slot: qy.fang.anjuke.com | conc: 1 | delay: 4000 ms (+0) | latency:  591 ms | size: 31611 bytes
2018-05-09 20:59:16 [scrapy.core.engine] DEBUG: Crawled (200) <GET https://qy.fang.anjuke.com/loupan/399244.html> (referer: https://qy.fang.anjuke.com/loupan/fogang/)
2018-05-09 20:59:21 [scrapy.extensions.throttle] INFO: slot: qy.fang.anjuke.com | conc: 1 | delay: 4000 ms (+0) | latency:  664 ms | size: 35124 bytes
2018-05-09 20:59:21 [scrapy.core.engine] DEBUG: Crawled (200) <GET https://qy.fang.anjuke.com/loupan/397936.html> (referer: https://qy.fang.anjuke.com/loupan/fogang/)
2018-05-09 20:59:25 [scrapy.extensions.throttle] INFO: slot: qy.fang.anjuke.com | conc: 1 | delay: 4000 ms (+0) | latency:  640 ms | size: 36199 bytes
2018-05-09 20:59:25 [scrapy.core.engine] DEBUG: Crawled (200) <GET https://qy.fang.anjuke.com/loupan/419721.html> (referer: https://qy.fang.anjuke.com/loupan/fogang/)
2018-05-09 20:59:31 [scrapy.extensions.throttle] INFO: slot: qy.fang.anjuke.com | conc: 1 | delay: 4000 ms (+0) | latency:  744 ms | size: 34709 bytes
2018-05-09 20:59:31 [scrapy.core.engine] DEBUG: Crawled (200) <GET https://qy.fang.anjuke.com/loupan/397904.html> (referer: https://qy.fang.anjuke.com/loupan/fogang/)
2018-05-09 20:59:37 [scrapy.extensions.throttle] INFO: slot: qy.fang.anjuke.com | conc: 1 | delay: 4000 ms (+0) | latency:  762 ms | size: 35274 bytes
2018-05-09 20:59:37 [scrapy.core.engine] DEBUG: Crawled (200) <GET https://qy.fang.anjuke.com/loupan/397919.html> (referer: https://qy.fang.anjuke.com/loupan/fogang/)
2018-05-09 20:59:41 [scrapy.extensions.throttle] INFO: slot: qy.fang.anjuke.com | conc: 1 | delay: 4000 ms (+0) | latency:  915 ms | size: 34975 bytes
2018-05-09 20:59:41 [scrapy.core.engine] DEBUG: Crawled (200) <GET https://qy.fang.anjuke.com/loupan/397915.html> (referer: https://qy.fang.anjuke.com/loupan/fogang/)
2018-05-09 20:59:46 [scrapy.extensions.throttle] INFO: slot: qy.fang.anjuke.com | conc: 1 | delay: 4000 ms (+0) | latency:  502 ms | size: 27352 bytes
2018-05-09 20:59:46 [scrapy.core.engine] DEBUG: Crawled (200) <GET https://qy.fang.anjuke.com/loupan/canshu-398226.html> (referer: https://qy.fang.anjuke.com/loupan/398226.html)
2018-05-09 20:59:46 [scrapy.core.scraper] DEBUG: Scraped from <200 https://qy.fang.anjuke.com/loupan/canshu-398226.html>
{'build_year': u'2015',
 'city': '\xe6\xb8\x85\xe8\xbf\x9c',
 'county': '\xe4\xbd\x9b\xe5\x86\x88',
 'crawl_time': 1525870786.884,
 'description': None,
 'down_payment': None,
 'house_address': u'\u4f5b\u5188\u4eac\u73e0\u9ad8\u901f\u4f5b\u5188\u51fa\u53e3\u7ea65\u516c\u91cc',
 'house_name': u'\u78a7\u6842\u56ed\u6e05\u6cc9\u57ce',
 'id': 'd9c23040-5388-11e8-beaf-382c4a16ce75',
 'monthly_payment': None,
 'province': u'\u5e7f\u4e1c',
 'source': u'\u5b89\u5c45\u5ba2',
 'total_price': None,
 'type': u'new',
 'unit_price': None,
 'url': 'https://qy.fang.anjuke.com/loupan/canshu-398226.html'}
2018-05-09 20:59:50 [scrapy.extensions.throttle] INFO: slot: qy.fang.anjuke.com | conc: 1 | delay: 4000 ms (+0) | latency:  573 ms | size: 24000 bytes
2018-05-09 20:59:50 [scrapy.core.engine] DEBUG: Crawled (200) <GET https://qy.fang.anjuke.com/loupan/canshu-397937.html> (referer: https://qy.fang.anjuke.com/loupan/397937.html)
2018-05-09 20:59:50 [scrapy.core.scraper] DEBUG: Scraped from <200 https://qy.fang.anjuke.com/loupan/canshu-397937.html>
{'build_year': None,
 'city': '\xe6\xb8\x85\xe8\xbf\x9c',
 'county': '\xe4\xbd\x9b\xe5\x86\x88',
 'crawl_time': 1525870790.194,
 'description': None,
 'down_payment': None,
 'house_address': u'\u4f5b\u5188\u632f\u5174\u5357\u8def',
 'house_name': u'\u5229\u946b\u5723\u83f2\u5eb7\u57ce',
 'id': 'dbbb4121-5388-11e8-93bc-382c4a16ce75',
 'monthly_payment': None,
 'province': u'\u5e7f\u4e1c',
 'source': u'\u5b89\u5c45\u5ba2',
 'total_price': None,
 'type': u'new',
 'unit_price': u'5200',
 'url': 'https://qy.fang.anjuke.com/loupan/canshu-397937.html'}
2018-05-09 20:59:51 [scrapy.extensions.logstats] INFO: Crawled 12 pages (at 12 pages/min), scraped 2 items (at 2 items/min)
2018-05-09 20:59:55 [scrapy.extensions.throttle] INFO: slot: qy.fang.anjuke.com | conc: 1 | delay: 4000 ms (+0) | latency:  398 ms | size: 23712 bytes
2018-05-09 20:59:55 [scrapy.core.engine] DEBUG: Crawled (200) <GET https://qy.fang.anjuke.com/loupan/canshu-398225.html> (referer: https://qy.fang.anjuke.com/loupan/398225.html)
2018-05-09 20:59:55 [scrapy.core.scraper] DEBUG: Scraped from <200 https://qy.fang.anjuke.com/loupan/canshu-398225.html>
{'build_year': None,
 'city': '\xe6\xb8\x85\xe8\xbf\x9c',
 'county': '\xe4\xbd\x9b\xe5\x86\x88',
 'crawl_time': 1525870795.579,
 'description': None,
 'down_payment': None,
 'house_address': u'\u4f5b\u5188\u6c64\u5858\u9547\u9ec4\u82b1\u6e56\u7554',
 'house_name': u'\u9f99\u6cc9\u534a\u5c9b',
 'id': 'def0f0b0-5388-11e8-b159-382c4a16ce75',
 'monthly_payment': None,
 'province': u'\u5e7f\u4e1c',
 'source': u'\u5b89\u5c45\u5ba2',
 'total_price': None,
 'type': u'new',
 'unit_price': None,
 'url': 'https://qy.fang.anjuke.com/loupan/canshu-398225.html'}
2018-05-09 20:59:58 [scrapy.extensions.throttle] INFO: slot: qy.fang.anjuke.com | conc: 1 | delay: 4000 ms (+0) | latency:  399 ms | size: 23928 bytes
2018-05-09 20:59:58 [scrapy.core.engine] DEBUG: Crawled (200) <GET https://qy.fang.anjuke.com/loupan/canshu-399244.html> (referer: https://qy.fang.anjuke.com/loupan/399244.html)
2018-05-09 20:59:58 [scrapy.core.scraper] DEBUG: Scraped from <200 https://qy.fang.anjuke.com/loupan/canshu-399244.html>
{'build_year': None,
 'city': '\xe6\xb8\x85\xe8\xbf\x9c',
 'county': '\xe4\xbd\x9b\xe5\x86\x88',
 'crawl_time': 1525870798.771,
 'description': None,
 'down_payment': None,
 'house_address': u'\u4f5b\u5188\u6587\u660e\u8def\u4e0e106\u56fd\u9053\u4ea4\u4f1a\u5904',
 'house_name': u'\u4e91\u661f\u94b1\u9686\u5929\u4e0b',
 'id': 'e0d8002e-5388-11e8-bd33-382c4a16ce75',
 'monthly_payment': None,
 'province': u'\u5e7f\u4e1c',
 'source': u'\u5b89\u5c45\u5ba2',
 'total_price': None,
 'type': u'new',
 'unit_price': u'5400',
 'url': 'https://qy.fang.anjuke.com/loupan/canshu-399244.html'}
2018-05-09 21:00:04 [scrapy.extensions.throttle] INFO: slot: qy.fang.anjuke.com | conc: 1 | delay: 4000 ms (+0) | latency:  503 ms | size: 23942 bytes
2018-05-09 21:00:04 [scrapy.core.engine] DEBUG: Crawled (200) <GET https://qy.fang.anjuke.com/loupan/canshu-397936.html> (referer: https://qy.fang.anjuke.com/loupan/397936.html)
2018-05-09 21:00:04 [scrapy.core.scraper] DEBUG: Scraped from <200 https://qy.fang.anjuke.com/loupan/canshu-397936.html>
{'build_year': u'2014',
 'city': '\xe6\xb8\x85\xe8\xbf\x9c',
 'county': '\xe4\xbd\x9b\xe5\x86\x88',
 'crawl_time': 1525870804.562,
 'description': None,
 'down_payment': None,
 'house_address': u'\u4f5b\u5188\u632f\u5174\u5357\u8def',
 'house_name': u'\u5229\u946b\xb7\u5723\u83f2\u5eb7\u57ce',
 'id': 'e44ba321-5388-11e8-9aab-382c4a16ce75',
 'monthly_payment': None,
 'province': u'\u5e7f\u4e1c',
 'source': u'\u5b89\u5c45\u5ba2',
 'total_price': None,
 'type': u'new',
 'unit_price': u'5200',
 'url': 'https://qy.fang.anjuke.com/loupan/canshu-397936.html'}
2018-05-09 21:00:10 [scrapy.extensions.throttle] INFO: slot: qy.fang.anjuke.com | conc: 1 | delay: 4000 ms (+0) | latency:  428 ms | size: 26238 bytes
2018-05-09 21:00:10 [scrapy.core.engine] DEBUG: Crawled (200) <GET https://qy.fang.anjuke.com/loupan/canshu-419721.html> (referer: https://qy.fang.anjuke.com/loupan/419721.html)
2018-05-09 21:00:10 [scrapy.core.scraper] DEBUG: Scraped from <200 https://qy.fang.anjuke.com/loupan/canshu-419721.html>
{'build_year': None,
 'city': '\xe6\xb8\x85\xe8\xbf\x9c',
 'county': '\xe4\xbd\x9b\xe5\x86\x88',
 'crawl_time': 1525870810.363,
 'description': None,
 'down_payment': None,
 'house_address': u'\u77f3\u89d2\u9547\u6cbf\u6c5f\u897f\u8def16\u53f7\uff08\u9f99\u6eaa\u6865\u6865\u5934\uff09',
 'house_name': u'\u6f56\u6c5f\u58f9\u865f',
 'id': 'e7c0ccae-5388-11e8-9779-382c4a16ce75',
 'monthly_payment': None,
 'province': u'\u5e7f\u4e1c',
 'source': u'\u5b89\u5c45\u5ba2',
 'total_price': None,
 'type': u'new',
 'unit_price': u'6500',
 'url': 'https://qy.fang.anjuke.com/loupan/canshu-419721.html'}
2018-05-09 21:00:16 [scrapy.extensions.throttle] INFO: slot: qy.fang.anjuke.com | conc: 1 | delay: 4000 ms (+0) | latency:  443 ms | size: 26804 bytes
2018-05-09 21:00:16 [scrapy.core.engine] DEBUG: Crawled (200) <GET https://qy.fang.anjuke.com/loupan/canshu-397904.html> (referer: https://qy.fang.anjuke.com/loupan/397904.html)
2018-05-09 21:00:16 [scrapy.core.scraper] DEBUG: Scraped from <200 https://qy.fang.anjuke.com/loupan/canshu-397904.html>
{'build_year': u'2015',
 'city': '\xe6\xb8\x85\xe8\xbf\x9c',
 'county': '\xe4\xbd\x9b\xe5\x86\x88',
 'crawl_time': 1525870816.259,
 'description': None,
 'down_payment': None,
 'house_address': u'\u6e05\u8fdc\u5e02\u4f5b\u5188\u53bf\u77f3\u89d2\u9547\u632f\u5174\u5357\u8def33\u53f7',
 'house_name': u'\u4f5b\u5188\u534e\u5e9c',
 'id': 'eb447530-5388-11e8-9d85-382c4a16ce75',
 'monthly_payment': None,
 'province': u'\u5e7f\u4e1c',
 'source': u'\u5b89\u5c45\u5ba2',
 'total_price': None,
 'type': u'new',
 'unit_price': None,
 'url': 'https://qy.fang.anjuke.com/loupan/canshu-397904.html'}
2018-05-09 21:00:21 [scrapy.extensions.throttle] INFO: slot: qy.fang.anjuke.com | conc: 1 | delay: 4000 ms (+0) | latency:  469 ms | size: 27426 bytes
2018-05-09 21:00:21 [scrapy.core.engine] DEBUG: Crawled (200) <GET https://qy.fang.anjuke.com/loupan/canshu-397919.html> (referer: https://qy.fang.anjuke.com/loupan/397919.html)
2018-05-09 21:00:21 [scrapy.core.scraper] DEBUG: Scraped from <200 https://qy.fang.anjuke.com/loupan/canshu-397919.html>
{'build_year': None,
 'city': '\xe6\xb8\x85\xe8\xbf\x9c',
 'county': '\xe4\xbd\x9b\xe5\x86\x88',
 'crawl_time': 1525870821.399,
 'description': None,
 'down_payment': None,
 'house_address': u'\u6e05\u8fdc\u5e02\u4f5b\u5188\u53bf\u77f3\u89d2\u9547\u6cbf\u6c5f\u4e1c\u8def\uff08\u4eac\u73e0\u9ad8\u901f\u4f5b\u5188\u51fa\u53e3\u53f3\u8f6c\u76f4\u884c2\u516c\u91cc\uff09',
 'house_name': u'\u4f5b\u5188\u5965\u56ed\u6e29\u6cc9\u522b\u5885',
 'id': 'ee54c26e-5388-11e8-b06b-382c4a16ce75',
 'monthly_payment': None,
 'province': u'\u5e7f\u4e1c',
 'source': u'\u5b89\u5c45\u5ba2',
 'total_price': None,
 'type': u'new',
 'unit_price': None,
 'url': 'https://qy.fang.anjuke.com/loupan/canshu-397919.html'}
2018-05-09 21:00:26 [scrapy.extensions.throttle] INFO: slot: qy.fang.anjuke.com | conc: 1 | delay: 4000 ms (+0) | latency:  375 ms | size: 27211 bytes
2018-05-09 21:00:26 [scrapy.core.engine] DEBUG: Crawled (200) <GET https://qy.fang.anjuke.com/loupan/canshu-397915.html> (referer: https://qy.fang.anjuke.com/loupan/397915.html)
2018-05-09 21:00:26 [scrapy.core.scraper] DEBUG: Scraped from <200 https://qy.fang.anjuke.com/loupan/canshu-397915.html>
{'build_year': None,
 'city': '\xe6\xb8\x85\xe8\xbf\x9c',
 'county': '\xe4\xbd\x9b\xe5\x86\x88',
 'crawl_time': 1525870826.916,
 'description': None,
 'down_payment': None,
 'house_address': u'\u4f5b\u5188\u53bf\u73af\u57ce\u897f\u8def\u4e0e106\u56fd\u9053\u4ea4\u6c47\u5904',
 'house_name': u'\u4e91\u661f\xb7\u94b1\u9686\u5fa1\u666f',
 'id': 'f19e9640-5388-11e8-bde2-382c4a16ce75',
 'monthly_payment': None,
 'province': u'\u5e7f\u4e1c',
 'source': u'\u5b89\u5c45\u5ba2',
 'total_price': None,
 'type': u'new',
 'unit_price': None,
 'url': 'https://qy.fang.anjuke.com/loupan/canshu-397915.html'}
2018-05-09 21:00:26 [scrapy.core.engine] INFO: Closing spider (finished)
2018-05-09 21:00:26 [scrapy.statscollectors] INFO: Dumping Scrapy stats:
{'downloader/request_bytes': 18323,
 'downloader/request_count': 19,
 'downloader/request_method_count/GET': 19,
 'downloader/response_bytes': 576777,
 'downloader/response_count': 19,
 'downloader/response_status_count/200': 19,
 'finish_reason': 'finished',
 'finish_time': datetime.datetime(2018, 5, 9, 13, 0, 26, 937000),
 'item_scraped_count': 9,
 'log_count/DEBUG': 29,
 'log_count/INFO': 27,
 'request_depth_max': 2,
 'response_received_count': 19,
 'scheduler/dequeued': 19,
 'scheduler/dequeued/memory': 19,
 'scheduler/enqueued': 19,
 'scheduler/enqueued/memory': 19,
 'start_time': datetime.datetime(2018, 5, 9, 12, 58, 51, 340000)}
2018-05-09 21:00:26 [scrapy.core.engine] INFO: Spider closed (finished)
