2018-05-09 21:00:33 [scrapy.utils.log] INFO: Scrapy 1.4.0 started (bot: HouseCrawler)
2018-05-09 21:00:33 [scrapy.utils.log] INFO: Overridden settings: {'AUTOTHROTTLE_MAX_DELAY': 30, 'NEWSPIDER_MODULE': 'HouseCrawler.spiders', 'LOG_FILE': 'logs\\HouseCrawler\\AnjukeNewHouseSpider\\5bd6ae4f538211e8b739382c4a16ce75.log', 'CONCURRENT_REQUESTS_PER_DOMAIN': 1, 'SPIDER_MODULES': ['HouseCrawler.spiders'], 'AUTOTHROTTLE_START_DELAY': 6, 'BOT_NAME': 'HouseCrawler', 'AUTOTHROTTLE_ENABLED': True, 'DOWNLOAD_DELAY': 4, 'AUTOTHROTTLE_DEBUG': True}
2018-05-09 21:00:33 [scrapy.middleware] INFO: Enabled extensions:
['scrapy.extensions.logstats.LogStats',
 'scrapy.extensions.telnet.TelnetConsole',
 'scrapy.extensions.corestats.CoreStats',
 'scrapy.extensions.throttle.AutoThrottle']
2018-05-09 21:00:33 [scrapy.middleware] INFO: Enabled downloader middlewares:
['HouseCrawler.middlewares.AnjukeUserAgentMiddleware',
 'scrapy.downloadermiddlewares.httpauth.HttpAuthMiddleware',
 'scrapy.downloadermiddlewares.downloadtimeout.DownloadTimeoutMiddleware',
 'scrapy.downloadermiddlewares.defaultheaders.DefaultHeadersMiddleware',
 'scrapy.downloadermiddlewares.retry.RetryMiddleware',
 'scrapy.downloadermiddlewares.redirect.MetaRefreshMiddleware',
 'scrapy.downloadermiddlewares.httpcompression.HttpCompressionMiddleware',
 'scrapy.downloadermiddlewares.redirect.RedirectMiddleware',
 'scrapy.downloadermiddlewares.cookies.CookiesMiddleware',
 'scrapy.downloadermiddlewares.httpproxy.HttpProxyMiddleware',
 'scrapy.downloadermiddlewares.stats.DownloaderStats']
2018-05-09 21:00:33 [scrapy.middleware] INFO: Enabled spider middlewares:
['scrapy.spidermiddlewares.httperror.HttpErrorMiddleware',
 'scrapy.spidermiddlewares.offsite.OffsiteMiddleware',
 'scrapy.spidermiddlewares.referer.RefererMiddleware',
 'scrapy.spidermiddlewares.urllength.UrlLengthMiddleware',
 'scrapy.spidermiddlewares.depth.DepthMiddleware']
2018-05-09 21:00:33 [scrapy.middleware] INFO: Enabled item pipelines:
[]
2018-05-09 21:00:33 [scrapy.core.engine] INFO: Spider opened
2018-05-09 21:00:33 [scrapy.extensions.logstats] INFO: Crawled 0 pages (at 0 pages/min), scraped 0 items (at 0 items/min)
2018-05-09 21:00:33 [scrapy.extensions.telnet] DEBUG: Telnet console listening on 127.0.0.1:6023
2018-05-09 21:00:34 [scrapy.extensions.throttle] INFO: slot: qy.fang.anjuke.com | conc: 1 | delay: 4000 ms (-2000) | latency:  440 ms | size: 21248 bytes
2018-05-09 21:00:34 [scrapy.core.engine] DEBUG: Crawled (200) <GET https://qy.fang.anjuke.com/loupan/yangshan/> (referer: https://gz.fang.anjuke.com/)
2018-05-09 21:00:41 [scrapy.extensions.throttle] INFO: slot: qy.fang.anjuke.com | conc: 1 | delay: 4000 ms (+0) | latency:  812 ms | size: 37561 bytes
2018-05-09 21:00:41 [scrapy.core.engine] DEBUG: Crawled (200) <GET https://qy.fang.anjuke.com/loupan/398283.html> (referer: https://qy.fang.anjuke.com/loupan/yangshan/)
2018-05-09 21:00:45 [scrapy.extensions.throttle] INFO: slot: qy.fang.anjuke.com | conc: 1 | delay: 4000 ms (+0) | latency:  526 ms | size: 27699 bytes
2018-05-09 21:00:45 [scrapy.core.engine] DEBUG: Crawled (200) <GET https://qy.fang.anjuke.com/loupan/canshu-398283.html> (referer: https://qy.fang.anjuke.com/loupan/398283.html)
2018-05-09 21:00:45 [scrapy.core.scraper] DEBUG: Scraped from <200 https://qy.fang.anjuke.com/loupan/canshu-398283.html>
{'build_year': u'2013',
 'city': '\xe6\xb8\x85\xe8\xbf\x9c',
 'county': '\xe9\x98\xb3\xe5\xb1\xb1',
 'crawl_time': 1525870845.709,
 'description': None,
 'down_payment': u'46.8',
 'house_address': u'\u9633\u5c71\u9633\u57ce\u9547\u9633\u5c71\u5927\u9053389\u53f7\u53bf\u653f\u5e9c\u4e1c\u4fa7',
 'house_name': u'\u9633\u5c71\u78a7\u6842\u56ed',
 'id': 'fcd22bd1-5388-11e8-aab5-382c4a16ce75',
 'monthly_payment': u'2229.05',
 'province': u'\u5e7f\u4e1c',
 'source': u'\u5b89\u5c45\u5ba2',
 'total_price': u'60',
 'type': u'new',
 'unit_price': u'5800',
 'url': 'https://qy.fang.anjuke.com/loupan/canshu-398283.html'}
2018-05-09 21:00:45 [scrapy.core.engine] INFO: Closing spider (finished)
2018-05-09 21:00:45 [scrapy.statscollectors] INFO: Dumping Scrapy stats:
{'downloader/request_bytes': 3147,
 'downloader/request_count': 3,
 'downloader/request_method_count/GET': 3,
 'downloader/response_bytes': 88772,
 'downloader/response_count': 3,
 'downloader/response_status_count/200': 3,
 'finish_reason': 'finished',
 'finish_time': datetime.datetime(2018, 5, 9, 13, 0, 45, 845000),
 'item_scraped_count': 1,
 'log_count/DEBUG': 5,
 'log_count/INFO': 10,
 'request_depth_max': 2,
 'response_received_count': 3,
 'scheduler/dequeued': 3,
 'scheduler/dequeued/memory': 3,
 'scheduler/enqueued': 3,
 'scheduler/enqueued/memory': 3,
 'start_time': datetime.datetime(2018, 5, 9, 13, 0, 33, 695000)}
2018-05-09 21:00:45 [scrapy.core.engine] INFO: Spider closed (finished)
