2018-04-24 01:33:03 [scrapy.utils.log] INFO: Scrapy 1.4.0 started (bot: HouseCrawler)
2018-04-24 01:33:03 [scrapy.utils.log] INFO: Overridden settings: {'AUTOTHROTTLE_MAX_DELAY': 30, 'NEWSPIDER_MODULE': 'HouseCrawler.spiders', 'LOG_FILE': 'logs\\HouseCrawler\\AnjukeNewHouseSpider\\5dfbce80471c11e88922382c4a16ce75.log', 'CONCURRENT_REQUESTS_PER_DOMAIN': 1, 'SPIDER_MODULES': ['HouseCrawler.spiders'], 'AUTOTHROTTLE_START_DELAY': 6, 'BOT_NAME': 'HouseCrawler', 'AUTOTHROTTLE_ENABLED': True, 'DOWNLOAD_DELAY': 4, 'AUTOTHROTTLE_DEBUG': True}
2018-04-24 01:33:03 [scrapy.middleware] INFO: Enabled extensions:
['scrapy.extensions.logstats.LogStats',
 'scrapy.extensions.telnet.TelnetConsole',
 'scrapy.extensions.corestats.CoreStats',
 'scrapy.extensions.throttle.AutoThrottle']
2018-04-24 01:33:04 [scrapy.middleware] INFO: Enabled downloader middlewares:
['HouseCrawler.middlewares.AnjukeUserAgentMiddleware',
 'scrapy.downloadermiddlewares.httpauth.HttpAuthMiddleware',
 'scrapy.downloadermiddlewares.downloadtimeout.DownloadTimeoutMiddleware',
 'scrapy.downloadermiddlewares.defaultheaders.DefaultHeadersMiddleware',
 'scrapy.downloadermiddlewares.retry.RetryMiddleware',
 'scrapy.downloadermiddlewares.redirect.MetaRefreshMiddleware',
 'scrapy.downloadermiddlewares.httpcompression.HttpCompressionMiddleware',
 'scrapy.downloadermiddlewares.redirect.RedirectMiddleware',
 'scrapy.downloadermiddlewares.cookies.CookiesMiddleware',
 'scrapy.downloadermiddlewares.httpproxy.HttpProxyMiddleware',
 'scrapy.downloadermiddlewares.stats.DownloaderStats']
2018-04-24 01:33:04 [scrapy.middleware] INFO: Enabled spider middlewares:
['scrapy.spidermiddlewares.httperror.HttpErrorMiddleware',
 'scrapy.spidermiddlewares.offsite.OffsiteMiddleware',
 'scrapy.spidermiddlewares.referer.RefererMiddleware',
 'scrapy.spidermiddlewares.urllength.UrlLengthMiddleware',
 'scrapy.spidermiddlewares.depth.DepthMiddleware']
2018-04-24 01:33:04 [scrapy.middleware] INFO: Enabled item pipelines:
[]
2018-04-24 01:33:04 [scrapy.core.engine] INFO: Spider opened
2018-04-24 01:33:04 [scrapy.extensions.logstats] INFO: Crawled 0 pages (at 0 pages/min), scraped 0 items (at 0 items/min)
2018-04-24 01:33:04 [scrapy.extensions.telnet] DEBUG: Telnet console listening on 127.0.0.1:6023
2018-04-24 01:33:05 [scrapy.extensions.throttle] INFO: slot: gz.fang.anjuke.com | conc: 1 | delay: 4000 ms (-2000) | latency:  708 ms | size: 34572 bytes
2018-04-24 01:33:05 [scrapy.core.engine] DEBUG: Crawled (200) <GET https://gz.fang.anjuke.com/loupan/huangpu/> (referer: https://gz.fang.anjuke.com/)
2018-04-24 01:33:11 [scrapy.extensions.throttle] INFO: slot: gz.fang.anjuke.com | conc: 1 | delay: 4000 ms (+0) | latency:  351 ms | size: 33437 bytes
2018-04-24 01:33:11 [scrapy.core.engine] DEBUG: Crawled (200) <GET https://gz.fang.anjuke.com/loupan/huangpu/p2/> (referer: https://gz.fang.anjuke.com/loupan/huangpu/)
2018-04-24 01:33:16 [scrapy.extensions.throttle] INFO: slot: gz.fang.anjuke.com | conc: 1 | delay: 4000 ms (+0) | latency:  621 ms | size: 36625 bytes
2018-04-24 01:33:16 [scrapy.core.engine] DEBUG: Crawled (200) <GET https://gz.fang.anjuke.com/loupan/435988.html> (referer: https://gz.fang.anjuke.com/loupan/huangpu/p2/)
2018-04-24 01:33:22 [scrapy.extensions.throttle] INFO: slot: gz.fang.anjuke.com | conc: 1 | delay: 4000 ms (+0) | latency:  316 ms | size: 32004 bytes
2018-04-24 01:33:22 [scrapy.core.engine] DEBUG: Crawled (200) <GET https://gz.fang.anjuke.com/loupan/huangpu/p3/> (referer: https://gz.fang.anjuke.com/loupan/huangpu/p2/)
2018-04-24 01:33:27 [scrapy.extensions.throttle] INFO: slot: gz.fang.anjuke.com | conc: 1 | delay: 4000 ms (+0) | latency:  594 ms | size: 36234 bytes
2018-04-24 01:33:27 [scrapy.core.engine] DEBUG: Crawled (200) <GET https://gz.fang.anjuke.com/loupan/436709.html> (referer: https://gz.fang.anjuke.com/loupan/huangpu/p2/)
2018-04-24 01:33:31 [scrapy.extensions.throttle] INFO: slot: gz.fang.anjuke.com | conc: 1 | delay: 4000 ms (+0) | latency:  336 ms | size: 28980 bytes
2018-04-24 01:33:31 [scrapy.core.engine] DEBUG: Crawled (200) <GET https://gz.fang.anjuke.com/loupan/canshu-435988.html> (referer: https://gz.fang.anjuke.com/loupan/435988.html)
2018-04-24 01:33:31 [scrapy.core.scraper] ERROR: Spider error processing <GET https://gz.fang.anjuke.com/loupan/canshu-435988.html> (referer: https://gz.fang.anjuke.com/loupan/435988.html)
Traceback (most recent call last):
  File "e:\program files\python2.7\lib\site-packages\twisted\internet\defer.py", line 653, in _runCallbacks
    current.result = callback(current.result, *args, **kw)
  File "HouseCrawler\spiders\anjuke_new_house_spider.py", line 143, in parse_new_house_details
    print 'required_count:' + self.required_count
TypeError: cannot concatenate 'str' and 'int' objects
2018-04-24 01:33:37 [scrapy.extensions.throttle] INFO: slot: gz.fang.anjuke.com | conc: 1 | delay: 4000 ms (+0) | latency:  318 ms | size: 29590 bytes
2018-04-24 01:33:37 [scrapy.core.engine] DEBUG: Crawled (200) <GET https://gz.fang.anjuke.com/loupan/canshu-436709.html> (referer: https://gz.fang.anjuke.com/loupan/436709.html)
2018-04-24 01:33:37 [scrapy.core.scraper] ERROR: Spider error processing <GET https://gz.fang.anjuke.com/loupan/canshu-436709.html> (referer: https://gz.fang.anjuke.com/loupan/436709.html)
Traceback (most recent call last):
  File "e:\program files\python2.7\lib\site-packages\twisted\internet\defer.py", line 653, in _runCallbacks
    current.result = callback(current.result, *args, **kw)
  File "HouseCrawler\spiders\anjuke_new_house_spider.py", line 143, in parse_new_house_details
    print 'required_count:' + self.required_count
TypeError: cannot concatenate 'str' and 'int' objects
2018-04-24 01:33:37 [scrapy.core.engine] INFO: Closing spider (finished)
2018-04-24 01:33:37 [scrapy.statscollectors] INFO: Dumping Scrapy stats:
{'downloader/request_bytes': 9093,
 'downloader/request_count': 7,
 'downloader/request_method_count/GET': 7,
 'downloader/response_bytes': 236767,
 'downloader/response_count': 7,
 'downloader/response_status_count/200': 7,
 'finish_reason': 'finished',
 'finish_time': datetime.datetime(2018, 4, 23, 17, 33, 37, 473000),
 'log_count/DEBUG': 8,
 'log_count/ERROR': 2,
 'log_count/INFO': 14,
 'request_depth_max': 3,
 'response_received_count': 7,
 'scheduler/dequeued': 7,
 'scheduler/dequeued/memory': 7,
 'scheduler/enqueued': 7,
 'scheduler/enqueued/memory': 7,
 'spider_exceptions/TypeError': 2,
 'start_time': datetime.datetime(2018, 4, 23, 17, 33, 4, 763000)}
2018-04-24 01:33:37 [scrapy.core.engine] INFO: Spider closed (finished)
