2018-04-24 01:33:39 [scrapy.utils.log] INFO: Scrapy 1.4.0 started (bot: HouseCrawler)
2018-04-24 01:33:39 [scrapy.utils.log] INFO: Overridden settings: {'AUTOTHROTTLE_MAX_DELAY': 30, 'NEWSPIDER_MODULE': 'HouseCrawler.spiders', 'LOG_FILE': 'logs\\HouseCrawler\\AnjukeNewHouseSpider\\5f0ffda1471c11e8b853382c4a16ce75.log', 'CONCURRENT_REQUESTS_PER_DOMAIN': 1, 'SPIDER_MODULES': ['HouseCrawler.spiders'], 'AUTOTHROTTLE_START_DELAY': 6, 'BOT_NAME': 'HouseCrawler', 'AUTOTHROTTLE_ENABLED': True, 'DOWNLOAD_DELAY': 4, 'AUTOTHROTTLE_DEBUG': True}
2018-04-24 01:33:39 [scrapy.middleware] INFO: Enabled extensions:
['scrapy.extensions.logstats.LogStats',
 'scrapy.extensions.telnet.TelnetConsole',
 'scrapy.extensions.corestats.CoreStats',
 'scrapy.extensions.throttle.AutoThrottle']
2018-04-24 01:33:39 [scrapy.middleware] INFO: Enabled downloader middlewares:
['HouseCrawler.middlewares.AnjukeUserAgentMiddleware',
 'scrapy.downloadermiddlewares.httpauth.HttpAuthMiddleware',
 'scrapy.downloadermiddlewares.downloadtimeout.DownloadTimeoutMiddleware',
 'scrapy.downloadermiddlewares.defaultheaders.DefaultHeadersMiddleware',
 'scrapy.downloadermiddlewares.retry.RetryMiddleware',
 'scrapy.downloadermiddlewares.redirect.MetaRefreshMiddleware',
 'scrapy.downloadermiddlewares.httpcompression.HttpCompressionMiddleware',
 'scrapy.downloadermiddlewares.redirect.RedirectMiddleware',
 'scrapy.downloadermiddlewares.cookies.CookiesMiddleware',
 'scrapy.downloadermiddlewares.httpproxy.HttpProxyMiddleware',
 'scrapy.downloadermiddlewares.stats.DownloaderStats']
2018-04-24 01:33:39 [scrapy.middleware] INFO: Enabled spider middlewares:
['scrapy.spidermiddlewares.httperror.HttpErrorMiddleware',
 'scrapy.spidermiddlewares.offsite.OffsiteMiddleware',
 'scrapy.spidermiddlewares.referer.RefererMiddleware',
 'scrapy.spidermiddlewares.urllength.UrlLengthMiddleware',
 'scrapy.spidermiddlewares.depth.DepthMiddleware']
2018-04-24 01:33:39 [scrapy.middleware] INFO: Enabled item pipelines:
[]
2018-04-24 01:33:39 [scrapy.core.engine] INFO: Spider opened
2018-04-24 01:33:39 [scrapy.extensions.logstats] INFO: Crawled 0 pages (at 0 pages/min), scraped 0 items (at 0 items/min)
2018-04-24 01:33:39 [scrapy.extensions.telnet] DEBUG: Telnet console listening on 127.0.0.1:6023
2018-04-24 01:33:40 [scrapy.extensions.throttle] INFO: slot: gz.fang.anjuke.com | conc: 1 | delay: 4000 ms (-2000) | latency:  505 ms | size: 33551 bytes
2018-04-24 01:33:40 [scrapy.core.engine] DEBUG: Crawled (200) <GET https://gz.fang.anjuke.com/loupan/zengcheng/> (referer: https://gz.fang.anjuke.com/)
2018-04-24 01:33:45 [scrapy.extensions.throttle] INFO: slot: gz.fang.anjuke.com | conc: 1 | delay: 4000 ms (+0) | latency:  312 ms | size: 32979 bytes
2018-04-24 01:33:45 [scrapy.core.engine] DEBUG: Crawled (200) <GET https://gz.fang.anjuke.com/loupan/zengcheng/p2/> (referer: https://gz.fang.anjuke.com/loupan/zengcheng/)
2018-04-24 01:33:50 [scrapy.extensions.throttle] INFO: slot: gz.fang.anjuke.com | conc: 1 | delay: 4000 ms (+0) | latency:  649 ms | size: 35891 bytes
2018-04-24 01:33:50 [scrapy.core.engine] DEBUG: Crawled (200) <GET https://gz.fang.anjuke.com/loupan/435397.html> (referer: https://gz.fang.anjuke.com/loupan/zengcheng/p2/)
2018-04-24 01:33:52 [scrapy.extensions.throttle] INFO: slot: gz.fang.anjuke.com | conc: 1 | delay: 4000 ms (+0) | latency:  348 ms | size: 33140 bytes
2018-04-24 01:33:52 [scrapy.core.engine] DEBUG: Crawled (200) <GET https://gz.fang.anjuke.com/loupan/zengcheng/p3/> (referer: https://gz.fang.anjuke.com/loupan/zengcheng/p2/)
2018-04-24 01:33:58 [scrapy.extensions.throttle] INFO: slot: gz.fang.anjuke.com | conc: 1 | delay: 4000 ms (+0) | latency:  662 ms | size: 34140 bytes
2018-04-24 01:33:58 [scrapy.core.engine] DEBUG: Crawled (200) <GET https://gz.fang.anjuke.com/loupan/437044.html> (referer: https://gz.fang.anjuke.com/loupan/zengcheng/p2/)
2018-04-24 01:34:02 [scrapy.extensions.throttle] INFO: slot: gz.fang.anjuke.com | conc: 1 | delay: 4000 ms (+0) | latency:  298 ms | size: 28988 bytes
2018-04-24 01:34:02 [scrapy.core.engine] DEBUG: Crawled (200) <GET https://gz.fang.anjuke.com/loupan/canshu-435397.html> (referer: https://gz.fang.anjuke.com/loupan/435397.html)
2018-04-24 01:34:02 [scrapy.core.scraper] ERROR: Spider error processing <GET https://gz.fang.anjuke.com/loupan/canshu-435397.html> (referer: https://gz.fang.anjuke.com/loupan/435397.html)
Traceback (most recent call last):
  File "e:\program files\python2.7\lib\site-packages\twisted\internet\defer.py", line 653, in _runCallbacks
    current.result = callback(current.result, *args, **kw)
  File "HouseCrawler\spiders\anjuke_new_house_spider.py", line 143, in parse_new_house_details
    print 'required_count:' + self.required_count
TypeError: cannot concatenate 'str' and 'int' objects
2018-04-24 01:34:06 [scrapy.extensions.throttle] INFO: slot: gz.fang.anjuke.com | conc: 1 | delay: 4000 ms (+0) | latency:  753 ms | size: 38646 bytes
2018-04-24 01:34:06 [scrapy.core.engine] DEBUG: Crawled (200) <GET https://gz.fang.anjuke.com/loupan/246328.html> (referer: https://gz.fang.anjuke.com/loupan/zengcheng/p3/)
2018-04-24 01:34:11 [scrapy.extensions.throttle] INFO: slot: gz.fang.anjuke.com | conc: 1 | delay: 4000 ms (+0) | latency:  371 ms | size: 32466 bytes
2018-04-24 01:34:11 [scrapy.core.engine] DEBUG: Crawled (200) <GET https://gz.fang.anjuke.com/loupan/zengcheng/p4/> (referer: https://gz.fang.anjuke.com/loupan/zengcheng/p3/)
2018-04-24 01:34:14 [scrapy.extensions.throttle] INFO: slot: gz.fang.anjuke.com | conc: 1 | delay: 4000 ms (+0) | latency:  275 ms | size: 28201 bytes
2018-04-24 01:34:14 [scrapy.core.engine] DEBUG: Crawled (200) <GET https://gz.fang.anjuke.com/loupan/canshu-437044.html> (referer: https://gz.fang.anjuke.com/loupan/437044.html)
2018-04-24 01:34:14 [scrapy.core.scraper] ERROR: Spider error processing <GET https://gz.fang.anjuke.com/loupan/canshu-437044.html> (referer: https://gz.fang.anjuke.com/loupan/437044.html)
Traceback (most recent call last):
  File "e:\program files\python2.7\lib\site-packages\twisted\internet\defer.py", line 653, in _runCallbacks
    current.result = callback(current.result, *args, **kw)
  File "HouseCrawler\spiders\anjuke_new_house_spider.py", line 143, in parse_new_house_details
    print 'required_count:' + self.required_count
TypeError: cannot concatenate 'str' and 'int' objects
2018-04-24 01:34:19 [scrapy.extensions.throttle] INFO: slot: gz.fang.anjuke.com | conc: 1 | delay: 4000 ms (+0) | latency:  302 ms | size: 26971 bytes
2018-04-24 01:34:19 [scrapy.core.engine] DEBUG: Crawled (200) <GET https://gz.fang.anjuke.com/loupan/canshu-246328.html> (referer: https://gz.fang.anjuke.com/loupan/246328.html)
2018-04-24 01:34:19 [scrapy.core.scraper] ERROR: Spider error processing <GET https://gz.fang.anjuke.com/loupan/canshu-246328.html> (referer: https://gz.fang.anjuke.com/loupan/246328.html)
Traceback (most recent call last):
  File "e:\program files\python2.7\lib\site-packages\twisted\internet\defer.py", line 653, in _runCallbacks
    current.result = callback(current.result, *args, **kw)
  File "HouseCrawler\spiders\anjuke_new_house_spider.py", line 143, in parse_new_house_details
    print 'required_count:' + self.required_count
TypeError: cannot concatenate 'str' and 'int' objects
2018-04-24 01:34:22 [scrapy.extensions.throttle] INFO: slot: gz.fang.anjuke.com | conc: 1 | delay: 4000 ms (+0) | latency:  661 ms | size: 38129 bytes
2018-04-24 01:34:22 [scrapy.core.engine] DEBUG: Crawled (200) <GET https://gz.fang.anjuke.com/loupan/239299.html> (referer: https://gz.fang.anjuke.com/loupan/zengcheng/p4/)
2018-04-24 01:34:24 [scrapy.extensions.throttle] INFO: slot: gz.fang.anjuke.com | conc: 1 | delay: 4000 ms (+0) | latency:  368 ms | size: 31812 bytes
2018-04-24 01:34:24 [scrapy.core.engine] DEBUG: Crawled (200) <GET https://gz.fang.anjuke.com/loupan/zengcheng/p5/> (referer: https://gz.fang.anjuke.com/loupan/zengcheng/p4/)
2018-04-24 01:34:29 [scrapy.extensions.throttle] INFO: slot: gz.fang.anjuke.com | conc: 1 | delay: 4000 ms (+0) | latency:  595 ms | size: 37109 bytes
2018-04-24 01:34:29 [scrapy.core.engine] DEBUG: Crawled (200) <GET https://gz.fang.anjuke.com/loupan/245257.html> (referer: https://gz.fang.anjuke.com/loupan/zengcheng/p4/)
2018-04-24 01:34:35 [scrapy.extensions.throttle] INFO: slot: gz.fang.anjuke.com | conc: 1 | delay: 4000 ms (+0) | latency:  575 ms | size: 37722 bytes
2018-04-24 01:34:35 [scrapy.core.engine] DEBUG: Crawled (200) <GET https://gz.fang.anjuke.com/loupan/239175.html> (referer: https://gz.fang.anjuke.com/loupan/zengcheng/p4/)
2018-04-24 01:34:39 [scrapy.extensions.logstats] INFO: Crawled 14 pages (at 14 pages/min), scraped 0 items (at 0 items/min)
2018-04-24 01:34:41 [scrapy.extensions.throttle] INFO: slot: gz.fang.anjuke.com | conc: 1 | delay: 4000 ms (+0) | latency:  585 ms | size: 38201 bytes
2018-04-24 01:34:41 [scrapy.core.engine] DEBUG: Crawled (200) <GET https://gz.fang.anjuke.com/loupan/239020.html> (referer: https://gz.fang.anjuke.com/loupan/zengcheng/p4/)
2018-04-24 01:34:47 [scrapy.extensions.throttle] INFO: slot: gz.fang.anjuke.com | conc: 1 | delay: 4000 ms (+0) | latency:  654 ms | size: 38226 bytes
2018-04-24 01:34:47 [scrapy.core.engine] DEBUG: Crawled (200) <GET https://gz.fang.anjuke.com/loupan/239131.html> (referer: https://gz.fang.anjuke.com/loupan/zengcheng/p4/)
2018-04-24 01:34:52 [scrapy.extensions.throttle] INFO: slot: gz.fang.anjuke.com | conc: 1 | delay: 4000 ms (+0) | latency:  581 ms | size: 38166 bytes
2018-04-24 01:34:52 [scrapy.core.engine] DEBUG: Crawled (200) <GET https://gz.fang.anjuke.com/loupan/239320.html> (referer: https://gz.fang.anjuke.com/loupan/zengcheng/p4/)
2018-04-24 01:34:55 [scrapy.extensions.throttle] INFO: slot: gz.fang.anjuke.com | conc: 1 | delay: 4000 ms (+0) | latency:  597 ms | size: 37883 bytes
2018-04-24 01:34:55 [scrapy.core.engine] DEBUG: Crawled (200) <GET https://gz.fang.anjuke.com/loupan/239183.html> (referer: https://gz.fang.anjuke.com/loupan/zengcheng/p4/)
2018-04-24 01:35:00 [scrapy.extensions.throttle] INFO: slot: gz.fang.anjuke.com | conc: 1 | delay: 4000 ms (+0) | latency:  631 ms | size: 39040 bytes
2018-04-24 01:35:00 [scrapy.core.engine] DEBUG: Crawled (200) <GET https://gz.fang.anjuke.com/loupan/240561.html> (referer: https://gz.fang.anjuke.com/loupan/zengcheng/p4/)
2018-04-24 01:35:05 [scrapy.extensions.throttle] INFO: slot: gz.fang.anjuke.com | conc: 1 | delay: 4000 ms (+0) | latency:  602 ms | size: 39375 bytes
2018-04-24 01:35:05 [scrapy.core.engine] DEBUG: Crawled (200) <GET https://gz.fang.anjuke.com/loupan/240448.html> (referer: https://gz.fang.anjuke.com/loupan/zengcheng/p4/)
2018-04-24 01:35:09 [scrapy.extensions.throttle] INFO: slot: gz.fang.anjuke.com | conc: 1 | delay: 4000 ms (+0) | latency:  607 ms | size: 40182 bytes
2018-04-24 01:35:09 [scrapy.core.engine] DEBUG: Crawled (200) <GET https://gz.fang.anjuke.com/loupan/239118.html> (referer: https://gz.fang.anjuke.com/loupan/zengcheng/p4/)
2018-04-24 01:35:14 [scrapy.extensions.throttle] INFO: slot: gz.fang.anjuke.com | conc: 1 | delay: 4000 ms (+0) | latency:  636 ms | size: 38390 bytes
2018-04-24 01:35:14 [scrapy.core.engine] DEBUG: Crawled (200) <GET https://gz.fang.anjuke.com/loupan/240594.html> (referer: https://gz.fang.anjuke.com/loupan/zengcheng/p4/)
2018-04-24 01:35:20 [scrapy.extensions.throttle] INFO: slot: gz.fang.anjuke.com | conc: 1 | delay: 4000 ms (+0) | latency:  846 ms | size: 38513 bytes
2018-04-24 01:35:20 [scrapy.core.engine] DEBUG: Crawled (200) <GET https://gz.fang.anjuke.com/loupan/239841.html> (referer: https://gz.fang.anjuke.com/loupan/zengcheng/p4/)
2018-04-24 01:35:25 [scrapy.extensions.throttle] INFO: slot: gz.fang.anjuke.com | conc: 1 | delay: 4000 ms (+0) | latency:  599 ms | size: 38387 bytes
2018-04-24 01:35:25 [scrapy.core.engine] DEBUG: Crawled (200) <GET https://gz.fang.anjuke.com/loupan/240674.html> (referer: https://gz.fang.anjuke.com/loupan/zengcheng/p4/)
2018-04-24 01:35:30 [scrapy.extensions.throttle] INFO: slot: gz.fang.anjuke.com | conc: 1 | delay: 4000 ms (+0) | latency:  661 ms | size: 38352 bytes
2018-04-24 01:35:30 [scrapy.core.engine] DEBUG: Crawled (200) <GET https://gz.fang.anjuke.com/loupan/240327.html> (referer: https://gz.fang.anjuke.com/loupan/zengcheng/p4/)
2018-04-24 01:35:35 [scrapy.extensions.throttle] INFO: slot: gz.fang.anjuke.com | conc: 1 | delay: 4000 ms (+0) | latency:  736 ms | size: 39070 bytes
2018-04-24 01:35:35 [scrapy.core.engine] DEBUG: Crawled (200) <GET https://gz.fang.anjuke.com/loupan/240866.html> (referer: https://gz.fang.anjuke.com/loupan/zengcheng/p4/)
2018-04-24 01:35:39 [scrapy.extensions.logstats] INFO: Crawled 26 pages (at 12 pages/min), scraped 0 items (at 0 items/min)
2018-04-24 01:35:41 [scrapy.extensions.throttle] INFO: slot: gz.fang.anjuke.com | conc: 1 | delay: 4000 ms (+0) | latency:  670 ms | size: 38419 bytes
2018-04-24 01:35:41 [scrapy.core.engine] DEBUG: Crawled (200) <GET https://gz.fang.anjuke.com/loupan/239302.html> (referer: https://gz.fang.anjuke.com/loupan/zengcheng/p4/)
2018-04-24 01:35:45 [scrapy.extensions.throttle] INFO: slot: gz.fang.anjuke.com | conc: 1 | delay: 4000 ms (+0) | latency:  349 ms | size: 27078 bytes
2018-04-24 01:35:45 [scrapy.core.engine] DEBUG: Crawled (200) <GET https://gz.fang.anjuke.com/loupan/canshu-239299.html> (referer: https://gz.fang.anjuke.com/loupan/239299.html)
2018-04-24 01:35:46 [scrapy.core.scraper] ERROR: Spider error processing <GET https://gz.fang.anjuke.com/loupan/canshu-239299.html> (referer: https://gz.fang.anjuke.com/loupan/239299.html)
Traceback (most recent call last):
  File "e:\program files\python2.7\lib\site-packages\twisted\internet\defer.py", line 653, in _runCallbacks
    current.result = callback(current.result, *args, **kw)
  File "HouseCrawler\spiders\anjuke_new_house_spider.py", line 143, in parse_new_house_details
    print 'required_count:' + self.required_count
TypeError: cannot concatenate 'str' and 'int' objects
2018-04-24 01:35:51 [scrapy.extensions.throttle] INFO: slot: gz.fang.anjuke.com | conc: 1 | delay: 4000 ms (+0) | latency:  717 ms | size: 34675 bytes
2018-04-24 01:35:51 [scrapy.core.engine] DEBUG: Crawled (200) <GET https://gz.fang.anjuke.com/loupan/412872.html> (referer: https://gz.fang.anjuke.com/loupan/zengcheng/p5/)
2018-04-24 01:35:55 [scrapy.extensions.throttle] INFO: slot: gz.fang.anjuke.com | conc: 1 | delay: 4000 ms (+0) | latency:  292 ms | size: 26588 bytes
2018-04-24 01:35:55 [scrapy.core.engine] DEBUG: Crawled (200) <GET https://gz.fang.anjuke.com/loupan/canshu-245257.html> (referer: https://gz.fang.anjuke.com/loupan/245257.html)
2018-04-24 01:35:55 [scrapy.core.scraper] ERROR: Spider error processing <GET https://gz.fang.anjuke.com/loupan/canshu-245257.html> (referer: https://gz.fang.anjuke.com/loupan/245257.html)
Traceback (most recent call last):
  File "e:\program files\python2.7\lib\site-packages\twisted\internet\defer.py", line 653, in _runCallbacks
    current.result = callback(current.result, *args, **kw)
  File "HouseCrawler\spiders\anjuke_new_house_spider.py", line 143, in parse_new_house_details
    print 'required_count:' + self.required_count
TypeError: cannot concatenate 'str' and 'int' objects
2018-04-24 01:35:58 [scrapy.extensions.throttle] INFO: slot: gz.fang.anjuke.com | conc: 1 | delay: 4000 ms (+0) | latency:  264 ms | size: 26906 bytes
2018-04-24 01:35:58 [scrapy.core.engine] DEBUG: Crawled (200) <GET https://gz.fang.anjuke.com/loupan/canshu-239175.html> (referer: https://gz.fang.anjuke.com/loupan/239175.html)
2018-04-24 01:35:59 [scrapy.core.scraper] ERROR: Spider error processing <GET https://gz.fang.anjuke.com/loupan/canshu-239175.html> (referer: https://gz.fang.anjuke.com/loupan/239175.html)
Traceback (most recent call last):
  File "e:\program files\python2.7\lib\site-packages\twisted\internet\defer.py", line 653, in _runCallbacks
    current.result = callback(current.result, *args, **kw)
  File "HouseCrawler\spiders\anjuke_new_house_spider.py", line 143, in parse_new_house_details
    print 'required_count:' + self.required_count
TypeError: cannot concatenate 'str' and 'int' objects
2018-04-24 01:36:04 [scrapy.extensions.throttle] INFO: slot: gz.fang.anjuke.com | conc: 1 | delay: 4000 ms (+0) | latency:  417 ms | size: 26760 bytes
2018-04-24 01:36:04 [scrapy.core.engine] DEBUG: Crawled (200) <GET https://gz.fang.anjuke.com/loupan/canshu-239020.html> (referer: https://gz.fang.anjuke.com/loupan/239020.html)
2018-04-24 01:36:04 [scrapy.core.scraper] ERROR: Spider error processing <GET https://gz.fang.anjuke.com/loupan/canshu-239020.html> (referer: https://gz.fang.anjuke.com/loupan/239020.html)
Traceback (most recent call last):
  File "e:\program files\python2.7\lib\site-packages\twisted\internet\defer.py", line 653, in _runCallbacks
    current.result = callback(current.result, *args, **kw)
  File "HouseCrawler\spiders\anjuke_new_house_spider.py", line 143, in parse_new_house_details
    print 'required_count:' + self.required_count
TypeError: cannot concatenate 'str' and 'int' objects
2018-04-24 01:36:10 [scrapy.extensions.throttle] INFO: slot: gz.fang.anjuke.com | conc: 1 | delay: 4000 ms (+0) | latency:  309 ms | size: 27109 bytes
2018-04-24 01:36:10 [scrapy.core.engine] DEBUG: Crawled (200) <GET https://gz.fang.anjuke.com/loupan/canshu-239131.html> (referer: https://gz.fang.anjuke.com/loupan/239131.html)
2018-04-24 01:36:13 [scrapy.extensions.throttle] INFO: slot: gz.fang.anjuke.com | conc: 1 | delay: 4000 ms (+0) | latency:  279 ms | size: 27311 bytes
2018-04-24 01:36:13 [scrapy.core.engine] DEBUG: Crawled (200) <GET https://gz.fang.anjuke.com/loupan/canshu-239320.html> (referer: https://gz.fang.anjuke.com/loupan/239320.html)
2018-04-24 01:36:13 [scrapy.core.scraper] ERROR: Spider error processing <GET https://gz.fang.anjuke.com/loupan/canshu-239320.html> (referer: https://gz.fang.anjuke.com/loupan/239320.html)
Traceback (most recent call last):
  File "e:\program files\python2.7\lib\site-packages\twisted\internet\defer.py", line 653, in _runCallbacks
    current.result = callback(current.result, *args, **kw)
  File "HouseCrawler\spiders\anjuke_new_house_spider.py", line 143, in parse_new_house_details
    print 'required_count:' + self.required_count
TypeError: cannot concatenate 'str' and 'int' objects
2018-04-24 01:36:18 [scrapy.extensions.throttle] INFO: slot: gz.fang.anjuke.com | conc: 1 | delay: 4000 ms (+0) | latency:  338 ms | size: 26984 bytes
2018-04-24 01:36:18 [scrapy.core.engine] DEBUG: Crawled (200) <GET https://gz.fang.anjuke.com/loupan/canshu-239183.html> (referer: https://gz.fang.anjuke.com/loupan/239183.html)
2018-04-24 01:36:18 [scrapy.core.scraper] ERROR: Spider error processing <GET https://gz.fang.anjuke.com/loupan/canshu-239183.html> (referer: https://gz.fang.anjuke.com/loupan/239183.html)
Traceback (most recent call last):
  File "e:\program files\python2.7\lib\site-packages\twisted\internet\defer.py", line 653, in _runCallbacks
    current.result = callback(current.result, *args, **kw)
  File "HouseCrawler\spiders\anjuke_new_house_spider.py", line 143, in parse_new_house_details
    print 'required_count:' + self.required_count
TypeError: cannot concatenate 'str' and 'int' objects
2018-04-24 01:36:24 [scrapy.extensions.throttle] INFO: slot: gz.fang.anjuke.com | conc: 1 | delay: 4000 ms (+0) | latency:  325 ms | size: 27618 bytes
2018-04-24 01:36:24 [scrapy.core.engine] DEBUG: Crawled (200) <GET https://gz.fang.anjuke.com/loupan/canshu-240561.html> (referer: https://gz.fang.anjuke.com/loupan/240561.html)
2018-04-24 01:36:24 [scrapy.core.scraper] ERROR: Spider error processing <GET https://gz.fang.anjuke.com/loupan/canshu-240561.html> (referer: https://gz.fang.anjuke.com/loupan/240561.html)
Traceback (most recent call last):
  File "e:\program files\python2.7\lib\site-packages\twisted\internet\defer.py", line 653, in _runCallbacks
    current.result = callback(current.result, *args, **kw)
  File "HouseCrawler\spiders\anjuke_new_house_spider.py", line 143, in parse_new_house_details
    print 'required_count:' + self.required_count
TypeError: cannot concatenate 'str' and 'int' objects
2018-04-24 01:36:27 [scrapy.extensions.throttle] INFO: slot: gz.fang.anjuke.com | conc: 1 | delay: 4000 ms (+0) | latency:  288 ms | size: 27282 bytes
2018-04-24 01:36:27 [scrapy.core.engine] DEBUG: Crawled (200) <GET https://gz.fang.anjuke.com/loupan/canshu-240448.html> (referer: https://gz.fang.anjuke.com/loupan/240448.html)
2018-04-24 01:36:27 [scrapy.core.scraper] ERROR: Spider error processing <GET https://gz.fang.anjuke.com/loupan/canshu-240448.html> (referer: https://gz.fang.anjuke.com/loupan/240448.html)
Traceback (most recent call last):
  File "e:\program files\python2.7\lib\site-packages\twisted\internet\defer.py", line 653, in _runCallbacks
    current.result = callback(current.result, *args, **kw)
  File "HouseCrawler\spiders\anjuke_new_house_spider.py", line 143, in parse_new_house_details
    print 'required_count:' + self.required_count
TypeError: cannot concatenate 'str' and 'int' objects
2018-04-24 01:36:31 [scrapy.extensions.throttle] INFO: slot: gz.fang.anjuke.com | conc: 1 | delay: 4000 ms (+0) | latency:  406 ms | size: 27053 bytes
2018-04-24 01:36:31 [scrapy.core.engine] DEBUG: Crawled (200) <GET https://gz.fang.anjuke.com/loupan/canshu-239118.html> (referer: https://gz.fang.anjuke.com/loupan/239118.html)
2018-04-24 01:36:32 [scrapy.core.scraper] ERROR: Spider error processing <GET https://gz.fang.anjuke.com/loupan/canshu-239118.html> (referer: https://gz.fang.anjuke.com/loupan/239118.html)
Traceback (most recent call last):
  File "e:\program files\python2.7\lib\site-packages\twisted\internet\defer.py", line 653, in _runCallbacks
    current.result = callback(current.result, *args, **kw)
  File "HouseCrawler\spiders\anjuke_new_house_spider.py", line 143, in parse_new_house_details
    print 'required_count:' + self.required_count
TypeError: cannot concatenate 'str' and 'int' objects
2018-04-24 01:36:36 [scrapy.extensions.throttle] INFO: slot: gz.fang.anjuke.com | conc: 1 | delay: 4000 ms (+0) | latency:  309 ms | size: 27388 bytes
2018-04-24 01:36:36 [scrapy.core.engine] DEBUG: Crawled (200) <GET https://gz.fang.anjuke.com/loupan/canshu-240594.html> (referer: https://gz.fang.anjuke.com/loupan/240594.html)
2018-04-24 01:36:37 [scrapy.core.scraper] ERROR: Spider error processing <GET https://gz.fang.anjuke.com/loupan/canshu-240594.html> (referer: https://gz.fang.anjuke.com/loupan/240594.html)
Traceback (most recent call last):
  File "e:\program files\python2.7\lib\site-packages\twisted\internet\defer.py", line 653, in _runCallbacks
    current.result = callback(current.result, *args, **kw)
  File "HouseCrawler\spiders\anjuke_new_house_spider.py", line 143, in parse_new_house_details
    print 'required_count:' + self.required_count
TypeError: cannot concatenate 'str' and 'int' objects
2018-04-24 01:36:39 [scrapy.extensions.logstats] INFO: Crawled 39 pages (at 13 pages/min), scraped 0 items (at 0 items/min)
2018-04-24 01:36:40 [scrapy.extensions.throttle] INFO: slot: gz.fang.anjuke.com | conc: 1 | delay: 4000 ms (+0) | latency:  388 ms | size: 27211 bytes
2018-04-24 01:36:40 [scrapy.core.engine] DEBUG: Crawled (200) <GET https://gz.fang.anjuke.com/loupan/canshu-239841.html> (referer: https://gz.fang.anjuke.com/loupan/239841.html)
2018-04-24 01:36:40 [scrapy.core.scraper] ERROR: Spider error processing <GET https://gz.fang.anjuke.com/loupan/canshu-239841.html> (referer: https://gz.fang.anjuke.com/loupan/239841.html)
Traceback (most recent call last):
  File "e:\program files\python2.7\lib\site-packages\twisted\internet\defer.py", line 653, in _runCallbacks
    current.result = callback(current.result, *args, **kw)
  File "HouseCrawler\spiders\anjuke_new_house_spider.py", line 143, in parse_new_house_details
    print 'required_count:' + self.required_count
TypeError: cannot concatenate 'str' and 'int' objects
2018-04-24 01:36:43 [scrapy.extensions.throttle] INFO: slot: gz.fang.anjuke.com | conc: 1 | delay: 4000 ms (+0) | latency:  299 ms | size: 27447 bytes
2018-04-24 01:36:43 [scrapy.core.engine] DEBUG: Crawled (200) <GET https://gz.fang.anjuke.com/loupan/canshu-240674.html> (referer: https://gz.fang.anjuke.com/loupan/240674.html)
2018-04-24 01:36:48 [scrapy.extensions.throttle] INFO: slot: gz.fang.anjuke.com | conc: 1 | delay: 4000 ms (+0) | latency:  331 ms | size: 27289 bytes
2018-04-24 01:36:48 [scrapy.core.engine] DEBUG: Crawled (200) <GET https://gz.fang.anjuke.com/loupan/canshu-240327.html> (referer: https://gz.fang.anjuke.com/loupan/240327.html)
2018-04-24 01:36:49 [scrapy.core.scraper] ERROR: Spider error processing <GET https://gz.fang.anjuke.com/loupan/canshu-240327.html> (referer: https://gz.fang.anjuke.com/loupan/240327.html)
Traceback (most recent call last):
  File "e:\program files\python2.7\lib\site-packages\twisted\internet\defer.py", line 653, in _runCallbacks
    current.result = callback(current.result, *args, **kw)
  File "HouseCrawler\spiders\anjuke_new_house_spider.py", line 143, in parse_new_house_details
    print 'required_count:' + self.required_count
TypeError: cannot concatenate 'str' and 'int' objects
2018-04-24 01:36:54 [scrapy.extensions.throttle] INFO: slot: gz.fang.anjuke.com | conc: 1 | delay: 4000 ms (+0) | latency:  381 ms | size: 27584 bytes
2018-04-24 01:36:54 [scrapy.core.engine] DEBUG: Crawled (200) <GET https://gz.fang.anjuke.com/loupan/canshu-240866.html> (referer: https://gz.fang.anjuke.com/loupan/240866.html)
2018-04-24 01:36:55 [scrapy.core.scraper] ERROR: Spider error processing <GET https://gz.fang.anjuke.com/loupan/canshu-240866.html> (referer: https://gz.fang.anjuke.com/loupan/240866.html)
Traceback (most recent call last):
  File "e:\program files\python2.7\lib\site-packages\twisted\internet\defer.py", line 653, in _runCallbacks
    current.result = callback(current.result, *args, **kw)
  File "HouseCrawler\spiders\anjuke_new_house_spider.py", line 143, in parse_new_house_details
    print 'required_count:' + self.required_count
TypeError: cannot concatenate 'str' and 'int' objects
2018-04-24 01:37:00 [scrapy.extensions.throttle] INFO: slot: gz.fang.anjuke.com | conc: 1 | delay: 4000 ms (+0) | latency:  417 ms | size: 27252 bytes
2018-04-24 01:37:00 [scrapy.core.engine] DEBUG: Crawled (200) <GET https://gz.fang.anjuke.com/loupan/canshu-239302.html> (referer: https://gz.fang.anjuke.com/loupan/239302.html)
2018-04-24 01:37:01 [scrapy.core.scraper] ERROR: Spider error processing <GET https://gz.fang.anjuke.com/loupan/canshu-239302.html> (referer: https://gz.fang.anjuke.com/loupan/239302.html)
Traceback (most recent call last):
  File "e:\program files\python2.7\lib\site-packages\twisted\internet\defer.py", line 653, in _runCallbacks
    current.result = callback(current.result, *args, **kw)
  File "HouseCrawler\spiders\anjuke_new_house_spider.py", line 143, in parse_new_house_details
    print 'required_count:' + self.required_count
TypeError: cannot concatenate 'str' and 'int' objects
2018-04-24 01:37:06 [scrapy.extensions.throttle] INFO: slot: gz.fang.anjuke.com | conc: 1 | delay: 4000 ms (+0) | latency:  708 ms | size: 35717 bytes
2018-04-24 01:37:06 [scrapy.core.engine] DEBUG: Crawled (200) <GET https://gz.fang.anjuke.com/loupan/239621.html> (referer: https://gz.fang.anjuke.com/loupan/zengcheng/p5/)
2018-04-24 01:37:11 [scrapy.extensions.throttle] INFO: slot: gz.fang.anjuke.com | conc: 1 | delay: 4000 ms (+0) | latency:  335 ms | size: 27119 bytes
2018-04-24 01:37:11 [scrapy.core.engine] DEBUG: Crawled (200) <GET https://gz.fang.anjuke.com/loupan/canshu-412872.html> (referer: https://gz.fang.anjuke.com/loupan/412872.html)
2018-04-24 01:37:12 [scrapy.core.scraper] ERROR: Spider error processing <GET https://gz.fang.anjuke.com/loupan/canshu-412872.html> (referer: https://gz.fang.anjuke.com/loupan/412872.html)
Traceback (most recent call last):
  File "e:\program files\python2.7\lib\site-packages\twisted\internet\defer.py", line 653, in _runCallbacks
    current.result = callback(current.result, *args, **kw)
  File "HouseCrawler\spiders\anjuke_new_house_spider.py", line 143, in parse_new_house_details
    print 'required_count:' + self.required_count
TypeError: cannot concatenate 'str' and 'int' objects
2018-04-24 01:37:18 [scrapy.extensions.throttle] INFO: slot: gz.fang.anjuke.com | conc: 1 | delay: 4000 ms (+0) | latency:  604 ms | size: 37898 bytes
2018-04-24 01:37:18 [scrapy.core.engine] DEBUG: Crawled (200) <GET https://gz.fang.anjuke.com/loupan/239230.html> (referer: https://gz.fang.anjuke.com/loupan/zengcheng/p5/)
2018-04-24 01:37:23 [scrapy.extensions.throttle] INFO: slot: gz.fang.anjuke.com | conc: 1 | delay: 4000 ms (+0) | latency:  705 ms | size: 38160 bytes
2018-04-24 01:37:23 [scrapy.core.engine] DEBUG: Crawled (200) <GET https://gz.fang.anjuke.com/loupan/239199.html> (referer: https://gz.fang.anjuke.com/loupan/zengcheng/p5/)
2018-04-24 01:37:28 [scrapy.extensions.throttle] INFO: slot: gz.fang.anjuke.com | conc: 1 | delay: 4000 ms (+0) | latency:  605 ms | size: 38725 bytes
2018-04-24 01:37:28 [scrapy.core.engine] DEBUG: Crawled (200) <GET https://gz.fang.anjuke.com/loupan/239541.html> (referer: https://gz.fang.anjuke.com/loupan/zengcheng/p5/)
2018-04-24 01:37:33 [scrapy.extensions.throttle] INFO: slot: gz.fang.anjuke.com | conc: 1 | delay: 4000 ms (+0) | latency:  953 ms | size: 38126 bytes
2018-04-24 01:37:33 [scrapy.core.engine] DEBUG: Crawled (200) <GET https://gz.fang.anjuke.com/loupan/239165.html> (referer: https://gz.fang.anjuke.com/loupan/zengcheng/p5/)
2018-04-24 01:37:38 [scrapy.extensions.throttle] INFO: slot: gz.fang.anjuke.com | conc: 1 | delay: 4000 ms (+0) | latency:  599 ms | size: 38331 bytes
2018-04-24 01:37:38 [scrapy.core.engine] DEBUG: Crawled (200) <GET https://gz.fang.anjuke.com/loupan/238873.html> (referer: https://gz.fang.anjuke.com/loupan/zengcheng/p5/)
2018-04-24 01:37:39 [scrapy.extensions.logstats] INFO: Crawled 51 pages (at 12 pages/min), scraped 0 items (at 0 items/min)
2018-04-24 01:37:43 [scrapy.extensions.throttle] INFO: slot: gz.fang.anjuke.com | conc: 1 | delay: 4000 ms (+0) | latency:  578 ms | size: 35982 bytes
2018-04-24 01:37:43 [scrapy.core.engine] DEBUG: Crawled (200) <GET https://gz.fang.anjuke.com/loupan/246826.html> (referer: https://gz.fang.anjuke.com/loupan/zengcheng/p5/)
2018-04-24 01:37:48 [scrapy.extensions.throttle] INFO: slot: gz.fang.anjuke.com | conc: 1 | delay: 4000 ms (+0) | latency:  592 ms | size: 38173 bytes
2018-04-24 01:37:48 [scrapy.core.engine] DEBUG: Crawled (200) <GET https://gz.fang.anjuke.com/loupan/239228.html> (referer: https://gz.fang.anjuke.com/loupan/zengcheng/p5/)
2018-04-24 01:37:53 [scrapy.extensions.throttle] INFO: slot: gz.fang.anjuke.com | conc: 1 | delay: 4000 ms (+0) | latency:  735 ms | size: 39312 bytes
2018-04-24 01:37:53 [scrapy.core.engine] DEBUG: Crawled (200) <GET https://gz.fang.anjuke.com/loupan/239019.html> (referer: https://gz.fang.anjuke.com/loupan/zengcheng/p5/)
2018-04-24 01:37:58 [scrapy.extensions.throttle] INFO: slot: gz.fang.anjuke.com | conc: 1 | delay: 4000 ms (+0) | latency:  702 ms | size: 39530 bytes
2018-04-24 01:37:58 [scrapy.core.engine] DEBUG: Crawled (200) <GET https://gz.fang.anjuke.com/loupan/240488.html> (referer: https://gz.fang.anjuke.com/loupan/zengcheng/p5/)
2018-04-24 01:38:03 [scrapy.extensions.throttle] INFO: slot: gz.fang.anjuke.com | conc: 1 | delay: 4000 ms (+0) | latency:  812 ms | size: 37379 bytes
2018-04-24 01:38:03 [scrapy.core.engine] DEBUG: Crawled (200) <GET https://gz.fang.anjuke.com/loupan/413916.html> (referer: https://gz.fang.anjuke.com/loupan/zengcheng/p5/)
2018-04-24 01:38:08 [scrapy.extensions.throttle] INFO: slot: gz.fang.anjuke.com | conc: 1 | delay: 4000 ms (+0) | latency:  703 ms | size: 36528 bytes
2018-04-24 01:38:08 [scrapy.core.engine] DEBUG: Crawled (200) <GET https://gz.fang.anjuke.com/loupan/413975.html> (referer: https://gz.fang.anjuke.com/loupan/zengcheng/p5/)
2018-04-24 01:38:13 [scrapy.extensions.throttle] INFO: slot: gz.fang.anjuke.com | conc: 1 | delay: 4000 ms (+0) | latency:  625 ms | size: 39374 bytes
2018-04-24 01:38:13 [scrapy.core.engine] DEBUG: Crawled (200) <GET https://gz.fang.anjuke.com/loupan/412536.html> (referer: https://gz.fang.anjuke.com/loupan/zengcheng/p5/)
2018-04-24 01:38:18 [scrapy.extensions.throttle] INFO: slot: gz.fang.anjuke.com | conc: 1 | delay: 4000 ms (+0) | latency:  593 ms | size: 37055 bytes
2018-04-24 01:38:18 [scrapy.core.engine] DEBUG: Crawled (200) <GET https://gz.fang.anjuke.com/loupan/264158.html> (referer: https://gz.fang.anjuke.com/loupan/zengcheng/p5/)
2018-04-24 01:38:22 [scrapy.extensions.throttle] INFO: slot: gz.fang.anjuke.com | conc: 1 | delay: 4000 ms (+0) | latency:  719 ms | size: 39848 bytes
2018-04-24 01:38:22 [scrapy.core.engine] DEBUG: Crawled (200) <GET https://gz.fang.anjuke.com/loupan/389859.html> (referer: https://gz.fang.anjuke.com/loupan/zengcheng/p5/)
2018-04-24 01:38:27 [scrapy.extensions.throttle] INFO: slot: gz.fang.anjuke.com | conc: 1 | delay: 4000 ms (+0) | latency:  640 ms | size: 37358 bytes
2018-04-24 01:38:27 [scrapy.core.engine] DEBUG: Crawled (200) <GET https://gz.fang.anjuke.com/loupan/238840.html> (referer: https://gz.fang.anjuke.com/loupan/zengcheng/p5/)
2018-04-24 01:38:32 [scrapy.extensions.throttle] INFO: slot: gz.fang.anjuke.com | conc: 1 | delay: 4000 ms (+0) | latency:  281 ms | size: 27109 bytes
2018-04-24 01:38:32 [scrapy.core.engine] DEBUG: Crawled (200) <GET https://gz.fang.anjuke.com/loupan/canshu-239621.html> (referer: https://gz.fang.anjuke.com/loupan/239621.html)
2018-04-24 01:38:32 [scrapy.core.scraper] ERROR: Spider error processing <GET https://gz.fang.anjuke.com/loupan/canshu-239621.html> (referer: https://gz.fang.anjuke.com/loupan/239621.html)
Traceback (most recent call last):
  File "e:\program files\python2.7\lib\site-packages\twisted\internet\defer.py", line 653, in _runCallbacks
    current.result = callback(current.result, *args, **kw)
  File "HouseCrawler\spiders\anjuke_new_house_spider.py", line 143, in parse_new_house_details
    print 'required_count:' + str(self.required_count)
TypeError: cannot concatenate 'str' and 'int' objects
2018-04-24 01:38:35 [scrapy.extensions.throttle] INFO: slot: gz.fang.anjuke.com | conc: 1 | delay: 4000 ms (+0) | latency:  578 ms | size: 42800 bytes
2018-04-24 01:38:35 [scrapy.core.engine] DEBUG: Crawled (200) <GET https://gz.fang.anjuke.com/loupan/400658.html> (referer: https://gz.fang.anjuke.com/loupan/zengcheng/p5/)
2018-04-24 01:38:39 [scrapy.extensions.logstats] INFO: Crawled 63 pages (at 12 pages/min), scraped 0 items (at 0 items/min)
2018-04-24 01:38:40 [scrapy.extensions.throttle] INFO: slot: gz.fang.anjuke.com | conc: 1 | delay: 4000 ms (+0) | latency:  312 ms | size: 27067 bytes
2018-04-24 01:38:40 [scrapy.core.engine] DEBUG: Crawled (200) <GET https://gz.fang.anjuke.com/loupan/canshu-239230.html> (referer: https://gz.fang.anjuke.com/loupan/239230.html)
