2018-02-14 19:31:52 [scrapy.utils.log] INFO: Scrapy 1.4.0 started (bot: HouseCrawler)
2018-02-14 19:31:52 [scrapy.utils.log] INFO: Overridden settings: {'AUTOTHROTTLE_MAX_DELAY': 30, 'NEWSPIDER_MODULE': 'HouseCrawler.spiders', 'LOG_FILE': 'logs\\HouseCrawler\\AnjukeNewHouseSpider\\c0c1a4c0111d11e89972382c4a16ce75.log', 'CONCURRENT_REQUESTS_PER_DOMAIN': 1, 'SPIDER_MODULES': ['HouseCrawler.spiders'], 'AUTOTHROTTLE_START_DELAY': 6, 'BOT_NAME': 'HouseCrawler', 'AUTOTHROTTLE_ENABLED': True, 'DOWNLOAD_DELAY': 4, 'AUTOTHROTTLE_DEBUG': True}
2018-02-14 19:31:52 [scrapy.middleware] INFO: Enabled extensions:
['scrapy.extensions.logstats.LogStats',
 'scrapy.extensions.telnet.TelnetConsole',
 'scrapy.extensions.corestats.CoreStats',
 'scrapy.extensions.throttle.AutoThrottle']
2018-02-14 19:31:52 [scrapy.middleware] INFO: Enabled downloader middlewares:
['HouseCrawler.middlewares.AnjukeUserAgentMiddleware',
 'scrapy.downloadermiddlewares.httpauth.HttpAuthMiddleware',
 'scrapy.downloadermiddlewares.downloadtimeout.DownloadTimeoutMiddleware',
 'scrapy.downloadermiddlewares.defaultheaders.DefaultHeadersMiddleware',
 'scrapy.downloadermiddlewares.retry.RetryMiddleware',
 'scrapy.downloadermiddlewares.redirect.MetaRefreshMiddleware',
 'scrapy.downloadermiddlewares.httpcompression.HttpCompressionMiddleware',
 'scrapy.downloadermiddlewares.redirect.RedirectMiddleware',
 'scrapy.downloadermiddlewares.cookies.CookiesMiddleware',
 'scrapy.downloadermiddlewares.httpproxy.HttpProxyMiddleware',
 'scrapy.downloadermiddlewares.stats.DownloaderStats']
2018-02-14 19:31:52 [scrapy.middleware] INFO: Enabled spider middlewares:
['scrapy.spidermiddlewares.httperror.HttpErrorMiddleware',
 'scrapy.spidermiddlewares.offsite.OffsiteMiddleware',
 'scrapy.spidermiddlewares.referer.RefererMiddleware',
 'scrapy.spidermiddlewares.urllength.UrlLengthMiddleware',
 'scrapy.spidermiddlewares.depth.DepthMiddleware']
2018-02-14 19:31:52 [scrapy.middleware] INFO: Enabled item pipelines:
[]
2018-02-14 19:31:52 [scrapy.core.engine] INFO: Spider opened
2018-02-14 19:31:52 [scrapy.extensions.logstats] INFO: Crawled 0 pages (at 0 pages/min), scraped 0 items (at 0 items/min)
2018-02-14 19:31:52 [scrapy.extensions.telnet] DEBUG: Telnet console listening on 127.0.0.1:6023
2018-02-14 19:31:53 [scrapy.extensions.throttle] INFO: slot: sz.fang.anjuke.com | conc: 1 | delay: 4000 ms (-2000) | latency:  766 ms | size: 31976 bytes
2018-02-14 19:31:53 [scrapy.core.engine] DEBUG: Crawled (200) <GET https://sz.fang.anjuke.com/loupan/longhuaqu/> (referer: https://gz.fang.anjuke.com/)
2018-02-14 19:32:00 [scrapy.extensions.throttle] INFO: slot: sz.fang.anjuke.com | conc: 1 | delay: 4000 ms (+0) | latency:  389 ms | size: 41621 bytes
2018-02-14 19:32:00 [scrapy.core.engine] DEBUG: Crawled (200) <GET https://sz.fang.anjuke.com/loupan/414358.html> (referer: https://sz.fang.anjuke.com/loupan/longhuaqu/)
2018-02-14 19:32:05 [scrapy.extensions.throttle] INFO: slot: sz.fang.anjuke.com | conc: 1 | delay: 4000 ms (+0) | latency:  405 ms | size: 38442 bytes
2018-02-14 19:32:05 [scrapy.core.engine] DEBUG: Crawled (200) <GET https://sz.fang.anjuke.com/loupan/224864.html> (referer: https://sz.fang.anjuke.com/loupan/longhuaqu/)
2018-02-14 19:32:10 [scrapy.extensions.throttle] INFO: slot: sz.fang.anjuke.com | conc: 1 | delay: 4000 ms (+0) | latency:  467 ms | size: 35994 bytes
2018-02-14 19:32:10 [scrapy.core.engine] DEBUG: Crawled (200) <GET https://sz.fang.anjuke.com/loupan/252838.html> (referer: https://sz.fang.anjuke.com/loupan/longhuaqu/)
2018-02-14 19:32:14 [scrapy.extensions.throttle] INFO: slot: sz.fang.anjuke.com | conc: 1 | delay: 4000 ms (+0) | latency:  437 ms | size: 37729 bytes
2018-02-14 19:32:14 [scrapy.core.engine] DEBUG: Crawled (200) <GET https://sz.fang.anjuke.com/loupan/251692.html> (referer: https://sz.fang.anjuke.com/loupan/longhuaqu/)
2018-02-14 19:32:19 [scrapy.extensions.throttle] INFO: slot: sz.fang.anjuke.com | conc: 1 | delay: 4000 ms (+0) | latency:  453 ms | size: 37623 bytes
2018-02-14 19:32:19 [scrapy.core.engine] DEBUG: Crawled (200) <GET https://sz.fang.anjuke.com/loupan/249396.html> (referer: https://sz.fang.anjuke.com/loupan/longhuaqu/)
2018-02-14 19:32:23 [scrapy.extensions.throttle] INFO: slot: sz.fang.anjuke.com | conc: 1 | delay: 4000 ms (+0) | latency:  405 ms | size: 38844 bytes
2018-02-14 19:32:23 [scrapy.core.engine] DEBUG: Crawled (200) <GET https://sz.fang.anjuke.com/loupan/253154.html> (referer: https://sz.fang.anjuke.com/loupan/longhuaqu/)
2018-02-14 19:32:28 [scrapy.extensions.throttle] INFO: slot: sz.fang.anjuke.com | conc: 1 | delay: 4000 ms (+0) | latency:  375 ms | size: 35061 bytes
2018-02-14 19:32:28 [scrapy.core.engine] DEBUG: Crawled (200) <GET https://sz.fang.anjuke.com/loupan/236944.html> (referer: https://sz.fang.anjuke.com/loupan/longhuaqu/)
2018-02-14 19:32:33 [scrapy.extensions.throttle] INFO: slot: sz.fang.anjuke.com | conc: 1 | delay: 4000 ms (+0) | latency:  437 ms | size: 35153 bytes
2018-02-14 19:32:33 [scrapy.core.engine] DEBUG: Crawled (200) <GET https://sz.fang.anjuke.com/loupan/416683.html> (referer: https://sz.fang.anjuke.com/loupan/longhuaqu/)
2018-02-14 19:32:39 [scrapy.extensions.throttle] INFO: slot: sz.fang.anjuke.com | conc: 1 | delay: 4000 ms (+0) | latency:  468 ms | size: 37615 bytes
2018-02-14 19:32:39 [scrapy.core.engine] DEBUG: Crawled (200) <GET https://sz.fang.anjuke.com/loupan/411654.html> (referer: https://sz.fang.anjuke.com/loupan/longhuaqu/)
2018-02-14 19:32:44 [scrapy.extensions.throttle] INFO: slot: sz.fang.anjuke.com | conc: 1 | delay: 4000 ms (+0) | latency:  375 ms | size: 34438 bytes
2018-02-14 19:32:44 [scrapy.core.engine] DEBUG: Crawled (200) <GET https://sz.fang.anjuke.com/loupan/434869.html> (referer: https://sz.fang.anjuke.com/loupan/longhuaqu/)
2018-02-14 19:32:50 [scrapy.extensions.throttle] INFO: slot: sz.fang.anjuke.com | conc: 1 | delay: 4000 ms (+0) | latency:  578 ms | size: 35317 bytes
2018-02-14 19:32:50 [scrapy.core.engine] DEBUG: Crawled (200) <GET https://sz.fang.anjuke.com/loupan/417590.html> (referer: https://sz.fang.anjuke.com/loupan/longhuaqu/)
2018-02-14 19:32:52 [scrapy.extensions.logstats] INFO: Crawled 12 pages (at 12 pages/min), scraped 0 items (at 0 items/min)
2018-02-14 19:32:55 [scrapy.extensions.throttle] INFO: slot: sz.fang.anjuke.com | conc: 1 | delay: 4000 ms (+0) | latency:  781 ms | size: 43302 bytes
2018-02-14 19:32:55 [scrapy.core.engine] DEBUG: Crawled (200) <GET https://sz.fang.anjuke.com/loupan/406032.html> (referer: https://sz.fang.anjuke.com/loupan/longhuaqu/)
2018-02-14 19:32:58 [scrapy.extensions.throttle] INFO: slot: sz.fang.anjuke.com | conc: 1 | delay: 4000 ms (+0) | latency:  406 ms | size: 36170 bytes
2018-02-14 19:32:58 [scrapy.core.engine] DEBUG: Crawled (200) <GET https://sz.fang.anjuke.com/loupan/417594.html> (referer: https://sz.fang.anjuke.com/loupan/longhuaqu/)
2018-02-14 19:33:03 [scrapy.extensions.throttle] INFO: slot: sz.fang.anjuke.com | conc: 1 | delay: 4000 ms (+0) | latency:  733 ms | size: 36645 bytes
2018-02-14 19:33:03 [scrapy.core.engine] DEBUG: Crawled (200) <GET https://sz.fang.anjuke.com/loupan/236867.html> (referer: https://sz.fang.anjuke.com/loupan/longhuaqu/)
2018-02-14 19:33:07 [scrapy.extensions.throttle] INFO: slot: sz.fang.anjuke.com | conc: 1 | delay: 4000 ms (+0) | latency:  375 ms | size: 37237 bytes
2018-02-14 19:33:07 [scrapy.core.engine] DEBUG: Crawled (200) <GET https://sz.fang.anjuke.com/loupan/389581.html> (referer: https://sz.fang.anjuke.com/loupan/longhuaqu/)
2018-02-14 19:33:12 [scrapy.extensions.throttle] INFO: slot: sz.fang.anjuke.com | conc: 1 | delay: 4000 ms (+0) | latency:  422 ms | size: 38564 bytes
2018-02-14 19:33:12 [scrapy.core.engine] DEBUG: Crawled (200) <GET https://sz.fang.anjuke.com/loupan/430174.html> (referer: https://sz.fang.anjuke.com/loupan/longhuaqu/)
2018-02-14 19:33:16 [scrapy.extensions.throttle] INFO: slot: sz.fang.anjuke.com | conc: 1 | delay: 4000 ms (+0) | latency:  344 ms | size: 28906 bytes
2018-02-14 19:33:16 [scrapy.core.engine] DEBUG: Crawled (200) <GET https://sz.fang.anjuke.com/loupan/longhuaqu/p2/> (referer: https://sz.fang.anjuke.com/loupan/longhuaqu/)
2018-02-14 19:33:22 [scrapy.extensions.throttle] INFO: slot: sz.fang.anjuke.com | conc: 1 | delay: 4000 ms (+0) | latency:  282 ms | size: 29372 bytes
2018-02-14 19:33:22 [scrapy.core.engine] DEBUG: Crawled (200) <GET https://sz.fang.anjuke.com/loupan/canshu-414358.html> (referer: https://sz.fang.anjuke.com/loupan/414358.html)
2018-02-14 19:33:22 [scrapy.core.scraper] DEBUG: Scraped from <200 https://sz.fang.anjuke.com/loupan/canshu-414358.html>
{'build_year': u'2019',
 'city': '\xe6\xb7\xb1\xe5\x9c\xb3',
 'county': '\xe9\xbe\x99\xe5\x8d\x8e\xe5\x8c?',
 'crawl_time': 1518608002.796,
 'description': None,
 'down_payment': u'108',
 'house_address': u'\u65b0\u4e39\u8def',
 'house_name': u'\u73d1\u95e8\u540d\u82d1',
 'id': 'dd1a22c0-117a-11e8-94d4-382c4a16ce75',
 'monthly_payment': u'13374.31',
 'province': u'\u5e7f\u4e1c\u7701',
 'source': u'\u5b89\u5c45\u5ba2',
 'total_price': u'360',
 'type': u'new',
 'unit_price': u'45000',
 'url': 'https://sz.fang.anjuke.com/loupan/canshu-414358.html'}
2018-02-14 19:33:26 [scrapy.extensions.throttle] INFO: slot: sz.fang.anjuke.com | conc: 1 | delay: 4000 ms (+0) | latency:  311 ms | size: 27000 bytes
2018-02-14 19:33:26 [scrapy.core.engine] DEBUG: Crawled (200) <GET https://sz.fang.anjuke.com/loupan/canshu-224864.html> (referer: https://sz.fang.anjuke.com/loupan/224864.html)
2018-02-14 19:33:26 [scrapy.core.scraper] DEBUG: Scraped from <200 https://sz.fang.anjuke.com/loupan/canshu-224864.html>
{'build_year': u'2012',
 'city': '\xe6\xb7\xb1\xe5\x9c\xb3',
 'county': '\xe9\xbe\x99\xe5\x8d\x8e\xe5\x8c?',
 'crawl_time': 1518608006.811,
 'description': None,
 'down_payment': None,
 'house_address': u'\u89c2\u6f9c\u8857\u9053\u73af\u89c2\u5357\u8def\u5317\u4fa7\uff08\u89c2\u6f9c\u9ad8\u65b0\u79d1\u6280\u56ed\u7ad9\u65c1\uff09',
 'house_name': u'\u62db\u5546\u89c2\u56ed',
 'id': 'df7ec6b0-117a-11e8-8b5b-382c4a16ce75',
 'monthly_payment': None,
 'province': u'\u5e7f\u4e1c\u7701',
 'source': u'\u5b89\u5c45\u5ba2',
 'total_price': None,
 'type': u'new',
 'unit_price': u'32224',
 'url': 'https://sz.fang.anjuke.com/loupan/canshu-224864.html'}
2018-02-14 19:33:32 [scrapy.extensions.throttle] INFO: slot: sz.fang.anjuke.com | conc: 1 | delay: 4000 ms (+0) | latency:  312 ms | size: 26849 bytes
2018-02-14 19:33:32 [scrapy.core.engine] DEBUG: Crawled (200) <GET https://sz.fang.anjuke.com/loupan/canshu-252838.html> (referer: https://sz.fang.anjuke.com/loupan/252838.html)
2018-02-14 19:33:32 [scrapy.core.scraper] DEBUG: Scraped from <200 https://sz.fang.anjuke.com/loupan/canshu-252838.html>
{'build_year': u'2017',
 'city': '\xe6\xb7\xb1\xe5\x9c\xb3',
 'county': '\xe9\xbe\x99\xe5\x8d\x8e\xe5\x8c?',
 'crawl_time': 1518608012.437,
 'description': None,
 'down_payment': None,
 'house_address': u'\u9f99\u534e\u65b0\u533a\u9f99\u89c2\u5feb\u901f\u4e0e\u60a6\u5174\u8def\u4ea4\u6c47\u5904',
 'house_name': u'\u4e07\u79d1\u4e5d\u9f99\u5c71',
 'id': 'e2d93c4f-117a-11e8-8dae-382c4a16ce75',
 'monthly_payment': None,
 'province': u'\u5e7f\u4e1c\u7701',
 'source': u'\u5b89\u5c45\u5ba2',
 'total_price': None,
 'type': u'new',
 'unit_price': None,
 'url': 'https://sz.fang.anjuke.com/loupan/canshu-252838.html'}
2018-02-14 19:33:36 [scrapy.extensions.throttle] INFO: slot: sz.fang.anjuke.com | conc: 1 | delay: 4000 ms (+0) | latency:  328 ms | size: 26911 bytes
2018-02-14 19:33:36 [scrapy.core.engine] DEBUG: Crawled (200) <GET https://sz.fang.anjuke.com/loupan/canshu-251692.html> (referer: https://sz.fang.anjuke.com/loupan/251692.html)
2018-02-14 19:33:36 [scrapy.core.scraper] DEBUG: Scraped from <200 https://sz.fang.anjuke.com/loupan/canshu-251692.html>
{'build_year': u'2015',
 'city': '\xe6\xb7\xb1\xe5\x9c\xb3',
 'county': '\xe9\xbe\x99\xe5\x8d\x8e\xe5\x8c?',
 'crawl_time': 1518608016.765,
 'description': None,
 'down_payment': u'96',
 'house_address': u'\u6c11\u6cbb\u529e\u4e8b\u5904\u7b80\u4e0a\u8def\u548c\u817e\u9f99\u8def\u7684\u4ea4\u53c9\u53e3',
 'house_name': u'\u4e2d\u6d77\u9526\u57ce',
 'id': 'e56da2d1-117a-11e8-b84c-382c4a16ce75',
 'monthly_payment': u'11888.28',
 'province': u'\u5e7f\u4e1c\u7701',
 'source': u'\u5b89\u5c45\u5ba2',
 'total_price': u'320',
 'type': u'new',
 'unit_price': u'40000',
 'url': 'https://sz.fang.anjuke.com/loupan/canshu-251692.html'}
2018-02-14 19:33:41 [scrapy.extensions.throttle] INFO: slot: sz.fang.anjuke.com | conc: 1 | delay: 4000 ms (+0) | latency:  405 ms | size: 26905 bytes
2018-02-14 19:33:41 [scrapy.core.engine] DEBUG: Crawled (200) <GET https://sz.fang.anjuke.com/loupan/canshu-249396.html> (referer: https://sz.fang.anjuke.com/loupan/249396.html)
2018-02-14 19:33:41 [scrapy.core.scraper] DEBUG: Scraped from <200 https://sz.fang.anjuke.com/loupan/canshu-249396.html>
{'build_year': u'2014',
 'city': '\xe6\xb7\xb1\xe5\x9c\xb3',
 'county': '\xe9\xbe\x99\xe5\x8d\x8e\xe5\x8c?',
 'crawl_time': 1518608021.202,
 'description': None,
 'down_payment': None,
 'house_address': u'\u4eba\u6c11\u8def\u4e0e\u65b0\u533a\u5927\u9053\u4ea4\u6c47\u5904',
 'house_name': u'\u5353\u8d8a\u7687\u540e\u9053',
 'id': 'e812ab1e-117a-11e8-be67-382c4a16ce75',
 'monthly_payment': None,
 'province': u'\u5e7f\u4e1c\u7701',
 'source': u'\u5b89\u5c45\u5ba2',
 'total_price': None,
 'type': u'new',
 'unit_price': u'54366',
 'url': 'https://sz.fang.anjuke.com/loupan/canshu-249396.html'}
2018-02-14 19:33:46 [scrapy.extensions.throttle] INFO: slot: sz.fang.anjuke.com | conc: 1 | delay: 4000 ms (+0) | latency:  358 ms | size: 27102 bytes
2018-02-14 19:33:46 [scrapy.core.engine] DEBUG: Crawled (200) <GET https://sz.fang.anjuke.com/loupan/canshu-253154.html> (referer: https://sz.fang.anjuke.com/loupan/253154.html)
2018-02-14 19:33:47 [scrapy.core.scraper] DEBUG: Scraped from <200 https://sz.fang.anjuke.com/loupan/canshu-253154.html>
{'build_year': u'2016',
 'city': '\xe6\xb7\xb1\xe5\x9c\xb3',
 'county': '\xe9\xbe\x99\xe5\x8d\x8e\xe5\x8c?',
 'crawl_time': 1518608027.046,
 'description': None,
 'down_payment': u'92.1',
 'house_address': u'\u5927\u548c\u8def\u548c\u73af\u89c2\u5357\u8def\u4ea4\u6c47\u5904',
 'house_name': u'\u9676\u6da6\xb7\u61ff\u5cf0',
 'id': 'eb8e6461-117a-11e8-b9a2-382c4a16ce75',
 'monthly_payment': u'11405.32',
 'province': u'\u5e7f\u4e1c\u7701',
 'source': u'\u5b89\u5c45\u5ba2',
 'total_price': u'307',
 'type': u'new',
 'unit_price': u'35500',
 'url': 'https://sz.fang.anjuke.com/loupan/canshu-253154.html'}
2018-02-14 19:33:50 [scrapy.extensions.throttle] INFO: slot: sz.fang.anjuke.com | conc: 1 | delay: 4000 ms (+0) | latency:  406 ms | size: 26781 bytes
2018-02-14 19:33:50 [scrapy.core.engine] DEBUG: Crawled (200) <GET https://sz.fang.anjuke.com/loupan/canshu-236944.html> (referer: https://sz.fang.anjuke.com/loupan/236944.html)
2018-02-14 19:33:50 [scrapy.core.scraper] DEBUG: Scraped from <200 https://sz.fang.anjuke.com/loupan/canshu-236944.html>
{'build_year': u'2012',
 'city': '\xe6\xb7\xb1\xe5\x9c\xb3',
 'county': '\xe9\xbe\x99\xe5\x8d\x8e\xe5\x8c?',
 'crawl_time': 1518608030.687,
 'description': None,
 'down_payment': None,
 'house_address': u'\u5927\u548c\u8def\u4e0e\u534e\u6e05\u5927\u9053\u7684\u4ea4\u6c47\u5904\uff08\u6e05\u6e56\u5c0f\u5b66\u9644\u8fd1\uff09',
 'house_name': u'\u9f99\u534e\u82b1\u534a\u91cc',
 'id': 'edb9f6f0-117a-11e8-9165-382c4a16ce75',
 'monthly_payment': None,
 'province': u'\u5e7f\u4e1c\u7701',
 'source': u'\u5b89\u5c45\u5ba2',
 'total_price': None,
 'type': u'new',
 'unit_price': u'35000',
 'url': 'https://sz.fang.anjuke.com/loupan/canshu-236944.html'}
2018-02-14 19:33:52 [scrapy.extensions.logstats] INFO: Crawled 25 pages (at 13 pages/min), scraped 7 items (at 7 items/min)
2018-02-14 19:33:56 [scrapy.extensions.throttle] INFO: slot: sz.fang.anjuke.com | conc: 1 | delay: 4000 ms (+0) | latency:  593 ms | size: 28570 bytes
2018-02-14 19:33:56 [scrapy.core.engine] DEBUG: Crawled (200) <GET https://sz.fang.anjuke.com/loupan/canshu-416683.html> (referer: https://sz.fang.anjuke.com/loupan/416683.html)
2018-02-14 19:33:56 [scrapy.core.scraper] DEBUG: Scraped from <200 https://sz.fang.anjuke.com/loupan/canshu-416683.html>
{'build_year': u'2019',
 'city': '\xe6\xb7\xb1\xe5\x9c\xb3',
 'county': '\xe9\xbe\x99\xe5\x8d\x8e\xe5\x8c?',
 'crawl_time': 1518608036.515,
 'description': None,
 'down_payment': None,
 'house_address': u'\u9ad8\u5c14\u592b\u5927\u9053\u4e0e\u73af\u89c2\u5357\u8def\u4ea4\u6c47\u5904',
 'house_name': u'\u89c2\u79a7\u82b1\u56ed',
 'id': 'f1333f30-117a-11e8-8123-382c4a16ce75',
 'monthly_payment': None,
 'province': u'\u5e7f\u4e1c\u7701',
 'source': u'\u5b89\u5c45\u5ba2',
 'total_price': None,
 'type': u'new',
 'unit_price': None,
 'url': 'https://sz.fang.anjuke.com/loupan/canshu-416683.html'}
2018-02-14 19:34:01 [scrapy.extensions.throttle] INFO: slot: sz.fang.anjuke.com | conc: 1 | delay: 4000 ms (+0) | latency:  625 ms | size: 28930 bytes
2018-02-14 19:34:01 [scrapy.core.engine] DEBUG: Crawled (200) <GET https://sz.fang.anjuke.com/loupan/canshu-411654.html> (referer: https://sz.fang.anjuke.com/loupan/411654.html)
2018-02-14 19:34:01 [scrapy.core.scraper] DEBUG: Scraped from <200 https://sz.fang.anjuke.com/loupan/canshu-411654.html>
{'build_year': u'2018',
 'city': '\xe6\xb7\xb1\xe5\x9c\xb3',
 'county': '\xe9\xbe\x99\xe5\x8d\x8e\xe5\x8c?',
 'crawl_time': 1518608041.39,
 'description': None,
 'down_payment': u'135.6',
 'house_address': u'\u4eba\u6c11\u8def',
 'house_name': u'\u534e\u4e1a\u73ab\u7470\u56db\u5b63\u99a8\u56ed\u4e8c\u671f',
 'id': 'f41b1ce1-117a-11e8-9dd9-382c4a16ce75',
 'monthly_payment': u'16792.19',
 'province': u'\u5e7f\u4e1c\u7701',
 'source': u'\u5b89\u5c45\u5ba2',
 'total_price': u'452',
 'type': u'new',
 'unit_price': u'62000',
 'url': 'https://sz.fang.anjuke.com/loupan/canshu-411654.html'}
2018-02-14 19:34:06 [scrapy.extensions.throttle] INFO: slot: sz.fang.anjuke.com | conc: 1 | delay: 4000 ms (+0) | latency:  359 ms | size: 27864 bytes
2018-02-14 19:34:06 [scrapy.core.engine] DEBUG: Crawled (200) <GET https://sz.fang.anjuke.com/loupan/canshu-434869.html> (referer: https://sz.fang.anjuke.com/loupan/434869.html)
2018-02-14 19:34:06 [scrapy.core.scraper] DEBUG: Scraped from <200 https://sz.fang.anjuke.com/loupan/canshu-434869.html>
{'build_year': None,
 'city': '\xe6\xb7\xb1\xe5\x9c\xb3',
 'county': '\xe9\xbe\x99\xe5\x8d\x8e\xe5\x8c?',
 'crawl_time': 1518608046.89,
 'description': None,
 'down_payment': None,
 'house_address': u'\u817e\u9f99\u8def\u4e0e\u7b80\u4e0a\u8def\u4ea4\u6c47\u5904\u5317\u4fa7\uff08\u5730\u94c14\u53f7\u7ebf\u4e0a\u5858\u7ad9A\u51fa\u53e3\uff09',
 'house_name': u'\u9f99\u534e\u91d1\u8302\u5e9c',
 'id': 'f76258a1-117a-11e8-a345-382c4a16ce75',
 'monthly_payment': None,
 'province': u'\u5e7f\u4e1c\u7701',
 'source': u'\u5b89\u5c45\u5ba2',
 'total_price': None,
 'type': u'new',
 'unit_price': None,
 'url': 'https://sz.fang.anjuke.com/loupan/canshu-434869.html'}
2018-02-14 19:34:12 [scrapy.extensions.throttle] INFO: slot: sz.fang.anjuke.com | conc: 1 | delay: 4000 ms (+0) | latency:  281 ms | size: 29516 bytes
2018-02-14 19:34:12 [scrapy.core.engine] DEBUG: Crawled (200) <GET https://sz.fang.anjuke.com/loupan/canshu-417590.html> (referer: https://sz.fang.anjuke.com/loupan/417590.html)
2018-02-14 19:34:12 [scrapy.core.scraper] DEBUG: Scraped from <200 https://sz.fang.anjuke.com/loupan/canshu-417590.html>
{'build_year': None,
 'city': '\xe6\xb7\xb1\xe5\x9c\xb3',
 'county': '\xe9\xbe\x99\xe5\x8d\x8e\xe5\x8c?',
 'crawl_time': 1518608052.312,
 'description': None,
 'down_payment': None,
 'house_address': u'\u798f\u9f99\u8def\u4e0e\u534e\u5174\u8def\u4ea4\u6c47\u5904',
 'house_name': u'\u6052\u5927\u65f6\u5c1a\u6167\u8c37\u5927\u53a6',
 'id': 'fa9dad80-117a-11e8-b648-382c4a16ce75',
 'monthly_payment': None,
 'province': u'\u5e7f\u4e1c\u7701',
 'source': u'\u5b89\u5c45\u5ba2',
 'total_price': None,
 'type': u'new',
 'unit_price': None,
 'url': 'https://sz.fang.anjuke.com/loupan/canshu-417590.html'}
2018-02-14 19:34:18 [scrapy.extensions.throttle] INFO: slot: sz.fang.anjuke.com | conc: 1 | delay: 4000 ms (+0) | latency:  796 ms | size: 28212 bytes
2018-02-14 19:34:18 [scrapy.core.engine] DEBUG: Crawled (200) <GET https://sz.fang.anjuke.com/loupan/canshu-406032.html> (referer: https://sz.fang.anjuke.com/loupan/406032.html)
2018-02-14 19:34:18 [scrapy.core.scraper] DEBUG: Scraped from <200 https://sz.fang.anjuke.com/loupan/canshu-406032.html>
{'build_year': u'2018',
 'city': '\xe6\xb7\xb1\xe5\x9c\xb3',
 'county': '\xe9\xbe\x99\xe5\x8d\x8e\xe5\x8c?',
 'crawl_time': 1518608058.343,
 'description': None,
 'down_payment': u'125.4',
 'house_address': u'\u89c2\u6f9c\u5927\u9053\u4e0e\u6a2a\u5751\u8def\u4ea4\u6c47\u5904',
 'house_name': u'\u4f73\u534e\u9886\u57df\u5e7f\u573a',
 'id': 'fe35ef6e-117a-11e8-8be4-382c4a16ce75',
 'monthly_payment': u'15529.06',
 'province': u'\u5e7f\u4e1c\u7701',
 'source': u'\u5b89\u5c45\u5ba2',
 'total_price': u'418',
 'type': u'new',
 'unit_price': u'47000',
 'url': 'https://sz.fang.anjuke.com/loupan/canshu-406032.html'}
2018-02-14 19:34:21 [scrapy.extensions.throttle] INFO: slot: sz.fang.anjuke.com | conc: 1 | delay: 4000 ms (+0) | latency:  375 ms | size: 28408 bytes
2018-02-14 19:34:21 [scrapy.core.engine] DEBUG: Crawled (200) <GET https://sz.fang.anjuke.com/loupan/canshu-417594.html> (referer: https://sz.fang.anjuke.com/loupan/417594.html)
2018-02-14 19:34:21 [scrapy.core.scraper] DEBUG: Scraped from <200 https://sz.fang.anjuke.com/loupan/canshu-417594.html>
{'build_year': None,
 'city': '\xe6\xb7\xb1\xe5\x9c\xb3',
 'county': '\xe9\xbe\x99\xe5\x8d\x8e\xe5\x8c?',
 'crawl_time': 1518608061.859,
 'description': None,
 'down_payment': None,
 'house_address': u'\u817e\u9f99\u8def\u4e0e\u6c11\u5b9d\u8def\u4ea4\u6c47\u5904\uff08\u7ea2\u5c71\u5730\u94c1\u7ad9A\u51fa\u53e3\uff09',
 'house_name': u'\u7ea2\u5c716979',
 'id': '004e6f30-117b-11e8-b47a-382c4a16ce75',
 'monthly_payment': None,
 'province': u'\u5e7f\u4e1c\u7701',
 'source': u'\u5b89\u5c45\u5ba2',
 'total_price': None,
 'type': u'new',
 'unit_price': None,
 'url': 'https://sz.fang.anjuke.com/loupan/canshu-417594.html'}
2018-02-14 19:34:27 [scrapy.extensions.throttle] INFO: slot: sz.fang.anjuke.com | conc: 1 | delay: 4000 ms (+0) | latency:  281 ms | size: 29413 bytes
2018-02-14 19:34:27 [scrapy.core.engine] DEBUG: Crawled (200) <GET https://sz.fang.anjuke.com/loupan/canshu-236867.html> (referer: https://sz.fang.anjuke.com/loupan/236867.html)
2018-02-14 19:34:27 [scrapy.core.scraper] DEBUG: Scraped from <200 https://sz.fang.anjuke.com/loupan/canshu-236867.html>
{'build_year': None,
 'city': '\xe6\xb7\xb1\xe5\x9c\xb3',
 'county': '\xe9\xbe\x99\xe5\x8d\x8e\xe5\x8c?',
 'crawl_time': 1518608067.156,
 'description': None,
 'down_payment': None,
 'house_address': u'\u817e\u9f99\u8def\u4e0e\u6c11\u5b9d\u8def\u4ea4\u6c47\u5904\u4e1c\u4fa7',
 'house_name': u'\u91d1\u4ea8\u5229\u90fd\u835f\u9996\u5e9c',
 'id': '0376b140-117b-11e8-adfa-382c4a16ce75',
 'monthly_payment': None,
 'province': u'\u5e7f\u4e1c\u7701',
 'source': u'\u5b89\u5c45\u5ba2',
 'total_price': None,
 'type': u'new',
 'unit_price': None,
 'url': 'https://sz.fang.anjuke.com/loupan/canshu-236867.html'}
2018-02-14 19:34:30 [scrapy.extensions.throttle] INFO: slot: sz.fang.anjuke.com | conc: 1 | delay: 4000 ms (+0) | latency:  266 ms | size: 29824 bytes
2018-02-14 19:34:30 [scrapy.core.engine] DEBUG: Crawled (200) <GET https://sz.fang.anjuke.com/loupan/canshu-389581.html> (referer: https://sz.fang.anjuke.com/loupan/389581.html)
2018-02-14 19:34:30 [scrapy.core.scraper] DEBUG: Scraped from <200 https://sz.fang.anjuke.com/loupan/canshu-389581.html>
{'build_year': u'2019',
 'city': '\xe6\xb7\xb1\xe5\x9c\xb3',
 'county': '\xe9\xbe\x99\xe5\x8d\x8e\xe5\x8c?',
 'crawl_time': 1518608070.547,
 'description': None,
 'down_payment': u'129.3',
 'house_address': u'\u4eba\u6c11\u8def4022\u53f7',
 'house_name': u'\u9e3f\u8363\u6e90\u58f9\u6210\u4e2d\u5fc3\u82b1\u56ed',
 'id': '057c1e2e-117b-11e8-a8a5-382c4a16ce75',
 'monthly_payment': u'16012.03',
 'province': u'\u5e7f\u4e1c\u7701',
 'source': u'\u5b89\u5c45\u5ba2',
 'total_price': u'431',
 'type': u'new',
 'unit_price': u'60000',
 'url': 'https://sz.fang.anjuke.com/loupan/canshu-389581.html'}
2018-02-14 19:34:33 [scrapy.extensions.throttle] INFO: slot: sz.fang.anjuke.com | conc: 1 | delay: 4000 ms (+0) | latency:  264 ms | size: 29231 bytes
2018-02-14 19:34:33 [scrapy.core.engine] DEBUG: Crawled (200) <GET https://sz.fang.anjuke.com/loupan/canshu-430174.html> (referer: https://sz.fang.anjuke.com/loupan/430174.html)
2018-02-14 19:34:33 [scrapy.core.scraper] DEBUG: Scraped from <200 https://sz.fang.anjuke.com/loupan/canshu-430174.html>
{'build_year': u'2020',
 'city': '\xe6\xb7\xb1\xe5\x9c\xb3',
 'county': '\xe9\xbe\x99\xe5\x8d\x8e\xe5\x8c?',
 'crawl_time': 1518608073.859,
 'description': None,
 'down_payment': u'120',
 'house_address': u'\u9f99\u89c2\u4e1c\u8def45\u53f7\uff0c\u6e2f\u94c1\u56db\u53f7\u7ebf\u6e05\u6e56\u5317\u7ad9\uff08\u5efa\u8bbe\u4e2d\uff09\u65c1',
 'house_name': u'\u5929\u7391\u516c\u9986',
 'id': '07757d30-117b-11e8-835a-382c4a16ce75',
 'monthly_payment': u'14860.35',
 'province': u'\u5e7f\u4e1c\u7701',
 'source': u'\u5b89\u5c45\u5ba2',
 'total_price': u'400',
 'type': u'new',
 'unit_price': u'50000',
 'url': 'https://sz.fang.anjuke.com/loupan/canshu-430174.html'}
2018-02-14 19:34:39 [scrapy.extensions.throttle] INFO: slot: sz.fang.anjuke.com | conc: 1 | delay: 4000 ms (+0) | latency:  406 ms | size: 36452 bytes
2018-02-14 19:34:39 [scrapy.core.engine] DEBUG: Crawled (200) <GET https://sz.fang.anjuke.com/loupan/230334.html> (referer: https://sz.fang.anjuke.com/loupan/longhuaqu/p2/)
2018-02-14 19:34:43 [scrapy.extensions.throttle] INFO: slot: sz.fang.anjuke.com | conc: 1 | delay: 4000 ms (+0) | latency:  375 ms | size: 37397 bytes
2018-02-14 19:34:43 [scrapy.core.engine] DEBUG: Crawled (200) <GET https://sz.fang.anjuke.com/loupan/247505.html> (referer: https://sz.fang.anjuke.com/loupan/longhuaqu/p2/)
2018-02-14 19:34:49 [scrapy.extensions.throttle] INFO: slot: sz.fang.anjuke.com | conc: 1 | delay: 4000 ms (+0) | latency:  453 ms | size: 35521 bytes
2018-02-14 19:34:49 [scrapy.core.engine] DEBUG: Crawled (200) <GET https://sz.fang.anjuke.com/loupan/251955.html> (referer: https://sz.fang.anjuke.com/loupan/longhuaqu/p2/)
2018-02-14 19:34:52 [scrapy.extensions.logstats] INFO: Crawled 37 pages (at 12 pages/min), scraped 16 items (at 9 items/min)
2018-02-14 19:34:54 [scrapy.extensions.throttle] INFO: slot: sz.fang.anjuke.com | conc: 1 | delay: 4000 ms (+0) | latency:  500 ms | size: 37595 bytes
2018-02-14 19:34:54 [scrapy.core.engine] DEBUG: Crawled (200) <GET https://sz.fang.anjuke.com/loupan/224986.html> (referer: https://sz.fang.anjuke.com/loupan/longhuaqu/p2/)
2018-02-14 19:35:00 [scrapy.extensions.throttle] INFO: slot: sz.fang.anjuke.com | conc: 1 | delay: 4000 ms (+0) | latency:  375 ms | size: 37932 bytes
2018-02-14 19:35:00 [scrapy.core.engine] DEBUG: Crawled (200) <GET https://sz.fang.anjuke.com/loupan/237140.html> (referer: https://sz.fang.anjuke.com/loupan/longhuaqu/p2/)
2018-02-14 19:35:04 [scrapy.extensions.throttle] INFO: slot: sz.fang.anjuke.com | conc: 1 | delay: 4000 ms (+0) | latency:  390 ms | size: 35712 bytes
2018-02-14 19:35:04 [scrapy.core.engine] DEBUG: Crawled (200) <GET https://sz.fang.anjuke.com/loupan/221524.html> (referer: https://sz.fang.anjuke.com/loupan/longhuaqu/p2/)
2018-02-14 19:35:08 [scrapy.extensions.throttle] INFO: slot: sz.fang.anjuke.com | conc: 1 | delay: 4000 ms (+0) | latency:  484 ms | size: 37136 bytes
2018-02-14 19:35:08 [scrapy.core.engine] DEBUG: Crawled (200) <GET https://sz.fang.anjuke.com/loupan/236497.html> (referer: https://sz.fang.anjuke.com/loupan/longhuaqu/p2/)
2018-02-14 19:35:13 [scrapy.extensions.throttle] INFO: slot: sz.fang.anjuke.com | conc: 1 | delay: 4000 ms (+0) | latency:  437 ms | size: 37871 bytes
2018-02-14 19:35:13 [scrapy.core.engine] DEBUG: Crawled (200) <GET https://sz.fang.anjuke.com/loupan/239594.html> (referer: https://sz.fang.anjuke.com/loupan/longhuaqu/p2/)
2018-02-14 19:35:15 [scrapy.extensions.throttle] INFO: slot: sz.fang.anjuke.com | conc: 1 | delay: 4000 ms (+0) | latency:  359 ms | size: 37039 bytes
2018-02-14 19:35:15 [scrapy.core.engine] DEBUG: Crawled (200) <GET https://sz.fang.anjuke.com/loupan/246642.html> (referer: https://sz.fang.anjuke.com/loupan/longhuaqu/p2/)
2018-02-14 19:35:21 [scrapy.extensions.throttle] INFO: slot: sz.fang.anjuke.com | conc: 1 | delay: 4000 ms (+0) | latency:  453 ms | size: 37362 bytes
2018-02-14 19:35:21 [scrapy.core.engine] DEBUG: Crawled (200) <GET https://sz.fang.anjuke.com/loupan/205066.html> (referer: https://sz.fang.anjuke.com/loupan/longhuaqu/p2/)
2018-02-14 19:35:25 [scrapy.extensions.throttle] INFO: slot: sz.fang.anjuke.com | conc: 1 | delay: 4000 ms (+0) | latency:  391 ms | size: 37011 bytes
2018-02-14 19:35:25 [scrapy.core.engine] DEBUG: Crawled (200) <GET https://sz.fang.anjuke.com/loupan/412263.html> (referer: https://sz.fang.anjuke.com/loupan/longhuaqu/p2/)
2018-02-14 19:35:30 [scrapy.extensions.throttle] INFO: slot: sz.fang.anjuke.com | conc: 1 | delay: 4000 ms (+0) | latency: 1032 ms | size: 38583 bytes
2018-02-14 19:35:30 [scrapy.core.engine] DEBUG: Crawled (200) <GET https://sz.fang.anjuke.com/loupan/409253.html> (referer: https://sz.fang.anjuke.com/loupan/longhuaqu/p2/)
2018-02-14 19:35:34 [scrapy.extensions.throttle] INFO: slot: sz.fang.anjuke.com | conc: 1 | delay: 4000 ms (+0) | latency:  407 ms | size: 40887 bytes
2018-02-14 19:35:34 [scrapy.core.engine] DEBUG: Crawled (200) <GET https://sz.fang.anjuke.com/loupan/251954.html> (referer: https://sz.fang.anjuke.com/loupan/longhuaqu/p2/)
2018-02-14 19:35:40 [scrapy.extensions.throttle] INFO: slot: sz.fang.anjuke.com | conc: 1 | delay: 4000 ms (+0) | latency:  750 ms | size: 36723 bytes
2018-02-14 19:35:40 [scrapy.core.engine] DEBUG: Crawled (200) <GET https://sz.fang.anjuke.com/loupan/264133.html> (referer: https://sz.fang.anjuke.com/loupan/longhuaqu/p2/)
2018-02-14 19:35:46 [scrapy.extensions.throttle] INFO: slot: sz.fang.anjuke.com | conc: 1 | delay: 4000 ms (+0) | latency:  828 ms | size: 37260 bytes
2018-02-14 19:35:46 [scrapy.core.engine] DEBUG: Crawled (200) <GET https://sz.fang.anjuke.com/loupan/411143.html> (referer: https://sz.fang.anjuke.com/loupan/longhuaqu/p2/)
2018-02-14 19:35:49 [scrapy.extensions.throttle] INFO: slot: sz.fang.anjuke.com | conc: 1 | delay: 4000 ms (+0) | latency:  375 ms | size: 37037 bytes
2018-02-14 19:35:49 [scrapy.core.engine] DEBUG: Crawled (200) <GET https://sz.fang.anjuke.com/loupan/97508.html> (referer: https://sz.fang.anjuke.com/loupan/longhuaqu/p2/)
2018-02-14 19:35:52 [scrapy.extensions.logstats] INFO: Crawled 50 pages (at 13 pages/min), scraped 16 items (at 0 items/min)
2018-02-14 19:35:55 [scrapy.extensions.throttle] INFO: slot: sz.fang.anjuke.com | conc: 1 | delay: 4000 ms (+0) | latency:  421 ms | size: 37573 bytes
2018-02-14 19:35:55 [scrapy.core.engine] DEBUG: Crawled (200) <GET https://sz.fang.anjuke.com/loupan/389629.html> (referer: https://sz.fang.anjuke.com/loupan/longhuaqu/p2/)
2018-02-14 19:36:00 [scrapy.extensions.throttle] INFO: slot: sz.fang.anjuke.com | conc: 1 | delay: 4000 ms (+0) | latency:  625 ms | size: 26433 bytes
2018-02-14 19:36:00 [scrapy.core.engine] DEBUG: Crawled (200) <GET https://sz.fang.anjuke.com/loupan/canshu-230334.html> (referer: https://sz.fang.anjuke.com/loupan/230334.html)
2018-02-14 19:36:00 [scrapy.core.scraper] DEBUG: Scraped from <200 https://sz.fang.anjuke.com/loupan/canshu-230334.html>
{'build_year': u'2010',
 'city': '\xe6\xb7\xb1\xe5\x9c\xb3',
 'county': '\xe9\xbe\x99\xe5\x8d\x8e\xe5\x8c?',
 'crawl_time': 1518608160.532,
 'description': None,
 'down_payment': None,
 'house_address': u'\u9f99\u534e\u8857\u9053\u5efa\u8bbe\u8def\u4e1c\u5357\u4fa7',
 'house_name': u'\u9f99\u6cfd\u6995\u56ed',
 'id': '3b1ebd40-117b-11e8-acd5-382c4a16ce75',
 'monthly_payment': None,
 'province': u'\u5e7f\u4e1c\u7701',
 'source': u'\u5b89\u5c45\u5ba2',
 'total_price': None,
 'type': u'new',
 'unit_price': u'32325',
 'url': 'https://sz.fang.anjuke.com/loupan/canshu-230334.html'}
2018-02-14 19:36:05 [scrapy.extensions.throttle] INFO: slot: sz.fang.anjuke.com | conc: 1 | delay: 4000 ms (+0) | latency:  657 ms | size: 26882 bytes
2018-02-14 19:36:05 [scrapy.core.engine] DEBUG: Crawled (200) <GET https://sz.fang.anjuke.com/loupan/canshu-247505.html> (referer: https://sz.fang.anjuke.com/loupan/247505.html)
2018-02-14 19:36:05 [scrapy.core.scraper] DEBUG: Scraped from <200 https://sz.fang.anjuke.com/loupan/canshu-247505.html>
{'build_year': u'2015',
 'city': '\xe6\xb7\xb1\xe5\x9c\xb3',
 'county': '\xe9\xbe\x99\xe5\x8d\x8e\xe5\x8c?',
 'crawl_time': 1518608165.767,
 'description': None,
 'down_payment': None,
 'house_address': u'\u4eba\u6c11\u5317\u8def\u4e0e\u9f99\u80dc\u8def\u4ea4\u6c47\u5904(\u4e0a\u5858\u6751)',
 'house_name': u'\u94f6\u96c5\u5c45',
 'id': '3e3d8970-117b-11e8-a2b4-382c4a16ce75',
 'monthly_payment': None,
 'province': u'\u5e7f\u4e1c\u7701',
 'source': u'\u5b89\u5c45\u5ba2',
 'total_price': None,
 'type': u'new',
 'unit_price': u'15574',
 'url': 'https://sz.fang.anjuke.com/loupan/canshu-247505.html'}
2018-02-14 19:36:10 [scrapy.extensions.throttle] INFO: slot: sz.fang.anjuke.com | conc: 1 | delay: 4000 ms (+0) | latency:  328 ms | size: 26882 bytes
2018-02-14 19:36:10 [scrapy.core.engine] DEBUG: Crawled (200) <GET https://sz.fang.anjuke.com/loupan/canshu-251955.html> (referer: https://sz.fang.anjuke.com/loupan/251955.html)
2018-02-14 19:36:11 [scrapy.core.scraper] DEBUG: Scraped from <200 https://sz.fang.anjuke.com/loupan/canshu-251955.html>
{'build_year': u'2016',
 'city': '\xe6\xb7\xb1\xe5\x9c\xb3',
 'county': '\xe9\xbe\x99\xe5\x8d\x8e\xe5\x8c?',
 'crawl_time': 1518608171.032,
 'description': None,
 'down_payment': None,
 'house_address': u'\u9f99\u534e\u65b0\u533a\u5e03\u9f99\u8def\u4ee5\u897f\u548c\u5e73\u8def\u4ee5\u5317\uff08\u5730\u94c14\u53f7\u7ebf\u9f99\u80dc\u7ad9C\u51fa\u53e3\uff09',
 'house_name': u'\u6e2f\u94c1\u5929\u9882',
 'id': '4160e980-117b-11e8-956c-382c4a16ce75',
 'monthly_payment': None,
 'province': u'\u5e7f\u4e1c\u7701',
 'source': u'\u5b89\u5c45\u5ba2',
 'total_price': None,
 'type': u'new',
 'unit_price': None,
 'url': 'https://sz.fang.anjuke.com/loupan/canshu-251955.html'}
2018-02-14 19:36:16 [scrapy.extensions.throttle] INFO: slot: sz.fang.anjuke.com | conc: 1 | delay: 4000 ms (+0) | latency:  296 ms | size: 26816 bytes
2018-02-14 19:36:16 [scrapy.core.engine] DEBUG: Crawled (200) <GET https://sz.fang.anjuke.com/loupan/canshu-224986.html> (referer: https://sz.fang.anjuke.com/loupan/224986.html)
2018-02-14 19:36:16 [scrapy.core.scraper] DEBUG: Scraped from <200 https://sz.fang.anjuke.com/loupan/canshu-224986.html>
{'build_year': u'2013',
 'city': '\xe6\xb7\xb1\xe5\x9c\xb3',
 'county': '\xe9\xbe\x99\xe5\x8d\x8e\xe5\x8c?',
 'crawl_time': 1518608176.97,
 'description': None,
 'down_payment': None,
 'house_address': u'\u9f99\u534e\u4e2d\u5fc3\u533a\u5185\u548c\u5e73\u4e1c\u8def\u4e0e\u521b\u4e1a\u8def\u4ea4\u6c47\u5904',
 'house_name': u'\u9526\u7ee3\u5fa1\u56ed',
 'id': '44eafaa1-117b-11e8-b8f0-382c4a16ce75',
 'monthly_payment': None,
 'province': u'\u5e7f\u4e1c\u7701',
 'source': u'\u5b89\u5c45\u5ba2',
 'total_price': None,
 'type': u'new',
 'unit_price': u'40193',
 'url': 'https://sz.fang.anjuke.com/loupan/canshu-224986.html'}
2018-02-14 19:36:20 [scrapy.extensions.throttle] INFO: slot: sz.fang.anjuke.com | conc: 1 | delay: 4000 ms (+0) | latency:  280 ms | size: 26480 bytes
2018-02-14 19:36:20 [scrapy.core.engine] DEBUG: Crawled (200) <GET https://sz.fang.anjuke.com/loupan/canshu-237140.html> (referer: https://sz.fang.anjuke.com/loupan/237140.html)
2018-02-14 19:36:20 [scrapy.core.scraper] DEBUG: Scraped from <200 https://sz.fang.anjuke.com/loupan/canshu-237140.html>
{'build_year': u'2014',
 'city': '\xe6\xb7\xb1\xe5\x9c\xb3',
 'county': '\xe9\xbe\x99\xe5\x8d\x8e\xe5\x8c?',
 'crawl_time': 1518608180.454,
 'description': None,
 'down_payment': None,
 'house_address': u'\u6c11\u6cbb\u5927\u9053\u4e0e\u6c11\u4e50\u8def\u4ea4\u6c47\u5904\u897f\u5357',
 'house_name': u'\u661f\u6cb3\u76db\u4e16',
 'id': '46fe985e-117b-11e8-a71d-382c4a16ce75',
 'monthly_payment': None,
 'province': u'\u5e7f\u4e1c\u7701',
 'source': u'\u5b89\u5c45\u5ba2',
 'total_price': None,
 'type': u'new',
 'unit_price': u'51500',
 'url': 'https://sz.fang.anjuke.com/loupan/canshu-237140.html'}
2018-02-14 19:36:25 [scrapy.extensions.throttle] INFO: slot: sz.fang.anjuke.com | conc: 1 | delay: 4000 ms (+0) | latency:  327 ms | size: 26673 bytes
2018-02-14 19:36:25 [scrapy.core.engine] DEBUG: Crawled (200) <GET https://sz.fang.anjuke.com/loupan/canshu-221524.html> (referer: https://sz.fang.anjuke.com/loupan/221524.html)
2018-02-14 19:36:25 [scrapy.core.scraper] DEBUG: Scraped from <200 https://sz.fang.anjuke.com/loupan/canshu-221524.html>
{'build_year': None,
 'city': '\xe6\xb7\xb1\xe5\x9c\xb3',
 'county': '\xe9\xbe\x99\xe5\x8d\x8e\xe5\x8c?',
 'crawl_time': 1518608185.189,
 'description': None,
 'down_payment': None,
 'house_address': u'\u65b0\u533a\u5927\u9053\u548c\u548c\u5e73\u8def\u7684\u4ea4\u6c47\u5904\uff08\u4f53\u80b2\u4e2d\u5fc3\u65c1\uff09',
 'house_name': u'\u6f5c\u9f99\u66fc\u6d77\u5b81',
 'id': '49d1194f-117b-11e8-968c-382c4a16ce75',
 'monthly_payment': None,
 'province': u'\u5e7f\u4e1c\u7701',
 'source': u'\u5b89\u5c45\u5ba2',
 'total_price': None,
 'type': u'new',
 'unit_price': None,
 'url': 'https://sz.fang.anjuke.com/loupan/canshu-221524.html'}
2018-02-14 19:36:29 [scrapy.extensions.throttle] INFO: slot: sz.fang.anjuke.com | conc: 1 | delay: 4000 ms (+0) | latency:  312 ms | size: 26511 bytes
2018-02-14 19:36:29 [scrapy.core.engine] DEBUG: Crawled (200) <GET https://sz.fang.anjuke.com/loupan/canshu-236497.html> (referer: https://sz.fang.anjuke.com/loupan/236497.html)
2018-02-14 19:36:30 [scrapy.core.scraper] DEBUG: Scraped from <200 https://sz.fang.anjuke.com/loupan/canshu-236497.html>
{'build_year': u'2013',
 'city': '\xe6\xb7\xb1\xe5\x9c\xb3',
 'county': '\xe9\xbe\x99\xe5\x8d\x8e\xe5\x8c?',
 'crawl_time': 1518608190.001,
 'description': None,
 'down_payment': None,
 'house_address': u'\u4eba\u6c11\u8def\u4e0e\u817e\u9f99\u8def\u8def\u4ea4\u6c47\u4e1c\u4fa7',
 'house_name': u'\u4e2d\u822a\u5929\u9038',
 'id': '4caf5a0f-117b-11e8-b9bd-382c4a16ce75',
 'monthly_payment': None,
 'province': u'\u5e7f\u4e1c\u7701',
 'source': u'\u5b89\u5c45\u5ba2',
 'total_price': None,
 'type': u'new',
 'unit_price': u'50186',
 'url': 'https://sz.fang.anjuke.com/loupan/canshu-236497.html'}
2018-02-14 19:36:34 [scrapy.extensions.throttle] INFO: slot: sz.fang.anjuke.com | conc: 1 | delay: 4000 ms (+0) | latency:  546 ms | size: 27116 bytes
2018-02-14 19:36:34 [scrapy.core.engine] DEBUG: Crawled (200) <GET https://sz.fang.anjuke.com/loupan/canshu-239594.html> (referer: https://sz.fang.anjuke.com/loupan/239594.html)
2018-02-14 19:36:34 [scrapy.core.scraper] DEBUG: Scraped from <200 https://sz.fang.anjuke.com/loupan/canshu-239594.html>
{'build_year': u'2014',
 'city': '\xe6\xb7\xb1\xe5\x9c\xb3',
 'county': '\xe9\xbe\x99\xe5\x8d\x8e\xe5\x8c?',
 'crawl_time': 1518608194.392,
 'description': None,
 'down_payment': None,
 'house_address': u'\u653f\u5e9c\u65c1\u89c2\u6f9c\u5927\u9053\u4e0e\u73af\u89c2\u5357\u8def\u4ea4\u6c47\u5904',
 'house_name': u'\u7f8e\u4f73\u534e\u9996\u8a89',
 'id': '4f4d5d80-117b-11e8-970a-382c4a16ce75',
 'monthly_payment': None,
 'province': u'\u5e7f\u4e1c\u7701',
 'source': u'\u5b89\u5c45\u5ba2',
 'total_price': None,
 'type': u'new',
 'unit_price': u'31856',
 'url': 'https://sz.fang.anjuke.com/loupan/canshu-239594.html'}
2018-02-14 19:36:39 [scrapy.extensions.throttle] INFO: slot: sz.fang.anjuke.com | conc: 1 | delay: 4000 ms (+0) | latency:  280 ms | size: 27653 bytes
2018-02-14 19:36:39 [scrapy.core.engine] DEBUG: Crawled (200) <GET https://sz.fang.anjuke.com/loupan/canshu-246642.html> (referer: https://sz.fang.anjuke.com/loupan/246642.html)
2018-02-14 19:36:39 [scrapy.core.scraper] DEBUG: Scraped from <200 https://sz.fang.anjuke.com/loupan/canshu-246642.html>
{'build_year': u'2014',
 'city': '\xe6\xb7\xb1\xe5\x9c\xb3',
 'county': '\xe9\xbe\x99\xe5\x8d\x8e\xe5\x8c?',
 'crawl_time': 1518608199.252,
 'description': None,
 'down_payment': None,
 'house_address': u'\u65b0\u533a\u5927\u9053\u548c\u6c11\u5b9d\u8def\u4ea4\u6c47\u5904\uff08\u5730\u94c1\u56db\u53f7\u7ebf\u7ea2\u5c71\u7ad9D\u51fa\u53e3\uff09',
 'house_name': u'\u6c47\u9f99\u6e7e\u4e8c\u671f',
 'id': '5232f140-117b-11e8-a297-382c4a16ce75',
 'monthly_payment': None,
 'province': u'\u5e7f\u4e1c\u7701',
 'source': u'\u5b89\u5c45\u5ba2',
 'total_price': None,
 'type': u'new',
 'unit_price': u'79516',
 'url': 'https://sz.fang.anjuke.com/loupan/canshu-246642.html'}
2018-02-14 19:36:44 [scrapy.extensions.throttle] INFO: slot: sz.fang.anjuke.com | conc: 1 | delay: 4000 ms (+0) | latency:  312 ms | size: 27069 bytes
2018-02-14 19:36:44 [scrapy.core.engine] DEBUG: Crawled (200) <GET https://sz.fang.anjuke.com/loupan/canshu-205066.html> (referer: https://sz.fang.anjuke.com/loupan/205066.html)
2018-02-14 19:36:44 [scrapy.core.scraper] DEBUG: Scraped from <200 https://sz.fang.anjuke.com/loupan/canshu-205066.html>
{'build_year': u'2014',
 'city': '\xe6\xb7\xb1\xe5\x9c\xb3',
 'county': '\xe9\xbe\x99\xe5\x8d\x8e\xe5\x8c?',
 'crawl_time': 1518608204.845,
 'description': None,
 'down_payment': u'180',
 'house_address': u'\u89c2\u6f9c\u8857\u9053\uff08\u6a2a\u5751\u6c34\u5e93\u5357\u4fa7\uff09',
 'house_name': u'\u61ff\u82b1\u56ed',
 'id': '55885dcf-117b-11e8-a27d-382c4a16ce75',
 'monthly_payment': u'22290.52',
 'province': u'\u5e7f\u4e1c\u7701',
 'source': u'\u5b89\u5c45\u5ba2',
 'total_price': u'600',
 'type': u'new',
 'unit_price': u'35000',
 'url': 'https://sz.fang.anjuke.com/loupan/canshu-205066.html'}
2018-02-14 19:36:50 [scrapy.extensions.throttle] INFO: slot: sz.fang.anjuke.com | conc: 1 | delay: 4000 ms (+0) | latency:  671 ms | size: 25939 bytes
2018-02-14 19:36:50 [scrapy.core.engine] DEBUG: Crawled (200) <GET https://sz.fang.anjuke.com/loupan/canshu-412263.html> (referer: https://sz.fang.anjuke.com/loupan/412263.html)
2018-02-14 19:36:50 [scrapy.core.scraper] DEBUG: Scraped from <200 https://sz.fang.anjuke.com/loupan/canshu-412263.html>
{'build_year': u'2018',
 'city': '\xe6\xb7\xb1\xe5\x9c\xb3',
 'county': '\xe9\xbe\x99\xe5\x8d\x8e\xe5\x8c?',
 'crawl_time': 1518608210.814,
 'description': None,
 'down_payment': None,
 'house_address': u'\u7559\u4ed9\u5927\u9053\u4e0e\u6c11\u5858\u8def\u53e3\u897f\u5357\u4fa7',
 'house_name': u'\u6c47\u5fb7\u5927\u53a6',
 'id': '591729de-117b-11e8-a55b-382c4a16ce75',
 'monthly_payment': None,
 'province': u'\u5e7f\u4e1c\u7701',
 'source': u'\u5b89\u5c45\u5ba2',
 'total_price': None,
 'type': u'new',
 'unit_price': None,
 'url': 'https://sz.fang.anjuke.com/loupan/canshu-412263.html'}
2018-02-14 19:36:52 [scrapy.extensions.logstats] INFO: Crawled 62 pages (at 12 pages/min), scraped 27 items (at 11 items/min)
2018-02-14 19:36:54 [scrapy.extensions.throttle] INFO: slot: sz.fang.anjuke.com | conc: 1 | delay: 4000 ms (+0) | latency:  312 ms | size: 26982 bytes
2018-02-14 19:36:54 [scrapy.core.engine] DEBUG: Crawled (200) <GET https://sz.fang.anjuke.com/loupan/canshu-409253.html> (referer: https://sz.fang.anjuke.com/loupan/409253.html)
2018-02-14 19:36:54 [scrapy.core.scraper] DEBUG: Scraped from <200 https://sz.fang.anjuke.com/loupan/canshu-409253.html>
{'build_year': u'2016',
 'city': '\xe6\xb7\xb1\xe5\x9c\xb3',
 'county': '\xe9\xbe\x99\xe5\x8d\x8e\xe5\x8c?',
 'crawl_time': 1518608214.611,
 'description': None,
 'down_payment': u'170.1',
 'house_address': u'\u5927\u6d6a\u8857\u9053\uff0c\u548c\u5e73\u8def\u4e0e\u65b0\u533a\u5927\u9053\u4ea4\u6c47\u5904\u4e1c\u4fa7',
 'house_name': u'\u6d77\u5b81\u516c\u9986',
 'id': '5b5a8a30-117b-11e8-b6ea-382c4a16ce75',
 'monthly_payment': u'21064.54',
 'province': u'\u5e7f\u4e1c\u7701',
 'source': u'\u5b89\u5c45\u5ba2',
 'total_price': u'567',
 'type': u'new',
 'unit_price': u'63000',
 'url': 'https://sz.fang.anjuke.com/loupan/canshu-409253.html'}
2018-02-14 19:36:59 [scrapy.extensions.throttle] INFO: slot: sz.fang.anjuke.com | conc: 1 | delay: 4000 ms (+0) | latency:  687 ms | size: 27447 bytes
2018-02-14 19:36:59 [scrapy.core.engine] DEBUG: Crawled (200) <GET https://sz.fang.anjuke.com/loupan/canshu-251954.html> (referer: https://sz.fang.anjuke.com/loupan/251954.html)
2018-02-14 19:36:59 [scrapy.core.scraper] DEBUG: Scraped from <200 https://sz.fang.anjuke.com/loupan/canshu-251954.html>
{'build_year': u'2017',
 'city': '\xe6\xb7\xb1\xe5\x9c\xb3',
 'county': '\xe9\xbe\x99\xe5\x8d\x8e\xe5\x8c?',
 'crawl_time': 1518608219.486,
 'description': None,
 'down_payment': u'165',
 'house_address': u'\u6c11\u6cbb\u529e\u4e8b\u5904\u817e\u9f99\u8def\u4e0e\u666f\u9f99\u5357\u8def\u4ea4\u6c47\u5904',
 'house_name': u'\u661f\u6cb3\u4f20\u5947',
 'id': '5e4267e1-117b-11e8-8a21-382c4a16ce75',
 'monthly_payment': u'8756.99',
 'province': u'\u5e7f\u4e1c\u7701',
 'source': u'\u5b89\u5c45\u5ba2',
 'total_price': u'330',
 'type': u'new',
 'unit_price': u'60000',
 'url': 'https://sz.fang.anjuke.com/loupan/canshu-251954.html'}
2018-02-14 19:37:04 [scrapy.extensions.throttle] INFO: slot: sz.fang.anjuke.com | conc: 1 | delay: 4000 ms (+0) | latency:  483 ms | size: 26825 bytes
2018-02-14 19:37:04 [scrapy.core.engine] DEBUG: Crawled (200) <GET https://sz.fang.anjuke.com/loupan/canshu-264133.html> (referer: https://sz.fang.anjuke.com/loupan/264133.html)
2018-02-14 19:37:04 [scrapy.core.scraper] DEBUG: Scraped from <200 https://sz.fang.anjuke.com/loupan/canshu-264133.html>
{'build_year': u'2017',
 'city': '\xe6\xb7\xb1\xe5\x9c\xb3',
 'county': '\xe9\xbe\x99\xe5\x8d\x8e\xe5\x8c?',
 'crawl_time': 1518608224.111,
 'description': None,
 'down_payment': None,
 'house_address': u'\u89c2\u6f9c\u5927\u9053\u9526\u5c71\u516c\u56ed\u5317\u4fa7',
 'house_name': u'\u6df1\u4e1a\u6cf0\u7136\u89c2\u6f9c\u73ab\u7470\u8f69',
 'id': '61041ff0-117b-11e8-b134-382c4a16ce75',
 'monthly_payment': None,
 'province': u'\u5e7f\u4e1c\u7701',
 'source': u'\u5b89\u5c45\u5ba2',
 'total_price': None,
 'type': u'new',
 'unit_price': None,
 'url': 'https://sz.fang.anjuke.com/loupan/canshu-264133.html'}
2018-02-14 19:37:08 [scrapy.extensions.throttle] INFO: slot: sz.fang.anjuke.com | conc: 1 | delay: 4000 ms (+0) | latency:  312 ms | size: 26053 bytes
2018-02-14 19:37:08 [scrapy.core.engine] DEBUG: Crawled (200) <GET https://sz.fang.anjuke.com/loupan/canshu-411143.html> (referer: https://sz.fang.anjuke.com/loupan/411143.html)
2018-02-14 19:37:08 [scrapy.core.scraper] DEBUG: Scraped from <200 https://sz.fang.anjuke.com/loupan/canshu-411143.html>
{'build_year': u'2017',
 'city': '\xe6\xb7\xb1\xe5\x9c\xb3',
 'county': '\xe9\xbe\x99\xe5\x8d\x8e\xe5\x8c?',
 'crawl_time': 1518608228.681,
 'description': None,
 'down_payment': u'109.8',
 'house_address': u'\u9f99\u534e\u767d\u9f99\u8def\u4e0e\u81f4\u8fdc\u5357\u8def\u4ea4\u6c47\u5904\uff08\u6df1\u5733\u5317\u7ad9\u5357800\u7c73\uff09',
 'house_name': u'\u91d1\u4f17\u7e41\u534e\u91cc',
 'id': '63bd738f-117b-11e8-a469-382c4a16ce75',
 'monthly_payment': u'7122.35',
 'province': u'\u5e7f\u4e1c\u7701',
 'source': u'\u5b89\u5c45\u5ba2',
 'total_price': u'244',
 'type': u'new',
 'unit_price': u'58000',
 'url': 'https://sz.fang.anjuke.com/loupan/canshu-411143.html'}
2018-02-14 19:37:13 [scrapy.extensions.throttle] INFO: slot: sz.fang.anjuke.com | conc: 1 | delay: 4000 ms (+0) | latency:  266 ms | size: 26608 bytes
2018-02-14 19:37:13 [scrapy.core.engine] DEBUG: Crawled (200) <GET https://sz.fang.anjuke.com/loupan/canshu-97508.html> (referer: https://sz.fang.anjuke.com/loupan/97508.html)
2018-02-14 19:37:13 [scrapy.core.scraper] DEBUG: Scraped from <200 https://sz.fang.anjuke.com/loupan/canshu-97508.html>
{'build_year': u'2012',
 'city': '\xe6\xb7\xb1\xe5\x9c\xb3',
 'county': '\xe9\xbe\x99\xe5\x8d\x8e\xe5\x8c?',
 'crawl_time': 1518608233.66,
 'description': None,
 'down_payment': None,
 'house_address': u'\u90bb\u8fd1\u6885\u89c2\u9ad8\u901f\u516c\u8def',
 'house_name': u'\u89c2\u6e56\u56ed',
 'id': '66b52fc0-117b-11e8-8fde-382c4a16ce75',
 'monthly_payment': None,
 'province': u'\u5e7f\u4e1c\u7701',
 'source': u'\u5b89\u5c45\u5ba2',
 'total_price': None,
 'type': u'new',
 'unit_price': u'41085',
 'url': 'https://sz.fang.anjuke.com/loupan/canshu-97508.html'}
2018-02-14 19:37:18 [scrapy.extensions.throttle] INFO: slot: sz.fang.anjuke.com | conc: 1 | delay: 4000 ms (+0) | latency:  328 ms | size: 26965 bytes
2018-02-14 19:37:18 [scrapy.core.engine] DEBUG: Crawled (200) <GET https://sz.fang.anjuke.com/loupan/canshu-389629.html> (referer: https://sz.fang.anjuke.com/loupan/389629.html)
2018-02-14 19:37:18 [scrapy.core.scraper] DEBUG: Scraped from <200 https://sz.fang.anjuke.com/loupan/canshu-389629.html>
{'build_year': u'2017',
 'city': '\xe6\xb7\xb1\xe5\x9c\xb3',
 'county': '\xe9\xbe\x99\xe5\x8d\x8e\xe5\x8c?',
 'crawl_time': 1518608238.138,
 'description': None,
 'down_payment': u'113.4',
 'house_address': u'\u7b80\u4e0a\u8def\u4e0e\u6c11\u5858\u8def\u4ea4\u6c47\u5904\u5357\u4fa7',
 'house_name': u'\u548c\u516c\u9986',
 'id': '696079a1-117b-11e8-af6b-382c4a16ce75',
 'monthly_payment': u'14043.03',
 'province': u'\u5e7f\u4e1c\u7701',
 'source': u'\u5b89\u5c45\u5ba2',
 'total_price': u'378',
 'type': u'new',
 'unit_price': u'44000',
 'url': 'https://sz.fang.anjuke.com/loupan/canshu-389629.html'}
2018-02-14 19:37:23 [scrapy.extensions.throttle] INFO: slot: sz.fang.anjuke.com | conc: 1 | delay: 4000 ms (+0) | latency:  438 ms | size: 36817 bytes
2018-02-14 19:37:23 [scrapy.core.engine] DEBUG: Crawled (200) <GET https://sz.fang.anjuke.com/loupan/215466.html> (referer: https://sz.fang.anjuke.com/loupan/longhuaqu/p2/)
2018-02-14 19:37:27 [scrapy.extensions.throttle] INFO: slot: sz.fang.anjuke.com | conc: 1 | delay: 4000 ms (+0) | latency:  467 ms | size: 34889 bytes
2018-02-14 19:37:27 [scrapy.core.engine] DEBUG: Crawled (200) <GET https://sz.fang.anjuke.com/loupan/231925.html> (referer: https://sz.fang.anjuke.com/loupan/longhuaqu/p2/)
2018-02-14 19:37:32 [scrapy.extensions.throttle] INFO: slot: sz.fang.anjuke.com | conc: 1 | delay: 4000 ms (+0) | latency:  410 ms | size: 36998 bytes
2018-02-14 19:37:32 [scrapy.core.engine] DEBUG: Crawled (200) <GET https://sz.fang.anjuke.com/loupan/247502.html> (referer: https://sz.fang.anjuke.com/loupan/longhuaqu/p2/)
2018-02-14 19:37:38 [scrapy.extensions.throttle] INFO: slot: sz.fang.anjuke.com | conc: 1 | delay: 4000 ms (+0) | latency:  329 ms | size: 36999 bytes
2018-02-14 19:37:38 [scrapy.core.engine] DEBUG: Crawled (200) <GET https://sz.fang.anjuke.com/loupan/215459.html> (referer: https://sz.fang.anjuke.com/loupan/longhuaqu/)
2018-02-14 19:37:41 [scrapy.extensions.throttle] INFO: slot: sz.fang.anjuke.com | conc: 1 | delay: 4000 ms (+0) | latency:  419 ms | size: 39989 bytes
2018-02-14 19:37:41 [scrapy.core.engine] DEBUG: Crawled (200) <GET https://sz.fang.anjuke.com/loupan/250306.html> (referer: https://sz.fang.anjuke.com/loupan/longhuaqu/)
2018-02-14 19:37:46 [scrapy.extensions.throttle] INFO: slot: sz.fang.anjuke.com | conc: 1 | delay: 4000 ms (+0) | latency:  427 ms | size: 37038 bytes
2018-02-14 19:37:46 [scrapy.core.engine] DEBUG: Crawled (200) <GET https://sz.fang.anjuke.com/loupan/240965.html> (referer: https://sz.fang.anjuke.com/loupan/longhuaqu/)
2018-02-14 19:37:52 [scrapy.extensions.logstats] INFO: Crawled 74 pages (at 12 pages/min), scraped 33 items (at 6 items/min)
2018-02-14 19:37:52 [scrapy.extensions.throttle] INFO: slot: sz.fang.anjuke.com | conc: 1 | delay: 4000 ms (+0) | latency:  768 ms | size: 38198 bytes
2018-02-14 19:37:52 [scrapy.core.engine] DEBUG: Crawled (200) <GET https://sz.fang.anjuke.com/loupan/219643.html> (referer: https://sz.fang.anjuke.com/loupan/longhuaqu/)
2018-02-14 19:37:56 [scrapy.extensions.throttle] INFO: slot: sz.fang.anjuke.com | conc: 1 | delay: 4000 ms (+0) | latency:  413 ms | size: 37396 bytes
2018-02-14 19:37:56 [scrapy.core.engine] DEBUG: Crawled (200) <GET https://sz.fang.anjuke.com/loupan/237943.html> (referer: https://sz.fang.anjuke.com/loupan/longhuaqu/)
2018-02-14 19:38:01 [scrapy.extensions.throttle] INFO: slot: sz.fang.anjuke.com | conc: 1 | delay: 4000 ms (+0) | latency:  515 ms | size: 38084 bytes
2018-02-14 19:38:01 [scrapy.core.engine] DEBUG: Crawled (200) <GET https://sz.fang.anjuke.com/loupan/219565.html> (referer: https://sz.fang.anjuke.com/loupan/longhuaqu/)
2018-02-14 19:38:04 [scrapy.extensions.throttle] INFO: slot: sz.fang.anjuke.com | conc: 1 | delay: 4000 ms (+0) | latency:  404 ms | size: 42831 bytes
2018-02-14 19:38:04 [scrapy.core.engine] DEBUG: Crawled (200) <GET https://sz.fang.anjuke.com/loupan/253088.html> (referer: https://sz.fang.anjuke.com/loupan/longhuaqu/)
2018-02-14 19:38:09 [scrapy.extensions.throttle] INFO: slot: sz.fang.anjuke.com | conc: 1 | delay: 4000 ms (+0) | latency:  441 ms | size: 37645 bytes
2018-02-14 19:38:09 [scrapy.core.engine] DEBUG: Crawled (200) <GET https://sz.fang.anjuke.com/loupan/414197.html> (referer: https://sz.fang.anjuke.com/loupan/longhuaqu/)
2018-02-14 19:38:12 [scrapy.extensions.throttle] INFO: slot: sz.fang.anjuke.com | conc: 1 | delay: 4000 ms (+0) | latency:  393 ms | size: 41089 bytes
2018-02-14 19:38:12 [scrapy.core.engine] DEBUG: Crawled (200) <GET https://sz.fang.anjuke.com/loupan/416370.html> (referer: https://sz.fang.anjuke.com/loupan/longhuaqu/)
2018-02-14 19:38:16 [scrapy.extensions.throttle] INFO: slot: sz.fang.anjuke.com | conc: 1 | delay: 4000 ms (+0) | latency:  476 ms | size: 38591 bytes
2018-02-14 19:38:16 [scrapy.core.engine] DEBUG: Crawled (200) <GET https://sz.fang.anjuke.com/loupan/416472.html> (referer: https://sz.fang.anjuke.com/loupan/longhuaqu/)
2018-02-14 19:38:21 [scrapy.extensions.throttle] INFO: slot: sz.fang.anjuke.com | conc: 1 | delay: 4000 ms (+0) | latency:  441 ms | size: 41520 bytes
2018-02-14 19:38:21 [scrapy.core.engine] DEBUG: Crawled (200) <GET https://sz.fang.anjuke.com/loupan/247533.html> (referer: https://sz.fang.anjuke.com/loupan/longhuaqu/)
2018-02-14 19:38:27 [scrapy.extensions.throttle] INFO: slot: sz.fang.anjuke.com | conc: 1 | delay: 4000 ms (+0) | latency:  611 ms | size: 37189 bytes
2018-02-14 19:38:27 [scrapy.core.engine] DEBUG: Crawled (200) <GET https://sz.fang.anjuke.com/loupan/389688.html> (referer: https://sz.fang.anjuke.com/loupan/longhuaqu/)
2018-02-14 19:38:33 [scrapy.extensions.throttle] INFO: slot: sz.fang.anjuke.com | conc: 1 | delay: 4000 ms (+0) | latency:  462 ms | size: 40329 bytes
2018-02-14 19:38:33 [scrapy.core.engine] DEBUG: Crawled (200) <GET https://sz.fang.anjuke.com/loupan/416410.html> (referer: https://sz.fang.anjuke.com/loupan/longhuaqu/)
2018-02-14 19:38:38 [scrapy.extensions.throttle] INFO: slot: sz.fang.anjuke.com | conc: 1 | delay: 4000 ms (+0) | latency:  484 ms | size: 40226 bytes
2018-02-14 19:38:38 [scrapy.core.engine] DEBUG: Crawled (200) <GET https://sz.fang.anjuke.com/loupan/414511.html> (referer: https://sz.fang.anjuke.com/loupan/longhuaqu/)
2018-02-14 19:38:43 [scrapy.extensions.throttle] INFO: slot: sz.fang.anjuke.com | conc: 1 | delay: 4000 ms (+0) | latency:  509 ms | size: 26448 bytes
2018-02-14 19:38:43 [scrapy.core.engine] DEBUG: Crawled (200) <GET https://sz.fang.anjuke.com/loupan/canshu-215466.html> (referer: https://sz.fang.anjuke.com/loupan/215466.html)
2018-02-14 19:38:44 [scrapy.core.scraper] DEBUG: Scraped from <200 https://sz.fang.anjuke.com/loupan/canshu-215466.html>
{'build_year': u'2010',
 'city': '\xe6\xb7\xb1\xe5\x9c\xb3',
 'county': '\xe9\xbe\x99\xe5\x8d\x8e\xe5\x8c?',
 'crawl_time': 1518608324.045,
 'description': None,
 'down_payment': None,
 'house_address': u'\u6885\u5742\uff08\u4e94\u548c\uff09\u5927\u9053\u4ee5\u5317',
 'house_name': u'\u9f99\u5cb8',
 'id': '9c94d7d1-117b-11e8-a5a5-382c4a16ce75',
 'monthly_payment': None,
 'province': u'\u5e7f\u4e1c\u7701',
 'source': u'\u5b89\u5c45\u5ba2',
 'total_price': None,
 'type': u'new',
 'unit_price': u'49409',
 'url': 'https://sz.fang.anjuke.com/loupan/canshu-215466.html'}
2018-02-14 19:38:47 [scrapy.extensions.throttle] INFO: slot: sz.fang.anjuke.com | conc: 1 | delay: 4000 ms (+0) | latency:  365 ms | size: 26807 bytes
2018-02-14 19:38:47 [scrapy.core.engine] DEBUG: Crawled (200) <GET https://sz.fang.anjuke.com/loupan/canshu-231925.html> (referer: https://sz.fang.anjuke.com/loupan/231925.html)
2018-02-14 19:38:47 [scrapy.core.scraper] DEBUG: Scraped from <200 https://sz.fang.anjuke.com/loupan/canshu-231925.html>
{'build_year': u'2012',
 'city': '\xe6\xb7\xb1\xe5\x9c\xb3',
 'county': '\xe9\xbe\x99\xe5\x8d\x8e\xe5\x8c?',
 'crawl_time': 1518608327.344,
 'description': None,
 'down_payment': None,
 'house_address': u'\u4eba\u6c11\u8def\u4e0e\u6c11\u5858\u8def\u4ea4\u6c47\u5904',
 'house_name': u'\u5408\u6b63\u4e2d\u592e\u539f\u8457',
 'id': '9e8c3b00-117b-11e8-97f0-382c4a16ce75',
 'monthly_payment': None,
 'province': u'\u5e7f\u4e1c\u7701',
 'source': u'\u5b89\u5c45\u5ba2',
 'total_price': None,
 'type': u'new',
 'unit_price': u'60000',
 'url': 'https://sz.fang.anjuke.com/loupan/canshu-231925.html'}
2018-02-14 19:38:52 [scrapy.extensions.logstats] INFO: Crawled 87 pages (at 13 pages/min), scraped 35 items (at 2 items/min)
2018-02-14 19:38:52 [scrapy.extensions.throttle] INFO: slot: sz.fang.anjuke.com | conc: 1 | delay: 4000 ms (+0) | latency:  276 ms | size: 26824 bytes
2018-02-14 19:38:52 [scrapy.core.engine] DEBUG: Crawled (200) <GET https://sz.fang.anjuke.com/loupan/canshu-247502.html> (referer: https://sz.fang.anjuke.com/loupan/247502.html)
2018-02-14 19:38:52 [scrapy.core.scraper] DEBUG: Scraped from <200 https://sz.fang.anjuke.com/loupan/canshu-247502.html>
{'build_year': u'2013',
 'city': '\xe6\xb7\xb1\xe5\x9c\xb3',
 'county': '\xe9\xbe\x99\xe5\x8d\x8e\xe5\x8c?',
 'crawl_time': 1518608332.656,
 'description': None,
 'down_payment': None,
 'house_address': u'\u548c\u5e73\u897f\u8def\u4e0e\u65b0\u533a\u5927\u9053\u6c47\u5904\uff08\u5730\u94c1\u9f99\u80dc\u7ad9\u9644\u8fd1\uff09',
 'house_name': u'\u798f\u4e1c\u9f99\u534e\u5e9c',
 'id': 'a1b6c700-117b-11e8-abec-382c4a16ce75',
 'monthly_payment': None,
 'province': u'\u5e7f\u4e1c\u7701',
 'source': u'\u5b89\u5c45\u5ba2',
 'total_price': None,
 'type': u'new',
 'unit_price': u'39191',
 'url': 'https://sz.fang.anjuke.com/loupan/canshu-247502.html'}
2018-02-14 19:38:57 [scrapy.extensions.throttle] INFO: slot: sz.fang.anjuke.com | conc: 1 | delay: 4000 ms (+0) | latency:  312 ms | size: 26727 bytes
2018-02-14 19:38:57 [scrapy.core.engine] DEBUG: Crawled (200) <GET https://sz.fang.anjuke.com/loupan/canshu-215459.html> (referer: https://sz.fang.anjuke.com/loupan/215459.html)
2018-02-14 19:38:58 [scrapy.core.scraper] DEBUG: Scraped from <200 https://sz.fang.anjuke.com/loupan/canshu-215459.html>
{'build_year': u'2010',
 'city': '\xe6\xb7\xb1\xe5\x9c\xb3',
 'county': '\xe9\xbe\x99\xe5\x8d\x8e\xe5\x8c?',
 'crawl_time': 1518608338.049,
 'description': None,
 'down_payment': None,
 'house_address': u'\u6885\u6797\u5173\u53e3\u9644\u8fd1',
 'house_name': u'\u4e66\u9999\u95e8\u7b2c\u4e0a\u6cb3\u574a',
 'id': 'a4edaf0f-117b-11e8-a0ad-382c4a16ce75',
 'monthly_payment': None,
 'province': u'\u5e7f\u4e1c\u7701',
 'source': u'\u5b89\u5c45\u5ba2',
 'total_price': None,
 'type': u'new',
 'unit_price': u'46855',
 'url': 'https://sz.fang.anjuke.com/loupan/canshu-215459.html'}
2018-02-14 19:39:02 [scrapy.extensions.throttle] INFO: slot: sz.fang.anjuke.com | conc: 1 | delay: 4000 ms (+0) | latency:  577 ms | size: 27142 bytes
2018-02-14 19:39:02 [scrapy.core.engine] DEBUG: Crawled (200) <GET https://sz.fang.anjuke.com/loupan/canshu-250306.html> (referer: https://sz.fang.anjuke.com/loupan/250306.html)
2018-02-14 19:39:02 [scrapy.core.scraper] DEBUG: Scraped from <200 https://sz.fang.anjuke.com/loupan/canshu-250306.html>
{'build_year': None,
 'city': '\xe6\xb7\xb1\xe5\x9c\xb3',
 'county': '\xe9\xbe\x99\xe5\x8d\x8e\xe5\x8c?',
 'crawl_time': 1518608342.222,
 'description': None,
 'down_payment': None,
 'house_address': u'\u9ad8\u5c14\u592b\u5927\u9053\u4e0e\u89c2\u5e73\u8def\u4ea4\u6c47\u5904',
 'house_name': u'\u5965\u5bb8\u89c2\u58f9\u57ce',
 'id': 'a76a6ede-117b-11e8-8a72-382c4a16ce75',
 'monthly_payment': None,
 'province': u'\u5e7f\u4e1c\u7701',
 'source': u'\u5b89\u5c45\u5ba2',
 'total_price': None,
 'type': u'new',
 'unit_price': None,
 'url': 'https://sz.fang.anjuke.com/loupan/canshu-250306.html'}
2018-02-14 19:39:06 [scrapy.extensions.throttle] INFO: slot: sz.fang.anjuke.com | conc: 1 | delay: 4000 ms (+0) | latency:  336 ms | size: 26677 bytes
2018-02-14 19:39:06 [scrapy.core.engine] DEBUG: Crawled (200) <GET https://sz.fang.anjuke.com/loupan/canshu-240965.html> (referer: https://sz.fang.anjuke.com/loupan/240965.html)
2018-02-14 19:39:06 [scrapy.core.scraper] DEBUG: Scraped from <200 https://sz.fang.anjuke.com/loupan/canshu-240965.html>
{'build_year': u'2013',
 'city': '\xe6\xb7\xb1\xe5\x9c\xb3',
 'county': '\xe9\xbe\x99\xe5\x8d\x8e\xe5\x8c?',
 'crawl_time': 1518608346.628,
 'description': None,
 'down_payment': None,
 'house_address': u'\u9f99\u89c2\u897f\u8def\u4e0e\u8054\u8fbe\u8def\u4ea4\u6c47\u5904\uff08\u9f99\u534e\u5929\u8679\u65c1\uff09',
 'house_name': u'\u5fa1\u7b51\u8f69',
 'id': 'aa0abc40-117b-11e8-945e-382c4a16ce75',
 'monthly_payment': None,
 'province': u'\u5e7f\u4e1c\u7701',
 'source': u'\u5b89\u5c45\u5ba2',
 'total_price': None,
 'type': u'new',
 'unit_price': u'21154',
 'url': 'https://sz.fang.anjuke.com/loupan/canshu-240965.html'}
2018-02-14 19:39:11 [scrapy.extensions.throttle] INFO: slot: sz.fang.anjuke.com | conc: 1 | delay: 4000 ms (+0) | latency:  296 ms | size: 26728 bytes
2018-02-14 19:39:11 [scrapy.core.engine] DEBUG: Crawled (200) <GET https://sz.fang.anjuke.com/loupan/canshu-219643.html> (referer: https://sz.fang.anjuke.com/loupan/219643.html)
2018-02-14 19:39:12 [scrapy.core.scraper] DEBUG: Scraped from <200 https://sz.fang.anjuke.com/loupan/canshu-219643.html>
{'build_year': u'2012',
 'city': '\xe6\xb7\xb1\xe5\x9c\xb3',
 'county': '\xe9\xbe\x99\xe5\x8d\x8e\xe5\x8c?',
 'crawl_time': 1518608352.007,
 'description': None,
 'down_payment': None,
 'house_address': u'\u7389\u9f99\u8def\u897f\u4fa7\uff08\u6885\u9f99\u5357\u8def\u897f\u4fa7\uff09',
 'house_name': u'\u7199\u56ed\u5c71\u9662',
 'id': 'ad3f8170-117b-11e8-9240-382c4a16ce75',
 'monthly_payment': None,
 'province': u'\u5e7f\u4e1c\u7701',
 'source': u'\u5b89\u5c45\u5ba2',
 'total_price': None,
 'type': u'new',
 'unit_price': u'90676',
 'url': 'https://sz.fang.anjuke.com/loupan/canshu-219643.html'}
2018-02-14 19:39:16 [scrapy.extensions.throttle] INFO: slot: sz.fang.anjuke.com | conc: 1 | delay: 4000 ms (+0) | latency:  286 ms | size: 26536 bytes
2018-02-14 19:39:16 [scrapy.core.engine] DEBUG: Crawled (200) <GET https://sz.fang.anjuke.com/loupan/canshu-237943.html> (referer: https://sz.fang.anjuke.com/loupan/237943.html)
2018-02-14 19:39:16 [scrapy.core.scraper] DEBUG: Scraped from <200 https://sz.fang.anjuke.com/loupan/canshu-237943.html>
{'build_year': u'2014',
 'city': '\xe6\xb7\xb1\xe5\x9c\xb3',
 'county': '\xe9\xbe\x99\xe5\x8d\x8e\xe5\x8c?',
 'crawl_time': 1518608356.923,
 'description': None,
 'down_payment': None,
 'house_address': u'\u9f99\u534e\u65b0\u533a\u6885\u9f99\u8def\u4e0e\u6c11\u5174\u8def\u4ea4\u6c47\u5904\u897f\u5357',
 'house_name': u'\u7eff\u666f\u516c\u99861866',
 'id': 'b02da0b0-117b-11e8-858b-382c4a16ce75',
 'monthly_payment': None,
 'province': u'\u5e7f\u4e1c\u7701',
 'source': u'\u5b89\u5c45\u5ba2',
 'total_price': None,
 'type': u'new',
 'unit_price': u'56602',
 'url': 'https://sz.fang.anjuke.com/loupan/canshu-237943.html'}
2018-02-14 19:39:21 [scrapy.extensions.throttle] INFO: slot: sz.fang.anjuke.com | conc: 1 | delay: 4000 ms (+0) | latency:  652 ms | size: 27037 bytes
2018-02-14 19:39:21 [scrapy.core.engine] DEBUG: Crawled (200) <GET https://sz.fang.anjuke.com/loupan/canshu-219565.html> (referer: https://sz.fang.anjuke.com/loupan/219565.html)
2018-02-14 19:39:21 [scrapy.core.scraper] DEBUG: Scraped from <200 https://sz.fang.anjuke.com/loupan/canshu-219565.html>
{'build_year': u'2015',
 'city': '\xe6\xb7\xb1\xe5\x9c\xb3',
 'county': '\xe9\xbe\x99\xe5\x8d\x8e\xe5\x8c?',
 'crawl_time': 1518608361.677,
 'description': None,
 'down_payment': None,
 'house_address': u'\u5927\u6d6a\u8857\u9053\u548c\u5e73\u8def\u4e0e\u5e03\u9f99\u8def\u4ea4\u6c47\u897f\u5357\u89d2\uff08\u5730\u94c14\u53f7\u7ebf\u9f99\u80dc\u7ad9A.D\u51fa\u53e3\uff09',
 'house_name': u'\u7279\u53d1\u548c\u5e73\u91cc\u4e8c\u671f',
 'id': 'b30307cf-117b-11e8-847e-382c4a16ce75',
 'monthly_payment': None,
 'province': u'\u5e7f\u4e1c\u7701',
 'source': u'\u5b89\u5c45\u5ba2',
 'total_price': None,
 'type': u'new',
 'unit_price': u'27000',
 'url': 'https://sz.fang.anjuke.com/loupan/canshu-219565.html'}
2018-02-14 19:39:26 [scrapy.extensions.throttle] INFO: slot: sz.fang.anjuke.com | conc: 1 | delay: 4000 ms (+0) | latency:  974 ms | size: 28152 bytes
2018-02-14 19:39:26 [scrapy.core.engine] DEBUG: Crawled (200) <GET https://sz.fang.anjuke.com/loupan/canshu-253088.html> (referer: https://sz.fang.anjuke.com/loupan/253088.html)
2018-02-14 19:39:26 [scrapy.core.scraper] DEBUG: Scraped from <200 https://sz.fang.anjuke.com/loupan/canshu-253088.html>
{'build_year': u'2018',
 'city': '\xe6\xb7\xb1\xe5\x9c\xb3',
 'county': '\xe9\xbe\x99\xe5\x8d\x8e\xe5\x8c?',
 'crawl_time': 1518608366.963,
 'description': None,
 'down_payment': u'122.7',
 'house_address': u'\u6cd7\u9ece\u8def',
 'house_name': u'\u91d1\u6d2a\u89c2\u835f',
 'id': 'b6299c30-117b-11e8-8b59-382c4a16ce75',
 'monthly_payment': u'15194.71',
 'province': u'\u5e7f\u4e1c\u7701',
 'source': u'\u5b89\u5c45\u5ba2',
 'total_price': u'409',
 'type': u'new',
 'unit_price': u'46000',
 'url': 'https://sz.fang.anjuke.com/loupan/canshu-253088.html'}
2018-02-14 19:39:32 [scrapy.extensions.throttle] INFO: slot: sz.fang.anjuke.com | conc: 1 | delay: 4000 ms (+0) | latency:  668 ms | size: 29176 bytes
2018-02-14 19:39:32 [scrapy.core.engine] DEBUG: Crawled (200) <GET https://sz.fang.anjuke.com/loupan/canshu-414197.html> (referer: https://sz.fang.anjuke.com/loupan/414197.html)
2018-02-14 19:39:32 [scrapy.core.scraper] DEBUG: Scraped from <200 https://sz.fang.anjuke.com/loupan/canshu-414197.html>
{'build_year': u'2019',
 'city': '\xe6\xb7\xb1\xe5\x9c\xb3',
 'county': '\xe9\xbe\x99\xe5\x8d\x8e\xe5\x8c?',
 'crawl_time': 1518608372.419,
 'description': None,
 'down_payment': u'336',
 'house_address': u'\u4e2d\u6885\u8def\u4e0e\u817e\u9f99\u8def\u4ea4\u6c47\u5904\uff08\u5730\u94c14\u53f7\u7ebf\u7ea2\u5c71\u7ad9\uff09',
 'house_name': u'\u9f99\u5149\u7396\u94bb',
 'id': 'b96a212e-117b-11e8-acdc-382c4a16ce75',
 'monthly_payment': u'17832.42',
 'province': u'\u5e7f\u4e1c\u7701',
 'source': u'\u5b89\u5c45\u5ba2',
 'total_price': u'672',
 'type': u'new',
 'unit_price': u'60000',
 'url': 'https://sz.fang.anjuke.com/loupan/canshu-414197.html'}
2018-02-14 19:39:37 [scrapy.extensions.throttle] INFO: slot: sz.fang.anjuke.com | conc: 1 | delay: 4000 ms (+0) | latency:  438 ms | size: 29156 bytes
2018-02-14 19:39:37 [scrapy.core.engine] DEBUG: Crawled (200) <GET https://sz.fang.anjuke.com/loupan/canshu-416370.html> (referer: https://sz.fang.anjuke.com/loupan/416370.html)
2018-02-14 19:39:37 [scrapy.core.scraper] DEBUG: Scraped from <200 https://sz.fang.anjuke.com/loupan/canshu-416370.html>
{'build_year': u'2018',
 'city': '\xe6\xb7\xb1\xe5\x9c\xb3',
 'county': '\xe9\xbe\x99\xe5\x8d\x8e\xe5\x8c?',
 'crawl_time': 1518608377.755,
 'description': None,
 'down_payment': u'86.4',
 'house_address': u'\u798f\u524d\u8def',
 'house_name': u'\u9633\u57fa\u5fa1\u9f99\u5c71',
 'id': 'bc9856b0-117b-11e8-92f7-382c4a16ce75',
 'monthly_payment': u'10699.45',
 'province': u'\u5e7f\u4e1c\u7701',
 'source': u'\u5b89\u5c45\u5ba2',
 'total_price': u'288',
 'type': u'new',
 'unit_price': u'45000',
 'url': 'https://sz.fang.anjuke.com/loupan/canshu-416370.html'}
2018-02-14 19:39:42 [scrapy.extensions.throttle] INFO: slot: sz.fang.anjuke.com | conc: 1 | delay: 4000 ms (+0) | latency:  455 ms | size: 29095 bytes
2018-02-14 19:39:42 [scrapy.core.engine] DEBUG: Crawled (200) <GET https://sz.fang.anjuke.com/loupan/canshu-416472.html> (referer: https://sz.fang.anjuke.com/loupan/416472.html)
2018-02-14 19:39:42 [scrapy.core.scraper] DEBUG: Scraped from <200 https://sz.fang.anjuke.com/loupan/canshu-416472.html>
{'build_year': u'2019',
 'city': '\xe6\xb7\xb1\xe5\x9c\xb3',
 'county': '\xe9\xbe\x99\xe5\x8d\x8e\xe5\x8c?',
 'crawl_time': 1518608382.892,
 'description': None,
 'down_payment': u'155.4',
 'house_address': u'\u6c11\u5858\u8def',
 'house_name': u'\u9e3f\u8363\u6e90\u5c1a\u5cfb\u5fa1\u56ed',
 'id': 'bfa82ec0-117b-11e8-b6d1-382c4a16ce75',
 'monthly_payment': u'19244.15',
 'province': u'\u5e7f\u4e1c\u7701',
 'source': u'\u5b89\u5c45\u5ba2',
 'total_price': u'518',
 'type': u'new',
 'unit_price': u'64000',
 'url': 'https://sz.fang.anjuke.com/loupan/canshu-416472.html'}
2018-02-14 19:39:47 [scrapy.extensions.throttle] INFO: slot: sz.fang.anjuke.com | conc: 1 | delay: 4000 ms (+0) | latency:  309 ms | size: 30289 bytes
2018-02-14 19:39:47 [scrapy.core.engine] DEBUG: Crawled (200) <GET https://sz.fang.anjuke.com/loupan/canshu-247533.html> (referer: https://sz.fang.anjuke.com/loupan/247533.html)
2018-02-14 19:39:48 [scrapy.core.scraper] DEBUG: Scraped from <200 https://sz.fang.anjuke.com/loupan/canshu-247533.html>
{'build_year': u'2018',
 'city': '\xe6\xb7\xb1\xe5\x9c\xb3',
 'county': '\xe9\xbe\x99\xe5\x8d\x8e\xe5\x8c?',
 'crawl_time': 1518608388.098,
 'description': None,
 'down_payment': u'121.5',
 'house_address': u'\u548c\u5e73\u8def\u4e0e\u6e05\u6cc9\u8def\u4ea4\u6c47\u5904\uff08\u6e05\u6e56\u5730\u94c1\u7ad9D\u51fa\u53e3\uff09',
 'house_name': u'\u5e78\u798f\u516c\u5bd3',
 'id': 'c2c28e21-117b-11e8-91a6-382c4a16ce75',
 'monthly_payment': u'7881.29',
 'province': u'\u5e7f\u4e1c\u7701',
 'source': u'\u5b89\u5c45\u5ba2',
 'total_price': u'270',
 'type': u'new',
 'unit_price': u'51000',
 'url': 'https://sz.fang.anjuke.com/loupan/canshu-247533.html'}
2018-02-14 19:39:51 [scrapy.extensions.throttle] INFO: slot: sz.fang.anjuke.com | conc: 1 | delay: 4000 ms (+0) | latency:  562 ms | size: 29799 bytes
2018-02-14 19:39:51 [scrapy.core.engine] DEBUG: Crawled (200) <GET https://sz.fang.anjuke.com/loupan/canshu-389688.html> (referer: https://sz.fang.anjuke.com/loupan/389688.html)
2018-02-14 19:39:51 [scrapy.core.scraper] DEBUG: Scraped from <200 https://sz.fang.anjuke.com/loupan/canshu-389688.html>
{'build_year': u'2018',
 'city': '\xe6\xb7\xb1\xe5\x9c\xb3',
 'county': '\xe9\xbe\x99\xe5\x8d\x8e\xe5\x8c?',
 'crawl_time': 1518608391.693,
 'description': None,
 'down_payment': None,
 'house_address': u'\u6c11\u5858\u8def\u4e0e\u767d\u77f3\u9f99\u8def\u4ea4\u6c47\u5904\u5357\u4fa7\uff0c\u767d\u77f3\u9f99\u5730\u94c1\u7ad9C\u51fa\u53e3',
 'house_name': u'\u9f99\u5149\u7396\u9f99\u73ba',
 'id': 'c4e71bd1-117b-11e8-8e98-382c4a16ce75',
 'monthly_payment': None,
 'province': u'\u5e7f\u4e1c\u7701',
 'source': u'\u5b89\u5c45\u5ba2',
 'total_price': None,
 'type': u'new',
 'unit_price': None,
 'url': 'https://sz.fang.anjuke.com/loupan/canshu-389688.html'}
2018-02-14 19:39:52 [scrapy.extensions.logstats] INFO: Crawled 100 pages (at 13 pages/min), scraped 48 items (at 13 items/min)
2018-02-14 19:39:58 [scrapy.extensions.throttle] INFO: slot: sz.fang.anjuke.com | conc: 1 | delay: 4000 ms (+0) | latency: 1172 ms | size: 29298 bytes
2018-02-14 19:39:58 [scrapy.core.engine] DEBUG: Crawled (200) <GET https://sz.fang.anjuke.com/loupan/canshu-416410.html> (referer: https://sz.fang.anjuke.com/loupan/416410.html)
2018-02-14 19:39:58 [scrapy.core.scraper] DEBUG: Scraped from <200 https://sz.fang.anjuke.com/loupan/canshu-416410.html>
{'build_year': u'2019',
 'city': '\xe6\xb7\xb1\xe5\x9c\xb3',
 'county': '\xe9\xbe\x99\xe5\x8d\x8e\xe5\x8c?',
 'crawl_time': 1518608398.308,
 'description': None,
 'down_payment': u'75',
 'house_address': u'\u4eba\u6c11\u8def\u4e0e\u5927\u548c\u8def\u4ea4\u6c47\u5904\uff08\u4e2d\u56fd\u94f6\u884c\u89c2\u6f9c\u652f\u884c\u65c1\uff09',
 'house_name': u'\u5b9d\u89c2\u57ce\u9526\u9ca4\u5927\u53a6',
 'id': 'c8d87a40-117b-11e8-82f5-382c4a16ce75',
 'monthly_payment': u'3980.45',
 'province': u'\u5e7f\u4e1c\u7701',
 'source': u'\u5b89\u5c45\u5ba2',
 'total_price': u'150',
 'type': u'new',
 'unit_price': u'40000',
 'url': 'https://sz.fang.anjuke.com/loupan/canshu-416410.html'}
2018-02-14 19:40:01 [scrapy.extensions.throttle] INFO: slot: sz.fang.anjuke.com | conc: 1 | delay: 4000 ms (+0) | latency:  314 ms | size: 29469 bytes
2018-02-14 19:40:01 [scrapy.core.engine] DEBUG: Crawled (200) <GET https://sz.fang.anjuke.com/loupan/canshu-414511.html> (referer: https://sz.fang.anjuke.com/loupan/414511.html)
2018-02-14 19:40:01 [scrapy.core.scraper] DEBUG: Scraped from <200 https://sz.fang.anjuke.com/loupan/canshu-414511.html>
{'build_year': u'2019',
 'city': '\xe6\xb7\xb1\xe5\x9c\xb3',
 'county': '\xe9\xbe\x99\xe5\x8d\x8e\xe5\x8c?',
 'crawl_time': 1518608401.532,
 'description': None,
 'down_payment': u'90',
 'house_address': u'\u4e1c\u73af\u4e8c\u8def\u4e0e\u6cb9\u677e\u8def\u4ea4\u754c\u5904',
 'house_name': u'\u5bcc\u9a70\u65f6\u4ee3PARK',
 'id': 'cac46bc0-117b-11e8-afc9-382c4a16ce75',
 'monthly_payment': u'4776.54',
 'province': u'\u5e7f\u4e1c\u7701',
 'source': u'\u5b89\u5c45\u5ba2',
 'total_price': u'180',
 'type': u'new',
 'unit_price': u'45000',
 'url': 'https://sz.fang.anjuke.com/loupan/canshu-414511.html'}
2018-02-14 19:40:01 [scrapy.core.engine] INFO: Closing spider (finished)
2018-02-14 19:40:01 [scrapy.statscollectors] INFO: Dumping Scrapy stats:
{'downloader/request_bytes': 127329,
 'downloader/request_count': 102,
 'downloader/request_method_count/GET': 102,
 'downloader/response_bytes': 3406080,
 'downloader/response_count': 102,
 'downloader/response_status_count/200': 102,
 'finish_reason': 'finished',
 'finish_time': datetime.datetime(2018, 2, 14, 11, 40, 1, 556000),
 'item_scraped_count': 50,
 'log_count/DEBUG': 153,
 'log_count/INFO': 117,
 'request_depth_max': 3,
 'response_received_count': 102,
 'scheduler/dequeued': 102,
 'scheduler/dequeued/memory': 102,
 'scheduler/enqueued': 102,
 'scheduler/enqueued/memory': 102,
 'start_time': datetime.datetime(2018, 2, 14, 11, 31, 52, 388000)}
2018-02-14 19:40:01 [scrapy.core.engine] INFO: Spider closed (finished)
