2018-02-14 19:40:04 [scrapy.utils.log] INFO: Scrapy 1.4.0 started (bot: HouseCrawler)
2018-02-14 19:40:04 [scrapy.utils.log] INFO: Overridden settings: {'AUTOTHROTTLE_MAX_DELAY': 30, 'NEWSPIDER_MODULE': 'HouseCrawler.spiders', 'LOG_FILE': 'logs\\HouseCrawler\\AnjukeNewHouseSpider\\c118774f111d11e881e3382c4a16ce75.log', 'CONCURRENT_REQUESTS_PER_DOMAIN': 1, 'SPIDER_MODULES': ['HouseCrawler.spiders'], 'AUTOTHROTTLE_START_DELAY': 6, 'BOT_NAME': 'HouseCrawler', 'AUTOTHROTTLE_ENABLED': True, 'DOWNLOAD_DELAY': 4, 'AUTOTHROTTLE_DEBUG': True}
2018-02-14 19:40:04 [scrapy.middleware] INFO: Enabled extensions:
['scrapy.extensions.logstats.LogStats',
 'scrapy.extensions.telnet.TelnetConsole',
 'scrapy.extensions.corestats.CoreStats',
 'scrapy.extensions.throttle.AutoThrottle']
2018-02-14 19:40:05 [scrapy.middleware] INFO: Enabled downloader middlewares:
['HouseCrawler.middlewares.AnjukeUserAgentMiddleware',
 'scrapy.downloadermiddlewares.httpauth.HttpAuthMiddleware',
 'scrapy.downloadermiddlewares.downloadtimeout.DownloadTimeoutMiddleware',
 'scrapy.downloadermiddlewares.defaultheaders.DefaultHeadersMiddleware',
 'scrapy.downloadermiddlewares.retry.RetryMiddleware',
 'scrapy.downloadermiddlewares.redirect.MetaRefreshMiddleware',
 'scrapy.downloadermiddlewares.httpcompression.HttpCompressionMiddleware',
 'scrapy.downloadermiddlewares.redirect.RedirectMiddleware',
 'scrapy.downloadermiddlewares.cookies.CookiesMiddleware',
 'scrapy.downloadermiddlewares.httpproxy.HttpProxyMiddleware',
 'scrapy.downloadermiddlewares.stats.DownloaderStats']
2018-02-14 19:40:05 [scrapy.middleware] INFO: Enabled spider middlewares:
['scrapy.spidermiddlewares.httperror.HttpErrorMiddleware',
 'scrapy.spidermiddlewares.offsite.OffsiteMiddleware',
 'scrapy.spidermiddlewares.referer.RefererMiddleware',
 'scrapy.spidermiddlewares.urllength.UrlLengthMiddleware',
 'scrapy.spidermiddlewares.depth.DepthMiddleware']
2018-02-14 19:40:05 [scrapy.middleware] INFO: Enabled item pipelines:
[]
2018-02-14 19:40:05 [scrapy.core.engine] INFO: Spider opened
2018-02-14 19:40:05 [scrapy.extensions.logstats] INFO: Crawled 0 pages (at 0 pages/min), scraped 0 items (at 0 items/min)
2018-02-14 19:40:05 [scrapy.extensions.telnet] DEBUG: Telnet console listening on 127.0.0.1:6023
2018-02-14 19:40:05 [scrapy.extensions.throttle] INFO: slot: sz.fang.anjuke.com | conc: 1 | delay: 4000 ms (-2000) | latency:  585 ms | size: 30868 bytes
2018-02-14 19:40:05 [scrapy.core.engine] DEBUG: Crawled (200) <GET https://sz.fang.anjuke.com/loupan/pingshanqu/> (referer: https://gz.fang.anjuke.com/)
2018-02-14 19:40:14 [scrapy.extensions.throttle] INFO: slot: sz.fang.anjuke.com | conc: 1 | delay: 4000 ms (+0) | latency:  402 ms | size: 39180 bytes
2018-02-14 19:40:14 [scrapy.core.engine] DEBUG: Crawled (200) <GET https://sz.fang.anjuke.com/loupan/411150.html> (referer: https://sz.fang.anjuke.com/loupan/pingshanqu/)
2018-02-14 19:40:19 [scrapy.extensions.throttle] INFO: slot: sz.fang.anjuke.com | conc: 1 | delay: 4000 ms (+0) | latency:  383 ms | size: 36726 bytes
2018-02-14 19:40:19 [scrapy.core.engine] DEBUG: Crawled (200) <GET https://sz.fang.anjuke.com/loupan/237779.html> (referer: https://sz.fang.anjuke.com/loupan/pingshanqu/)
2018-02-14 19:40:25 [scrapy.extensions.throttle] INFO: slot: sz.fang.anjuke.com | conc: 1 | delay: 4000 ms (+0) | latency:  552 ms | size: 38135 bytes
2018-02-14 19:40:25 [scrapy.core.engine] DEBUG: Crawled (200) <GET https://sz.fang.anjuke.com/loupan/249413.html> (referer: https://sz.fang.anjuke.com/loupan/pingshanqu/)
2018-02-14 19:40:30 [scrapy.extensions.throttle] INFO: slot: sz.fang.anjuke.com | conc: 1 | delay: 4000 ms (+0) | latency:  435 ms | size: 38579 bytes
2018-02-14 19:40:30 [scrapy.core.engine] DEBUG: Crawled (200) <GET https://sz.fang.anjuke.com/loupan/250739.html> (referer: https://sz.fang.anjuke.com/loupan/pingshanqu/)
2018-02-14 19:40:36 [scrapy.extensions.throttle] INFO: slot: sz.fang.anjuke.com | conc: 1 | delay: 4000 ms (+0) | latency:  506 ms | size: 36872 bytes
2018-02-14 19:40:36 [scrapy.core.engine] DEBUG: Crawled (200) <GET https://sz.fang.anjuke.com/loupan/237837.html> (referer: https://sz.fang.anjuke.com/loupan/pingshanqu/)
2018-02-14 19:40:41 [scrapy.extensions.throttle] INFO: slot: sz.fang.anjuke.com | conc: 1 | delay: 4000 ms (+0) | latency:  426 ms | size: 38269 bytes
2018-02-14 19:40:41 [scrapy.core.engine] DEBUG: Crawled (200) <GET https://sz.fang.anjuke.com/loupan/236898.html> (referer: https://sz.fang.anjuke.com/loupan/pingshanqu/)
2018-02-14 19:40:46 [scrapy.extensions.throttle] INFO: slot: sz.fang.anjuke.com | conc: 1 | delay: 4000 ms (+0) | latency:  523 ms | size: 38029 bytes
2018-02-14 19:40:46 [scrapy.core.engine] DEBUG: Crawled (200) <GET https://sz.fang.anjuke.com/loupan/244807.html> (referer: https://sz.fang.anjuke.com/loupan/pingshanqu/)
2018-02-14 19:40:51 [scrapy.extensions.throttle] INFO: slot: sz.fang.anjuke.com | conc: 1 | delay: 4000 ms (+0) | latency:  553 ms | size: 36942 bytes
2018-02-14 19:40:51 [scrapy.core.engine] DEBUG: Crawled (200) <GET https://sz.fang.anjuke.com/loupan/246710.html> (referer: https://sz.fang.anjuke.com/loupan/pingshanqu/)
2018-02-14 19:40:55 [scrapy.extensions.throttle] INFO: slot: sz.fang.anjuke.com | conc: 1 | delay: 4000 ms (+0) | latency:  391 ms | size: 36888 bytes
2018-02-14 19:40:55 [scrapy.core.engine] DEBUG: Crawled (200) <GET https://sz.fang.anjuke.com/loupan/236877.html> (referer: https://sz.fang.anjuke.com/loupan/pingshanqu/)
2018-02-14 19:41:00 [scrapy.extensions.throttle] INFO: slot: sz.fang.anjuke.com | conc: 1 | delay: 4000 ms (+0) | latency:  421 ms | size: 38273 bytes
2018-02-14 19:41:00 [scrapy.core.engine] DEBUG: Crawled (200) <GET https://sz.fang.anjuke.com/loupan/249505.html> (referer: https://sz.fang.anjuke.com/loupan/pingshanqu/)
2018-02-14 19:41:04 [scrapy.extensions.throttle] INFO: slot: sz.fang.anjuke.com | conc: 1 | delay: 4000 ms (+0) | latency:  429 ms | size: 38228 bytes
2018-02-14 19:41:04 [scrapy.core.engine] DEBUG: Crawled (200) <GET https://sz.fang.anjuke.com/loupan/246339.html> (referer: https://sz.fang.anjuke.com/loupan/pingshanqu/)
2018-02-14 19:41:05 [scrapy.extensions.logstats] INFO: Crawled 12 pages (at 12 pages/min), scraped 0 items (at 0 items/min)
2018-02-14 19:41:10 [scrapy.extensions.throttle] INFO: slot: sz.fang.anjuke.com | conc: 1 | delay: 4000 ms (+0) | latency:  463 ms | size: 38058 bytes
2018-02-14 19:41:10 [scrapy.core.engine] DEBUG: Crawled (200) <GET https://sz.fang.anjuke.com/loupan/250743.html> (referer: https://sz.fang.anjuke.com/loupan/pingshanqu/)
2018-02-14 19:41:14 [scrapy.extensions.throttle] INFO: slot: sz.fang.anjuke.com | conc: 1 | delay: 4000 ms (+0) | latency:  407 ms | size: 37110 bytes
2018-02-14 19:41:14 [scrapy.core.engine] DEBUG: Crawled (200) <GET https://sz.fang.anjuke.com/loupan/219001.html> (referer: https://sz.fang.anjuke.com/loupan/pingshanqu/)
2018-02-14 19:41:19 [scrapy.extensions.throttle] INFO: slot: sz.fang.anjuke.com | conc: 1 | delay: 4000 ms (+0) | latency:  430 ms | size: 37826 bytes
2018-02-14 19:41:19 [scrapy.core.engine] DEBUG: Crawled (200) <GET https://sz.fang.anjuke.com/loupan/250737.html> (referer: https://sz.fang.anjuke.com/loupan/pingshanqu/)
2018-02-14 19:41:25 [scrapy.extensions.throttle] INFO: slot: sz.fang.anjuke.com | conc: 1 | delay: 4000 ms (+0) | latency:  569 ms | size: 38809 bytes
2018-02-14 19:41:25 [scrapy.core.engine] DEBUG: Crawled (200) <GET https://sz.fang.anjuke.com/loupan/248284.html> (referer: https://sz.fang.anjuke.com/loupan/pingshanqu/)
2018-02-14 19:41:30 [scrapy.extensions.throttle] INFO: slot: sz.fang.anjuke.com | conc: 1 | delay: 4000 ms (+0) | latency:  408 ms | size: 33243 bytes
2018-02-14 19:41:30 [scrapy.core.engine] DEBUG: Crawled (200) <GET https://sz.fang.anjuke.com/loupan/416959.html> (referer: https://sz.fang.anjuke.com/loupan/pingshanqu/)
2018-02-14 19:41:36 [scrapy.extensions.throttle] INFO: slot: sz.fang.anjuke.com | conc: 1 | delay: 4000 ms (+0) | latency:  562 ms | size: 31509 bytes
2018-02-14 19:41:36 [scrapy.core.engine] DEBUG: Crawled (200) <GET https://sz.fang.anjuke.com/loupan/410732.html> (referer: https://sz.fang.anjuke.com/loupan/pingshanqu/)
2018-02-14 19:41:42 [scrapy.extensions.throttle] INFO: slot: sz.fang.anjuke.com | conc: 1 | delay: 4000 ms (+0) | latency:  339 ms | size: 28935 bytes
2018-02-14 19:41:42 [scrapy.core.engine] DEBUG: Crawled (200) <GET https://sz.fang.anjuke.com/loupan/canshu-411150.html> (referer: https://sz.fang.anjuke.com/loupan/411150.html)
2018-02-14 19:41:42 [scrapy.core.scraper] DEBUG: Scraped from <200 https://sz.fang.anjuke.com/loupan/canshu-411150.html>
{'build_year': u'2019',
 'city': '\xe6\xb7\xb1\xe5\x9c\xb3',
 'county': '\xe5\x9d\xaa\xe5\xb1\xb1\xe5\x8c?',
 'crawl_time': 1518608502.163,
 'description': None,
 'down_payment': u'86.4',
 'house_address': u'\u884c\u653f\u4e8c\u8def\u4e0e\u9f99\u576a\u8def\u4ea4\u6c47\u5904\u4e1c\u4fa7',
 'house_name': u'\u8d22\u5bcc\u57ce',
 'id': '06bf7e30-117c-11e8-bec4-382c4a16ce75',
 'monthly_payment': u'10699.45',
 'province': u'\u5e7f\u4e1c\u7701',
 'source': u'\u5b89\u5c45\u5ba2',
 'total_price': u'288',
 'type': u'new',
 'unit_price': u'40000',
 'url': 'https://sz.fang.anjuke.com/loupan/canshu-411150.html'}
2018-02-14 19:41:48 [scrapy.extensions.throttle] INFO: slot: sz.fang.anjuke.com | conc: 1 | delay: 4000 ms (+0) | latency:  376 ms | size: 26591 bytes
2018-02-14 19:41:48 [scrapy.core.engine] DEBUG: Crawled (200) <GET https://sz.fang.anjuke.com/loupan/canshu-237779.html> (referer: https://sz.fang.anjuke.com/loupan/237779.html)
2018-02-14 19:41:48 [scrapy.core.scraper] DEBUG: Scraped from <200 https://sz.fang.anjuke.com/loupan/canshu-237779.html>
{'build_year': u'2010',
 'city': '\xe6\xb7\xb1\xe5\x9c\xb3',
 'county': '\xe5\x9d\xaa\xe5\xb1\xb1\xe5\x8c?',
 'crawl_time': 1518608508.185,
 'description': None,
 'down_payment': None,
 'house_address': u'\u65b0\u533a\u4e2d\u5c71\u5927\u9053\u4e0e\u6bd4\u4e9a\u8fea\u8def\u4ea4\u6c47\u5904',
 'house_name': u'\u4e1c\u6d25\u540d\u5ea7',
 'id': '0a56608f-117c-11e8-8cf8-382c4a16ce75',
 'monthly_payment': None,
 'province': u'\u5e7f\u4e1c\u7701',
 'source': u'\u5b89\u5c45\u5ba2',
 'total_price': None,
 'type': u'new',
 'unit_price': u'15228',
 'url': 'https://sz.fang.anjuke.com/loupan/canshu-237779.html'}
2018-02-14 19:41:52 [scrapy.extensions.throttle] INFO: slot: sz.fang.anjuke.com | conc: 1 | delay: 4000 ms (+0) | latency:  292 ms | size: 26911 bytes
2018-02-14 19:41:52 [scrapy.core.engine] DEBUG: Crawled (200) <GET https://sz.fang.anjuke.com/loupan/canshu-249413.html> (referer: https://sz.fang.anjuke.com/loupan/249413.html)
2018-02-14 19:41:53 [scrapy.core.scraper] DEBUG: Scraped from <200 https://sz.fang.anjuke.com/loupan/canshu-249413.html>
{'build_year': u'2014',
 'city': '\xe6\xb7\xb1\xe5\x9c\xb3',
 'county': '\xe5\x9d\xaa\xe5\xb1\xb1\xe5\x8c?',
 'crawl_time': 1518608513.038,
 'description': None,
 'down_payment': None,
 'house_address': u'\u4f53\u80b2\u4e2d\u5fc3\u5317\u4fa7\uff08\u65b0\u5408\u8def\u4e0e\u4f53\u80b2\u4e00\u8def\u4ea4\u6c47\u5904\uff09',
 'house_name': u'\u91d1\u5730\u6717\u60a6',
 'id': '0d3ae2e1-117c-11e8-9043-382c4a16ce75',
 'monthly_payment': None,
 'province': u'\u5e7f\u4e1c\u7701',
 'source': u'\u5b89\u5c45\u5ba2',
 'total_price': None,
 'type': u'new',
 'unit_price': u'18384',
 'url': 'https://sz.fang.anjuke.com/loupan/canshu-249413.html'}
2018-02-14 19:41:58 [scrapy.extensions.throttle] INFO: slot: sz.fang.anjuke.com | conc: 1 | delay: 4000 ms (+0) | latency:  299 ms | size: 27071 bytes
2018-02-14 19:41:58 [scrapy.core.engine] DEBUG: Crawled (200) <GET https://sz.fang.anjuke.com/loupan/canshu-250739.html> (referer: https://sz.fang.anjuke.com/loupan/250739.html)
2018-02-14 19:41:58 [scrapy.core.scraper] DEBUG: Scraped from <200 https://sz.fang.anjuke.com/loupan/canshu-250739.html>
{'build_year': u'2016',
 'city': '\xe6\xb7\xb1\xe5\x9c\xb3',
 'county': '\xe5\x9d\xaa\xe5\xb1\xb1\xe5\x8c?',
 'crawl_time': 1518608518.702,
 'description': None,
 'down_payment': None,
 'house_address': u'\u4e2d\u5c71\u5927\u9053\u4e0e\u4f53\u80b2\u4e8c\u8def\u4ea4\u6c47\u5904\u4e34\u8363\u660c\u8def\uff0c\u897f\u4e34\u9526\u9f99\u5927\u9053\uff0c\u5357\u81f3\u6c64\u5751\u6c34\uff0c\u5317\u4e34\u4e2d\u5c71\u5927\u9053',
 'house_name': u'\u4eac\u57fa\u5fa1\u666f\u5370\u8c61',
 'id': '109b24de-117c-11e8-a088-382c4a16ce75',
 'monthly_payment': None,
 'province': u'\u5e7f\u4e1c\u7701',
 'source': u'\u5b89\u5c45\u5ba2',
 'total_price': None,
 'type': u'new',
 'unit_price': u'10203',
 'url': 'https://sz.fang.anjuke.com/loupan/canshu-250739.html'}
2018-02-14 19:42:04 [scrapy.extensions.throttle] INFO: slot: sz.fang.anjuke.com | conc: 1 | delay: 4000 ms (+0) | latency:  337 ms | size: 26547 bytes
2018-02-14 19:42:04 [scrapy.core.engine] DEBUG: Crawled (200) <GET https://sz.fang.anjuke.com/loupan/canshu-237837.html> (referer: https://sz.fang.anjuke.com/loupan/237837.html)
2018-02-14 19:42:04 [scrapy.core.scraper] DEBUG: Scraped from <200 https://sz.fang.anjuke.com/loupan/canshu-237837.html>
{'build_year': u'2012',
 'city': '\xe6\xb7\xb1\xe5\x9c\xb3',
 'county': '\xe5\x9d\xaa\xe5\xb1\xb1\xe5\x8c?',
 'crawl_time': 1518608524.215,
 'description': None,
 'down_payment': None,
 'house_address': u'\u91d1\u725b\u897f\u8def\u4e0e\u71d5\u5b50\u5cad\u4e09\u8def\u4ea4\u53c9\u53e3',
 'house_name': u'\u8c6a\u65b9\u83c1\u56ed',
 'id': '13e45c6e-117c-11e8-a77c-382c4a16ce75',
 'monthly_payment': None,
 'province': u'\u5e7f\u4e1c\u7701',
 'source': u'\u5b89\u5c45\u5ba2',
 'total_price': None,
 'type': u'new',
 'unit_price': u'20377',
 'url': 'https://sz.fang.anjuke.com/loupan/canshu-237837.html'}
2018-02-14 19:42:05 [scrapy.extensions.logstats] INFO: Crawled 23 pages (at 11 pages/min), scraped 5 items (at 5 items/min)
2018-02-14 19:42:08 [scrapy.extensions.throttle] INFO: slot: sz.fang.anjuke.com | conc: 1 | delay: 4000 ms (+0) | latency:  289 ms | size: 26799 bytes
2018-02-14 19:42:08 [scrapy.core.engine] DEBUG: Crawled (200) <GET https://sz.fang.anjuke.com/loupan/canshu-236898.html> (referer: https://sz.fang.anjuke.com/loupan/236898.html)
2018-02-14 19:42:08 [scrapy.core.scraper] DEBUG: Scraped from <200 https://sz.fang.anjuke.com/loupan/canshu-236898.html>
{'build_year': u'2012',
 'city': '\xe6\xb7\xb1\xe5\x9c\xb3',
 'county': '\xe5\x9d\xaa\xe5\xb1\xb1\xe5\x8c?',
 'crawl_time': 1518608528.87,
 'description': None,
 'down_payment': None,
 'house_address': u'\u576a\u5c71\u65b0\u533a\u5751\u6893\u8857\u9053\u9526\u7ee3\u4e1c\u8def\u4e0e\u91d1\u8f89\u8def\u4ea4\u6c47\u5904\u897f\u5317\u4fa7',
 'house_name': u'\u6df1\u4e1a\u4e1c\u57ce\u5fa1\u56ed',
 'id': '16aaa85e-117c-11e8-bb14-382c4a16ce75',
 'monthly_payment': None,
 'province': u'\u5e7f\u4e1c\u7701',
 'source': u'\u5b89\u5c45\u5ba2',
 'total_price': None,
 'type': u'new',
 'unit_price': u'8704',
 'url': 'https://sz.fang.anjuke.com/loupan/canshu-236898.html'}
2018-02-14 19:42:13 [scrapy.extensions.throttle] INFO: slot: sz.fang.anjuke.com | conc: 1 | delay: 4000 ms (+0) | latency:  320 ms | size: 27182 bytes
2018-02-14 19:42:13 [scrapy.core.engine] DEBUG: Crawled (200) <GET https://sz.fang.anjuke.com/loupan/canshu-244807.html> (referer: https://sz.fang.anjuke.com/loupan/244807.html)
2018-02-14 19:42:13 [scrapy.core.scraper] DEBUG: Scraped from <200 https://sz.fang.anjuke.com/loupan/canshu-244807.html>
{'build_year': u'2014',
 'city': '\xe6\xb7\xb1\xe5\x9c\xb3',
 'county': '\xe5\x9d\xaa\xe5\xb1\xb1\xe5\x8c?',
 'crawl_time': 1518608533.582,
 'description': None,
 'down_payment': None,
 'house_address': u'\u4e39\u6893\u4e2d\u8def\uff08\u805a\u9f99\u5c71\u516c\u56ed\u5317\u4fa7\uff09',
 'house_name': u'\u4e39\u6893\u9f99\u5ead',
 'id': '1979a6e1-117c-11e8-802d-382c4a16ce75',
 'monthly_payment': None,
 'province': u'\u5e7f\u4e1c\u7701',
 'source': u'\u5b89\u5c45\u5ba2',
 'total_price': u'167',
 'type': u'new',
 'unit_price': u'7847',
 'url': 'https://sz.fang.anjuke.com/loupan/canshu-244807.html'}
2018-02-14 19:42:18 [scrapy.extensions.throttle] INFO: slot: sz.fang.anjuke.com | conc: 1 | delay: 4000 ms (+0) | latency:  307 ms | size: 26768 bytes
2018-02-14 19:42:18 [scrapy.core.engine] DEBUG: Crawled (200) <GET https://sz.fang.anjuke.com/loupan/canshu-246710.html> (referer: https://sz.fang.anjuke.com/loupan/246710.html)
2018-02-14 19:42:18 [scrapy.core.scraper] DEBUG: Scraped from <200 https://sz.fang.anjuke.com/loupan/canshu-246710.html>
{'build_year': u'2015',
 'city': '\xe6\xb7\xb1\xe5\x9c\xb3',
 'county': '\xe5\x9d\xaa\xe5\xb1\xb1\xe5\x8c?',
 'crawl_time': 1518608538.112,
 'description': None,
 'down_payment': None,
 'house_address': u'\u6df1\u5733\u65b0\u57ce\u7ad9\u576a\u5c71\u65b0\u533a\u4e2d\u5fc3\u533a\uff08\u576a\u5c71\u5b9e\u9a8c\u5b66\u6821\u65c1\uff09',
 'house_name': u'\u4e07\u79d1\u91d1\u57df\u7f07\u9999\u4e8c\u671f',
 'id': '1c2ce000-117c-11e8-b91e-382c4a16ce75',
 'monthly_payment': None,
 'province': u'\u5e7f\u4e1c\u7701',
 'source': u'\u5b89\u5c45\u5ba2',
 'total_price': None,
 'type': u'new',
 'unit_price': u'9925',
 'url': 'https://sz.fang.anjuke.com/loupan/canshu-246710.html'}
2018-02-14 19:42:22 [scrapy.extensions.throttle] INFO: slot: sz.fang.anjuke.com | conc: 1 | delay: 4000 ms (+0) | latency:  325 ms | size: 26557 bytes
2018-02-14 19:42:22 [scrapy.core.engine] DEBUG: Crawled (200) <GET https://sz.fang.anjuke.com/loupan/canshu-236877.html> (referer: https://sz.fang.anjuke.com/loupan/236877.html)
2018-02-14 19:42:22 [scrapy.core.scraper] DEBUG: Scraped from <200 https://sz.fang.anjuke.com/loupan/canshu-236877.html>
{'build_year': u'2011',
 'city': '\xe6\xb7\xb1\xe5\x9c\xb3',
 'county': '\xe5\x9d\xaa\xe5\xb1\xb1\xe5\x8c?',
 'crawl_time': 1518608542.752,
 'description': None,
 'down_payment': None,
 'house_address': u'\u5927\u5de5\u4e1a\u533a\u4e39\u6893\u897f\u8def\u5357\uff08\u516d\u8054\u9152\u5e97\u5317\u884c\u7ea6400\u7c73\u5904\u5de6\u8f6c\uff09',
 'house_name': u'\u5927\u4e1c\u57ce',
 'id': '1ef0e200-117c-11e8-8bf4-382c4a16ce75',
 'monthly_payment': None,
 'province': u'\u5e7f\u4e1c\u7701',
 'source': u'\u5b89\u5c45\u5ba2',
 'total_price': None,
 'type': u'new',
 'unit_price': u'10000',
 'url': 'https://sz.fang.anjuke.com/loupan/canshu-236877.html'}
2018-02-14 19:42:25 [scrapy.extensions.throttle] INFO: slot: sz.fang.anjuke.com | conc: 1 | delay: 4000 ms (+0) | latency:  465 ms | size: 26848 bytes
2018-02-14 19:42:25 [scrapy.core.engine] DEBUG: Crawled (200) <GET https://sz.fang.anjuke.com/loupan/canshu-249505.html> (referer: https://sz.fang.anjuke.com/loupan/249505.html)
2018-02-14 19:42:25 [scrapy.core.scraper] DEBUG: Scraped from <200 https://sz.fang.anjuke.com/loupan/canshu-249505.html>
{'build_year': u'2015',
 'city': '\xe6\xb7\xb1\xe5\x9c\xb3',
 'county': '\xe5\x9d\xaa\xe5\xb1\xb1\xe5\x8c?',
 'crawl_time': 1518608545.944,
 'description': None,
 'down_payment': None,
 'house_address': u'\u6a2a\u576a\u8def\u6c64\u5751\u5c0f\u5b66\u65c1',
 'house_name': u'\u576a\u5c71\u9996\u5ea7',
 'id': '20d7f180-117c-11e8-b321-382c4a16ce75',
 'monthly_payment': None,
 'province': u'\u5e7f\u4e1c\u7701',
 'source': u'\u5b89\u5c45\u5ba2',
 'total_price': None,
 'type': u'new',
 'unit_price': u'6875',
 'url': 'https://sz.fang.anjuke.com/loupan/canshu-249505.html'}
2018-02-14 19:42:29 [scrapy.extensions.throttle] INFO: slot: sz.fang.anjuke.com | conc: 1 | delay: 4000 ms (+0) | latency:  301 ms | size: 26915 bytes
2018-02-14 19:42:29 [scrapy.core.engine] DEBUG: Crawled (200) <GET https://sz.fang.anjuke.com/loupan/canshu-246339.html> (referer: https://sz.fang.anjuke.com/loupan/246339.html)
2018-02-14 19:42:29 [scrapy.core.scraper] DEBUG: Scraped from <200 https://sz.fang.anjuke.com/loupan/canshu-246339.html>
{'build_year': u'2014',
 'city': '\xe6\xb7\xb1\xe5\x9c\xb3',
 'county': '\xe5\x9d\xaa\xe5\xb1\xb1\xe5\x8c?',
 'crawl_time': 1518608549.87,
 'description': None,
 'down_payment': None,
 'house_address': u'\u5c97\u533a\u576a\u5c71\u8857\u9053\u884c\u653f\u4e00\u8def\u548c\u884c\u653f\u4e5d\u8def\u4ea4\u6c47\u5904',
 'house_name': u'\u5927\u4e1c\u57ce\u4e8c\u671f',
 'id': '232f00de-117c-11e8-ac3f-382c4a16ce75',
 'monthly_payment': None,
 'province': u'\u5e7f\u4e1c\u7701',
 'source': u'\u5b89\u5c45\u5ba2',
 'total_price': None,
 'type': u'new',
 'unit_price': u'23072',
 'url': 'https://sz.fang.anjuke.com/loupan/canshu-246339.html'}
2018-02-14 19:42:34 [scrapy.extensions.throttle] INFO: slot: sz.fang.anjuke.com | conc: 1 | delay: 4000 ms (+0) | latency:  368 ms | size: 27615 bytes
2018-02-14 19:42:34 [scrapy.core.engine] DEBUG: Crawled (200) <GET https://sz.fang.anjuke.com/loupan/canshu-250743.html> (referer: https://sz.fang.anjuke.com/loupan/250743.html)
2018-02-14 19:42:34 [scrapy.core.scraper] DEBUG: Scraped from <200 https://sz.fang.anjuke.com/loupan/canshu-250743.html>
{'build_year': u'2016',
 'city': '\xe6\xb7\xb1\xe5\x9c\xb3',
 'county': '\xe5\x9d\xaa\xe5\xb1\xb1\xe5\x8c?',
 'crawl_time': 1518608554.925,
 'description': None,
 'down_payment': None,
 'house_address': u'\u6d0b\u6bcd\u5e10\u6751\u576a\u6cb3\u4e1c\u8def\u4e0e\u6d0b\u5cad\u8def\u897f\u5357\u4fa7',
 'house_name': u'\u7965\u797a\u6ee8\u6cb3\u540d\u82d1',
 'id': '263255cf-117c-11e8-90b3-382c4a16ce75',
 'monthly_payment': None,
 'province': u'\u5e7f\u4e1c\u7701',
 'source': u'\u5b89\u5c45\u5ba2',
 'total_price': None,
 'type': u'new',
 'unit_price': u'7754',
 'url': 'https://sz.fang.anjuke.com/loupan/canshu-250743.html'}
2018-02-14 19:42:40 [scrapy.extensions.throttle] INFO: slot: sz.fang.anjuke.com | conc: 1 | delay: 4000 ms (+0) | latency:  307 ms | size: 26874 bytes
2018-02-14 19:42:40 [scrapy.core.engine] DEBUG: Crawled (200) <GET https://sz.fang.anjuke.com/loupan/canshu-219001.html> (referer: https://sz.fang.anjuke.com/loupan/219001.html)
2018-02-14 19:42:40 [scrapy.core.scraper] DEBUG: Scraped from <200 https://sz.fang.anjuke.com/loupan/canshu-219001.html>
{'build_year': u'2012',
 'city': '\xe6\xb7\xb1\xe5\x9c\xb3',
 'county': '\xe5\x9d\xaa\xe5\xb1\xb1\xe5\x8c?',
 'crawl_time': 1518608560.185,
 'description': None,
 'down_payment': None,
 'house_address': u'\u4e2d\u5c71\u5927\u9053\u4e0e\u9526\u9f99\u5927\u9053\u4ea4\u754c\u5904\uff08\u4e1c\u57ce\u4e0a\u90b8\u897f\u9762\uff09',
 'house_name': u'\u6df1\u4e1a\u4e1c\u57ce\u56fd\u9645',
 'id': '2954f28f-117c-11e8-9ba8-382c4a16ce75',
 'monthly_payment': None,
 'province': u'\u5e7f\u4e1c\u7701',
 'source': u'\u5b89\u5c45\u5ba2',
 'total_price': None,
 'type': u'new',
 'unit_price': u'24616',
 'url': 'https://sz.fang.anjuke.com/loupan/canshu-219001.html'}
2018-02-14 19:42:45 [scrapy.extensions.throttle] INFO: slot: sz.fang.anjuke.com | conc: 1 | delay: 4000 ms (+0) | latency:  312 ms | size: 26658 bytes
2018-02-14 19:42:45 [scrapy.core.engine] DEBUG: Crawled (200) <GET https://sz.fang.anjuke.com/loupan/canshu-250737.html> (referer: https://sz.fang.anjuke.com/loupan/250737.html)
2018-02-14 19:42:45 [scrapy.core.scraper] DEBUG: Scraped from <200 https://sz.fang.anjuke.com/loupan/canshu-250737.html>
{'build_year': u'2016',
 'city': '\xe6\xb7\xb1\xe5\x9c\xb3',
 'county': '\xe5\x9d\xaa\xe5\xb1\xb1\xe5\x8c?',
 'crawl_time': 1518608565.563,
 'description': None,
 'down_payment': None,
 'house_address': u'\u4e2d\u5c71\u5927\u9053\u4e0e\u9526\u9f99\u5927\u9053\u4ea4\u6c47\u5904',
 'house_name': u'\u529b\u9ad8\u541b\u5fa1\u56fd\u9645',
 'id': '2c8990b0-117c-11e8-8e71-382c4a16ce75',
 'monthly_payment': None,
 'province': u'\u5e7f\u4e1c\u7701',
 'source': u'\u5b89\u5c45\u5ba2',
 'total_price': None,
 'type': u'new',
 'unit_price': u'30000',
 'url': 'https://sz.fang.anjuke.com/loupan/canshu-250737.html'}
2018-02-14 19:42:51 [scrapy.extensions.throttle] INFO: slot: sz.fang.anjuke.com | conc: 1 | delay: 4000 ms (+0) | latency:  551 ms | size: 27000 bytes
2018-02-14 19:42:51 [scrapy.core.engine] DEBUG: Crawled (200) <GET https://sz.fang.anjuke.com/loupan/canshu-248284.html> (referer: https://sz.fang.anjuke.com/loupan/248284.html)
2018-02-14 19:42:51 [scrapy.core.scraper] DEBUG: Scraped from <200 https://sz.fang.anjuke.com/loupan/canshu-248284.html>
{'build_year': u'2015',
 'city': '\xe6\xb7\xb1\xe5\x9c\xb3',
 'county': '\xe5\x9d\xaa\xe5\xb1\xb1\xe5\x8c?',
 'crawl_time': 1518608571.457,
 'description': None,
 'down_payment': None,
 'house_address': u'\u533a\u653f\u5e9c\u53ca\u4e2d\u5fc3\u516c\u56ed\u65c1',
 'house_name': u'\u62db\u5546\u82b1\u56ed\u57ce',
 'id': '300ceb0f-117c-11e8-bbc8-382c4a16ce75',
 'monthly_payment': None,
 'province': u'\u5e7f\u4e1c\u7701',
 'source': u'\u5b89\u5c45\u5ba2',
 'total_price': None,
 'type': u'new',
 'unit_price': u'6767',
 'url': 'https://sz.fang.anjuke.com/loupan/canshu-248284.html'}
2018-02-14 19:42:55 [scrapy.extensions.throttle] INFO: slot: sz.fang.anjuke.com | conc: 1 | delay: 4000 ms (+0) | latency:  348 ms | size: 27632 bytes
2018-02-14 19:42:55 [scrapy.core.engine] DEBUG: Crawled (200) <GET https://sz.fang.anjuke.com/loupan/canshu-416959.html> (referer: https://sz.fang.anjuke.com/loupan/416959.html)
2018-02-14 19:42:55 [scrapy.core.scraper] DEBUG: Scraped from <200 https://sz.fang.anjuke.com/loupan/canshu-416959.html>
{'build_year': None,
 'city': '\xe6\xb7\xb1\xe5\x9c\xb3',
 'county': '\xe5\x9d\xaa\xe5\xb1\xb1\xe5\x8c?',
 'crawl_time': 1518608575.745,
 'description': None,
 'down_payment': None,
 'house_address': u'\u78a7\u6c99\u5317\u8def\u4ee5\u897f\u3001\u9f99\u52e4\u8def\u4ee5\u5357',
 'house_name': u'\u78a7\u6842\u56ed\u51e4\u51f0\u56fd\u9645\u516c\u9986\u9879\u76ee',
 'id': '329b370f-117c-11e8-86d5-382c4a16ce75',
 'monthly_payment': None,
 'province': u'\u5e7f\u4e1c\u7701',
 'source': u'\u5b89\u5c45\u5ba2',
 'total_price': None,
 'type': u'new',
 'unit_price': None,
 'url': 'https://sz.fang.anjuke.com/loupan/canshu-416959.html'}
2018-02-14 19:43:01 [scrapy.extensions.throttle] INFO: slot: sz.fang.anjuke.com | conc: 1 | delay: 4000 ms (+0) | latency:  397 ms | size: 25372 bytes
2018-02-14 19:43:01 [scrapy.core.engine] DEBUG: Crawled (200) <GET https://sz.fang.anjuke.com/loupan/canshu-410732.html> (referer: https://sz.fang.anjuke.com/loupan/410732.html)
2018-02-14 19:43:01 [scrapy.core.scraper] DEBUG: Scraped from <200 https://sz.fang.anjuke.com/loupan/canshu-410732.html>
{'build_year': u'2015',
 'city': '\xe6\xb7\xb1\xe5\x9c\xb3',
 'county': '\xe5\x9d\xaa\xe5\xb1\xb1\xe5\x8c?',
 'crawl_time': 1518608581.726,
 'description': None,
 'down_payment': None,
 'house_address': u'\u576a\u5c71\u7ba1\u59d4\u4f1a\u53ca\u4e2d\u5fc3\u516c\u56ed\u65c1',
 'house_name': u'\u576a\u5c71\u62db\u5546\u82b1\u56ed\u57ce\u5546\u94fa',
 'id': '362bd7e1-117c-11e8-a239-382c4a16ce75',
 'monthly_payment': None,
 'province': u'\u5e7f\u4e1c\u7701',
 'source': u'\u5b89\u5c45\u5ba2',
 'total_price': None,
 'type': u'new',
 'unit_price': None,
 'url': 'https://sz.fang.anjuke.com/loupan/canshu-410732.html'}
2018-02-14 19:43:05 [scrapy.extensions.logstats] INFO: Crawled 35 pages (at 12 pages/min), scraped 17 items (at 12 items/min)
2018-02-14 19:43:07 [scrapy.extensions.throttle] INFO: slot: sz.fang.anjuke.com | conc: 1 | delay: 4000 ms (+0) | latency:  490 ms | size: 37978 bytes
2018-02-14 19:43:07 [scrapy.core.engine] DEBUG: Crawled (200) <GET https://sz.fang.anjuke.com/loupan/416421.html> (referer: https://sz.fang.anjuke.com/loupan/pingshanqu/)
2018-02-14 19:43:12 [scrapy.extensions.throttle] INFO: slot: sz.fang.anjuke.com | conc: 1 | delay: 4000 ms (+0) | latency:  711 ms | size: 35456 bytes
2018-02-14 19:43:12 [scrapy.core.engine] DEBUG: Crawled (200) <GET https://sz.fang.anjuke.com/loupan/417562.html> (referer: https://sz.fang.anjuke.com/loupan/pingshanqu/)
2018-02-14 19:43:18 [scrapy.extensions.throttle] INFO: slot: sz.fang.anjuke.com | conc: 1 | delay: 4000 ms (+0) | latency:  377 ms | size: 34682 bytes
2018-02-14 19:43:18 [scrapy.core.engine] DEBUG: Crawled (200) <GET https://sz.fang.anjuke.com/loupan/433326.html> (referer: https://sz.fang.anjuke.com/loupan/pingshanqu/)
2018-02-14 19:43:21 [scrapy.extensions.throttle] INFO: slot: sz.fang.anjuke.com | conc: 1 | delay: 4000 ms (+0) | latency:  655 ms | size: 35499 bytes
2018-02-14 19:43:21 [scrapy.core.engine] DEBUG: Crawled (200) <GET https://sz.fang.anjuke.com/loupan/420524.html> (referer: https://sz.fang.anjuke.com/loupan/pingshanqu/)
2018-02-14 19:43:25 [scrapy.extensions.throttle] INFO: slot: sz.fang.anjuke.com | conc: 1 | delay: 4000 ms (+0) | latency:  418 ms | size: 35523 bytes
2018-02-14 19:43:25 [scrapy.core.engine] DEBUG: Crawled (200) <GET https://sz.fang.anjuke.com/loupan/416871.html> (referer: https://sz.fang.anjuke.com/loupan/pingshanqu/)
2018-02-14 19:43:29 [scrapy.extensions.throttle] INFO: slot: sz.fang.anjuke.com | conc: 1 | delay: 4000 ms (+0) | latency:  572 ms | size: 42015 bytes
2018-02-14 19:43:29 [scrapy.core.engine] DEBUG: Crawled (200) <GET https://sz.fang.anjuke.com/loupan/405909.html> (referer: https://sz.fang.anjuke.com/loupan/pingshanqu/)
2018-02-14 19:43:35 [scrapy.extensions.throttle] INFO: slot: sz.fang.anjuke.com | conc: 1 | delay: 4000 ms (+0) | latency:  378 ms | size: 40479 bytes
2018-02-14 19:43:35 [scrapy.core.engine] DEBUG: Crawled (200) <GET https://sz.fang.anjuke.com/loupan/237902.html> (referer: https://sz.fang.anjuke.com/loupan/pingshanqu/)
2018-02-14 19:43:41 [scrapy.extensions.throttle] INFO: slot: sz.fang.anjuke.com | conc: 1 | delay: 4000 ms (+0) | latency:  463 ms | size: 42776 bytes
2018-02-14 19:43:41 [scrapy.core.engine] DEBUG: Crawled (200) <GET https://sz.fang.anjuke.com/loupan/250732.html> (referer: https://sz.fang.anjuke.com/loupan/pingshanqu/)
2018-02-14 19:43:46 [scrapy.extensions.throttle] INFO: slot: sz.fang.anjuke.com | conc: 1 | delay: 4000 ms (+0) | latency:  555 ms | size: 40678 bytes
2018-02-14 19:43:46 [scrapy.core.engine] DEBUG: Crawled (200) <GET https://sz.fang.anjuke.com/loupan/414151.html> (referer: https://sz.fang.anjuke.com/loupan/pingshanqu/)
2018-02-14 19:43:50 [scrapy.extensions.throttle] INFO: slot: sz.fang.anjuke.com | conc: 1 | delay: 4000 ms (+0) | latency:  457 ms | size: 42146 bytes
2018-02-14 19:43:50 [scrapy.core.engine] DEBUG: Crawled (200) <GET https://sz.fang.anjuke.com/loupan/414472.html> (referer: https://sz.fang.anjuke.com/loupan/pingshanqu/)
2018-02-14 19:43:54 [scrapy.extensions.throttle] INFO: slot: sz.fang.anjuke.com | conc: 1 | delay: 4000 ms (+0) | latency:  302 ms | size: 29432 bytes
2018-02-14 19:43:54 [scrapy.core.engine] DEBUG: Crawled (200) <GET https://sz.fang.anjuke.com/loupan/canshu-416421.html> (referer: https://sz.fang.anjuke.com/loupan/416421.html)
2018-02-14 19:43:54 [scrapy.core.scraper] DEBUG: Scraped from <200 https://sz.fang.anjuke.com/loupan/canshu-416421.html>
{'build_year': u'2018',
 'city': '\xe6\xb7\xb1\xe5\x9c\xb3',
 'county': '\xe5\x9d\xaa\xe5\xb1\xb1\xe5\x8c?',
 'crawl_time': 1518608634.574,
 'description': None,
 'down_payment': None,
 'house_address': u'\u4e2d\u5c71\u5927\u9053\u4e0e\u632f\u73af\u8def\u4ea4\u6c47\u5904\uff08\u8fd1\u576a\u5c71\u5929\u8679\uff09',
 'house_name': u'\u9f99\u5149\u7396\u4e91\u8457',
 'id': '55abcede-117c-11e8-9979-382c4a16ce75',
 'monthly_payment': None,
 'province': u'\u5e7f\u4e1c\u7701',
 'source': u'\u5b89\u5c45\u5ba2',
 'total_price': None,
 'type': u'new',
 'unit_price': u'32000',
 'url': 'https://sz.fang.anjuke.com/loupan/canshu-416421.html'}
2018-02-14 19:44:00 [scrapy.extensions.throttle] INFO: slot: sz.fang.anjuke.com | conc: 1 | delay: 4000 ms (+0) | latency:  348 ms | size: 29048 bytes
2018-02-14 19:44:00 [scrapy.core.engine] DEBUG: Crawled (200) <GET https://sz.fang.anjuke.com/loupan/canshu-417562.html> (referer: https://sz.fang.anjuke.com/loupan/417562.html)
2018-02-14 19:44:00 [scrapy.core.scraper] DEBUG: Scraped from <200 https://sz.fang.anjuke.com/loupan/canshu-417562.html>
{'build_year': u'2019',
 'city': '\xe6\xb7\xb1\xe5\x9c\xb3',
 'county': '\xe5\x9d\xaa\xe5\xb1\xb1\xe5\x8c?',
 'crawl_time': 1518608640.164,
 'description': None,
 'down_payment': None,
 'house_address': u'\u576a\u5c71\u5927\u9053\u4e0e\u6bd4\u4e9a\u8fea\u8def\u4ea4\u6c47\u5904\u897f\u5317\u89d2',
 'house_name': u'\u6cf0\u79be\u4e2d\u592e\u5e7f\u573a',
 'id': '5900c640-117c-11e8-9a90-382c4a16ce75',
 'monthly_payment': None,
 'province': u'\u5e7f\u4e1c\u7701',
 'source': u'\u5b89\u5c45\u5ba2',
 'total_price': None,
 'type': u'new',
 'unit_price': None,
 'url': 'https://sz.fang.anjuke.com/loupan/canshu-417562.html'}
2018-02-14 19:44:03 [scrapy.extensions.throttle] INFO: slot: sz.fang.anjuke.com | conc: 1 | delay: 4000 ms (+0) | latency:  455 ms | size: 27913 bytes
2018-02-14 19:44:03 [scrapy.core.engine] DEBUG: Crawled (200) <GET https://sz.fang.anjuke.com/loupan/canshu-433326.html> (referer: https://sz.fang.anjuke.com/loupan/433326.html)
2018-02-14 19:44:03 [scrapy.core.scraper] DEBUG: Scraped from <200 https://sz.fang.anjuke.com/loupan/canshu-433326.html>
{'build_year': u'2019',
 'city': '\xe6\xb7\xb1\xe5\x9c\xb3',
 'county': '\xe5\x9d\xaa\xe5\xb1\xb1\xe5\x8c?',
 'crawl_time': 1518608643.918,
 'description': None,
 'down_payment': None,
 'house_address': u'\u576a\u5c71\u5927\u9053\u4e0e\u9526\u9f99\u8def\u4ea4\u6c47\u5904\u4e1c\u5357\u4fa7\uff08\u4e2d\u5c71\u5c0f\u5b66\u897f\u4fa7\uff09',
 'house_name': u'\u4fe1\u8fbe\u6cf0\u79be\xb7\u91d1\u5c0a\u5e9c',
 'id': '5b3d96de-117c-11e8-bbd3-382c4a16ce75',
 'monthly_payment': None,
 'province': u'\u5e7f\u4e1c\u7701',
 'source': u'\u5b89\u5c45\u5ba2',
 'total_price': None,
 'type': u'new',
 'unit_price': None,
 'url': 'https://sz.fang.anjuke.com/loupan/canshu-433326.html'}
2018-02-14 19:44:05 [scrapy.extensions.logstats] INFO: Crawled 48 pages (at 13 pages/min), scraped 20 items (at 3 items/min)
2018-02-14 19:44:09 [scrapy.extensions.throttle] INFO: slot: sz.fang.anjuke.com | conc: 1 | delay: 4000 ms (+0) | latency:  297 ms | size: 28614 bytes
2018-02-14 19:44:09 [scrapy.core.engine] DEBUG: Crawled (200) <GET https://sz.fang.anjuke.com/loupan/canshu-420524.html> (referer: https://sz.fang.anjuke.com/loupan/420524.html)
2018-02-14 19:44:09 [scrapy.core.scraper] DEBUG: Scraped from <200 https://sz.fang.anjuke.com/loupan/canshu-420524.html>
{'build_year': u'2019',
 'city': '\xe6\xb7\xb1\xe5\x9c\xb3',
 'county': '\xe5\x9d\xaa\xe5\xb1\xb1\xe5\x8c?',
 'crawl_time': 1518608649.632,
 'description': None,
 'down_payment': None,
 'house_address': u'\u6bd4\u4e9a\u8fea\u8def\u4e0e\u65b0\u5408\u8def\u4ea4\u6c47\u5904\u897f\u5357',
 'house_name': u'\u6cf0\u5bcc\u534e\u60a6\u90fd\u4f1a',
 'id': '5ea57a00-117c-11e8-9345-382c4a16ce75',
 'monthly_payment': None,
 'province': u'\u5e7f\u4e1c\u7701',
 'source': u'\u5b89\u5c45\u5ba2',
 'total_price': None,
 'type': u'new',
 'unit_price': None,
 'url': 'https://sz.fang.anjuke.com/loupan/canshu-420524.html'}
2018-02-14 19:44:15 [scrapy.extensions.throttle] INFO: slot: sz.fang.anjuke.com | conc: 1 | delay: 4000 ms (+0) | latency:  335 ms | size: 28989 bytes
2018-02-14 19:44:15 [scrapy.core.engine] DEBUG: Crawled (200) <GET https://sz.fang.anjuke.com/loupan/canshu-416871.html> (referer: https://sz.fang.anjuke.com/loupan/416871.html)
2018-02-14 19:44:15 [scrapy.core.scraper] DEBUG: Scraped from <200 https://sz.fang.anjuke.com/loupan/canshu-416871.html>
{'build_year': None,
 'city': '\xe6\xb7\xb1\xe5\x9c\xb3',
 'county': '\xe5\x9d\xaa\xe5\xb1\xb1\xe5\x8c?',
 'crawl_time': 1518608655.327,
 'description': None,
 'down_payment': None,
 'house_address': u'\u91d1\u78a7\u8def353\u53f7\u4e1c\uff08\u9e4f\u831c\u77ff\u5c71\u516c\u56ed\u65c1\uff09',
 'house_name': u'\u534e\u8c0a\u5144\u5f1f\u6587\u5316\u57ce',
 'id': '620a76ee-117c-11e8-b5b5-382c4a16ce75',
 'monthly_payment': None,
 'province': u'\u5e7f\u4e1c\u7701',
 'source': u'\u5b89\u5c45\u5ba2',
 'total_price': None,
 'type': u'new',
 'unit_price': None,
 'url': 'https://sz.fang.anjuke.com/loupan/canshu-416871.html'}
2018-02-14 19:44:19 [scrapy.extensions.throttle] INFO: slot: sz.fang.anjuke.com | conc: 1 | delay: 4000 ms (+0) | latency:  362 ms | size: 30287 bytes
2018-02-14 19:44:19 [scrapy.core.engine] DEBUG: Crawled (200) <GET https://sz.fang.anjuke.com/loupan/canshu-405909.html> (referer: https://sz.fang.anjuke.com/loupan/405909.html)
2018-02-14 19:44:19 [scrapy.core.scraper] DEBUG: Scraped from <200 https://sz.fang.anjuke.com/loupan/canshu-405909.html>
{'build_year': u'2018',
 'city': '\xe6\xb7\xb1\xe5\x9c\xb3',
 'county': '\xe5\x9d\xaa\xe5\xb1\xb1\xe5\x8c?',
 'crawl_time': 1518608659.387,
 'description': None,
 'down_payment': u'162',
 'house_address': u'\u6bd4\u4e9a\u8fea\u8def',
 'house_name': u'\u5fc3\u6d77\u57ce',
 'id': '6475f8b0-117c-11e8-b4b3-382c4a16ce75',
 'monthly_payment': u'20061.47',
 'province': u'\u5e7f\u4e1c\u7701',
 'source': u'\u5b89\u5c45\u5ba2',
 'total_price': u'540',
 'type': u'new',
 'unit_price': u'40000',
 'url': 'https://sz.fang.anjuke.com/loupan/canshu-405909.html'}
2018-02-14 19:44:24 [scrapy.extensions.throttle] INFO: slot: sz.fang.anjuke.com | conc: 1 | delay: 4000 ms (+0) | latency:  397 ms | size: 28650 bytes
2018-02-14 19:44:24 [scrapy.core.engine] DEBUG: Crawled (200) <GET https://sz.fang.anjuke.com/loupan/canshu-237902.html> (referer: https://sz.fang.anjuke.com/loupan/237902.html)
2018-02-14 19:44:24 [scrapy.core.scraper] DEBUG: Scraped from <200 https://sz.fang.anjuke.com/loupan/canshu-237902.html>
{'build_year': u'2014',
 'city': '\xe6\xb7\xb1\xe5\x9c\xb3',
 'county': '\xe5\x9d\xaa\xe5\xb1\xb1\xe5\x8c?',
 'crawl_time': 1518608664.613,
 'description': None,
 'down_payment': None,
 'house_address': u'\u4e39\u6893\u4e2d\u8def',
 'house_name': u'\u4e2d\u7cae\u4e16\u5bb6',
 'id': '6793654f-117c-11e8-8879-382c4a16ce75',
 'monthly_payment': None,
 'province': u'\u5e7f\u4e1c\u7701',
 'source': u'\u5b89\u5c45\u5ba2',
 'total_price': u'1100',
 'type': u'new',
 'unit_price': u'45000',
 'url': 'https://sz.fang.anjuke.com/loupan/canshu-237902.html'}
2018-02-14 19:44:30 [scrapy.extensions.throttle] INFO: slot: sz.fang.anjuke.com | conc: 1 | delay: 4000 ms (+0) | latency:  426 ms | size: 30232 bytes
2018-02-14 19:44:30 [scrapy.core.engine] DEBUG: Crawled (200) <GET https://sz.fang.anjuke.com/loupan/canshu-250732.html> (referer: https://sz.fang.anjuke.com/loupan/250732.html)
2018-02-14 19:44:30 [scrapy.core.scraper] DEBUG: Scraped from <200 https://sz.fang.anjuke.com/loupan/canshu-250732.html>
{'build_year': u'2018',
 'city': '\xe6\xb7\xb1\xe5\x9c\xb3',
 'county': '\xe5\x9d\xaa\xe5\xb1\xb1\xe5\x8c?',
 'crawl_time': 1518608670.645,
 'description': None,
 'down_payment': u'109.5',
 'house_address': u'\u6bd4\u4e9a\u8fea\u8def\u8f6c\u576a\u9a6c\u7ebf\u516c\u8def\u5927\u5c71\u9642\u6c34\u5e93\u4e1c\u4fa7',
 'house_name': u'\u5929\u5ce6\u6e56',
 'id': '6b2bce4f-117c-11e8-a639-382c4a16ce75',
 'monthly_payment': u'13560.07',
 'province': u'\u5e7f\u4e1c\u7701',
 'source': u'\u5b89\u5c45\u5ba2',
 'total_price': u'365',
 'type': u'new',
 'unit_price': u'42000',
 'url': 'https://sz.fang.anjuke.com/loupan/canshu-250732.html'}
2018-02-14 19:44:34 [scrapy.extensions.throttle] INFO: slot: sz.fang.anjuke.com | conc: 1 | delay: 4000 ms (+0) | latency:  427 ms | size: 29188 bytes
2018-02-14 19:44:34 [scrapy.core.engine] DEBUG: Crawled (200) <GET https://sz.fang.anjuke.com/loupan/canshu-414151.html> (referer: https://sz.fang.anjuke.com/loupan/414151.html)
2018-02-14 19:44:34 [scrapy.core.scraper] DEBUG: Scraped from <200 https://sz.fang.anjuke.com/loupan/canshu-414151.html>
{'build_year': u'2020',
 'city': '\xe6\xb7\xb1\xe5\x9c\xb3',
 'county': '\xe5\x9d\xaa\xe5\xb1\xb1\xe5\x8c?',
 'crawl_time': 1518608674.222,
 'description': None,
 'down_payment': u'100.8',
 'house_address': u'\u884c\u653f\u4e8c\u8def\u4e0e\u9f99\u576a\u8def\u4ea4\u6c47\u5904\u4e1c\u4fa7\uff08\u576a\u5c71\u5b9e\u9a8c\u5b66\u6821\u5bf9\u9762\uff09',
 'house_name': u'\u6df1\u57ce\u6295\xb7\u4e2d\u5fc3\u516c\u9986',
 'id': '6d4d9cde-117c-11e8-b82f-382c4a16ce75',
 'monthly_payment': u'12482.69',
 'province': u'\u5e7f\u4e1c\u7701',
 'source': u'\u5b89\u5c45\u5ba2',
 'total_price': u'336',
 'type': u'new',
 'unit_price': u'42000',
 'url': 'https://sz.fang.anjuke.com/loupan/canshu-414151.html'}
2018-02-14 19:44:39 [scrapy.extensions.throttle] INFO: slot: sz.fang.anjuke.com | conc: 1 | delay: 4000 ms (+0) | latency:  470 ms | size: 29398 bytes
2018-02-14 19:44:39 [scrapy.core.engine] DEBUG: Crawled (200) <GET https://sz.fang.anjuke.com/loupan/canshu-414472.html> (referer: https://sz.fang.anjuke.com/loupan/414472.html)
2018-02-14 19:44:39 [scrapy.core.scraper] DEBUG: Scraped from <200 https://sz.fang.anjuke.com/loupan/canshu-414472.html>
{'build_year': u'2019',
 'city': '\xe6\xb7\xb1\xe5\x9c\xb3',
 'county': '\xe5\x9d\xaa\xe5\xb1\xb1\xe5\x8c?',
 'crawl_time': 1518608679.728,
 'description': None,
 'down_payment': u'100.8',
 'house_address': u'\u91d1\u725b\u4e1c\u8def',
 'house_name': u'\u5965\u56ed\u7fe1\u7fe0\u4e1c\u6e7e',
 'id': '7095c300-117c-11e8-a36c-382c4a16ce75',
 'monthly_payment': u'12482.69',
 'province': u'\u5e7f\u4e1c\u7701',
 'source': u'\u5b89\u5c45\u5ba2',
 'total_price': u'336',
 'type': u'new',
 'unit_price': u'32000',
 'url': 'https://sz.fang.anjuke.com/loupan/canshu-414472.html'}
2018-02-14 19:44:39 [scrapy.core.engine] INFO: Closing spider (finished)
2018-02-14 19:44:39 [scrapy.statscollectors] INFO: Dumping Scrapy stats:
{'downloader/request_bytes': 61134,
 'downloader/request_count': 55,
 'downloader/request_method_count/GET': 55,
 'downloader/response_bytes': 1840074,
 'downloader/response_count': 55,
 'downloader/response_status_count/200': 55,
 'finish_reason': 'finished',
 'finish_time': datetime.datetime(2018, 2, 14, 11, 44, 39, 774000),
 'item_scraped_count': 27,
 'log_count/DEBUG': 83,
 'log_count/INFO': 66,
 'request_depth_max': 2,
 'response_received_count': 55,
 'scheduler/dequeued': 55,
 'scheduler/dequeued/memory': 55,
 'scheduler/enqueued': 55,
 'scheduler/enqueued/memory': 55,
 'start_time': datetime.datetime(2018, 2, 14, 11, 40, 5, 33000)}
2018-02-14 19:44:39 [scrapy.core.engine] INFO: Spider closed (finished)
