2018-02-14 19:44:41 [scrapy.utils.log] INFO: Scrapy 1.4.0 started (bot: HouseCrawler)
2018-02-14 19:44:41 [scrapy.utils.log] INFO: Overridden settings: {'AUTOTHROTTLE_MAX_DELAY': 30, 'NEWSPIDER_MODULE': 'HouseCrawler.spiders', 'LOG_FILE': 'logs\\HouseCrawler\\AnjukeNewHouseSpider\\c20c9b4f111d11e89846382c4a16ce75.log', 'CONCURRENT_REQUESTS_PER_DOMAIN': 1, 'SPIDER_MODULES': ['HouseCrawler.spiders'], 'AUTOTHROTTLE_START_DELAY': 6, 'BOT_NAME': 'HouseCrawler', 'AUTOTHROTTLE_ENABLED': True, 'DOWNLOAD_DELAY': 4, 'AUTOTHROTTLE_DEBUG': True}
2018-02-14 19:44:41 [scrapy.middleware] INFO: Enabled extensions:
['scrapy.extensions.logstats.LogStats',
 'scrapy.extensions.telnet.TelnetConsole',
 'scrapy.extensions.corestats.CoreStats',
 'scrapy.extensions.throttle.AutoThrottle']
2018-02-14 19:44:41 [scrapy.middleware] INFO: Enabled downloader middlewares:
['HouseCrawler.middlewares.AnjukeUserAgentMiddleware',
 'scrapy.downloadermiddlewares.httpauth.HttpAuthMiddleware',
 'scrapy.downloadermiddlewares.downloadtimeout.DownloadTimeoutMiddleware',
 'scrapy.downloadermiddlewares.defaultheaders.DefaultHeadersMiddleware',
 'scrapy.downloadermiddlewares.retry.RetryMiddleware',
 'scrapy.downloadermiddlewares.redirect.MetaRefreshMiddleware',
 'scrapy.downloadermiddlewares.httpcompression.HttpCompressionMiddleware',
 'scrapy.downloadermiddlewares.redirect.RedirectMiddleware',
 'scrapy.downloadermiddlewares.cookies.CookiesMiddleware',
 'scrapy.downloadermiddlewares.httpproxy.HttpProxyMiddleware',
 'scrapy.downloadermiddlewares.stats.DownloaderStats']
2018-02-14 19:44:41 [scrapy.middleware] INFO: Enabled spider middlewares:
['scrapy.spidermiddlewares.httperror.HttpErrorMiddleware',
 'scrapy.spidermiddlewares.offsite.OffsiteMiddleware',
 'scrapy.spidermiddlewares.referer.RefererMiddleware',
 'scrapy.spidermiddlewares.urllength.UrlLengthMiddleware',
 'scrapy.spidermiddlewares.depth.DepthMiddleware']
2018-02-14 19:44:41 [scrapy.middleware] INFO: Enabled item pipelines:
[]
2018-02-14 19:44:41 [scrapy.core.engine] INFO: Spider opened
2018-02-14 19:44:41 [scrapy.extensions.logstats] INFO: Crawled 0 pages (at 0 pages/min), scraped 0 items (at 0 items/min)
2018-02-14 19:44:41 [scrapy.extensions.telnet] DEBUG: Telnet console listening on 127.0.0.1:6023
2018-02-14 19:44:42 [scrapy.extensions.throttle] INFO: slot: sz.fang.anjuke.com | conc: 1 | delay: 4000 ms (-2000) | latency:  548 ms | size: 32176 bytes
2018-02-14 19:44:42 [scrapy.core.engine] DEBUG: Crawled (200) <GET https://sz.fang.anjuke.com/loupan/futian/> (referer: https://gz.fang.anjuke.com/)
2018-02-14 19:44:48 [scrapy.extensions.throttle] INFO: slot: sz.fang.anjuke.com | conc: 1 | delay: 4000 ms (+0) | latency:  667 ms | size: 38906 bytes
2018-02-14 19:44:48 [scrapy.core.engine] DEBUG: Crawled (200) <GET https://sz.fang.anjuke.com/loupan/389613.html> (referer: https://sz.fang.anjuke.com/loupan/futian/)
2018-02-14 19:44:52 [scrapy.extensions.throttle] INFO: slot: sz.fang.anjuke.com | conc: 1 | delay: 4000 ms (+0) | latency:  511 ms | size: 41310 bytes
2018-02-14 19:44:52 [scrapy.core.engine] DEBUG: Crawled (200) <GET https://sz.fang.anjuke.com/loupan/249631.html> (referer: https://sz.fang.anjuke.com/loupan/futian/)
2018-02-14 19:44:56 [scrapy.extensions.throttle] INFO: slot: sz.fang.anjuke.com | conc: 1 | delay: 4000 ms (+0) | latency:  509 ms | size: 33964 bytes
2018-02-14 19:44:56 [scrapy.core.engine] DEBUG: Crawled (200) <GET https://sz.fang.anjuke.com/loupan/423658.html> (referer: https://sz.fang.anjuke.com/loupan/futian/)
2018-02-14 19:44:59 [scrapy.extensions.throttle] INFO: slot: sz.fang.anjuke.com | conc: 1 | delay: 4000 ms (+0) | latency:  449 ms | size: 36685 bytes
2018-02-14 19:44:59 [scrapy.core.engine] DEBUG: Crawled (200) <GET https://sz.fang.anjuke.com/loupan/414722.html> (referer: https://sz.fang.anjuke.com/loupan/futian/)
2018-02-14 19:45:04 [scrapy.extensions.throttle] INFO: slot: sz.fang.anjuke.com | conc: 1 | delay: 4000 ms (+0) | latency:  609 ms | size: 34430 bytes
2018-02-14 19:45:04 [scrapy.core.engine] DEBUG: Crawled (200) <GET https://sz.fang.anjuke.com/loupan/411191.html> (referer: https://sz.fang.anjuke.com/loupan/futian/)
2018-02-14 19:45:10 [scrapy.extensions.throttle] INFO: slot: sz.fang.anjuke.com | conc: 1 | delay: 4000 ms (+0) | latency:  567 ms | size: 35058 bytes
2018-02-14 19:45:10 [scrapy.core.engine] DEBUG: Crawled (200) <GET https://sz.fang.anjuke.com/loupan/419149.html> (referer: https://sz.fang.anjuke.com/loupan/futian/)
2018-02-14 19:45:13 [scrapy.extensions.throttle] INFO: slot: sz.fang.anjuke.com | conc: 1 | delay: 4000 ms (+0) | latency:  506 ms | size: 34048 bytes
2018-02-14 19:45:13 [scrapy.core.engine] DEBUG: Crawled (200) <GET https://sz.fang.anjuke.com/loupan/417253.html> (referer: https://sz.fang.anjuke.com/loupan/futian/)
2018-02-14 19:45:18 [scrapy.extensions.throttle] INFO: slot: sz.fang.anjuke.com | conc: 1 | delay: 4000 ms (+0) | latency:  430 ms | size: 38671 bytes
2018-02-14 19:45:18 [scrapy.core.engine] DEBUG: Crawled (200) <GET https://sz.fang.anjuke.com/loupan/412258.html> (referer: https://sz.fang.anjuke.com/loupan/futian/)
2018-02-14 19:45:23 [scrapy.extensions.throttle] INFO: slot: sz.fang.anjuke.com | conc: 1 | delay: 4000 ms (+0) | latency:  495 ms | size: 37255 bytes
2018-02-14 19:45:23 [scrapy.core.engine] DEBUG: Crawled (200) <GET https://sz.fang.anjuke.com/loupan/237144.html> (referer: https://sz.fang.anjuke.com/loupan/futian/)
2018-02-14 19:45:29 [scrapy.extensions.throttle] INFO: slot: sz.fang.anjuke.com | conc: 1 | delay: 4000 ms (+0) | latency:  411 ms | size: 43404 bytes
2018-02-14 19:45:29 [scrapy.core.engine] DEBUG: Crawled (200) <GET https://sz.fang.anjuke.com/loupan/237736.html> (referer: https://sz.fang.anjuke.com/loupan/futian/)
2018-02-14 19:45:35 [scrapy.extensions.throttle] INFO: slot: sz.fang.anjuke.com | conc: 1 | delay: 4000 ms (+0) | latency:  406 ms | size: 40763 bytes
2018-02-14 19:45:35 [scrapy.core.engine] DEBUG: Crawled (200) <GET https://sz.fang.anjuke.com/loupan/249609.html> (referer: https://sz.fang.anjuke.com/loupan/futian/)
2018-02-14 19:45:40 [scrapy.extensions.throttle] INFO: slot: sz.fang.anjuke.com | conc: 1 | delay: 4000 ms (+0) | latency:  461 ms | size: 36349 bytes
2018-02-14 19:45:40 [scrapy.core.engine] DEBUG: Crawled (200) <GET https://sz.fang.anjuke.com/loupan/239588.html> (referer: https://sz.fang.anjuke.com/loupan/futian/)
2018-02-14 19:45:41 [scrapy.extensions.logstats] INFO: Crawled 13 pages (at 13 pages/min), scraped 0 items (at 0 items/min)
2018-02-14 19:45:44 [scrapy.extensions.throttle] INFO: slot: sz.fang.anjuke.com | conc: 1 | delay: 4000 ms (+0) | latency:  371 ms | size: 36561 bytes
2018-02-14 19:45:44 [scrapy.core.engine] DEBUG: Crawled (200) <GET https://sz.fang.anjuke.com/loupan/221632.html> (referer: https://sz.fang.anjuke.com/loupan/futian/)
2018-02-14 19:45:49 [scrapy.extensions.throttle] INFO: slot: sz.fang.anjuke.com | conc: 1 | delay: 4000 ms (+0) | latency:  335 ms | size: 25935 bytes
2018-02-14 19:45:49 [scrapy.core.engine] DEBUG: Crawled (200) <GET https://sz.fang.anjuke.com/loupan/futian/p2/> (referer: https://sz.fang.anjuke.com/loupan/futian/)
2018-02-14 19:45:49 [scrapy.dupefilters] DEBUG: Filtered duplicate request: <GET https://sz.fang.anjuke.com/loupan/205135.html> - no more duplicates will be shown (see DUPEFILTER_DEBUG to show all duplicates)
2018-02-14 19:45:55 [scrapy.extensions.throttle] INFO: slot: sz.fang.anjuke.com | conc: 1 | delay: 4000 ms (+0) | latency:  381 ms | size: 34243 bytes
2018-02-14 19:45:55 [scrapy.core.engine] DEBUG: Crawled (200) <GET https://sz.fang.anjuke.com/loupan/237763.html> (referer: https://sz.fang.anjuke.com/loupan/futian/)
2018-02-14 19:46:00 [scrapy.extensions.throttle] INFO: slot: sz.fang.anjuke.com | conc: 1 | delay: 4000 ms (+0) | latency:  396 ms | size: 36943 bytes
2018-02-14 19:46:00 [scrapy.core.engine] DEBUG: Crawled (200) <GET https://sz.fang.anjuke.com/loupan/205135.html> (referer: https://sz.fang.anjuke.com/loupan/futian/)
2018-02-14 19:46:03 [scrapy.extensions.throttle] INFO: slot: sz.fang.anjuke.com | conc: 1 | delay: 4000 ms (+0) | latency:  474 ms | size: 37019 bytes
2018-02-14 19:46:03 [scrapy.core.engine] DEBUG: Crawled (200) <GET https://sz.fang.anjuke.com/loupan/237738.html> (referer: https://sz.fang.anjuke.com/loupan/futian/)
2018-02-14 19:46:09 [scrapy.extensions.throttle] INFO: slot: sz.fang.anjuke.com | conc: 1 | delay: 4000 ms (+0) | latency:  358 ms | size: 29524 bytes
2018-02-14 19:46:09 [scrapy.core.engine] DEBUG: Crawled (200) <GET https://sz.fang.anjuke.com/loupan/canshu-389613.html> (referer: https://sz.fang.anjuke.com/loupan/389613.html)
2018-02-14 19:46:09 [scrapy.core.scraper] DEBUG: Scraped from <200 https://sz.fang.anjuke.com/loupan/canshu-389613.html>
{'build_year': None,
 'city': '\xe6\xb7\xb1\xe5\x9c\xb3',
 'county': '\xe7\xa6\x8f\xe7\x94\xb0',
 'crawl_time': 1518608769.235,
 'description': None,
 'down_payment': None,
 'house_address': u'\u6c99\u5634\u8def\u4e0e\u91d1\u5730\u4e00\u8def\u4ea4\u6c47\u5904\u4e1c\u5357\u4fa7',
 'house_name': u'\u7ea2\u6811\u6e7e\u58f9\u53f7',
 'id': 'a5ef722e-117c-11e8-90cc-382c4a16ce75',
 'monthly_payment': None,
 'province': u'\u5e7f\u4e1c\u7701',
 'source': u'\u5b89\u5c45\u5ba2',
 'total_price': None,
 'type': u'new',
 'unit_price': None,
 'url': 'https://sz.fang.anjuke.com/loupan/canshu-389613.html'}
2018-02-14 19:46:14 [scrapy.extensions.throttle] INFO: slot: sz.fang.anjuke.com | conc: 1 | delay: 4000 ms (+0) | latency:  473 ms | size: 30337 bytes
2018-02-14 19:46:14 [scrapy.core.engine] DEBUG: Crawled (200) <GET https://sz.fang.anjuke.com/loupan/canshu-249631.html> (referer: https://sz.fang.anjuke.com/loupan/249631.html)
2018-02-14 19:46:14 [scrapy.core.scraper] DEBUG: Scraped from <200 https://sz.fang.anjuke.com/loupan/canshu-249631.html>
{'build_year': u'2014',
 'city': '\xe6\xb7\xb1\xe5\x9c\xb3',
 'county': '\xe7\xa6\x8f\xe7\x94\xb0',
 'crawl_time': 1518608774.151,
 'description': None,
 'down_payment': u'3055',
 'house_address': u'\u7687\u5c97\u8def\u4e0e\u7b0b\u5c97\u897f\u8def\u4ea4\u6c47\u5904\u897f\u5317\u4fa7',
 'house_name': u'\u6df1\u4e1a\u4e0a\u57ce',
 'id': 'a8dd9170-117c-11e8-87fb-382c4a16ce75',
 'monthly_payment': u'162137.01',
 'province': u'\u5e7f\u4e1c\u7701',
 'source': u'\u5b89\u5c45\u5ba2',
 'total_price': u'6110',
 'type': u'new',
 'unit_price': u'130000',
 'url': 'https://sz.fang.anjuke.com/loupan/canshu-249631.html'}
2018-02-14 19:46:19 [scrapy.extensions.throttle] INFO: slot: sz.fang.anjuke.com | conc: 1 | delay: 4000 ms (+0) | latency:  506 ms | size: 28036 bytes
2018-02-14 19:46:19 [scrapy.core.engine] DEBUG: Crawled (200) <GET https://sz.fang.anjuke.com/loupan/canshu-423658.html> (referer: https://sz.fang.anjuke.com/loupan/423658.html)
2018-02-14 19:46:20 [scrapy.core.scraper] DEBUG: Scraped from <200 https://sz.fang.anjuke.com/loupan/canshu-423658.html>
{'build_year': None,
 'city': '\xe6\xb7\xb1\xe5\x9c\xb3',
 'county': '\xe7\xa6\x8f\xe7\x94\xb0',
 'crawl_time': 1518608780.016,
 'description': None,
 'down_payment': None,
 'house_address': u'\u632f\u534e\u8def\u4e0e\u534e\u53d1\u5317\u8def\u4ea4\u6c47\u5904',
 'house_name': u'\u4e2d\u7535\u8fea\u5bcc\u5927\u53a6',
 'id': 'ac5c7f00-117c-11e8-b772-382c4a16ce75',
 'monthly_payment': None,
 'province': u'\u5e7f\u4e1c\u7701',
 'source': u'\u5b89\u5c45\u5ba2',
 'total_price': None,
 'type': u'new',
 'unit_price': None,
 'url': 'https://sz.fang.anjuke.com/loupan/canshu-423658.html'}
2018-02-14 19:46:25 [scrapy.extensions.throttle] INFO: slot: sz.fang.anjuke.com | conc: 1 | delay: 4000 ms (+0) | latency:  341 ms | size: 28645 bytes
2018-02-14 19:46:25 [scrapy.core.engine] DEBUG: Crawled (200) <GET https://sz.fang.anjuke.com/loupan/canshu-414722.html> (referer: https://sz.fang.anjuke.com/loupan/414722.html)
2018-02-14 19:46:25 [scrapy.core.scraper] DEBUG: Scraped from <200 https://sz.fang.anjuke.com/loupan/canshu-414722.html>
{'build_year': None,
 'city': '\xe6\xb7\xb1\xe5\x9c\xb3',
 'county': '\xe7\xa6\x8f\xe7\x94\xb0',
 'crawl_time': 1518608785.77,
 'description': None,
 'down_payment': None,
 'house_address': u'\u4fa8\u9999\u8def\u4e09\u9053\u4e0e\u4fa8\u9999\u56db\u8def\u4ea4\u6c47\u5904',
 'house_name': u'\u5b89\u5ce6\u516c\u9986',
 'id': 'afca7c9e-117c-11e8-95fa-382c4a16ce75',
 'monthly_payment': None,
 'province': u'\u5e7f\u4e1c\u7701',
 'source': u'\u5b89\u5c45\u5ba2',
 'total_price': None,
 'type': u'new',
 'unit_price': None,
 'url': 'https://sz.fang.anjuke.com/loupan/canshu-414722.html'}
2018-02-14 19:46:30 [scrapy.extensions.throttle] INFO: slot: sz.fang.anjuke.com | conc: 1 | delay: 4000 ms (+0) | latency:  552 ms | size: 27650 bytes
2018-02-14 19:46:30 [scrapy.core.engine] DEBUG: Crawled (200) <GET https://sz.fang.anjuke.com/loupan/canshu-411191.html> (referer: https://sz.fang.anjuke.com/loupan/411191.html)
2018-02-14 19:46:30 [scrapy.core.scraper] DEBUG: Scraped from <200 https://sz.fang.anjuke.com/loupan/canshu-411191.html>
{'build_year': None,
 'city': '\xe6\xb7\xb1\xe5\x9c\xb3',
 'county': '\xe7\xa6\x8f\xe7\x94\xb0',
 'crawl_time': 1518608790.839,
 'description': None,
 'down_payment': None,
 'house_address': u'\u798f\u7530\u5357\u8def\u4e0e\u6ee8\u6cb3\u8def\u4ea4\u6c47\u897f\u5357\u89d2',
 'house_name': u'\u91d1\u9886\u5047\u65e5\u516c\u5bd3',
 'id': 'b2cff470-117c-11e8-8aa9-382c4a16ce75',
 'monthly_payment': None,
 'province': u'\u5e7f\u4e1c\u7701',
 'source': u'\u5b89\u5c45\u5ba2',
 'total_price': None,
 'type': u'new',
 'unit_price': None,
 'url': 'https://sz.fang.anjuke.com/loupan/canshu-411191.html'}
2018-02-14 19:46:36 [scrapy.extensions.throttle] INFO: slot: sz.fang.anjuke.com | conc: 1 | delay: 4000 ms (+0) | latency:  400 ms | size: 29068 bytes
2018-02-14 19:46:36 [scrapy.core.engine] DEBUG: Crawled (200) <GET https://sz.fang.anjuke.com/loupan/canshu-419149.html> (referer: https://sz.fang.anjuke.com/loupan/419149.html)
2018-02-14 19:46:36 [scrapy.core.scraper] DEBUG: Scraped from <200 https://sz.fang.anjuke.com/loupan/canshu-419149.html>
{'build_year': u'2019',
 'city': '\xe6\xb7\xb1\xe5\x9c\xb3',
 'county': '\xe7\xa6\x8f\xe7\x94\xb0',
 'crawl_time': 1518608796.582,
 'description': None,
 'down_payment': None,
 'house_address': u'\u71d5\u5357\u8def\u4e0e\u632f\u4e2d\u8def\u4ea4\u6c47\u5904\uff08\u5730\u94c11\u53f7\u7ebf\u79d1\u5b66\u7ad9B\u51fa\u53e3\uff09',
 'house_name': u'\u5b9d\u6811\u53f0',
 'id': 'b63c4461-117c-11e8-a7a7-382c4a16ce75',
 'monthly_payment': None,
 'province': u'\u5e7f\u4e1c\u7701',
 'source': u'\u5b89\u5c45\u5ba2',
 'total_price': None,
 'type': u'new',
 'unit_price': u'79500',
 'url': 'https://sz.fang.anjuke.com/loupan/canshu-419149.html'}
2018-02-14 19:46:41 [scrapy.extensions.throttle] INFO: slot: sz.fang.anjuke.com | conc: 1 | delay: 4000 ms (+0) | latency:  364 ms | size: 29052 bytes
2018-02-14 19:46:41 [scrapy.core.engine] DEBUG: Crawled (200) <GET https://sz.fang.anjuke.com/loupan/canshu-417253.html> (referer: https://sz.fang.anjuke.com/loupan/417253.html)
2018-02-14 19:46:41 [scrapy.extensions.logstats] INFO: Crawled 25 pages (at 12 pages/min), scraped 6 items (at 6 items/min)
2018-02-14 19:46:41 [scrapy.core.scraper] DEBUG: Scraped from <200 https://sz.fang.anjuke.com/loupan/canshu-417253.html>
{'build_year': u'2018',
 'city': '\xe6\xb7\xb1\xe5\x9c\xb3',
 'county': '\xe7\xa6\x8f\xe7\x94\xb0',
 'crawl_time': 1518608801.845,
 'description': None,
 'down_payment': None,
 'house_address': u'\u632f\u534e\u8def89\u53f7',
 'house_name': u'\u6052\u90a6\u58f9\u5cef',
 'id': 'b95f564f-117c-11e8-9ae9-382c4a16ce75',
 'monthly_payment': None,
 'province': u'\u5e7f\u4e1c\u7701',
 'source': u'\u5b89\u5c45\u5ba2',
 'total_price': None,
 'type': u'new',
 'unit_price': u'85000',
 'url': 'https://sz.fang.anjuke.com/loupan/canshu-417253.html'}
2018-02-14 19:46:47 [scrapy.extensions.throttle] INFO: slot: sz.fang.anjuke.com | conc: 1 | delay: 4000 ms (+0) | latency:  416 ms | size: 28806 bytes
2018-02-14 19:46:47 [scrapy.core.engine] DEBUG: Crawled (200) <GET https://sz.fang.anjuke.com/loupan/canshu-412258.html> (referer: https://sz.fang.anjuke.com/loupan/412258.html)
2018-02-14 19:46:47 [scrapy.core.scraper] DEBUG: Scraped from <200 https://sz.fang.anjuke.com/loupan/canshu-412258.html>
{'build_year': u'2019',
 'city': '\xe6\xb7\xb1\xe5\x9c\xb3',
 'county': '\xe7\xa6\x8f\xe7\x94\xb0',
 'crawl_time': 1518608807.528,
 'description': None,
 'down_payment': None,
 'house_address': u'\u5b89\u6258\u5c71\u516d\u8def\u4e0e\u4fa8\u9999\u4e94\u9053\u4ea4\u6c47\u5904\uff08\u5730\u94c1\u5b89\u6258\u5c71\u7ad9C\u51fa\u53e3\uff09',
 'house_name': u'\u4e07\u79d1\u7467\u5c71\u5e9c',
 'id': 'bcc27e80-117c-11e8-b929-382c4a16ce75',
 'monthly_payment': None,
 'province': u'\u5e7f\u4e1c\u7701',
 'source': u'\u5b89\u5c45\u5ba2',
 'total_price': None,
 'type': u'new',
 'unit_price': None,
 'url': 'https://sz.fang.anjuke.com/loupan/canshu-412258.html'}
2018-02-14 19:46:51 [scrapy.extensions.throttle] INFO: slot: sz.fang.anjuke.com | conc: 1 | delay: 4000 ms (+0) | latency:  392 ms | size: 29627 bytes
2018-02-14 19:46:51 [scrapy.core.engine] DEBUG: Crawled (200) <GET https://sz.fang.anjuke.com/loupan/canshu-237144.html> (referer: https://sz.fang.anjuke.com/loupan/237144.html)
2018-02-14 19:46:51 [scrapy.core.scraper] DEBUG: Scraped from <200 https://sz.fang.anjuke.com/loupan/canshu-237144.html>
{'build_year': None,
 'city': '\xe6\xb7\xb1\xe5\x9c\xb3',
 'county': '\xe7\xa6\x8f\xe7\x94\xb0',
 'crawl_time': 1518608811.375,
 'description': None,
 'down_payment': None,
 'house_address': u'\u5f69\u7530\u8def\u548c\u798f\u534e\u8def\u4ea4\u6c47\u5904\uff08\u5f69\u798f\u5927\u53a6\u9644\u8fd1\uff09',
 'house_name': u'\u6df1\u5733\u4e2d\u5fc3\u5929\u5143',
 'id': 'bf0d7ff0-117c-11e8-8951-382c4a16ce75',
 'monthly_payment': None,
 'province': u'\u5e7f\u4e1c\u7701',
 'source': u'\u5b89\u5c45\u5ba2',
 'total_price': None,
 'type': u'new',
 'unit_price': None,
 'url': 'https://sz.fang.anjuke.com/loupan/canshu-237144.html'}
2018-02-14 19:46:56 [scrapy.extensions.throttle] INFO: slot: sz.fang.anjuke.com | conc: 1 | delay: 4000 ms (+0) | latency:  414 ms | size: 30218 bytes
2018-02-14 19:46:56 [scrapy.core.engine] DEBUG: Crawled (200) <GET https://sz.fang.anjuke.com/loupan/canshu-237736.html> (referer: https://sz.fang.anjuke.com/loupan/237736.html)
2018-02-14 19:46:56 [scrapy.core.scraper] DEBUG: Scraped from <200 https://sz.fang.anjuke.com/loupan/canshu-237736.html>
{'build_year': u'2017',
 'city': '\xe6\xb7\xb1\xe5\x9c\xb3',
 'county': '\xe7\xa6\x8f\xe7\x94\xb0',
 'crawl_time': 1518608816.862,
 'description': None,
 'down_payment': u'147.9',
 'house_address': u'\u6885\u6797\u8def',
 'house_name': u'\u7eff\u666f\u8679\u6e7e',
 'id': 'c252bfde-117c-11e8-aa8d-382c4a16ce75',
 'monthly_payment': u'18315.38',
 'province': u'\u5e7f\u4e1c\u7701',
 'source': u'\u5b89\u5c45\u5ba2',
 'total_price': u'493',
 'type': u'new',
 'unit_price': u'85000',
 'url': 'https://sz.fang.anjuke.com/loupan/canshu-237736.html'}
2018-02-14 19:46:59 [scrapy.extensions.throttle] INFO: slot: sz.fang.anjuke.com | conc: 1 | delay: 4000 ms (+0) | latency:  289 ms | size: 30590 bytes
2018-02-14 19:46:59 [scrapy.core.engine] DEBUG: Crawled (200) <GET https://sz.fang.anjuke.com/loupan/canshu-249609.html> (referer: https://sz.fang.anjuke.com/loupan/249609.html)
2018-02-14 19:46:59 [scrapy.core.scraper] DEBUG: Scraped from <200 https://sz.fang.anjuke.com/loupan/canshu-249609.html>
{'build_year': u'2014',
 'city': '\xe6\xb7\xb1\xe5\x9c\xb3',
 'county': '\xe7\xa6\x8f\xe7\x94\xb0',
 'crawl_time': 1518608819.197,
 'description': None,
 'down_payment': u'665.5',
 'house_address': u'\u6df1\u5357\u5927\u9053\u4e0e\u519c\u6797\u8def\u4ea4\u6c47\u5904',
 'house_name': u'\u4e1c\u6d77\u56fd\u9645\u516c\u5bd3',
 'id': 'c3b70acf-117c-11e8-847b-382c4a16ce75',
 'monthly_payment': u'35319.86',
 'province': u'\u5e7f\u4e1c\u7701',
 'source': u'\u5b89\u5c45\u5ba2',
 'total_price': u'1331',
 'type': u'new',
 'unit_price': u'110000',
 'url': 'https://sz.fang.anjuke.com/loupan/canshu-249609.html'}
2018-02-14 19:47:05 [scrapy.extensions.throttle] INFO: slot: sz.fang.anjuke.com | conc: 1 | delay: 4000 ms (+0) | latency:  325 ms | size: 29147 bytes
2018-02-14 19:47:05 [scrapy.core.engine] DEBUG: Crawled (200) <GET https://sz.fang.anjuke.com/loupan/canshu-239588.html> (referer: https://sz.fang.anjuke.com/loupan/239588.html)
2018-02-14 19:47:05 [scrapy.core.scraper] DEBUG: Scraped from <200 https://sz.fang.anjuke.com/loupan/canshu-239588.html>
{'build_year': u'2016',
 'city': '\xe6\xb7\xb1\xe5\x9c\xb3',
 'county': '\xe7\xa6\x8f\xe7\x94\xb0',
 'crawl_time': 1518608825.19,
 'description': None,
 'down_payment': u'418.5',
 'house_address': u'\u77f3\u53a6\u5317\u516b\u88576\u53f7',
 'house_name': u'\u5b9d\u751fMidtown',
 'id': 'c7498061-117c-11e8-a92c-382c4a16ce75',
 'monthly_payment': u'51825.46',
 'province': u'\u5e7f\u4e1c\u7701',
 'source': u'\u5b89\u5c45\u5ba2',
 'total_price': u'1395',
 'type': u'new',
 'unit_price': u'90000',
 'url': 'https://sz.fang.anjuke.com/loupan/canshu-239588.html'}
2018-02-14 19:47:11 [scrapy.extensions.throttle] INFO: slot: sz.fang.anjuke.com | conc: 1 | delay: 4000 ms (+0) | latency:  551 ms | size: 29341 bytes
2018-02-14 19:47:11 [scrapy.core.engine] DEBUG: Crawled (200) <GET https://sz.fang.anjuke.com/loupan/canshu-221632.html> (referer: https://sz.fang.anjuke.com/loupan/221632.html)
2018-02-14 19:47:11 [scrapy.core.scraper] DEBUG: Scraped from <200 https://sz.fang.anjuke.com/loupan/canshu-221632.html>
{'build_year': None,
 'city': '\xe6\xb7\xb1\xe5\x9c\xb3',
 'county': '\xe7\xa6\x8f\xe7\x94\xb0',
 'crawl_time': 1518608831.14,
 'description': None,
 'down_payment': None,
 'house_address': u'\u798f\u9f99\u8def\u4e0e\u5317\u73af\u8def\u4ea4\u53c9\u53e3',
 'house_name': u'\u5c71\u8bed\u6e05\u6656',
 'id': 'cad56640-117c-11e8-8c59-382c4a16ce75',
 'monthly_payment': None,
 'province': u'\u5e7f\u4e1c\u7701',
 'source': u'\u5b89\u5c45\u5ba2',
 'total_price': None,
 'type': u'new',
 'unit_price': None,
 'url': 'https://sz.fang.anjuke.com/loupan/canshu-221632.html'}
2018-02-14 19:47:15 [scrapy.extensions.throttle] INFO: slot: sz.fang.anjuke.com | conc: 1 | delay: 4000 ms (+0) | latency:  378 ms | size: 32960 bytes
2018-02-14 19:47:15 [scrapy.core.engine] DEBUG: Crawled (200) <GET https://sz.fang.anjuke.com/loupan/240264.html> (referer: https://sz.fang.anjuke.com/loupan/futian/p2/)
2018-02-14 19:47:20 [scrapy.extensions.throttle] INFO: slot: sz.fang.anjuke.com | conc: 1 | delay: 4000 ms (+0) | latency:  560 ms | size: 26213 bytes
2018-02-14 19:47:20 [scrapy.core.engine] DEBUG: Crawled (200) <GET https://sz.fang.anjuke.com/loupan/canshu-237763.html> (referer: https://sz.fang.anjuke.com/loupan/237763.html)
2018-02-14 19:47:20 [scrapy.core.scraper] DEBUG: Scraped from <200 https://sz.fang.anjuke.com/loupan/canshu-237763.html>
{'build_year': None,
 'city': '\xe6\xb7\xb1\xe5\x9c\xb3',
 'county': '\xe7\xa6\x8f\xe7\x94\xb0',
 'crawl_time': 1518608840.209,
 'description': None,
 'down_payment': None,
 'house_address': u'\u798f\u7530\u5357\u56ed\u7231\u534e\u8def\u897f\u4fa7\uff08\u6d77\u4e8b\u5c40\u9644\u8fd1\uff09',
 'house_name': u'\u9526\u9f99\u82b1\u56ed',
 'id': 'd03d3811-117c-11e8-8fdb-382c4a16ce75',
 'monthly_payment': None,
 'province': u'\u5e7f\u4e1c\u7701',
 'source': u'\u5b89\u5c45\u5ba2',
 'total_price': None,
 'type': u'new',
 'unit_price': None,
 'url': 'https://sz.fang.anjuke.com/loupan/canshu-237763.html'}
2018-02-14 19:47:25 [scrapy.extensions.throttle] INFO: slot: sz.fang.anjuke.com | conc: 1 | delay: 4000 ms (+0) | latency:  743 ms | size: 26561 bytes
2018-02-14 19:47:25 [scrapy.core.engine] DEBUG: Crawled (200) <GET https://sz.fang.anjuke.com/loupan/canshu-205135.html> (referer: https://sz.fang.anjuke.com/loupan/205135.html)
2018-02-14 19:47:25 [scrapy.core.scraper] DEBUG: Scraped from <200 https://sz.fang.anjuke.com/loupan/canshu-205135.html>
{'build_year': u'2013',
 'city': '\xe6\xb7\xb1\xe5\x9c\xb3',
 'county': '\xe7\xa6\x8f\xe7\x94\xb0',
 'crawl_time': 1518608845.453,
 'description': None,
 'down_payment': None,
 'house_address': u'\u6842\u82b1\u8def\u4e0e\u69df\u6994\u9053\u4ea4\u6c47\u5904',
 'house_name': u'\u5929\u5065\u94c2\u5ead',
 'id': 'd35d63d1-117c-11e8-b353-382c4a16ce75',
 'monthly_payment': None,
 'province': u'\u5e7f\u4e1c\u7701',
 'source': u'\u5b89\u5c45\u5ba2',
 'total_price': None,
 'type': u'new',
 'unit_price': u'72866',
 'url': 'https://sz.fang.anjuke.com/loupan/canshu-205135.html'}
2018-02-14 19:47:29 [scrapy.extensions.throttle] INFO: slot: sz.fang.anjuke.com | conc: 1 | delay: 4000 ms (+0) | latency:  321 ms | size: 26692 bytes
2018-02-14 19:47:29 [scrapy.core.engine] DEBUG: Crawled (200) <GET https://sz.fang.anjuke.com/loupan/canshu-237738.html> (referer: https://sz.fang.anjuke.com/loupan/237738.html)
2018-02-14 19:47:29 [scrapy.core.scraper] DEBUG: Scraped from <200 https://sz.fang.anjuke.com/loupan/canshu-237738.html>
{'build_year': u'2013',
 'city': '\xe6\xb7\xb1\xe5\x9c\xb3',
 'county': '\xe7\xa6\x8f\xe7\x94\xb0',
 'crawl_time': 1518608849.202,
 'description': None,
 'down_payment': None,
 'house_address': u'\u6ee8\u6cb3\u8def\u4ee5\u5357\uff08\u7687\u5c97\u53e3\u5cb8\u4ee5\u4e1c\uff09',
 'house_name': u'\u6c34\u7554\u7d2b\u4e91\u9601',
 'id': 'd599711e-117c-11e8-84ac-382c4a16ce75',
 'monthly_payment': None,
 'province': u'\u5e7f\u4e1c\u7701',
 'source': u'\u5b89\u5c45\u5ba2',
 'total_price': None,
 'type': u'new',
 'unit_price': u'53040',
 'url': 'https://sz.fang.anjuke.com/loupan/canshu-237738.html'}
2018-02-14 19:47:34 [scrapy.extensions.throttle] INFO: slot: sz.fang.anjuke.com | conc: 1 | delay: 4000 ms (+0) | latency:  402 ms | size: 35456 bytes
2018-02-14 19:47:34 [scrapy.core.engine] DEBUG: Crawled (200) <GET https://sz.fang.anjuke.com/loupan/248593.html> (referer: https://sz.fang.anjuke.com/loupan/futian/)
2018-02-14 19:47:37 [scrapy.extensions.throttle] INFO: slot: sz.fang.anjuke.com | conc: 1 | delay: 4000 ms (+0) | latency:  384 ms | size: 34985 bytes
2018-02-14 19:47:37 [scrapy.core.engine] DEBUG: Crawled (200) <GET https://sz.fang.anjuke.com/loupan/237862.html> (referer: https://sz.fang.anjuke.com/loupan/futian/)
2018-02-14 19:47:41 [scrapy.extensions.throttle] INFO: slot: sz.fang.anjuke.com | conc: 1 | delay: 4000 ms (+0) | latency:  605 ms | size: 38211 bytes
2018-02-14 19:47:41 [scrapy.core.engine] DEBUG: Crawled (200) <GET https://sz.fang.anjuke.com/loupan/247578.html> (referer: https://sz.fang.anjuke.com/loupan/futian/)
2018-02-14 19:47:41 [scrapy.extensions.logstats] INFO: Crawled 38 pages (at 13 pages/min), scraped 16 items (at 10 items/min)
2018-02-14 19:47:46 [scrapy.extensions.throttle] INFO: slot: sz.fang.anjuke.com | conc: 1 | delay: 4000 ms (+0) | latency:  377 ms | size: 35770 bytes
2018-02-14 19:47:46 [scrapy.core.engine] DEBUG: Crawled (200) <GET https://sz.fang.anjuke.com/loupan/207642.html> (referer: https://sz.fang.anjuke.com/loupan/futian/)
2018-02-14 19:47:52 [scrapy.extensions.throttle] INFO: slot: sz.fang.anjuke.com | conc: 1 | delay: 4000 ms (+0) | latency:  572 ms | size: 36942 bytes
2018-02-14 19:47:52 [scrapy.core.engine] DEBUG: Crawled (200) <GET https://sz.fang.anjuke.com/loupan/229885.html> (referer: https://sz.fang.anjuke.com/loupan/futian/)
2018-02-14 19:47:57 [scrapy.extensions.throttle] INFO: slot: sz.fang.anjuke.com | conc: 1 | delay: 4000 ms (+0) | latency:  364 ms | size: 37586 bytes
2018-02-14 19:47:57 [scrapy.core.engine] DEBUG: Crawled (200) <GET https://sz.fang.anjuke.com/loupan/204574.html> (referer: https://sz.fang.anjuke.com/loupan/futian/)
2018-02-14 19:48:02 [scrapy.extensions.throttle] INFO: slot: sz.fang.anjuke.com | conc: 1 | delay: 4000 ms (+0) | latency:  413 ms | size: 38435 bytes
2018-02-14 19:48:02 [scrapy.core.engine] DEBUG: Crawled (200) <GET https://sz.fang.anjuke.com/loupan/240765.html> (referer: https://sz.fang.anjuke.com/loupan/futian/)
2018-02-14 19:48:08 [scrapy.extensions.throttle] INFO: slot: sz.fang.anjuke.com | conc: 1 | delay: 4000 ms (+0) | latency:  390 ms | size: 32772 bytes
2018-02-14 19:48:08 [scrapy.core.engine] DEBUG: Crawled (200) <GET https://sz.fang.anjuke.com/loupan/216000.html> (referer: https://sz.fang.anjuke.com/loupan/futian/)
2018-02-14 19:48:13 [scrapy.extensions.throttle] INFO: slot: sz.fang.anjuke.com | conc: 1 | delay: 4000 ms (+0) | latency:  400 ms | size: 34564 bytes
2018-02-14 19:48:13 [scrapy.core.engine] DEBUG: Crawled (200) <GET https://sz.fang.anjuke.com/loupan/240641.html> (referer: https://sz.fang.anjuke.com/loupan/futian/)
2018-02-14 19:48:18 [scrapy.extensions.throttle] INFO: slot: sz.fang.anjuke.com | conc: 1 | delay: 4000 ms (+0) | latency:  417 ms | size: 37328 bytes
2018-02-14 19:48:18 [scrapy.core.engine] DEBUG: Crawled (200) <GET https://sz.fang.anjuke.com/loupan/250984.html> (referer: https://sz.fang.anjuke.com/loupan/futian/)
2018-02-14 19:48:23 [scrapy.extensions.throttle] INFO: slot: sz.fang.anjuke.com | conc: 1 | delay: 4000 ms (+0) | latency:  389 ms | size: 38283 bytes
2018-02-14 19:48:23 [scrapy.core.engine] DEBUG: Crawled (200) <GET https://sz.fang.anjuke.com/loupan/219621.html> (referer: https://sz.fang.anjuke.com/loupan/futian/)
2018-02-14 19:48:27 [scrapy.extensions.throttle] INFO: slot: sz.fang.anjuke.com | conc: 1 | delay: 4000 ms (+0) | latency:  421 ms | size: 35951 bytes
2018-02-14 19:48:27 [scrapy.core.engine] DEBUG: Crawled (200) <GET https://sz.fang.anjuke.com/loupan/389636.html> (referer: https://sz.fang.anjuke.com/loupan/futian/)
2018-02-14 19:48:32 [scrapy.extensions.throttle] INFO: slot: sz.fang.anjuke.com | conc: 1 | delay: 4000 ms (+0) | latency:  631 ms | size: 33970 bytes
2018-02-14 19:48:32 [scrapy.core.engine] DEBUG: Crawled (200) <GET https://sz.fang.anjuke.com/loupan/433329.html> (referer: https://sz.fang.anjuke.com/loupan/futian/)
2018-02-14 19:48:36 [scrapy.extensions.throttle] INFO: slot: sz.fang.anjuke.com | conc: 1 | delay: 4000 ms (+0) | latency:  415 ms | size: 26155 bytes
2018-02-14 19:48:36 [scrapy.core.engine] DEBUG: Crawled (200) <GET https://sz.fang.anjuke.com/loupan/canshu-240264.html> (referer: https://sz.fang.anjuke.com/loupan/240264.html)
2018-02-14 19:48:36 [scrapy.core.scraper] DEBUG: Scraped from <200 https://sz.fang.anjuke.com/loupan/canshu-240264.html>
{'build_year': None,
 'city': '\xe6\xb7\xb1\xe5\x9c\xb3',
 'county': '\xe7\xa6\x8f\xe7\x94\xb0',
 'crawl_time': 1518608916.546,
 'description': None,
 'down_payment': None,
 'house_address': u'\u798f\u7530\u533a\u7ea2\u8354\u897f\u8def\u4e0e\u519c\u8f69\u8def\u4ea4\u6c47\u5904\u897f\u5357',
 'house_name': u'\u5929\u5fa1\u9999\u5c71\u82b1\u56ed',
 'id': 'fdbd5221-117c-11e8-8394-382c4a16ce75',
 'monthly_payment': None,
 'province': u'\u5e7f\u4e1c\u7701',
 'source': u'\u5b89\u5c45\u5ba2',
 'total_price': None,
 'type': u'new',
 'unit_price': u'94794',
 'url': 'https://sz.fang.anjuke.com/loupan/canshu-240264.html'}
2018-02-14 19:48:41 [scrapy.extensions.throttle] INFO: slot: sz.fang.anjuke.com | conc: 1 | delay: 4000 ms (+0) | latency:  358 ms | size: 38032 bytes
2018-02-14 19:48:41 [scrapy.core.engine] DEBUG: Crawled (200) <GET https://sz.fang.anjuke.com/loupan/413861.html> (referer: https://sz.fang.anjuke.com/loupan/futian/)
2018-02-14 19:48:41 [scrapy.extensions.logstats] INFO: Crawled 50 pages (at 12 pages/min), scraped 17 items (at 1 items/min)
2018-02-14 19:48:47 [scrapy.extensions.throttle] INFO: slot: sz.fang.anjuke.com | conc: 1 | delay: 4000 ms (+0) | latency:  311 ms | size: 26995 bytes
2018-02-14 19:48:47 [scrapy.core.engine] DEBUG: Crawled (200) <GET https://sz.fang.anjuke.com/loupan/canshu-248593.html> (referer: https://sz.fang.anjuke.com/loupan/248593.html)
2018-02-14 19:48:47 [scrapy.core.scraper] DEBUG: Scraped from <200 https://sz.fang.anjuke.com/loupan/canshu-248593.html>
{'build_year': u'2014',
 'city': '\xe6\xb7\xb1\xe5\x9c\xb3',
 'county': '\xe7\xa6\x8f\xe7\x94\xb0',
 'crawl_time': 1518608927.155,
 'description': None,
 'down_payment': u'319',
 'house_address': u'\u77f3\u53a6\u5317\u4e8c\u8857\u4e0e\u798f\u6c11\u8def\u4ea4\u6c47\u5904\uff08\u798f\u7530\u533a\u59d4\u897f\u4fa7\uff09',
 'house_name': u'\u65b0\u5929\u4e16\u7eaa\u5546\u52a1\u4e2d\u5fc3',
 'id': '04102030-117d-11e8-af42-382c4a16ce75',
 'monthly_payment': u'16930.18',
 'province': u'\u5e7f\u4e1c\u7701',
 'source': u'\u5b89\u5c45\u5ba2',
 'total_price': u'638',
 'type': u'new',
 'unit_price': u'55000',
 'url': 'https://sz.fang.anjuke.com/loupan/canshu-248593.html'}
2018-02-14 19:48:50 [scrapy.extensions.throttle] INFO: slot: sz.fang.anjuke.com | conc: 1 | delay: 4000 ms (+0) | latency:  276 ms | size: 26732 bytes
2018-02-14 19:48:50 [scrapy.core.engine] DEBUG: Crawled (200) <GET https://sz.fang.anjuke.com/loupan/canshu-237862.html> (referer: https://sz.fang.anjuke.com/loupan/237862.html)
2018-02-14 19:48:50 [scrapy.core.scraper] DEBUG: Scraped from <200 https://sz.fang.anjuke.com/loupan/canshu-237862.html>
{'build_year': u'2013',
 'city': '\xe6\xb7\xb1\xe5\x9c\xb3',
 'county': '\xe7\xa6\x8f\xe7\x94\xb0',
 'crawl_time': 1518608930.894,
 'description': None,
 'down_payment': None,
 'house_address': u'\u7d27\u90bb\u65b0\u6d32\u6751\u724c\u574a\uff08\u6e56\u5317\u5927\u53a6\u897f\u5357\u4fa7\uff09',
 'house_name': u'\u5609\u6d32\u516c\u9986',
 'id': '064aa6e1-117d-11e8-8d11-382c4a16ce75',
 'monthly_payment': None,
 'province': u'\u5e7f\u4e1c\u7701',
 'source': u'\u5b89\u5c45\u5ba2',
 'total_price': None,
 'type': u'new',
 'unit_price': u'45000',
 'url': 'https://sz.fang.anjuke.com/loupan/canshu-237862.html'}
2018-02-14 19:48:56 [scrapy.extensions.throttle] INFO: slot: sz.fang.anjuke.com | conc: 1 | delay: 4000 ms (+0) | latency:  406 ms | size: 27045 bytes
2018-02-14 19:48:56 [scrapy.core.engine] DEBUG: Crawled (200) <GET https://sz.fang.anjuke.com/loupan/canshu-247578.html> (referer: https://sz.fang.anjuke.com/loupan/247578.html)
2018-02-14 19:48:56 [scrapy.core.scraper] DEBUG: Scraped from <200 https://sz.fang.anjuke.com/loupan/canshu-247578.html>
{'build_year': u'2014',
 'city': '\xe6\xb7\xb1\xe5\x9c\xb3',
 'county': '\xe7\xa6\x8f\xe7\x94\xb0',
 'crawl_time': 1518608936.485,
 'description': None,
 'down_payment': u'123',
 'house_address': u'\u71d5\u5357\u8def\u4e0e\u632f\u4e2d\u8def\u4ea4\u6c47\u5904\u897f\u5357\u89d2',
 'house_name': u'\u6717\u949c\u521b\u516c\u9986',
 'id': '099fc54f-117d-11e8-a4f5-382c4a16ce75',
 'monthly_payment': u'15231.86',
 'province': u'\u5e7f\u4e1c\u7701',
 'source': u'\u5b89\u5c45\u5ba2',
 'total_price': u'410',
 'type': u'new',
 'unit_price': u'54000',
 'url': 'https://sz.fang.anjuke.com/loupan/canshu-247578.html'}
2018-02-14 19:49:02 [scrapy.extensions.throttle] INFO: slot: sz.fang.anjuke.com | conc: 1 | delay: 4000 ms (+0) | latency:  299 ms | size: 26725 bytes
2018-02-14 19:49:02 [scrapy.core.engine] DEBUG: Crawled (200) <GET https://sz.fang.anjuke.com/loupan/canshu-207642.html> (referer: https://sz.fang.anjuke.com/loupan/207642.html)
2018-02-14 19:49:02 [scrapy.core.scraper] DEBUG: Scraped from <200 https://sz.fang.anjuke.com/loupan/canshu-207642.html>
{'build_year': u'2011',
 'city': '\xe6\xb7\xb1\xe5\x9c\xb3',
 'county': '\xe7\xa6\x8f\xe7\x94\xb0',
 'crawl_time': 1518608942.221,
 'description': None,
 'down_payment': None,
 'house_address': u'\u9f99\u5c3e\u8def\u56db\u5b63\u5c71\u6c34',
 'house_name': u'\u65b0\u4e16\u754c\u56db\u5b63\u5c71\u6c34',
 'id': '0d0b03cf-117d-11e8-885d-382c4a16ce75',
 'monthly_payment': None,
 'province': u'\u5e7f\u4e1c\u7701',
 'source': u'\u5b89\u5c45\u5ba2',
 'total_price': None,
 'type': u'new',
 'unit_price': None,
 'url': 'https://sz.fang.anjuke.com/loupan/canshu-207642.html'}
2018-02-14 19:49:05 [scrapy.extensions.throttle] INFO: slot: sz.fang.anjuke.com | conc: 1 | delay: 4000 ms (+0) | latency:  274 ms | size: 26733 bytes
2018-02-14 19:49:05 [scrapy.core.engine] DEBUG: Crawled (200) <GET https://sz.fang.anjuke.com/loupan/canshu-229885.html> (referer: https://sz.fang.anjuke.com/loupan/229885.html)
2018-02-14 19:49:06 [scrapy.core.scraper] DEBUG: Scraped from <200 https://sz.fang.anjuke.com/loupan/canshu-229885.html>
{'build_year': u'2013',
 'city': '\xe6\xb7\xb1\xe5\x9c\xb3',
 'county': '\xe7\xa6\x8f\xe7\x94\xb0',
 'crawl_time': 1518608946.045,
 'description': None,
 'down_payment': None,
 'house_address': u'\u7687\u5c97\u8def\u4e0e\u767e\u5408\u4e09\u8def\u4ea4\u754c\u5904',
 'house_name': u'\u5eca\u6865\u56fd\u9645',
 'id': '0f5282d1-117d-11e8-9172-382c4a16ce75',
 'monthly_payment': None,
 'province': u'\u5e7f\u4e1c\u7701',
 'source': u'\u5b89\u5c45\u5ba2',
 'total_price': None,
 'type': u'new',
 'unit_price': u'55591',
 'url': 'https://sz.fang.anjuke.com/loupan/canshu-229885.html'}
2018-02-14 19:49:11 [scrapy.extensions.throttle] INFO: slot: sz.fang.anjuke.com | conc: 1 | delay: 4000 ms (+0) | latency:  353 ms | size: 26896 bytes
2018-02-14 19:49:11 [scrapy.core.engine] DEBUG: Crawled (200) <GET https://sz.fang.anjuke.com/loupan/canshu-204574.html> (referer: https://sz.fang.anjuke.com/loupan/204574.html)
2018-02-14 19:49:11 [scrapy.core.scraper] DEBUG: Scraped from <200 https://sz.fang.anjuke.com/loupan/canshu-204574.html>
{'build_year': u'2012',
 'city': '\xe6\xb7\xb1\xe5\x9c\xb3',
 'county': '\xe7\xa6\x8f\xe7\x94\xb0',
 'crawl_time': 1518608951.836,
 'description': None,
 'down_payment': u'53.1',
 'house_address': u'\u798f\u7530\u5357\u8def7\u53f7\uff08\u7687\u57ce\u5e7f\u573a\u65c1\uff09',
 'house_name': u'\u6df1\u6e2f1\u53f7',
 'id': '12c625c0-117d-11e8-ab89-382c4a16ce75',
 'monthly_payment': u'6575.7',
 'province': u'\u5e7f\u4e1c\u7701',
 'source': u'\u5b89\u5c45\u5ba2',
 'total_price': u'177',
 'type': u'new',
 'unit_price': u'34000',
 'url': 'https://sz.fang.anjuke.com/loupan/canshu-204574.html'}
2018-02-14 19:49:16 [scrapy.extensions.throttle] INFO: slot: sz.fang.anjuke.com | conc: 1 | delay: 4000 ms (+0) | latency:  305 ms | size: 26920 bytes
2018-02-14 19:49:16 [scrapy.core.engine] DEBUG: Crawled (200) <GET https://sz.fang.anjuke.com/loupan/canshu-240765.html> (referer: https://sz.fang.anjuke.com/loupan/240765.html)
2018-02-14 19:49:17 [scrapy.core.scraper] DEBUG: Scraped from <200 https://sz.fang.anjuke.com/loupan/canshu-240765.html>
{'build_year': u'2014',
 'city': '\xe6\xb7\xb1\xe5\x9c\xb3',
 'county': '\xe7\xa6\x8f\xe7\x94\xb0',
 'crawl_time': 1518608957.037,
 'description': None,
 'down_payment': None,
 'house_address': u'\u6885\u6797\u8def\u4e0e\u4e2d\u5eb7\u8def\u4ea4\u6c47\u5904\uff0c\u4e2d\u5eb7\u8def\u4ee5\u5317\uff0c\u6885\u6797\u5730\u94c1\u7ad9B\u51fa\u53e3\u5bf9\u9762',
 'house_name': u'\u5fa1\u9526\u516c\u9986',
 'id': '15dfc1cf-117d-11e8-abdc-382c4a16ce75',
 'monthly_payment': None,
 'province': u'\u5e7f\u4e1c\u7701',
 'source': u'\u5b89\u5c45\u5ba2',
 'total_price': None,
 'type': u'new',
 'unit_price': u'57005',
 'url': 'https://sz.fang.anjuke.com/loupan/canshu-240765.html'}
2018-02-14 19:49:21 [scrapy.extensions.throttle] INFO: slot: sz.fang.anjuke.com | conc: 1 | delay: 4000 ms (+0) | latency:  290 ms | size: 26381 bytes
2018-02-14 19:49:21 [scrapy.core.engine] DEBUG: Crawled (200) <GET https://sz.fang.anjuke.com/loupan/canshu-216000.html> (referer: https://sz.fang.anjuke.com/loupan/216000.html)
2018-02-14 19:49:22 [scrapy.core.scraper] DEBUG: Scraped from <200 https://sz.fang.anjuke.com/loupan/canshu-216000.html>
{'build_year': None,
 'city': '\xe6\xb7\xb1\xe5\x9c\xb3',
 'county': '\xe7\xa6\x8f\xe7\x94\xb0',
 'crawl_time': 1518608962.029,
 'description': None,
 'down_payment': None,
 'house_address': u'\u798f\u7530\u533a\u5317\u73af\u5927\u9053\u65b0\u6d32\u8def\u7acb\u4ea4\u6865\u4e1c\u5317\u4fa7',
 'house_name': u'\u8ff7\u4f60\u65b0\u5c45',
 'id': '18d979cf-117d-11e8-9f61-382c4a16ce75',
 'monthly_payment': None,
 'province': u'\u5e7f\u4e1c\u7701',
 'source': u'\u5b89\u5c45\u5ba2',
 'total_price': None,
 'type': u'new',
 'unit_price': u'39603',
 'url': 'https://sz.fang.anjuke.com/loupan/canshu-216000.html'}
2018-02-14 19:49:25 [scrapy.extensions.throttle] INFO: slot: sz.fang.anjuke.com | conc: 1 | delay: 4000 ms (+0) | latency:  407 ms | size: 26303 bytes
2018-02-14 19:49:25 [scrapy.core.engine] DEBUG: Crawled (200) <GET https://sz.fang.anjuke.com/loupan/canshu-240641.html> (referer: https://sz.fang.anjuke.com/loupan/240641.html)
2018-02-14 19:49:26 [scrapy.core.scraper] DEBUG: Scraped from <200 https://sz.fang.anjuke.com/loupan/canshu-240641.html>
{'build_year': u'2012',
 'city': '\xe6\xb7\xb1\xe5\x9c\xb3',
 'county': '\xe7\xa6\x8f\xe7\x94\xb0',
 'crawl_time': 1518608966.019,
 'description': None,
 'down_payment': None,
 'house_address': u'\u798f\u7530\u5357\u8def\uff08\u57ce\u6295\u798f\u6ee8\u82d1\u5317\u4fa7\uff09',
 'house_name': u'\u6850\u6797\u57ce\u5e02\u5e7f\u573a',
 'id': '1b3a4d30-117d-11e8-924d-382c4a16ce75',
 'monthly_payment': None,
 'province': u'\u5e7f\u4e1c\u7701',
 'source': u'\u5b89\u5c45\u5ba2',
 'total_price': None,
 'type': u'new',
 'unit_price': None,
 'url': 'https://sz.fang.anjuke.com/loupan/canshu-240641.html'}
2018-02-14 19:49:30 [scrapy.extensions.throttle] INFO: slot: sz.fang.anjuke.com | conc: 1 | delay: 4000 ms (+0) | latency:  297 ms | size: 26967 bytes
2018-02-14 19:49:30 [scrapy.core.engine] DEBUG: Crawled (200) <GET https://sz.fang.anjuke.com/loupan/canshu-250984.html> (referer: https://sz.fang.anjuke.com/loupan/250984.html)
2018-02-14 19:49:30 [scrapy.core.scraper] DEBUG: Scraped from <200 https://sz.fang.anjuke.com/loupan/canshu-250984.html>
{'build_year': u'2015',
 'city': '\xe6\xb7\xb1\xe5\x9c\xb3',
 'county': '\xe7\xa6\x8f\xe7\x94\xb0',
 'crawl_time': 1518608970.37,
 'description': None,
 'down_payment': None,
 'house_address': u'\u6885\u6797\u8def\u548c\u4e2d\u5eb7\u8def\u7684\u4ea4\u754c\u5904\u4e1c\u5317\u4f4d\u7f6e\uff08\u4e0a\u6885\u6797\u5730\u94c1\u7ad9\u65c1\uff09',
 'house_name': u'\u7406\u60f3\u57ce',
 'id': '1dd2361e-117d-11e8-b7de-382c4a16ce75',
 'monthly_payment': None,
 'province': u'\u5e7f\u4e1c\u7701',
 'source': u'\u5b89\u5c45\u5ba2',
 'total_price': None,
 'type': u'new',
 'unit_price': u'39310',
 'url': 'https://sz.fang.anjuke.com/loupan/canshu-250984.html'}
2018-02-14 19:49:36 [scrapy.extensions.throttle] INFO: slot: sz.fang.anjuke.com | conc: 1 | delay: 4000 ms (+0) | latency:  668 ms | size: 26997 bytes
2018-02-14 19:49:36 [scrapy.core.engine] DEBUG: Crawled (200) <GET https://sz.fang.anjuke.com/loupan/canshu-219621.html> (referer: https://sz.fang.anjuke.com/loupan/219621.html)
2018-02-14 19:49:36 [scrapy.core.scraper] DEBUG: Scraped from <200 https://sz.fang.anjuke.com/loupan/canshu-219621.html>
{'build_year': u'2015',
 'city': '\xe6\xb7\xb1\xe5\x9c\xb3',
 'county': '\xe7\xa6\x8f\xe7\x94\xb0',
 'crawl_time': 1518608976.693,
 'description': None,
 'down_payment': u'720',
 'house_address': u'\u9999\u871c\u6e56\u8def\u5317\u9999\u871c\u6e56\u534a\u5c71\u533a',
 'house_name': u'\u4e07\u6cfd\u4e91\u9876\u9999\u871c\u6e56',
 'id': '21970651-117d-11e8-a9e8-382c4a16ce75',
 'monthly_payment': u'89162.09',
 'province': u'\u5e7f\u4e1c\u7701',
 'source': u'\u5b89\u5c45\u5ba2',
 'total_price': u'2400',
 'type': u'new',
 'unit_price': u'110000',
 'url': 'https://sz.fang.anjuke.com/loupan/canshu-219621.html'}
2018-02-14 19:49:38 [scrapy.extensions.throttle] INFO: slot: sz.fang.anjuke.com | conc: 1 | delay: 4000 ms (+0) | latency:  486 ms | size: 27225 bytes
2018-02-14 19:49:38 [scrapy.core.engine] DEBUG: Crawled (200) <GET https://sz.fang.anjuke.com/loupan/canshu-389636.html> (referer: https://sz.fang.anjuke.com/loupan/389636.html)
2018-02-14 19:49:39 [scrapy.core.scraper] DEBUG: Scraped from <200 https://sz.fang.anjuke.com/loupan/canshu-389636.html>
{'build_year': u'2018',
 'city': '\xe6\xb7\xb1\xe5\x9c\xb3',
 'county': '\xe7\xa6\x8f\xe7\x94\xb0',
 'crawl_time': 1518608979.023,
 'description': None,
 'down_payment': None,
 'house_address': u'\u7af9\u5b50\u6797\u519c\u6797\u8def\u4e0e\u7ea2\u8354\u897f\u8def\u4ea4\u6c47\u5904',
 'house_name': u'\u5b9d\u80fd\u516c\u9986V-HOUSE',
 'id': '22fa8df0-117d-11e8-9728-382c4a16ce75',
 'monthly_payment': None,
 'province': u'\u5e7f\u4e1c\u7701',
 'source': u'\u5b89\u5c45\u5ba2',
 'total_price': None,
 'type': u'new',
 'unit_price': None,
 'url': 'https://sz.fang.anjuke.com/loupan/canshu-389636.html'}
2018-02-14 19:49:41 [scrapy.extensions.logstats] INFO: Crawled 62 pages (at 12 pages/min), scraped 29 items (at 12 items/min)
2018-02-14 19:49:43 [scrapy.extensions.throttle] INFO: slot: sz.fang.anjuke.com | conc: 1 | delay: 4000 ms (+0) | latency:  298 ms | size: 27692 bytes
2018-02-14 19:49:43 [scrapy.core.engine] DEBUG: Crawled (200) <GET https://sz.fang.anjuke.com/loupan/canshu-433329.html> (referer: https://sz.fang.anjuke.com/loupan/433329.html)
2018-02-14 19:49:43 [scrapy.core.scraper] DEBUG: Scraped from <200 https://sz.fang.anjuke.com/loupan/canshu-433329.html>
{'build_year': u'2019',
 'city': '\xe6\xb7\xb1\xe5\x9c\xb3',
 'county': '\xe7\xa6\x8f\xe7\x94\xb0',
 'crawl_time': 1518608983.917,
 'description': None,
 'down_payment': None,
 'house_address': u'\u6ee8\u6cb3\u5927\u9053\u4e0e\u6930\u6811\u8def\u4ea4\u6c47\u5904',
 'house_name': u'\u4e2d\u6d32\u798f\u7530\u9879\u76ee',
 'id': '25e551cf-117d-11e8-99db-382c4a16ce75',
 'monthly_payment': None,
 'province': u'\u5e7f\u4e1c\u7701',
 'source': u'\u5b89\u5c45\u5ba2',
 'total_price': None,
 'type': u'new',
 'unit_price': None,
 'url': 'https://sz.fang.anjuke.com/loupan/canshu-433329.html'}
2018-02-14 19:49:49 [scrapy.extensions.throttle] INFO: slot: sz.fang.anjuke.com | conc: 1 | delay: 4000 ms (+0) | latency:  373 ms | size: 29052 bytes
2018-02-14 19:49:49 [scrapy.core.engine] DEBUG: Crawled (200) <GET https://sz.fang.anjuke.com/loupan/canshu-413861.html> (referer: https://sz.fang.anjuke.com/loupan/413861.html)
2018-02-14 19:49:50 [scrapy.core.scraper] DEBUG: Scraped from <200 https://sz.fang.anjuke.com/loupan/canshu-413861.html>
{'build_year': u'2019',
 'city': '\xe6\xb7\xb1\xe5\x9c\xb3',
 'county': '\xe7\xa6\x8f\xe7\x94\xb0',
 'crawl_time': 1518608989.923,
 'description': None,
 'down_payment': u'744',
 'house_address': u'\u798f\u9f99\u8def',
 'house_name': u'\u4e07\u79d1\u5170\u6c5f\u5c71\u7b2c\xb7\u7467\u5c71\u9053',
 'id': '2979c330-117d-11e8-9c9b-382c4a16ce75',
 'monthly_payment': u'92134.16',
 'province': u'\u5e7f\u4e1c\u7701',
 'source': u'\u5b89\u5c45\u5ba2',
 'total_price': u'2480',
 'type': u'new',
 'unit_price': u'78000',
 'url': 'https://sz.fang.anjuke.com/loupan/canshu-413861.html'}
2018-02-14 19:49:50 [scrapy.core.engine] INFO: Closing spider (finished)
2018-02-14 19:49:50 [scrapy.statscollectors] INFO: Dumping Scrapy stats:
{'downloader/request_bytes': 74944,
 'downloader/request_count': 64,
 'downloader/request_method_count/GET': 64,
 'downloader/response_bytes': 2105040,
 'downloader/response_count': 64,
 'downloader/response_status_count/200': 64,
 'dupefilter/filtered': 7,
 'finish_reason': 'finished',
 'finish_time': datetime.datetime(2018, 2, 14, 11, 49, 50, 51000),
 'item_scraped_count': 31,
 'log_count/DEBUG': 97,
 'log_count/INFO': 76,
 'request_depth_max': 3,
 'response_received_count': 64,
 'scheduler/dequeued': 64,
 'scheduler/dequeued/memory': 64,
 'scheduler/enqueued': 64,
 'scheduler/enqueued/memory': 64,
 'start_time': datetime.datetime(2018, 2, 14, 11, 44, 41, 914000)}
2018-02-14 19:49:50 [scrapy.core.engine] INFO: Spider closed (finished)
