2018-02-14 19:49:51 [scrapy.utils.log] INFO: Scrapy 1.4.0 started (bot: HouseCrawler)
2018-02-14 19:49:51 [scrapy.utils.log] INFO: Overridden settings: {'AUTOTHROTTLE_MAX_DELAY': 30, 'NEWSPIDER_MODULE': 'HouseCrawler.spiders', 'LOG_FILE': 'logs\\HouseCrawler\\AnjukeNewHouseSpider\\c3e18261111d11e8aedd382c4a16ce75.log', 'CONCURRENT_REQUESTS_PER_DOMAIN': 1, 'SPIDER_MODULES': ['HouseCrawler.spiders'], 'AUTOTHROTTLE_START_DELAY': 6, 'BOT_NAME': 'HouseCrawler', 'AUTOTHROTTLE_ENABLED': True, 'DOWNLOAD_DELAY': 4, 'AUTOTHROTTLE_DEBUG': True}
2018-02-14 19:49:51 [scrapy.middleware] INFO: Enabled extensions:
['scrapy.extensions.logstats.LogStats',
 'scrapy.extensions.telnet.TelnetConsole',
 'scrapy.extensions.corestats.CoreStats',
 'scrapy.extensions.throttle.AutoThrottle']
2018-02-14 19:49:51 [scrapy.middleware] INFO: Enabled downloader middlewares:
['HouseCrawler.middlewares.AnjukeUserAgentMiddleware',
 'scrapy.downloadermiddlewares.httpauth.HttpAuthMiddleware',
 'scrapy.downloadermiddlewares.downloadtimeout.DownloadTimeoutMiddleware',
 'scrapy.downloadermiddlewares.defaultheaders.DefaultHeadersMiddleware',
 'scrapy.downloadermiddlewares.retry.RetryMiddleware',
 'scrapy.downloadermiddlewares.redirect.MetaRefreshMiddleware',
 'scrapy.downloadermiddlewares.httpcompression.HttpCompressionMiddleware',
 'scrapy.downloadermiddlewares.redirect.RedirectMiddleware',
 'scrapy.downloadermiddlewares.cookies.CookiesMiddleware',
 'scrapy.downloadermiddlewares.httpproxy.HttpProxyMiddleware',
 'scrapy.downloadermiddlewares.stats.DownloaderStats']
2018-02-14 19:49:51 [scrapy.middleware] INFO: Enabled spider middlewares:
['scrapy.spidermiddlewares.httperror.HttpErrorMiddleware',
 'scrapy.spidermiddlewares.offsite.OffsiteMiddleware',
 'scrapy.spidermiddlewares.referer.RefererMiddleware',
 'scrapy.spidermiddlewares.urllength.UrlLengthMiddleware',
 'scrapy.spidermiddlewares.depth.DepthMiddleware']
2018-02-14 19:49:51 [scrapy.middleware] INFO: Enabled item pipelines:
[]
2018-02-14 19:49:51 [scrapy.core.engine] INFO: Spider opened
2018-02-14 19:49:51 [scrapy.extensions.logstats] INFO: Crawled 0 pages (at 0 pages/min), scraped 0 items (at 0 items/min)
2018-02-14 19:49:51 [scrapy.extensions.telnet] DEBUG: Telnet console listening on 127.0.0.1:6023
2018-02-14 19:49:52 [scrapy.extensions.throttle] INFO: slot: sz.fang.anjuke.com | conc: 1 | delay: 4000 ms (-2000) | latency:  546 ms | size: 29468 bytes
2018-02-14 19:49:52 [scrapy.core.engine] DEBUG: Crawled (200) <GET https://sz.fang.anjuke.com/loupan/guangmingxinqu/> (referer: https://gz.fang.anjuke.com/)
2018-02-14 19:49:59 [scrapy.extensions.throttle] INFO: slot: sz.fang.anjuke.com | conc: 1 | delay: 4000 ms (+0) | latency:  457 ms | size: 41087 bytes
2018-02-14 19:49:59 [scrapy.core.engine] DEBUG: Crawled (200) <GET https://sz.fang.anjuke.com/loupan/416551.html> (referer: https://sz.fang.anjuke.com/loupan/guangmingxinqu/)
2018-02-14 19:50:03 [scrapy.extensions.throttle] INFO: slot: sz.fang.anjuke.com | conc: 1 | delay: 4000 ms (+0) | latency:  480 ms | size: 37251 bytes
2018-02-14 19:50:03 [scrapy.core.engine] DEBUG: Crawled (200) <GET https://sz.fang.anjuke.com/loupan/244426.html> (referer: https://sz.fang.anjuke.com/loupan/guangmingxinqu/)
2018-02-14 19:50:08 [scrapy.extensions.throttle] INFO: slot: sz.fang.anjuke.com | conc: 1 | delay: 4000 ms (+0) | latency:  566 ms | size: 38258 bytes
2018-02-14 19:50:08 [scrapy.core.engine] DEBUG: Crawled (200) <GET https://sz.fang.anjuke.com/loupan/250614.html> (referer: https://sz.fang.anjuke.com/loupan/guangmingxinqu/)
2018-02-14 19:50:13 [scrapy.extensions.throttle] INFO: slot: sz.fang.anjuke.com | conc: 1 | delay: 4000 ms (+0) | latency:  421 ms | size: 37416 bytes
2018-02-14 19:50:13 [scrapy.core.engine] DEBUG: Crawled (200) <GET https://sz.fang.anjuke.com/loupan/417423.html> (referer: https://sz.fang.anjuke.com/loupan/guangmingxinqu/)
2018-02-14 19:50:19 [scrapy.extensions.throttle] INFO: slot: sz.fang.anjuke.com | conc: 1 | delay: 4000 ms (+0) | latency:  462 ms | size: 36408 bytes
2018-02-14 19:50:19 [scrapy.core.engine] DEBUG: Crawled (200) <GET https://sz.fang.anjuke.com/loupan/417672.html> (referer: https://sz.fang.anjuke.com/loupan/guangmingxinqu/)
2018-02-14 19:50:24 [scrapy.extensions.throttle] INFO: slot: sz.fang.anjuke.com | conc: 1 | delay: 4000 ms (+0) | latency:  463 ms | size: 35728 bytes
2018-02-14 19:50:24 [scrapy.core.engine] DEBUG: Crawled (200) <GET https://sz.fang.anjuke.com/loupan/389574.html> (referer: https://sz.fang.anjuke.com/loupan/guangmingxinqu/)
2018-02-14 19:50:29 [scrapy.extensions.throttle] INFO: slot: sz.fang.anjuke.com | conc: 1 | delay: 4000 ms (+0) | latency:  457 ms | size: 42934 bytes
2018-02-14 19:50:29 [scrapy.core.engine] DEBUG: Crawled (200) <GET https://sz.fang.anjuke.com/loupan/251173.html> (referer: https://sz.fang.anjuke.com/loupan/guangmingxinqu/)
2018-02-14 19:50:35 [scrapy.extensions.throttle] INFO: slot: sz.fang.anjuke.com | conc: 1 | delay: 4000 ms (+0) | latency:  442 ms | size: 34836 bytes
2018-02-14 19:50:35 [scrapy.core.engine] DEBUG: Crawled (200) <GET https://sz.fang.anjuke.com/loupan/411775.html> (referer: https://sz.fang.anjuke.com/loupan/guangmingxinqu/)
2018-02-14 19:50:40 [scrapy.extensions.throttle] INFO: slot: sz.fang.anjuke.com | conc: 1 | delay: 4000 ms (+0) | latency:  437 ms | size: 35332 bytes
2018-02-14 19:50:40 [scrapy.core.engine] DEBUG: Crawled (200) <GET https://sz.fang.anjuke.com/loupan/413326.html> (referer: https://sz.fang.anjuke.com/loupan/guangmingxinqu/)
2018-02-14 19:50:45 [scrapy.extensions.throttle] INFO: slot: sz.fang.anjuke.com | conc: 1 | delay: 4000 ms (+0) | latency:  572 ms | size: 39401 bytes
2018-02-14 19:50:45 [scrapy.core.engine] DEBUG: Crawled (200) <GET https://sz.fang.anjuke.com/loupan/414503.html> (referer: https://sz.fang.anjuke.com/loupan/guangmingxinqu/)
2018-02-14 19:50:50 [scrapy.extensions.throttle] INFO: slot: sz.fang.anjuke.com | conc: 1 | delay: 4000 ms (+0) | latency:  413 ms | size: 42454 bytes
2018-02-14 19:50:51 [scrapy.core.engine] DEBUG: Crawled (200) <GET https://sz.fang.anjuke.com/loupan/250285.html> (referer: https://sz.fang.anjuke.com/loupan/guangmingxinqu/)
2018-02-14 19:50:51 [scrapy.extensions.logstats] INFO: Crawled 12 pages (at 12 pages/min), scraped 0 items (at 0 items/min)
2018-02-14 19:50:57 [scrapy.extensions.throttle] INFO: slot: sz.fang.anjuke.com | conc: 1 | delay: 4000 ms (+0) | latency:  483 ms | size: 40018 bytes
2018-02-14 19:50:57 [scrapy.core.engine] DEBUG: Crawled (200) <GET https://sz.fang.anjuke.com/loupan/412262.html> (referer: https://sz.fang.anjuke.com/loupan/guangmingxinqu/)
2018-02-14 19:51:02 [scrapy.extensions.throttle] INFO: slot: sz.fang.anjuke.com | conc: 1 | delay: 4000 ms (+0) | latency:  485 ms | size: 41484 bytes
2018-02-14 19:51:02 [scrapy.core.engine] DEBUG: Crawled (200) <GET https://sz.fang.anjuke.com/loupan/411784.html> (referer: https://sz.fang.anjuke.com/loupan/guangmingxinqu/)
2018-02-14 19:51:08 [scrapy.extensions.throttle] INFO: slot: sz.fang.anjuke.com | conc: 1 | delay: 4000 ms (+0) | latency:  486 ms | size: 39081 bytes
2018-02-14 19:51:08 [scrapy.core.engine] DEBUG: Crawled (200) <GET https://sz.fang.anjuke.com/loupan/411293.html> (referer: https://sz.fang.anjuke.com/loupan/guangmingxinqu/)
2018-02-14 19:51:13 [scrapy.extensions.throttle] INFO: slot: sz.fang.anjuke.com | conc: 1 | delay: 4000 ms (+0) | latency:  476 ms | size: 35140 bytes
2018-02-14 19:51:13 [scrapy.core.engine] DEBUG: Crawled (200) <GET https://sz.fang.anjuke.com/loupan/432952.html> (referer: https://sz.fang.anjuke.com/loupan/guangmingxinqu/)
2018-02-14 19:51:17 [scrapy.extensions.throttle] INFO: slot: sz.fang.anjuke.com | conc: 1 | delay: 4000 ms (+0) | latency:  574 ms | size: 38166 bytes
2018-02-14 19:51:17 [scrapy.core.engine] DEBUG: Crawled (200) <GET https://sz.fang.anjuke.com/loupan/251971.html> (referer: https://sz.fang.anjuke.com/loupan/guangmingxinqu/)
2018-02-14 19:51:23 [scrapy.extensions.throttle] INFO: slot: sz.fang.anjuke.com | conc: 1 | delay: 4000 ms (+0) | latency:  473 ms | size: 38381 bytes
2018-02-14 19:51:23 [scrapy.core.engine] DEBUG: Crawled (200) <GET https://sz.fang.anjuke.com/loupan/252509.html> (referer: https://sz.fang.anjuke.com/loupan/guangmingxinqu/)
2018-02-14 19:51:27 [scrapy.extensions.throttle] INFO: slot: sz.fang.anjuke.com | conc: 1 | delay: 4000 ms (+0) | latency:  623 ms | size: 29055 bytes
2018-02-14 19:51:27 [scrapy.core.engine] DEBUG: Crawled (200) <GET https://sz.fang.anjuke.com/loupan/canshu-416551.html> (referer: https://sz.fang.anjuke.com/loupan/416551.html)
2018-02-14 19:51:27 [scrapy.core.scraper] DEBUG: Scraped from <200 https://sz.fang.anjuke.com/loupan/canshu-416551.html>
{'build_year': u'2019',
 'city': '\xe6\xb7\xb1\xe5\x9c\xb3',
 'county': '\xe5\x85\x89\xe6\x98\x8e\xe6\x96\xb0\xe5\x8c\xba',
 'crawl_time': 1518609087.324,
 'description': None,
 'down_payment': u'146.7',
 'house_address': u'\u89c2\u5149\u8def',
 'house_name': u'\u9f99\u5149\u7396\u9f99\u53f0',
 'id': '6387f9c0-117d-11e8-b32c-382c4a16ce75',
 'monthly_payment': u'18166.78',
 'province': u'\u5e7f\u4e1c\u7701',
 'source': u'\u5b89\u5c45\u5ba2',
 'total_price': u'489',
 'type': u'new',
 'unit_price': u'48000',
 'url': 'https://sz.fang.anjuke.com/loupan/canshu-416551.html'}
2018-02-14 19:51:31 [scrapy.extensions.throttle] INFO: slot: sz.fang.anjuke.com | conc: 1 | delay: 4000 ms (+0) | latency:  347 ms | size: 26844 bytes
2018-02-14 19:51:31 [scrapy.core.engine] DEBUG: Crawled (200) <GET https://sz.fang.anjuke.com/loupan/canshu-244426.html> (referer: https://sz.fang.anjuke.com/loupan/244426.html)
2018-02-14 19:51:31 [scrapy.core.scraper] DEBUG: Scraped from <200 https://sz.fang.anjuke.com/loupan/canshu-244426.html>
{'build_year': u'2013',
 'city': '\xe6\xb7\xb1\xe5\x9c\xb3',
 'county': '\xe5\x85\x89\xe6\x98\x8e\xe6\x96\xb0\xe5\x8c\xba',
 'crawl_time': 1518609091.568,
 'description': None,
 'down_payment': None,
 'house_address': u'\u516c\u660e\u8857\u9053\u6c11\u751f\u8def\u4e0e\u534e\u53d1\u8def\u4ea4\u6c47\u5904(\u5b8f\u53d1\u96cd\u666f\u57ce\u65c1)',
 'house_name': u'\u5b8f\u53d1\u4e0a\u57df\u82b1\u56ed',
 'id': '660f8f00-117d-11e8-a9c7-382c4a16ce75',
 'monthly_payment': None,
 'province': u'\u5e7f\u4e1c\u7701',
 'source': u'\u5b89\u5c45\u5ba2',
 'total_price': None,
 'type': u'new',
 'unit_price': u'27473',
 'url': 'https://sz.fang.anjuke.com/loupan/canshu-244426.html'}
2018-02-14 19:51:36 [scrapy.extensions.throttle] INFO: slot: sz.fang.anjuke.com | conc: 1 | delay: 4000 ms (+0) | latency:  483 ms | size: 26892 bytes
2018-02-14 19:51:36 [scrapy.core.engine] DEBUG: Crawled (200) <GET https://sz.fang.anjuke.com/loupan/canshu-250614.html> (referer: https://sz.fang.anjuke.com/loupan/250614.html)
2018-02-14 19:51:36 [scrapy.core.scraper] DEBUG: Scraped from <200 https://sz.fang.anjuke.com/loupan/canshu-250614.html>
{'build_year': u'2015',
 'city': '\xe6\xb7\xb1\xe5\x9c\xb3',
 'county': '\xe5\x85\x89\xe6\x98\x8e\xe6\x96\xb0\xe5\x8c\xba',
 'crawl_time': 1518609096.626,
 'description': None,
 'down_payment': None,
 'house_address': u'\u516c\u660e\u8857\u9053\u632f\u660e\u8def\uff08\u7ea2\u82b1\u5c71\u5bf9\u9762\uff09',
 'house_name': u'\u798f\u76c8\u4e2d\u592e\u5c71',
 'id': '6913591e-117d-11e8-98ed-382c4a16ce75',
 'monthly_payment': None,
 'province': u'\u5e7f\u4e1c\u7701',
 'source': u'\u5b89\u5c45\u5ba2',
 'total_price': None,
 'type': u'new',
 'unit_price': u'22510',
 'url': 'https://sz.fang.anjuke.com/loupan/canshu-250614.html'}
2018-02-14 19:51:41 [scrapy.extensions.throttle] INFO: slot: sz.fang.anjuke.com | conc: 1 | delay: 4000 ms (+0) | latency:  341 ms | size: 28942 bytes
2018-02-14 19:51:41 [scrapy.core.engine] DEBUG: Crawled (200) <GET https://sz.fang.anjuke.com/loupan/canshu-417423.html> (referer: https://sz.fang.anjuke.com/loupan/417423.html)
2018-02-14 19:51:41 [scrapy.core.scraper] DEBUG: Scraped from <200 https://sz.fang.anjuke.com/loupan/canshu-417423.html>
{'build_year': u'2018',
 'city': '\xe6\xb7\xb1\xe5\x9c\xb3',
 'county': '\xe5\x85\x89\xe6\x98\x8e\xe6\x96\xb0\xe5\x8c\xba',
 'crawl_time': 1518609101.856,
 'description': None,
 'down_payment': None,
 'house_address': u'\u6839\u7389\u8def\u4e0e\u7530\u5bee\u8def\u4ea4\u6c47\u5904',
 'house_name': u'\u660e\u53d1\u5149\u660e\u8f69',
 'id': '6c316200-117d-11e8-929c-382c4a16ce75',
 'monthly_payment': None,
 'province': u'\u5e7f\u4e1c\u7701',
 'source': u'\u5b89\u5c45\u5ba2',
 'total_price': None,
 'type': u'new',
 'unit_price': u'33000',
 'url': 'https://sz.fang.anjuke.com/loupan/canshu-417423.html'}
2018-02-14 19:51:46 [scrapy.extensions.throttle] INFO: slot: sz.fang.anjuke.com | conc: 1 | delay: 4000 ms (+0) | latency:  844 ms | size: 29046 bytes
2018-02-14 19:51:46 [scrapy.core.engine] DEBUG: Crawled (200) <GET https://sz.fang.anjuke.com/loupan/canshu-417672.html> (referer: https://sz.fang.anjuke.com/loupan/417672.html)
2018-02-14 19:51:46 [scrapy.core.scraper] DEBUG: Scraped from <200 https://sz.fang.anjuke.com/loupan/canshu-417672.html>
{'build_year': u'2018',
 'city': '\xe6\xb7\xb1\xe5\x9c\xb3',
 'county': '\xe5\x85\x89\xe6\x98\x8e\xe6\x96\xb0\xe5\x8c\xba',
 'crawl_time': 1518609106.631,
 'description': None,
 'down_payment': None,
 'house_address': u'\u7530\u5bee\u8def\u4e0e\u4e09\u53f7\u8def\u4ea4\u6c47\u5904\u897f\u4fa7\uff08\u6021\u99a8\u5c45\u65c1\uff09',
 'house_name': u'\u65b0\u5b9d\u8f69V\u7acb\u65b9',
 'id': '6f09fd70-117d-11e8-b8f1-382c4a16ce75',
 'monthly_payment': None,
 'province': u'\u5e7f\u4e1c\u7701',
 'source': u'\u5b89\u5c45\u5ba2',
 'total_price': u'102',
 'type': u'new',
 'unit_price': u'31000',
 'url': 'https://sz.fang.anjuke.com/loupan/canshu-417672.html'}
2018-02-14 19:51:51 [scrapy.extensions.throttle] INFO: slot: sz.fang.anjuke.com | conc: 1 | delay: 4000 ms (+0) | latency:  457 ms | size: 28314 bytes
2018-02-14 19:51:51 [scrapy.core.engine] DEBUG: Crawled (200) <GET https://sz.fang.anjuke.com/loupan/canshu-389574.html> (referer: https://sz.fang.anjuke.com/loupan/389574.html)
2018-02-14 19:51:51 [scrapy.core.scraper] DEBUG: Scraped from <200 https://sz.fang.anjuke.com/loupan/canshu-389574.html>
{'build_year': u'2018',
 'city': '\xe6\xb7\xb1\xe5\x9c\xb3',
 'county': '\xe5\x85\x89\xe6\x98\x8e\xe6\x96\xb0\xe5\x8c\xba',
 'crawl_time': 1518609111.491,
 'description': None,
 'down_payment': None,
 'house_address': u'\u5149\u660e\u5927\u9053\u4e0e\u5149\u660e\u5927\u8857\u4ea4\u6c47\u5904\uff08\u5149\u660e\u793e\u4fdd\u5206\u5c40\u5bf9\u9762\uff09',
 'house_name': u'\u7eff\u5730\u65b0\u90fd\u4f1a',
 'id': '71ef9130-117d-11e8-bfa5-382c4a16ce75',
 'monthly_payment': None,
 'province': u'\u5e7f\u4e1c\u7701',
 'source': u'\u5b89\u5c45\u5ba2',
 'total_price': None,
 'type': u'new',
 'unit_price': None,
 'url': 'https://sz.fang.anjuke.com/loupan/canshu-389574.html'}
2018-02-14 19:51:51 [scrapy.extensions.logstats] INFO: Crawled 24 pages (at 12 pages/min), scraped 6 items (at 6 items/min)
2018-02-14 19:51:56 [scrapy.extensions.throttle] INFO: slot: sz.fang.anjuke.com | conc: 1 | delay: 4000 ms (+0) | latency:  437 ms | size: 30138 bytes
2018-02-14 19:51:56 [scrapy.core.engine] DEBUG: Crawled (200) <GET https://sz.fang.anjuke.com/loupan/canshu-251173.html> (referer: https://sz.fang.anjuke.com/loupan/251173.html)
2018-02-14 19:51:57 [scrapy.core.scraper] DEBUG: Scraped from <200 https://sz.fang.anjuke.com/loupan/canshu-251173.html>
{'build_year': u'2016',
 'city': '\xe6\xb7\xb1\xe5\x9c\xb3',
 'county': '\xe5\x85\x89\xe6\x98\x8e\xe6\x96\xb0\xe5\x8c\xba',
 'crawl_time': 1518609116.961,
 'description': None,
 'down_payment': None,
 'house_address': u'\u53cc\u660e\u5927\u9053',
 'house_name': u'\u6b63\u5146\u666f\u5609\u56ed',
 'id': '7532390f-117d-11e8-b83e-382c4a16ce75',
 'monthly_payment': None,
 'province': u'\u5e7f\u4e1c\u7701',
 'source': u'\u5b89\u5c45\u5ba2',
 'total_price': None,
 'type': u'new',
 'unit_price': u'39000',
 'url': 'https://sz.fang.anjuke.com/loupan/canshu-251173.html'}
2018-02-14 19:52:01 [scrapy.extensions.throttle] INFO: slot: sz.fang.anjuke.com | conc: 1 | delay: 4000 ms (+0) | latency:  344 ms | size: 28154 bytes
2018-02-14 19:52:01 [scrapy.core.engine] DEBUG: Crawled (200) <GET https://sz.fang.anjuke.com/loupan/canshu-411775.html> (referer: https://sz.fang.anjuke.com/loupan/411775.html)
2018-02-14 19:52:01 [scrapy.core.scraper] DEBUG: Scraped from <200 https://sz.fang.anjuke.com/loupan/canshu-411775.html>
{'build_year': None,
 'city': '\xe6\xb7\xb1\xe5\x9c\xb3',
 'county': '\xe5\x85\x89\xe6\x98\x8e\xe6\x96\xb0\xe5\x8c\xba',
 'crawl_time': 1518609121.534,
 'description': None,
 'down_payment': None,
 'house_address': u'\u516c\u660e\u8857\u9053\u677e\u767d\u8def\u4e0e\u78a7\u5858\u8def\u4ea4\u6c47\u5904',
 'house_name': u'\u677e\u8302\u5fa1\u57ce',
 'id': '77ec01de-117d-11e8-8827-382c4a16ce75',
 'monthly_payment': None,
 'province': u'\u5e7f\u4e1c\u7701',
 'source': u'\u5b89\u5c45\u5ba2',
 'total_price': None,
 'type': u'new',
 'unit_price': None,
 'url': 'https://sz.fang.anjuke.com/loupan/canshu-411775.html'}
2018-02-14 19:52:06 [scrapy.extensions.throttle] INFO: slot: sz.fang.anjuke.com | conc: 1 | delay: 4000 ms (+0) | latency:  426 ms | size: 29207 bytes
2018-02-14 19:52:06 [scrapy.core.engine] DEBUG: Crawled (200) <GET https://sz.fang.anjuke.com/loupan/canshu-413326.html> (referer: https://sz.fang.anjuke.com/loupan/413326.html)
2018-02-14 19:52:07 [scrapy.core.scraper] DEBUG: Scraped from <200 https://sz.fang.anjuke.com/loupan/canshu-413326.html>
{'build_year': u'2019',
 'city': '\xe6\xb7\xb1\xe5\x9c\xb3',
 'county': '\xe5\x85\x89\xe6\x98\x8e\xe6\x96\xb0\xe5\x8c\xba',
 'crawl_time': 1518609126.98,
 'description': None,
 'down_payment': None,
 'house_address': u'\u89c2\u5149\u8def\u4e0e23\u53f7\u8def\u4ea4\u6c47\u5904\uff08\u9ad8\u94c1\u5149\u660e\u57ce\u7ad9\u4e1c\u4fa7\uff09',
 'house_name': u'\u534e\u5f3aIdeaPark',
 'id': '7b2b0040-117d-11e8-8a52-382c4a16ce75',
 'monthly_payment': None,
 'province': u'\u5e7f\u4e1c\u7701',
 'source': u'\u5b89\u5c45\u5ba2',
 'total_price': None,
 'type': u'new',
 'unit_price': u'25000',
 'url': 'https://sz.fang.anjuke.com/loupan/canshu-413326.html'}
2018-02-14 19:52:12 [scrapy.extensions.throttle] INFO: slot: sz.fang.anjuke.com | conc: 1 | delay: 4000 ms (+0) | latency:  308 ms | size: 28708 bytes
2018-02-14 19:52:12 [scrapy.core.engine] DEBUG: Crawled (200) <GET https://sz.fang.anjuke.com/loupan/canshu-414503.html> (referer: https://sz.fang.anjuke.com/loupan/414503.html)
2018-02-14 19:52:12 [scrapy.core.scraper] DEBUG: Scraped from <200 https://sz.fang.anjuke.com/loupan/canshu-414503.html>
{'build_year': u'2018',
 'city': '\xe6\xb7\xb1\xe5\x9c\xb3',
 'county': '\xe5\x85\x89\xe6\x98\x8e\xe6\x96\xb0\xe5\x8c\xba',
 'crawl_time': 1518609132.363,
 'description': None,
 'down_payment': None,
 'house_address': u'\u5149\u4fa8\u8def\u4e0e\u677e\u767d\u8def\u4ea4\u6c47\u5904',
 'house_name': u'\u52e4\u8bda\u8fbe\u6b63\u5927\u57ce',
 'id': '7e6061ae-117d-11e8-9558-382c4a16ce75',
 'monthly_payment': None,
 'province': u'\u5e7f\u4e1c\u7701',
 'source': u'\u5b89\u5c45\u5ba2',
 'total_price': None,
 'type': u'new',
 'unit_price': None,
 'url': 'https://sz.fang.anjuke.com/loupan/canshu-414503.html'}
2018-02-14 19:52:17 [scrapy.extensions.throttle] INFO: slot: sz.fang.anjuke.com | conc: 1 | delay: 4000 ms (+0) | latency:  332 ms | size: 27848 bytes
2018-02-14 19:52:17 [scrapy.core.engine] DEBUG: Crawled (200) <GET https://sz.fang.anjuke.com/loupan/canshu-250285.html> (referer: https://sz.fang.anjuke.com/loupan/250285.html)
2018-02-14 19:52:18 [scrapy.core.scraper] DEBUG: Scraped from <200 https://sz.fang.anjuke.com/loupan/canshu-250285.html>
{'build_year': u'2017',
 'city': '\xe6\xb7\xb1\xe5\x9c\xb3',
 'county': '\xe5\x85\x89\xe6\x98\x8e\xe6\x96\xb0\xe5\x8c\xba',
 'crawl_time': 1518609138.004,
 'description': None,
 'down_payment': u'116.1',
 'house_address': u'\u79d1\u53d1\u8def\u897f\u4fa7\u3001\u5341\u4e03\u53f7\u5357\u4fa7',
 'house_name': u'\u5149\u660e1\u53f7',
 'id': '81bd2140-117d-11e8-84f8-382c4a16ce75',
 'monthly_payment': u'14377.39',
 'province': u'\u5e7f\u4e1c\u7701',
 'source': u'\u5b89\u5c45\u5ba2',
 'total_price': u'387',
 'type': u'new',
 'unit_price': u'44000',
 'url': 'https://sz.fang.anjuke.com/loupan/canshu-250285.html'}
2018-02-14 19:52:23 [scrapy.extensions.throttle] INFO: slot: sz.fang.anjuke.com | conc: 1 | delay: 4000 ms (+0) | latency:  348 ms | size: 28551 bytes
2018-02-14 19:52:23 [scrapy.core.engine] DEBUG: Crawled (200) <GET https://sz.fang.anjuke.com/loupan/canshu-412262.html> (referer: https://sz.fang.anjuke.com/loupan/412262.html)
2018-02-14 19:52:23 [scrapy.core.scraper] DEBUG: Scraped from <200 https://sz.fang.anjuke.com/loupan/canshu-412262.html>
{'build_year': u'2018',
 'city': '\xe6\xb7\xb1\xe5\x9c\xb3',
 'county': '\xe5\x85\x89\xe6\x98\x8e\xe6\x96\xb0\xe5\x8c\xba',
 'crawl_time': 1518609143.761,
 'description': None,
 'down_payment': None,
 'house_address': u'\u677e\u767d\u8def\u4e0e\u957f\u6625\u8def\u4ea4\u6c47\u5904',
 'house_name': u'\u5929\u6c47\u57ce',
 'id': '852b940f-117d-11e8-abdc-382c4a16ce75',
 'monthly_payment': None,
 'province': u'\u5e7f\u4e1c\u7701',
 'source': u'\u5b89\u5c45\u5ba2',
 'total_price': None,
 'type': u'new',
 'unit_price': None,
 'url': 'https://sz.fang.anjuke.com/loupan/canshu-412262.html'}
2018-02-14 19:52:29 [scrapy.extensions.throttle] INFO: slot: sz.fang.anjuke.com | conc: 1 | delay: 4000 ms (+0) | latency:  358 ms | size: 29402 bytes
2018-02-14 19:52:29 [scrapy.core.engine] DEBUG: Crawled (200) <GET https://sz.fang.anjuke.com/loupan/canshu-411784.html> (referer: https://sz.fang.anjuke.com/loupan/411784.html)
2018-02-14 19:52:29 [scrapy.core.scraper] DEBUG: Scraped from <200 https://sz.fang.anjuke.com/loupan/canshu-411784.html>
{'build_year': u'2018',
 'city': '\xe6\xb7\xb1\xe5\x9c\xb3',
 'county': '\xe5\x85\x89\xe6\x98\x8e\xe6\x96\xb0\xe5\x8c\xba',
 'crawl_time': 1518609149.599,
 'description': None,
 'down_payment': u'40',
 'house_address': u'\u5357\u73af\u5927\u9053\u4e0e\u632f\u5174\u8def\u4ea4\u6c47\u5904',
 'house_name': u'\u5965\u56ed\u5cef\u835f',
 'id': '88a662f0-117d-11e8-aabb-382c4a16ce75',
 'monthly_payment': u'2122.91',
 'province': u'\u5e7f\u4e1c\u7701',
 'source': u'\u5b89\u5c45\u5ba2',
 'total_price': u'80',
 'type': u'new',
 'unit_price': u'24000',
 'url': 'https://sz.fang.anjuke.com/loupan/canshu-411784.html'}
2018-02-14 19:52:34 [scrapy.extensions.throttle] INFO: slot: sz.fang.anjuke.com | conc: 1 | delay: 4000 ms (+0) | latency:  394 ms | size: 29161 bytes
2018-02-14 19:52:34 [scrapy.core.engine] DEBUG: Crawled (200) <GET https://sz.fang.anjuke.com/loupan/canshu-411293.html> (referer: https://sz.fang.anjuke.com/loupan/411293.html)
2018-02-14 19:52:35 [scrapy.core.scraper] DEBUG: Scraped from <200 https://sz.fang.anjuke.com/loupan/canshu-411293.html>
{'build_year': u'2018',
 'city': '\xe6\xb7\xb1\xe5\x9c\xb3',
 'county': '\xe5\x85\x89\xe6\x98\x8e\xe6\x96\xb0\xe5\x8c\xba',
 'crawl_time': 1518609155.065,
 'description': None,
 'down_payment': u'83',
 'house_address': u'\u516c\u660e\u4e1c\u73af\u5927\u9053',
 'house_name': u'\u76ca\u7530\u5047\u65e5\u5e9c\u90b8',
 'id': '8be86e8f-117d-11e8-8ea4-382c4a16ce75',
 'monthly_payment': u'4405.03',
 'province': u'\u5e7f\u4e1c\u7701',
 'source': u'\u5b89\u5c45\u5ba2',
 'total_price': u'166',
 'type': u'new',
 'unit_price': u'37000',
 'url': 'https://sz.fang.anjuke.com/loupan/canshu-411293.html'}
2018-02-14 19:52:40 [scrapy.extensions.throttle] INFO: slot: sz.fang.anjuke.com | conc: 1 | delay: 4000 ms (+0) | latency:  331 ms | size: 29286 bytes
2018-02-14 19:52:40 [scrapy.core.engine] DEBUG: Crawled (200) <GET https://sz.fang.anjuke.com/loupan/canshu-432952.html> (referer: https://sz.fang.anjuke.com/loupan/432952.html)
2018-02-14 19:52:40 [scrapy.core.scraper] DEBUG: Scraped from <200 https://sz.fang.anjuke.com/loupan/canshu-432952.html>
{'build_year': u'2019',
 'city': '\xe6\xb7\xb1\xe5\x9c\xb3',
 'county': '\xe5\x85\x89\xe6\x98\x8e\xe6\x96\xb0\xe5\x8c\xba',
 'crawl_time': 1518609160.458,
 'description': None,
 'down_payment': None,
 'house_address': u'\u677e\u767d\u8def\u4e0e\u91d1\u5b89\u8def\u4ea4\u6c47\u5904(\u8fd1\u516c\u660e\u6c7d\u8f66\u7ad9)',
 'house_name': u'\u4e2d\u7cae\u4e91\u666f\u56fd\u9645',
 'id': '8f1f569e-117d-11e8-9138-382c4a16ce75',
 'monthly_payment': None,
 'province': u'\u5e7f\u4e1c\u7701',
 'source': u'\u5b89\u5c45\u5ba2',
 'total_price': u'130',
 'type': u'new',
 'unit_price': u'22000',
 'url': 'https://sz.fang.anjuke.com/loupan/canshu-432952.html'}
2018-02-14 19:52:46 [scrapy.extensions.throttle] INFO: slot: sz.fang.anjuke.com | conc: 1 | delay: 4000 ms (+0) | latency:  897 ms | size: 26792 bytes
2018-02-14 19:52:46 [scrapy.core.engine] DEBUG: Crawled (200) <GET https://sz.fang.anjuke.com/loupan/canshu-251971.html> (referer: https://sz.fang.anjuke.com/loupan/251971.html)
2018-02-14 19:52:47 [scrapy.core.scraper] DEBUG: Scraped from <200 https://sz.fang.anjuke.com/loupan/canshu-251971.html>
{'build_year': u'2016',
 'city': '\xe6\xb7\xb1\xe5\x9c\xb3',
 'county': '\xe5\x85\x89\xe6\x98\x8e\xe6\x96\xb0\xe5\x8c\xba',
 'crawl_time': 1518609166.949,
 'description': None,
 'down_payment': None,
 'house_address': u'\u5357\u73af\u5927\u9053\u548c\u632f\u5174\u8def\u4ea4\u6c47\u5904\uff08\u516c\u660e\u4eba\u6c11\u533b\u9662\u897f\u4fa7\uff09',
 'house_name': u'\u5149\u660e\u5cf0\u835f',
 'id': '92fdc94f-117d-11e8-9782-382c4a16ce75',
 'monthly_payment': None,
 'province': u'\u5e7f\u4e1c\u7701',
 'source': u'\u5b89\u5c45\u5ba2',
 'total_price': None,
 'type': u'new',
 'unit_price': u'22108',
 'url': 'https://sz.fang.anjuke.com/loupan/canshu-251971.html'}
2018-02-14 19:52:48 [scrapy.extensions.throttle] INFO: slot: sz.fang.anjuke.com | conc: 1 | delay: 4000 ms (+0) | latency:  367 ms | size: 26875 bytes
2018-02-14 19:52:48 [scrapy.core.engine] DEBUG: Crawled (200) <GET https://sz.fang.anjuke.com/loupan/canshu-252509.html> (referer: https://sz.fang.anjuke.com/loupan/252509.html)
2018-02-14 19:52:49 [scrapy.core.scraper] DEBUG: Scraped from <200 https://sz.fang.anjuke.com/loupan/canshu-252509.html>
{'build_year': u'2015',
 'city': '\xe6\xb7\xb1\xe5\x9c\xb3',
 'county': '\xe5\x85\x89\xe6\x98\x8e\xe6\x96\xb0\xe5\x8c\xba',
 'crawl_time': 1518609169.006,
 'description': None,
 'down_payment': None,
 'house_address': u'\u516c\u660e\u4e2d\u5fc3\u533a\u677e\u767d\u8def\u4e0e\u9a6c\u7530\u8def\u4ea4\u6c47\u5904',
 'house_name': u'\u5b8f\u53d1\u5609\u57df',
 'id': '9437a8e1-117d-11e8-ba12-382c4a16ce75',
 'monthly_payment': None,
 'province': u'\u5e7f\u4e1c\u7701',
 'source': u'\u5b89\u5c45\u5ba2',
 'total_price': u'130',
 'type': u'new',
 'unit_price': u'23088',
 'url': 'https://sz.fang.anjuke.com/loupan/canshu-252509.html'}
2018-02-14 19:52:51 [scrapy.extensions.logstats] INFO: Crawled 35 pages (at 11 pages/min), scraped 17 items (at 11 items/min)
2018-02-14 19:52:53 [scrapy.extensions.throttle] INFO: slot: sz.fang.anjuke.com | conc: 1 | delay: 4000 ms (+0) | latency:  451 ms | size: 37853 bytes
2018-02-14 19:52:53 [scrapy.core.engine] DEBUG: Crawled (200) <GET https://sz.fang.anjuke.com/loupan/244523.html> (referer: https://sz.fang.anjuke.com/loupan/guangmingxinqu/)
2018-02-14 19:52:58 [scrapy.extensions.throttle] INFO: slot: sz.fang.anjuke.com | conc: 1 | delay: 4000 ms (+0) | latency:  670 ms | size: 38270 bytes
2018-02-14 19:52:58 [scrapy.core.engine] DEBUG: Crawled (200) <GET https://sz.fang.anjuke.com/loupan/246802.html> (referer: https://sz.fang.anjuke.com/loupan/guangmingxinqu/)
2018-02-14 19:53:03 [scrapy.extensions.throttle] INFO: slot: sz.fang.anjuke.com | conc: 1 | delay: 4000 ms (+0) | latency:  437 ms | size: 43676 bytes
2018-02-14 19:53:03 [scrapy.core.engine] DEBUG: Crawled (200) <GET https://sz.fang.anjuke.com/loupan/244525.html> (referer: https://sz.fang.anjuke.com/loupan/guangmingxinqu/)
2018-02-14 19:53:08 [scrapy.extensions.throttle] INFO: slot: sz.fang.anjuke.com | conc: 1 | delay: 4000 ms (+0) | latency:  434 ms | size: 39253 bytes
2018-02-14 19:53:08 [scrapy.core.engine] DEBUG: Crawled (200) <GET https://sz.fang.anjuke.com/loupan/405956.html> (referer: https://sz.fang.anjuke.com/loupan/guangmingxinqu/)
2018-02-14 19:53:14 [scrapy.extensions.throttle] INFO: slot: sz.fang.anjuke.com | conc: 1 | delay: 4000 ms (+0) | latency:  388 ms | size: 26704 bytes
2018-02-14 19:53:14 [scrapy.core.engine] DEBUG: Crawled (200) <GET https://sz.fang.anjuke.com/loupan/canshu-244523.html> (referer: https://sz.fang.anjuke.com/loupan/244523.html)
2018-02-14 19:53:14 [scrapy.core.scraper] DEBUG: Scraped from <200 https://sz.fang.anjuke.com/loupan/canshu-244523.html>
{'build_year': u'2016',
 'city': '\xe6\xb7\xb1\xe5\x9c\xb3',
 'county': '\xe5\x85\x89\xe6\x98\x8e\xe6\x96\xb0\xe5\x8c\xba',
 'crawl_time': 1518609194.831,
 'description': None,
 'down_payment': u'160.5',
 'house_address': u'\u5149\u660e\u5927\u9053\u4e0e\u6cb3\u5fc3\u5357\u8def\u4ea4\u6c47\u5904',
 'house_name': u'\u65b0\u5730\u4e2d\u592e',
 'id': 'a39c3df0-117d-11e8-9bff-382c4a16ce75',
 'monthly_payment': u'8518.16',
 'province': u'\u5e7f\u4e1c\u7701',
 'source': u'\u5b89\u5c45\u5ba2',
 'total_price': u'321',
 'type': u'new',
 'unit_price': u'30000',
 'url': 'https://sz.fang.anjuke.com/loupan/canshu-244523.html'}
2018-02-14 19:53:19 [scrapy.extensions.throttle] INFO: slot: sz.fang.anjuke.com | conc: 1 | delay: 4000 ms (+0) | latency:  391 ms | size: 26799 bytes
2018-02-14 19:53:19 [scrapy.core.engine] DEBUG: Crawled (200) <GET https://sz.fang.anjuke.com/loupan/canshu-246802.html> (referer: https://sz.fang.anjuke.com/loupan/246802.html)
2018-02-14 19:53:19 [scrapy.core.scraper] DEBUG: Scraped from <200 https://sz.fang.anjuke.com/loupan/canshu-246802.html>
{'build_year': u'2014',
 'city': '\xe6\xb7\xb1\xe5\x9c\xb3',
 'county': '\xe5\x85\x89\xe6\x98\x8e\xe6\x96\xb0\xe5\x8c\xba',
 'crawl_time': 1518609199.845,
 'description': None,
 'down_payment': None,
 'house_address': u'\u89c2\u5149\u8def\u4e0e\u4e09\u5341\u4e09\u53f7\u8def\u7684\u4ea4\u6c47\u5904\uff08\u5149\u660e\u4f1a\u5c55\u4e2d\u5fc3\u5bf9\u9762\uff09',
 'house_name': u'\u5149\u660e\u5927\u7b2c',
 'id': 'a699514f-117d-11e8-824d-382c4a16ce75',
 'monthly_payment': None,
 'province': u'\u5e7f\u4e1c\u7701',
 'source': u'\u5b89\u5c45\u5ba2',
 'total_price': u'1375',
 'type': u'new',
 'unit_price': u'50000',
 'url': 'https://sz.fang.anjuke.com/loupan/canshu-246802.html'}
2018-02-14 19:53:25 [scrapy.extensions.throttle] INFO: slot: sz.fang.anjuke.com | conc: 1 | delay: 4000 ms (+0) | latency:  381 ms | size: 27167 bytes
2018-02-14 19:53:25 [scrapy.core.engine] DEBUG: Crawled (200) <GET https://sz.fang.anjuke.com/loupan/canshu-244525.html> (referer: https://sz.fang.anjuke.com/loupan/244525.html)
2018-02-14 19:53:25 [scrapy.core.scraper] DEBUG: Scraped from <200 https://sz.fang.anjuke.com/loupan/canshu-244525.html>
{'build_year': u'2015',
 'city': '\xe6\xb7\xb1\xe5\x9c\xb3',
 'county': '\xe5\x85\x89\xe6\x98\x8e\xe6\x96\xb0\xe5\x8c\xba',
 'crawl_time': 1518609205.613,
 'description': None,
 'down_payment': u'570',
 'house_address': u'\u725b\u5c71\u79d1\u6280\u516c\u56ed\u5357\u4fa7',
 'house_name': u'\u6df1\u623f\u4f20\u9e92\u5c71',
 'id': 'aa0971cf-117d-11e8-85a7-382c4a16ce75',
 'monthly_payment': u'70586.65',
 'province': u'\u5e7f\u4e1c\u7701',
 'source': u'\u5b89\u5c45\u5ba2',
 'total_price': u'1900',
 'type': u'new',
 'unit_price': u'68000',
 'url': 'https://sz.fang.anjuke.com/loupan/canshu-244525.html'}
2018-02-14 19:53:29 [scrapy.extensions.throttle] INFO: slot: sz.fang.anjuke.com | conc: 1 | delay: 4000 ms (+0) | latency:  359 ms | size: 27329 bytes
2018-02-14 19:53:29 [scrapy.core.engine] DEBUG: Crawled (200) <GET https://sz.fang.anjuke.com/loupan/canshu-405956.html> (referer: https://sz.fang.anjuke.com/loupan/405956.html)
2018-02-14 19:53:30 [scrapy.core.scraper] DEBUG: Scraped from <200 https://sz.fang.anjuke.com/loupan/canshu-405956.html>
{'build_year': u'2019',
 'city': '\xe6\xb7\xb1\xe5\x9c\xb3',
 'county': '\xe5\x85\x89\xe6\x98\x8e\xe6\x96\xb0\xe5\x8c\xba',
 'crawl_time': 1518609210.052,
 'description': None,
 'down_payment': u'65',
 'house_address': u'\u677e\u767d\u8def\u4e0e\u91d1\u5b89\u8def\u4ea4\u6c47\u5904\uff08\u8fd1\u516c\u660e\u6c7d\u8f66\u7ad9\uff09',
 'house_name': u'\u4e2d\u7cae\u4e91\u666f\u56fd\u9645\u4f4f\u5b85',
 'id': 'acaec840-117d-11e8-b847-382c4a16ce75',
 'monthly_payment': u'3449.72',
 'province': u'\u5e7f\u4e1c\u7701',
 'source': u'\u5b89\u5c45\u5ba2',
 'total_price': u'130',
 'type': u'new',
 'unit_price': u'22000',
 'url': 'https://sz.fang.anjuke.com/loupan/canshu-405956.html'}
2018-02-14 19:53:30 [scrapy.core.engine] INFO: Closing spider (finished)
2018-02-14 19:53:30 [scrapy.statscollectors] INFO: Dumping Scrapy stats:
{'downloader/request_bytes': 44759,
 'downloader/request_count': 43,
 'downloader/request_method_count/GET': 43,
 'downloader/response_bytes': 1463870,
 'downloader/response_count': 43,
 'downloader/response_status_count/200': 43,
 'finish_reason': 'finished',
 'finish_time': datetime.datetime(2018, 2, 14, 11, 53, 30, 188000),
 'item_scraped_count': 21,
 'log_count/DEBUG': 65,
 'log_count/INFO': 53,
 'request_depth_max': 2,
 'response_received_count': 43,
 'scheduler/dequeued': 43,
 'scheduler/dequeued/memory': 43,
 'scheduler/enqueued': 43,
 'scheduler/enqueued/memory': 43,
 'start_time': datetime.datetime(2018, 2, 14, 11, 49, 51, 798000)}
2018-02-14 19:53:30 [scrapy.core.engine] INFO: Spider closed (finished)
