2018-02-14 19:58:06 [scrapy.utils.log] INFO: Scrapy 1.4.0 started (bot: HouseCrawler)
2018-02-14 19:58:06 [scrapy.utils.log] INFO: Overridden settings: {'AUTOTHROTTLE_MAX_DELAY': 30, 'NEWSPIDER_MODULE': 'HouseCrawler.spiders', 'LOG_FILE': 'logs\\HouseCrawler\\AnjukeNewHouseSpider\\c4914a5e111d11e8851d382c4a16ce75.log', 'CONCURRENT_REQUESTS_PER_DOMAIN': 1, 'SPIDER_MODULES': ['HouseCrawler.spiders'], 'AUTOTHROTTLE_START_DELAY': 6, 'BOT_NAME': 'HouseCrawler', 'AUTOTHROTTLE_ENABLED': True, 'DOWNLOAD_DELAY': 4, 'AUTOTHROTTLE_DEBUG': True}
2018-02-14 19:58:06 [scrapy.middleware] INFO: Enabled extensions:
['scrapy.extensions.logstats.LogStats',
 'scrapy.extensions.telnet.TelnetConsole',
 'scrapy.extensions.corestats.CoreStats',
 'scrapy.extensions.throttle.AutoThrottle']
2018-02-14 19:58:06 [scrapy.middleware] INFO: Enabled downloader middlewares:
['HouseCrawler.middlewares.AnjukeUserAgentMiddleware',
 'scrapy.downloadermiddlewares.httpauth.HttpAuthMiddleware',
 'scrapy.downloadermiddlewares.downloadtimeout.DownloadTimeoutMiddleware',
 'scrapy.downloadermiddlewares.defaultheaders.DefaultHeadersMiddleware',
 'scrapy.downloadermiddlewares.retry.RetryMiddleware',
 'scrapy.downloadermiddlewares.redirect.MetaRefreshMiddleware',
 'scrapy.downloadermiddlewares.httpcompression.HttpCompressionMiddleware',
 'scrapy.downloadermiddlewares.redirect.RedirectMiddleware',
 'scrapy.downloadermiddlewares.cookies.CookiesMiddleware',
 'scrapy.downloadermiddlewares.httpproxy.HttpProxyMiddleware',
 'scrapy.downloadermiddlewares.stats.DownloaderStats']
2018-02-14 19:58:06 [scrapy.middleware] INFO: Enabled spider middlewares:
['scrapy.spidermiddlewares.httperror.HttpErrorMiddleware',
 'scrapy.spidermiddlewares.offsite.OffsiteMiddleware',
 'scrapy.spidermiddlewares.referer.RefererMiddleware',
 'scrapy.spidermiddlewares.urllength.UrlLengthMiddleware',
 'scrapy.spidermiddlewares.depth.DepthMiddleware']
2018-02-14 19:58:06 [scrapy.middleware] INFO: Enabled item pipelines:
[]
2018-02-14 19:58:06 [scrapy.core.engine] INFO: Spider opened
2018-02-14 19:58:06 [scrapy.extensions.logstats] INFO: Crawled 0 pages (at 0 pages/min), scraped 0 items (at 0 items/min)
2018-02-14 19:58:06 [scrapy.extensions.telnet] DEBUG: Telnet console listening on 127.0.0.1:6023
2018-02-14 19:58:06 [scrapy.extensions.throttle] INFO: slot: sz.fang.anjuke.com | conc: 1 | delay: 4000 ms (-2000) | latency:  695 ms | size: 30992 bytes
2018-02-14 19:58:06 [scrapy.core.engine] DEBUG: Crawled (200) <GET https://sz.fang.anjuke.com/loupan/yantian/> (referer: https://gz.fang.anjuke.com/)
2018-02-14 19:58:13 [scrapy.extensions.throttle] INFO: slot: sz.fang.anjuke.com | conc: 1 | delay: 4000 ms (+0) | latency:  376 ms | size: 40246 bytes
2018-02-14 19:58:13 [scrapy.core.engine] DEBUG: Crawled (200) <GET https://sz.fang.anjuke.com/loupan/413948.html> (referer: https://sz.fang.anjuke.com/loupan/yantian/)
2018-02-14 19:58:18 [scrapy.extensions.throttle] INFO: slot: sz.fang.anjuke.com | conc: 1 | delay: 4000 ms (+0) | latency:  427 ms | size: 36829 bytes
2018-02-14 19:58:18 [scrapy.core.engine] DEBUG: Crawled (200) <GET https://sz.fang.anjuke.com/loupan/247595.html> (referer: https://sz.fang.anjuke.com/loupan/yantian/)
2018-02-14 19:58:21 [scrapy.extensions.throttle] INFO: slot: sz.fang.anjuke.com | conc: 1 | delay: 4000 ms (+0) | latency:  378 ms | size: 36923 bytes
2018-02-14 19:58:21 [scrapy.core.engine] DEBUG: Crawled (200) <GET https://sz.fang.anjuke.com/loupan/204630.html> (referer: https://sz.fang.anjuke.com/loupan/yantian/)
2018-02-14 19:58:25 [scrapy.extensions.throttle] INFO: slot: sz.fang.anjuke.com | conc: 1 | delay: 4000 ms (+0) | latency:  523 ms | size: 37948 bytes
2018-02-14 19:58:25 [scrapy.core.engine] DEBUG: Crawled (200) <GET https://sz.fang.anjuke.com/loupan/250761.html> (referer: https://sz.fang.anjuke.com/loupan/yantian/)
2018-02-14 19:58:29 [scrapy.extensions.throttle] INFO: slot: sz.fang.anjuke.com | conc: 1 | delay: 4000 ms (+0) | latency:  371 ms | size: 36575 bytes
2018-02-14 19:58:29 [scrapy.core.engine] DEBUG: Crawled (200) <GET https://sz.fang.anjuke.com/loupan/221628.html> (referer: https://sz.fang.anjuke.com/loupan/yantian/)
2018-02-14 19:58:34 [scrapy.extensions.throttle] INFO: slot: sz.fang.anjuke.com | conc: 1 | delay: 4000 ms (+0) | latency:  416 ms | size: 37426 bytes
2018-02-14 19:58:34 [scrapy.core.engine] DEBUG: Crawled (200) <GET https://sz.fang.anjuke.com/loupan/246750.html> (referer: https://sz.fang.anjuke.com/loupan/yantian/)
2018-02-14 19:58:38 [scrapy.extensions.throttle] INFO: slot: sz.fang.anjuke.com | conc: 1 | delay: 4000 ms (+0) | latency:  506 ms | size: 38182 bytes
2018-02-14 19:58:38 [scrapy.core.engine] DEBUG: Crawled (200) <GET https://sz.fang.anjuke.com/loupan/246493.html> (referer: https://sz.fang.anjuke.com/loupan/yantian/)
2018-02-14 19:58:42 [scrapy.extensions.throttle] INFO: slot: sz.fang.anjuke.com | conc: 1 | delay: 4000 ms (+0) | latency:  411 ms | size: 38745 bytes
2018-02-14 19:58:42 [scrapy.core.engine] DEBUG: Crawled (200) <GET https://sz.fang.anjuke.com/loupan/246751.html> (referer: https://sz.fang.anjuke.com/loupan/yantian/)
2018-02-14 19:58:48 [scrapy.extensions.throttle] INFO: slot: sz.fang.anjuke.com | conc: 1 | delay: 4000 ms (+0) | latency:  519 ms | size: 36876 bytes
2018-02-14 19:58:48 [scrapy.core.engine] DEBUG: Crawled (200) <GET https://sz.fang.anjuke.com/loupan/237945.html> (referer: https://sz.fang.anjuke.com/loupan/yantian/)
2018-02-14 19:58:53 [scrapy.extensions.throttle] INFO: slot: sz.fang.anjuke.com | conc: 1 | delay: 4000 ms (+0) | latency:  393 ms | size: 37284 bytes
2018-02-14 19:58:53 [scrapy.core.engine] DEBUG: Crawled (200) <GET https://sz.fang.anjuke.com/loupan/215987.html> (referer: https://sz.fang.anjuke.com/loupan/yantian/)
2018-02-14 19:58:57 [scrapy.extensions.throttle] INFO: slot: sz.fang.anjuke.com | conc: 1 | delay: 4000 ms (+0) | latency:  470 ms | size: 34501 bytes
2018-02-14 19:58:57 [scrapy.core.engine] DEBUG: Crawled (200) <GET https://sz.fang.anjuke.com/loupan/246636.html> (referer: https://sz.fang.anjuke.com/loupan/yantian/)
2018-02-14 19:59:03 [scrapy.extensions.throttle] INFO: slot: sz.fang.anjuke.com | conc: 1 | delay: 4000 ms (+0) | latency:  536 ms | size: 37676 bytes
2018-02-14 19:59:03 [scrapy.core.engine] DEBUG: Crawled (200) <GET https://sz.fang.anjuke.com/loupan/97592.html> (referer: https://sz.fang.anjuke.com/loupan/yantian/)
2018-02-14 19:59:05 [scrapy.extensions.throttle] INFO: slot: sz.fang.anjuke.com | conc: 1 | delay: 4000 ms (+0) | latency:  398 ms | size: 38510 bytes
2018-02-14 19:59:05 [scrapy.core.engine] DEBUG: Crawled (200) <GET https://sz.fang.anjuke.com/loupan/209857.html> (referer: https://sz.fang.anjuke.com/loupan/yantian/)
2018-02-14 19:59:06 [scrapy.extensions.logstats] INFO: Crawled 14 pages (at 14 pages/min), scraped 0 items (at 0 items/min)
2018-02-14 19:59:10 [scrapy.extensions.throttle] INFO: slot: sz.fang.anjuke.com | conc: 1 | delay: 4000 ms (+0) | latency:  365 ms | size: 36787 bytes
2018-02-14 19:59:10 [scrapy.core.engine] DEBUG: Crawled (200) <GET https://sz.fang.anjuke.com/loupan/215975.html> (referer: https://sz.fang.anjuke.com/loupan/yantian/)
2018-02-14 19:59:15 [scrapy.extensions.throttle] INFO: slot: sz.fang.anjuke.com | conc: 1 | delay: 4000 ms (+0) | latency:  586 ms | size: 34668 bytes
2018-02-14 19:59:15 [scrapy.core.engine] DEBUG: Crawled (200) <GET https://sz.fang.anjuke.com/loupan/430812.html> (referer: https://sz.fang.anjuke.com/loupan/yantian/)
2018-02-14 19:59:19 [scrapy.extensions.throttle] INFO: slot: sz.fang.anjuke.com | conc: 1 | delay: 4000 ms (+0) | latency:  421 ms | size: 37430 bytes
2018-02-14 19:59:19 [scrapy.core.engine] DEBUG: Crawled (200) <GET https://sz.fang.anjuke.com/loupan/96778.html> (referer: https://sz.fang.anjuke.com/loupan/yantian/)
2018-02-14 19:59:24 [scrapy.extensions.throttle] INFO: slot: sz.fang.anjuke.com | conc: 1 | delay: 4000 ms (+0) | latency:  450 ms | size: 36930 bytes
2018-02-14 19:59:24 [scrapy.core.engine] DEBUG: Crawled (200) <GET https://sz.fang.anjuke.com/loupan/237143.html> (referer: https://sz.fang.anjuke.com/loupan/yantian/)
2018-02-14 19:59:30 [scrapy.extensions.throttle] INFO: slot: sz.fang.anjuke.com | conc: 1 | delay: 4000 ms (+0) | latency:  332 ms | size: 29654 bytes
2018-02-14 19:59:30 [scrapy.core.engine] DEBUG: Crawled (200) <GET https://sz.fang.anjuke.com/loupan/canshu-413948.html> (referer: https://sz.fang.anjuke.com/loupan/413948.html)
2018-02-14 19:59:30 [scrapy.core.scraper] DEBUG: Scraped from <200 https://sz.fang.anjuke.com/loupan/canshu-413948.html>
{'build_year': u'2018',
 'city': '\xe6\xb7\xb1\xe5\x9c\xb3',
 'county': '\xe7\x9b\x90\xe7\x94\xb0',
 'crawl_time': 1518609570.595,
 'description': None,
 'down_payment': u'135',
 'house_address': u'\u76d0\u7530\u8def208\u53f7',
 'house_name': u'\u5c71\u6d77\u56db\u5b63\u57ce\u2161\u516c\u56ed\u9053',
 'id': '83954730-117e-11e8-a314-382c4a16ce75',
 'monthly_payment': u'16717.89',
 'province': u'\u5e7f\u4e1c\u7701',
 'source': u'\u5b89\u5c45\u5ba2',
 'total_price': u'450',
 'type': u'new',
 'unit_price': u'57000',
 'url': 'https://sz.fang.anjuke.com/loupan/canshu-413948.html'}
2018-02-14 19:59:36 [scrapy.extensions.throttle] INFO: slot: sz.fang.anjuke.com | conc: 1 | delay: 4000 ms (+0) | latency:  296 ms | size: 26364 bytes
2018-02-14 19:59:36 [scrapy.core.engine] DEBUG: Crawled (200) <GET https://sz.fang.anjuke.com/loupan/canshu-247595.html> (referer: https://sz.fang.anjuke.com/loupan/247595.html)
2018-02-14 19:59:36 [scrapy.core.scraper] DEBUG: Scraped from <200 https://sz.fang.anjuke.com/loupan/canshu-247595.html>
{'build_year': u'2014',
 'city': '\xe6\xb7\xb1\xe5\x9c\xb3',
 'county': '\xe7\x9b\x90\xe7\x94\xb0',
 'crawl_time': 1518609576.492,
 'description': None,
 'down_payment': None,
 'house_address': u'\u660e\u73e0\u5927\u9053\u4e0e\u6d2a\u5b89\u8def\u4ea4\u6c47\u5904\uff08\u660e\u73e0\u82b1\u56ed\u897f\u9762\uff09',
 'house_name': u'\u6cca\u90e1\u96c5\u82d1',
 'id': '871916c0-117e-11e8-a48c-382c4a16ce75',
 'monthly_payment': None,
 'province': u'\u5e7f\u4e1c\u7701',
 'source': u'\u5b89\u5c45\u5ba2',
 'total_price': None,
 'type': u'new',
 'unit_price': u'31460',
 'url': 'https://sz.fang.anjuke.com/loupan/canshu-247595.html'}
2018-02-14 19:59:41 [scrapy.extensions.throttle] INFO: slot: sz.fang.anjuke.com | conc: 1 | delay: 4000 ms (+0) | latency:  446 ms | size: 26773 bytes
2018-02-14 19:59:41 [scrapy.core.engine] DEBUG: Crawled (200) <GET https://sz.fang.anjuke.com/loupan/canshu-204630.html> (referer: https://sz.fang.anjuke.com/loupan/204630.html)
2018-02-14 19:59:41 [scrapy.core.scraper] DEBUG: Scraped from <200 https://sz.fang.anjuke.com/loupan/canshu-204630.html>
{'build_year': u'2011',
 'city': '\xe6\xb7\xb1\xe5\x9c\xb3',
 'county': '\xe7\x9b\x90\xe7\x94\xb0',
 'crawl_time': 1518609581.834,
 'description': None,
 'down_payment': None,
 'house_address': u'\u5927\u6885\u6c99\u5185\u73af\u8def\u4ee5\u5357\u3001\u76d0\u575d\u9ad8\u901f\u516c\u8def\u4ee5\u4e1c',
 'house_name': u'\u7231\u7434\u6e7e\u5c71\u5e84',
 'id': '8a4836a1-117e-11e8-a721-382c4a16ce75',
 'monthly_payment': None,
 'province': u'\u5e7f\u4e1c\u7701',
 'source': u'\u5b89\u5c45\u5ba2',
 'total_price': None,
 'type': u'new',
 'unit_price': u'100000',
 'url': 'https://sz.fang.anjuke.com/loupan/canshu-204630.html'}
2018-02-14 19:59:47 [scrapy.extensions.throttle] INFO: slot: sz.fang.anjuke.com | conc: 1 | delay: 4000 ms (+0) | latency:  319 ms | size: 26755 bytes
2018-02-14 19:59:47 [scrapy.core.engine] DEBUG: Crawled (200) <GET https://sz.fang.anjuke.com/loupan/canshu-250761.html> (referer: https://sz.fang.anjuke.com/loupan/250761.html)
2018-02-14 19:59:47 [scrapy.core.scraper] DEBUG: Scraped from <200 https://sz.fang.anjuke.com/loupan/canshu-250761.html>
{'build_year': u'2015',
 'city': '\xe6\xb7\xb1\xe5\x9c\xb3',
 'county': '\xe7\x9b\x90\xe7\x94\xb0',
 'crawl_time': 1518609587.16,
 'description': None,
 'down_payment': None,
 'house_address': u'\u6e2f\u540e\u65b9\u68a7\u6850\u534a\u5c71\u4e1c\u5357\u5c71\u9e93',
 'house_name': u'\u5fa1\u666f\u53f0\u96c5\u56ed',
 'id': '8d74e580-117e-11e8-a8d8-382c4a16ce75',
 'monthly_payment': None,
 'province': u'\u5e7f\u4e1c\u7701',
 'source': u'\u5b89\u5c45\u5ba2',
 'total_price': None,
 'type': u'new',
 'unit_price': u'19537',
 'url': 'https://sz.fang.anjuke.com/loupan/canshu-250761.html'}
2018-02-14 19:59:50 [scrapy.extensions.throttle] INFO: slot: sz.fang.anjuke.com | conc: 1 | delay: 4000 ms (+0) | latency:  399 ms | size: 26671 bytes
2018-02-14 19:59:50 [scrapy.core.engine] DEBUG: Crawled (200) <GET https://sz.fang.anjuke.com/loupan/canshu-221628.html> (referer: https://sz.fang.anjuke.com/loupan/221628.html)
2018-02-14 19:59:50 [scrapy.core.scraper] DEBUG: Scraped from <200 https://sz.fang.anjuke.com/loupan/canshu-221628.html>
{'build_year': u'2011',
 'city': '\xe6\xb7\xb1\xe5\x9c\xb3',
 'county': '\xe7\x9b\x90\xe7\x94\xb0',
 'crawl_time': 1518609590.144,
 'description': None,
 'down_payment': None,
 'house_address': u'\u5927\u6885\u6c99\u5185\u73af\u8def\u5357\u4fa7\u6e56\u5fc3\u5c9b\u4e1c\u4fa7',
 'house_name': u'\u7687\u5ead\u73ba\u56ed',
 'id': '8f3c3800-117e-11e8-882d-382c4a16ce75',
 'monthly_payment': None,
 'province': u'\u5e7f\u4e1c\u7701',
 'source': u'\u5b89\u5c45\u5ba2',
 'total_price': None,
 'type': u'new',
 'unit_price': u'132820',
 'url': 'https://sz.fang.anjuke.com/loupan/canshu-221628.html'}
2018-02-14 19:59:55 [scrapy.extensions.throttle] INFO: slot: sz.fang.anjuke.com | conc: 1 | delay: 4000 ms (+0) | latency:  292 ms | size: 27157 bytes
2018-02-14 19:59:55 [scrapy.core.engine] DEBUG: Crawled (200) <GET https://sz.fang.anjuke.com/loupan/canshu-246750.html> (referer: https://sz.fang.anjuke.com/loupan/246750.html)
2018-02-14 19:59:56 [scrapy.core.scraper] DEBUG: Scraped from <200 https://sz.fang.anjuke.com/loupan/canshu-246750.html>
{'build_year': u'2017',
 'city': '\xe6\xb7\xb1\xe5\x9c\xb3',
 'county': '\xe7\x9b\x90\xe7\x94\xb0',
 'crawl_time': 1518609595.998,
 'description': None,
 'down_payment': u'130',
 'house_address': u'\u4e2d\u5fc3\u6df1\u76d0\u8def\u4e0e\u6d77\u5c71\u8def\u4ea4\u6c47\u5904\u897f\u5357\u89d2\uff08\u533a\u653f\u5e9c\u5bf9\u9762\uff09',
 'house_name': u'\u58f9\u6d77\u57ceV\u516c\u9986',
 'id': '92b977de-117e-11e8-899f-382c4a16ce75',
 'monthly_payment': u'6899.45',
 'province': u'\u5e7f\u4e1c\u7701',
 'source': u'\u5b89\u5c45\u5ba2',
 'total_price': u'260',
 'type': u'new',
 'unit_price': u'55000',
 'url': 'https://sz.fang.anjuke.com/loupan/canshu-246750.html'}
2018-02-14 20:00:01 [scrapy.extensions.throttle] INFO: slot: sz.fang.anjuke.com | conc: 1 | delay: 4000 ms (+0) | latency:  299 ms | size: 26834 bytes
2018-02-14 20:00:01 [scrapy.core.engine] DEBUG: Crawled (200) <GET https://sz.fang.anjuke.com/loupan/canshu-246493.html> (referer: https://sz.fang.anjuke.com/loupan/246493.html)
2018-02-14 20:00:01 [scrapy.core.scraper] DEBUG: Scraped from <200 https://sz.fang.anjuke.com/loupan/canshu-246493.html>
{'build_year': u'2013',
 'city': '\xe6\xb7\xb1\xe5\x9c\xb3',
 'county': '\xe7\x9b\x90\xe7\x94\xb0',
 'crawl_time': 1518609601.219,
 'description': None,
 'down_payment': None,
 'house_address': u'\u6df1\u76d0\u8def\u5317\u4fa7(\u76d0\u7530\u6c7d\u8f66\u7ad9\u65c1)',
 'house_name': u'\u660a\u6d77\u541b\u60a6',
 'id': '95d62130-117e-11e8-ac8a-382c4a16ce75',
 'monthly_payment': None,
 'province': u'\u5e7f\u4e1c\u7701',
 'source': u'\u5b89\u5c45\u5ba2',
 'total_price': u'88',
 'type': u'new',
 'unit_price': u'33394',
 'url': 'https://sz.fang.anjuke.com/loupan/canshu-246493.html'}
2018-02-14 20:00:06 [scrapy.extensions.logstats] INFO: Crawled 25 pages (at 11 pages/min), scraped 7 items (at 7 items/min)
2018-02-14 20:00:07 [scrapy.extensions.throttle] INFO: slot: sz.fang.anjuke.com | conc: 1 | delay: 4000 ms (+0) | latency:  478 ms | size: 27077 bytes
2018-02-14 20:00:07 [scrapy.core.engine] DEBUG: Crawled (200) <GET https://sz.fang.anjuke.com/loupan/canshu-246751.html> (referer: https://sz.fang.anjuke.com/loupan/246751.html)
2018-02-14 20:00:07 [scrapy.core.scraper] DEBUG: Scraped from <200 https://sz.fang.anjuke.com/loupan/canshu-246751.html>
{'build_year': u'2013',
 'city': '\xe6\xb7\xb1\xe5\x9c\xb3',
 'county': '\xe7\x9b\x90\xe7\x94\xb0',
 'crawl_time': 1518609607.336,
 'description': None,
 'down_payment': u'234',
 'house_address': u'\u4e2d\u82f1\u8857\u95e8\u53e3',
 'house_name': u'\u4e2d\u82f1\u8857\u58f9\u53f72\u671f',
 'id': '997b8280-117e-11e8-9c92-382c4a16ce75',
 'monthly_payment': u'28977.68',
 'province': u'\u5e7f\u4e1c\u7701',
 'source': u'\u5b89\u5c45\u5ba2',
 'total_price': u'780',
 'type': u'new',
 'unit_price': u'55000',
 'url': 'https://sz.fang.anjuke.com/loupan/canshu-246751.html'}
2018-02-14 20:00:12 [scrapy.extensions.throttle] INFO: slot: sz.fang.anjuke.com | conc: 1 | delay: 4000 ms (+0) | latency:  321 ms | size: 26792 bytes
2018-02-14 20:00:12 [scrapy.core.engine] DEBUG: Crawled (200) <GET https://sz.fang.anjuke.com/loupan/canshu-237945.html> (referer: https://sz.fang.anjuke.com/loupan/237945.html)
2018-02-14 20:00:12 [scrapy.core.scraper] DEBUG: Scraped from <200 https://sz.fang.anjuke.com/loupan/canshu-237945.html>
{'build_year': u'2011',
 'city': '\xe6\xb7\xb1\xe5\x9c\xb3',
 'county': '\xe7\x9b\x90\xe7\x94\xb0',
 'crawl_time': 1518609612.878,
 'description': None,
 'down_payment': None,
 'house_address': u'\u76d0\u6e2f\u6df1\u76d0\u8def\u4e0e\u5317\u5c71\u5927\u9053\u4ea4\u6c47\u5904',
 'house_name': u'\u6625\u5929\u6d77',
 'id': '9cc926e1-117e-11e8-8a16-382c4a16ce75',
 'monthly_payment': None,
 'province': u'\u5e7f\u4e1c\u7701',
 'source': u'\u5b89\u5c45\u5ba2',
 'total_price': None,
 'type': u'new',
 'unit_price': u'30071',
 'url': 'https://sz.fang.anjuke.com/loupan/canshu-237945.html'}
2018-02-14 20:00:18 [scrapy.extensions.throttle] INFO: slot: sz.fang.anjuke.com | conc: 1 | delay: 4000 ms (+0) | latency:  370 ms | size: 26521 bytes
2018-02-14 20:00:18 [scrapy.core.engine] DEBUG: Crawled (200) <GET https://sz.fang.anjuke.com/loupan/canshu-215987.html> (referer: https://sz.fang.anjuke.com/loupan/215987.html)
2018-02-14 20:00:18 [scrapy.core.scraper] DEBUG: Scraped from <200 https://sz.fang.anjuke.com/loupan/canshu-215987.html>
{'build_year': u'2011',
 'city': '\xe6\xb7\xb1\xe5\x9c\xb3',
 'county': '\xe7\x9b\x90\xe7\x94\xb0',
 'crawl_time': 1518609618.493,
 'description': None,
 'down_payment': None,
 'house_address': u'\u6df1\u6c99\u8def\u4e0e\u6c99\u76d0\u8def\u4ea4\u6c47\u5904(\u6c99\u5934\u89d2\u53e3\u5cb8\u5bf9\u9762)',
 'house_name': u'\u6d77\u5c71\u90531\u53f7',
 'id': 'a021eecf-117e-11e8-a2ac-382c4a16ce75',
 'monthly_payment': None,
 'province': u'\u5e7f\u4e1c\u7701',
 'source': u'\u5b89\u5c45\u5ba2',
 'total_price': None,
 'type': u'new',
 'unit_price': u'46979',
 'url': 'https://sz.fang.anjuke.com/loupan/canshu-215987.html'}
2018-02-14 20:00:23 [scrapy.extensions.throttle] INFO: slot: sz.fang.anjuke.com | conc: 1 | delay: 4000 ms (+0) | latency:  552 ms | size: 27089 bytes
2018-02-14 20:00:23 [scrapy.core.engine] DEBUG: Crawled (200) <GET https://sz.fang.anjuke.com/loupan/canshu-246636.html> (referer: https://sz.fang.anjuke.com/loupan/246636.html)
2018-02-14 20:00:24 [scrapy.core.scraper] DEBUG: Scraped from <200 https://sz.fang.anjuke.com/loupan/canshu-246636.html>
{'build_year': u'2014',
 'city': '\xe6\xb7\xb1\xe5\x9c\xb3',
 'county': '\xe7\x9b\x90\xe7\x94\xb0',
 'crawl_time': 1518609624.043,
 'description': None,
 'down_payment': None,
 'house_address': u'\u6df1\u5733\u5e02\u76d0\u7530\u533a\u5927\u6885\u6c99\u5f69\u9676\u8def',
 'house_name': u'\u6885\u6c991\u53f7',
 'id': 'a370cbb0-117e-11e8-9141-382c4a16ce75',
 'monthly_payment': None,
 'province': u'\u5e7f\u4e1c\u7701',
 'source': u'\u5b89\u5c45\u5ba2',
 'total_price': None,
 'type': u'new',
 'unit_price': None,
 'url': 'https://sz.fang.anjuke.com/loupan/canshu-246636.html'}
2018-02-14 20:00:29 [scrapy.extensions.throttle] INFO: slot: sz.fang.anjuke.com | conc: 1 | delay: 4000 ms (+0) | latency:  327 ms | size: 27170 bytes
2018-02-14 20:00:29 [scrapy.core.engine] DEBUG: Crawled (200) <GET https://sz.fang.anjuke.com/loupan/canshu-97592.html> (referer: https://sz.fang.anjuke.com/loupan/97592.html)
2018-02-14 20:00:29 [scrapy.core.scraper] DEBUG: Scraped from <200 https://sz.fang.anjuke.com/loupan/canshu-97592.html>
{'build_year': u'2008',
 'city': '\xe6\xb7\xb1\xe5\x9c\xb3',
 'county': '\xe7\x9b\x90\xe7\x94\xb0',
 'crawl_time': 1518609629.653,
 'description': None,
 'down_payment': u'216',
 'house_address': u'\u6d77\u666f\u4e8c\u8def\u4e0e\u4e1c\u548c\u8def\u4ea4\u6c47\u5904',
 'house_name': u'\u84dd\u90e1\u5e7f\u573a',
 'id': 'a6c8d051-117e-11e8-8b72-382c4a16ce75',
 'monthly_payment': u'26748.63',
 'province': u'\u5e7f\u4e1c\u7701',
 'source': u'\u5b89\u5c45\u5ba2',
 'total_price': u'720',
 'type': u'new',
 'unit_price': u'40000',
 'url': 'https://sz.fang.anjuke.com/loupan/canshu-97592.html'}
2018-02-14 20:00:32 [scrapy.extensions.throttle] INFO: slot: sz.fang.anjuke.com | conc: 1 | delay: 4000 ms (+0) | latency:  303 ms | size: 27110 bytes
2018-02-14 20:00:32 [scrapy.core.engine] DEBUG: Crawled (200) <GET https://sz.fang.anjuke.com/loupan/canshu-209857.html> (referer: https://sz.fang.anjuke.com/loupan/209857.html)
2018-02-14 20:00:32 [scrapy.core.scraper] DEBUG: Scraped from <200 https://sz.fang.anjuke.com/loupan/canshu-209857.html>
{'build_year': u'2011',
 'city': '\xe6\xb7\xb1\xe5\x9c\xb3',
 'county': '\xe7\x9b\x90\xe7\x94\xb0',
 'crawl_time': 1518609632.88,
 'description': None,
 'down_payment': u'78',
 'house_address': u'\u9646\u57df\u4e1c\u6d77\u56db\u8857\u4e0e\u76d0\u5317\u4e09\u8857\u4ea4\u6c47\u5904\uff08\u76d0\u6e2f\u533b\u9662\u65c1\uff09',
 'house_name': u'\u5e78\u798f\u6d77',
 'id': 'a8b53700-117e-11e8-8092-382c4a16ce75',
 'monthly_payment': u'9659.23',
 'province': u'\u5e7f\u4e1c\u7701',
 'source': u'\u5b89\u5c45\u5ba2',
 'total_price': u'260',
 'type': u'new',
 'unit_price': u'18300',
 'url': 'https://sz.fang.anjuke.com/loupan/canshu-209857.html'}
2018-02-14 20:00:38 [scrapy.extensions.throttle] INFO: slot: sz.fang.anjuke.com | conc: 1 | delay: 4000 ms (+0) | latency:  391 ms | size: 26562 bytes
2018-02-14 20:00:38 [scrapy.core.engine] DEBUG: Crawled (200) <GET https://sz.fang.anjuke.com/loupan/canshu-215975.html> (referer: https://sz.fang.anjuke.com/loupan/215975.html)
2018-02-14 20:00:39 [scrapy.core.scraper] DEBUG: Scraped from <200 https://sz.fang.anjuke.com/loupan/canshu-215975.html>
{'build_year': u'2012',
 'city': '\xe6\xb7\xb1\xe5\x9c\xb3',
 'county': '\xe7\x9b\x90\xe7\x94\xb0',
 'crawl_time': 1518609638.929,
 'description': None,
 'down_payment': None,
 'house_address': u'\u6df1\u6c99\u8def\u4e0e\u6c99\u76d0\u8def\u4ea4\u6c47\uff08\u6c99\u5934\u89d2\u53e3\u5cb8\u5bf9\u9762\uff09',
 'house_name': u'\u4e0a\u4e1c\u6e7e',
 'id': 'ac50380f-117e-11e8-a122-382c4a16ce75',
 'monthly_payment': None,
 'province': u'\u5e7f\u4e1c\u7701',
 'source': u'\u5b89\u5c45\u5ba2',
 'total_price': None,
 'type': u'new',
 'unit_price': u'59526',
 'url': 'https://sz.fang.anjuke.com/loupan/canshu-215975.html'}
2018-02-14 20:00:44 [scrapy.extensions.throttle] INFO: slot: sz.fang.anjuke.com | conc: 1 | delay: 4000 ms (+0) | latency:  304 ms | size: 28026 bytes
2018-02-14 20:00:44 [scrapy.core.engine] DEBUG: Crawled (200) <GET https://sz.fang.anjuke.com/loupan/canshu-430812.html> (referer: https://sz.fang.anjuke.com/loupan/430812.html)
2018-02-14 20:00:44 [scrapy.core.scraper] DEBUG: Scraped from <200 https://sz.fang.anjuke.com/loupan/canshu-430812.html>
{'build_year': None,
 'city': '\xe6\xb7\xb1\xe5\x9c\xb3',
 'county': '\xe7\x9b\x90\xe7\x94\xb0',
 'crawl_time': 1518609644.239,
 'description': None,
 'down_payment': None,
 'house_address': u'\u6df1\u76d0\u8def\u4e0e\u5b98\u4e0a\u8def\u4ea4\u6c47\u5904',
 'house_name': u'\u76db\u8fea\u5609\u6d77\u6e7e\u58f9\u53f7',
 'id': 'af7a75f0-117e-11e8-b37d-382c4a16ce75',
 'monthly_payment': None,
 'province': u'\u5e7f\u4e1c\u7701',
 'source': u'\u5b89\u5c45\u5ba2',
 'total_price': None,
 'type': u'new',
 'unit_price': None,
 'url': 'https://sz.fang.anjuke.com/loupan/canshu-430812.html'}
2018-02-14 20:00:47 [scrapy.extensions.throttle] INFO: slot: sz.fang.anjuke.com | conc: 1 | delay: 4000 ms (+0) | latency:  298 ms | size: 30398 bytes
2018-02-14 20:00:47 [scrapy.core.engine] DEBUG: Crawled (200) <GET https://sz.fang.anjuke.com/loupan/canshu-96778.html> (referer: https://sz.fang.anjuke.com/loupan/96778.html)
2018-02-14 20:00:47 [scrapy.core.scraper] DEBUG: Scraped from <200 https://sz.fang.anjuke.com/loupan/canshu-96778.html>
{'build_year': u'2015',
 'city': '\xe6\xb7\xb1\xe5\x9c\xb3',
 'county': '\xe7\x9b\x90\xe7\x94\xb0',
 'crawl_time': 1518609647.921,
 'description': None,
 'down_payment': u'1650',
 'house_address': u'\u76d0\u8475\u8def\u5929\u7434\u6e7e\uff08\u5927\u3001\u5c0f\u6885\u6c99\u5ea6\u5047\u533a\uff09',
 'house_name': u'\u5929\u7434\u6e7e',
 'id': 'b1ac4a0f-117e-11e8-a6e5-382c4a16ce75',
 'monthly_payment': u'204329.79',
 'province': u'\u5e7f\u4e1c\u7701',
 'source': u'\u5b89\u5c45\u5ba2',
 'total_price': u'5500',
 'type': u'new',
 'unit_price': None,
 'url': 'https://sz.fang.anjuke.com/loupan/canshu-96778.html'}
2018-02-14 20:00:53 [scrapy.extensions.throttle] INFO: slot: sz.fang.anjuke.com | conc: 1 | delay: 4000 ms (+0) | latency:  402 ms | size: 26422 bytes
2018-02-14 20:00:53 [scrapy.core.engine] DEBUG: Crawled (200) <GET https://sz.fang.anjuke.com/loupan/canshu-237143.html> (referer: https://sz.fang.anjuke.com/loupan/237143.html)
2018-02-14 20:00:53 [scrapy.core.scraper] DEBUG: Scraped from <200 https://sz.fang.anjuke.com/loupan/canshu-237143.html>
{'build_year': u'2011',
 'city': '\xe6\xb7\xb1\xe5\x9c\xb3',
 'county': '\xe7\x9b\x90\xe7\x94\xb0',
 'crawl_time': 1518609653.168,
 'description': None,
 'down_payment': None,
 'house_address': u'\u5317\u5c71\u5927\u9053\u5ef6\u957f\u6bb5\u5317\u4fa7',
 'house_name': u'\u851a\u84dd\u5047\u65e5\u96c5\u82d1',
 'id': 'b4cceb00-117e-11e8-a5fa-382c4a16ce75',
 'monthly_payment': None,
 'province': u'\u5e7f\u4e1c\u7701',
 'source': u'\u5b89\u5c45\u5ba2',
 'total_price': None,
 'type': u'new',
 'unit_price': u'30591',
 'url': 'https://sz.fang.anjuke.com/loupan/canshu-237143.html'}
2018-02-14 20:00:56 [scrapy.extensions.throttle] INFO: slot: sz.fang.anjuke.com | conc: 1 | delay: 4000 ms (+0) | latency:  417 ms | size: 34357 bytes
2018-02-14 20:00:56 [scrapy.core.engine] DEBUG: Crawled (200) <GET https://sz.fang.anjuke.com/loupan/224350.html> (referer: https://sz.fang.anjuke.com/loupan/yantian/)
2018-02-14 20:00:59 [scrapy.extensions.throttle] INFO: slot: sz.fang.anjuke.com | conc: 1 | delay: 4000 ms (+0) | latency:  346 ms | size: 37669 bytes
2018-02-14 20:00:59 [scrapy.core.engine] DEBUG: Crawled (200) <GET https://sz.fang.anjuke.com/loupan/237442.html> (referer: https://sz.fang.anjuke.com/loupan/yantian/)
2018-02-14 20:01:03 [scrapy.extensions.throttle] INFO: slot: sz.fang.anjuke.com | conc: 1 | delay: 4000 ms (+0) | latency:  406 ms | size: 36155 bytes
2018-02-14 20:01:03 [scrapy.core.engine] DEBUG: Crawled (200) <GET https://sz.fang.anjuke.com/loupan/400935.html> (referer: https://sz.fang.anjuke.com/loupan/yantian/)
2018-02-14 20:01:06 [scrapy.extensions.logstats] INFO: Crawled 38 pages (at 13 pages/min), scraped 17 items (at 10 items/min)
2018-02-14 20:01:08 [scrapy.extensions.throttle] INFO: slot: sz.fang.anjuke.com | conc: 1 | delay: 4000 ms (+0) | latency:  463 ms | size: 34609 bytes
2018-02-14 20:01:08 [scrapy.core.engine] DEBUG: Crawled (200) <GET https://sz.fang.anjuke.com/loupan/411144.html> (referer: https://sz.fang.anjuke.com/loupan/yantian/)
2018-02-14 20:01:12 [scrapy.extensions.throttle] INFO: slot: sz.fang.anjuke.com | conc: 1 | delay: 4000 ms (+0) | latency:  428 ms | size: 34585 bytes
2018-02-14 20:01:12 [scrapy.core.engine] DEBUG: Crawled (200) <GET https://sz.fang.anjuke.com/loupan/427065.html> (referer: https://sz.fang.anjuke.com/loupan/yantian/)
2018-02-14 20:01:16 [scrapy.extensions.throttle] INFO: slot: sz.fang.anjuke.com | conc: 1 | delay: 4000 ms (+0) | latency:  421 ms | size: 39832 bytes
2018-02-14 20:01:16 [scrapy.core.engine] DEBUG: Crawled (200) <GET https://sz.fang.anjuke.com/loupan/418945.html> (referer: https://sz.fang.anjuke.com/loupan/yantian/)
2018-02-14 20:01:22 [scrapy.extensions.throttle] INFO: slot: sz.fang.anjuke.com | conc: 1 | delay: 4000 ms (+0) | latency:  408 ms | size: 41680 bytes
2018-02-14 20:01:22 [scrapy.core.engine] DEBUG: Crawled (200) <GET https://sz.fang.anjuke.com/loupan/400686.html> (referer: https://sz.fang.anjuke.com/loupan/yantian/)
2018-02-14 20:01:26 [scrapy.extensions.throttle] INFO: slot: sz.fang.anjuke.com | conc: 1 | delay: 4000 ms (+0) | latency:  396 ms | size: 42215 bytes
2018-02-14 20:01:26 [scrapy.core.engine] DEBUG: Crawled (200) <GET https://sz.fang.anjuke.com/loupan/400728.html> (referer: https://sz.fang.anjuke.com/loupan/yantian/)
2018-02-14 20:01:32 [scrapy.extensions.throttle] INFO: slot: sz.fang.anjuke.com | conc: 1 | delay: 4000 ms (+0) | latency:  618 ms | size: 35730 bytes
2018-02-14 20:01:32 [scrapy.core.engine] DEBUG: Crawled (200) <GET https://sz.fang.anjuke.com/loupan/418835.html> (referer: https://sz.fang.anjuke.com/loupan/yantian/)
2018-02-14 20:01:37 [scrapy.extensions.throttle] INFO: slot: sz.fang.anjuke.com | conc: 1 | delay: 4000 ms (+0) | latency:  416 ms | size: 38932 bytes
2018-02-14 20:01:37 [scrapy.core.engine] DEBUG: Crawled (200) <GET https://sz.fang.anjuke.com/loupan/249662.html> (referer: https://sz.fang.anjuke.com/loupan/yantian/)
2018-02-14 20:01:42 [scrapy.extensions.throttle] INFO: slot: sz.fang.anjuke.com | conc: 1 | delay: 4000 ms (+0) | latency:  861 ms | size: 26781 bytes
2018-02-14 20:01:42 [scrapy.core.engine] DEBUG: Crawled (200) <GET https://sz.fang.anjuke.com/loupan/canshu-224350.html> (referer: https://sz.fang.anjuke.com/loupan/224350.html)
2018-02-14 20:01:42 [scrapy.core.scraper] DEBUG: Scraped from <200 https://sz.fang.anjuke.com/loupan/canshu-224350.html>
{'build_year': u'2012',
 'city': '\xe6\xb7\xb1\xe5\x9c\xb3',
 'county': '\xe7\x9b\x90\xe7\x94\xb0',
 'crawl_time': 1518609702.572,
 'description': None,
 'down_payment': None,
 'house_address': u'\u5927\u6885\u6c99\u751f\u6001\u65c5\u6e38\u533a',
 'house_name': u'\u4e1c\u90e8\u534e\u4fa8\u57ce\u5929\u9e93\u516b\u533a',
 'id': 'd23f5ec0-117e-11e8-b93a-382c4a16ce75',
 'monthly_payment': None,
 'province': u'\u5e7f\u4e1c\u7701',
 'source': u'\u5b89\u5c45\u5ba2',
 'total_price': None,
 'type': u'new',
 'unit_price': None,
 'url': 'https://sz.fang.anjuke.com/loupan/canshu-224350.html'}
2018-02-14 20:01:47 [scrapy.extensions.throttle] INFO: slot: sz.fang.anjuke.com | conc: 1 | delay: 4000 ms (+0) | latency:  289 ms | size: 26830 bytes
2018-02-14 20:01:47 [scrapy.core.engine] DEBUG: Crawled (200) <GET https://sz.fang.anjuke.com/loupan/canshu-237442.html> (referer: https://sz.fang.anjuke.com/loupan/237442.html)
2018-02-14 20:01:48 [scrapy.core.scraper] DEBUG: Scraped from <200 https://sz.fang.anjuke.com/loupan/canshu-237442.html>
{'build_year': u'2015',
 'city': '\xe6\xb7\xb1\xe5\x9c\xb3',
 'county': '\xe7\x9b\x90\xe7\x94\xb0',
 'crawl_time': 1518609707.938,
 'description': None,
 'down_payment': None,
 'house_address': u'\u540c\u5bcc\u88d5\u8def\u6df1\u5733\u5916\u56fd\u8bed\u5b66\u6821\u9ad8\u4e2d\u90e8\u65c1',
 'house_name': u'\u9e4f\u5e7f\u8fbe\u4e91\u9876\u9053',
 'id': 'd572281e-117e-11e8-90c3-382c4a16ce75',
 'monthly_payment': None,
 'province': u'\u5e7f\u4e1c\u7701',
 'source': u'\u5b89\u5c45\u5ba2',
 'total_price': None,
 'type': u'new',
 'unit_price': u'42422',
 'url': 'https://sz.fang.anjuke.com/loupan/canshu-237442.html'}
2018-02-14 20:01:53 [scrapy.extensions.throttle] INFO: slot: sz.fang.anjuke.com | conc: 1 | delay: 4000 ms (+0) | latency:  305 ms | size: 30436 bytes
2018-02-14 20:01:53 [scrapy.core.engine] DEBUG: Crawled (200) <GET https://sz.fang.anjuke.com/loupan/canshu-400935.html> (referer: https://sz.fang.anjuke.com/loupan/400935.html)
2018-02-14 20:01:53 [scrapy.core.scraper] DEBUG: Scraped from <200 https://sz.fang.anjuke.com/loupan/canshu-400935.html>
{'build_year': u'2017',
 'city': '\xe6\xb7\xb1\xe5\x9c\xb3',
 'county': '\xe7\x9b\x90\xe7\x94\xb0',
 'crawl_time': 1518609713.533,
 'description': None,
 'down_payment': u'93.6',
 'house_address': u'\u76d0\u7530\u8def\u4e0e\u5317\u5c71\u9053\u4ea4\u6c47\u5904',
 'house_name': u'\u5c71\u6d77\u56db\u5b63\u57ce\u2162\u56db\u5b63\u516c\u9986',
 'id': 'd8c7e2cf-117e-11e8-8764-382c4a16ce75',
 'monthly_payment': u'11591.07',
 'province': u'\u5e7f\u4e1c\u7701',
 'source': u'\u5b89\u5c45\u5ba2',
 'total_price': u'312',
 'type': u'new',
 'unit_price': u'53000',
 'url': 'https://sz.fang.anjuke.com/loupan/canshu-400935.html'}
2018-02-14 20:01:57 [scrapy.extensions.throttle] INFO: slot: sz.fang.anjuke.com | conc: 1 | delay: 4000 ms (+0) | latency:  305 ms | size: 28026 bytes
2018-02-14 20:01:57 [scrapy.core.engine] DEBUG: Crawled (200) <GET https://sz.fang.anjuke.com/loupan/canshu-411144.html> (referer: https://sz.fang.anjuke.com/loupan/411144.html)
2018-02-14 20:01:57 [scrapy.core.scraper] DEBUG: Scraped from <200 https://sz.fang.anjuke.com/loupan/canshu-411144.html>
{'build_year': None,
 'city': '\xe6\xb7\xb1\xe5\x9c\xb3',
 'county': '\xe7\x9b\x90\xe7\x94\xb0',
 'crawl_time': 1518609717.624,
 'description': None,
 'down_payment': None,
 'house_address': u'\u76d8\u5c71\u8def\u68a7\u6850\u5c71\u96a7\u9053\u53e3\u65c1',
 'house_name': u'\u534a\u5c71\u60a6\u6d77\u82b1\u56ed',
 'id': 'db381f80-117e-11e8-a510-382c4a16ce75',
 'monthly_payment': None,
 'province': u'\u5e7f\u4e1c\u7701',
 'source': u'\u5b89\u5c45\u5ba2',
 'total_price': None,
 'type': u'new',
 'unit_price': None,
 'url': 'https://sz.fang.anjuke.com/loupan/canshu-411144.html'}
2018-02-14 20:02:03 [scrapy.extensions.throttle] INFO: slot: sz.fang.anjuke.com | conc: 1 | delay: 4000 ms (+0) | latency:  335 ms | size: 28062 bytes
2018-02-14 20:02:03 [scrapy.core.engine] DEBUG: Crawled (200) <GET https://sz.fang.anjuke.com/loupan/canshu-427065.html> (referer: https://sz.fang.anjuke.com/loupan/427065.html)
2018-02-14 20:02:03 [scrapy.core.scraper] DEBUG: Scraped from <200 https://sz.fang.anjuke.com/loupan/canshu-427065.html>
{'build_year': u'2020',
 'city': '\xe6\xb7\xb1\xe5\x9c\xb3',
 'county': '\xe7\x9b\x90\xe7\x94\xb0',
 'crawl_time': 1518609723.614,
 'description': None,
 'down_payment': None,
 'house_address': u'\u540e\u65b9\u9646\u57df\u6d2a\u5b89\u8def\u4e0e\u4e1c\u6d77\u56db\u8857\u4ea4\u6c47\u5904',
 'house_name': u'\u4f73\u5146\u4e1a\u76d0\u7530\u57ce\u5e02\u5e7f\u573a\u4e00\u671f',
 'id': 'deca1fe1-117e-11e8-93eb-382c4a16ce75',
 'monthly_payment': None,
 'province': u'\u5e7f\u4e1c\u7701',
 'source': u'\u5b89\u5c45\u5ba2',
 'total_price': None,
 'type': u'new',
 'unit_price': None,
 'url': 'https://sz.fang.anjuke.com/loupan/canshu-427065.html'}
2018-02-14 20:02:06 [scrapy.extensions.logstats] INFO: Crawled 50 pages (at 12 pages/min), scraped 22 items (at 5 items/min)
2018-02-14 20:02:08 [scrapy.extensions.throttle] INFO: slot: sz.fang.anjuke.com | conc: 1 | delay: 4000 ms (+0) | latency:  331 ms | size: 29552 bytes
2018-02-14 20:02:08 [scrapy.core.engine] DEBUG: Crawled (200) <GET https://sz.fang.anjuke.com/loupan/canshu-418945.html> (referer: https://sz.fang.anjuke.com/loupan/418945.html)
2018-02-14 20:02:09 [scrapy.core.scraper] DEBUG: Scraped from <200 https://sz.fang.anjuke.com/loupan/canshu-418945.html>
{'build_year': None,
 'city': '\xe6\xb7\xb1\xe5\x9c\xb3',
 'county': '\xe7\x9b\x90\xe7\x94\xb0',
 'crawl_time': 1518609728.962,
 'description': None,
 'down_payment': u'1317.6',
 'house_address': u'\u540c\u5bcc\u88d5\u8def',
 'house_name': u'\u534a\u5c71\u534a\u6d77',
 'id': 'e1fa2a1e-117e-11e8-9f3c-382c4a16ce75',
 'monthly_payment': u'163166.62',
 'province': u'\u5e7f\u4e1c\u7701',
 'source': u'\u5b89\u5c45\u5ba2',
 'total_price': u'4392',
 'type': u'new',
 'unit_price': u'120000',
 'url': 'https://sz.fang.anjuke.com/loupan/canshu-418945.html'}
2018-02-14 20:02:13 [scrapy.extensions.throttle] INFO: slot: sz.fang.anjuke.com | conc: 1 | delay: 4000 ms (+0) | latency:  279 ms | size: 30372 bytes
2018-02-14 20:02:13 [scrapy.core.engine] DEBUG: Crawled (200) <GET https://sz.fang.anjuke.com/loupan/canshu-400686.html> (referer: https://sz.fang.anjuke.com/loupan/400686.html)
2018-02-14 20:02:13 [scrapy.core.scraper] DEBUG: Scraped from <200 https://sz.fang.anjuke.com/loupan/canshu-400686.html>
{'build_year': u'2015',
 'city': '\xe6\xb7\xb1\xe5\x9c\xb3',
 'county': '\xe7\x9b\x90\xe7\x94\xb0',
 'crawl_time': 1518609733.545,
 'description': None,
 'down_payment': u'297',
 'house_address': u'\u68a7\u6850\u8def1968\u53f7',
 'house_name': u'\u65b0\u4e16\u754c\u501a\u5c71\u82b1\u56ed\u6eb1\u6f9c',
 'id': 'e4b57991-117e-11e8-a034-382c4a16ce75',
 'monthly_payment': u'36779.36',
 'province': u'\u5e7f\u4e1c\u7701',
 'source': u'\u5b89\u5c45\u5ba2',
 'total_price': u'990',
 'type': u'new',
 'unit_price': u'55000',
 'url': 'https://sz.fang.anjuke.com/loupan/canshu-400686.html'}
2018-02-14 20:02:18 [scrapy.extensions.throttle] INFO: slot: sz.fang.anjuke.com | conc: 1 | delay: 4000 ms (+0) | latency:  305 ms | size: 30206 bytes
2018-02-14 20:02:18 [scrapy.core.engine] DEBUG: Crawled (200) <GET https://sz.fang.anjuke.com/loupan/canshu-400728.html> (referer: https://sz.fang.anjuke.com/loupan/400728.html)
2018-02-14 20:02:19 [scrapy.core.scraper] DEBUG: Scraped from <200 https://sz.fang.anjuke.com/loupan/canshu-400728.html>
{'build_year': u'2017',
 'city': '\xe6\xb7\xb1\xe5\x9c\xb3',
 'county': '\xe7\x9b\x90\xe7\x94\xb0',
 'crawl_time': 1518609738.888,
 'description': None,
 'down_payment': u'316.8',
 'house_address': u'\u56ed\u6797\u8def45\u53f7',
 'house_name': u'\u4e0a\u5584\u68a7\u6850\u82d1',
 'id': 'e7e4c080-117e-11e8-a91c-382c4a16ce75',
 'monthly_payment': u'39231.32',
 'province': u'\u5e7f\u4e1c\u7701',
 'source': u'\u5b89\u5c45\u5ba2',
 'total_price': u'1056',
 'type': u'new',
 'unit_price': u'60000',
 'url': 'https://sz.fang.anjuke.com/loupan/canshu-400728.html'}
2018-02-14 20:02:22 [scrapy.extensions.throttle] INFO: slot: sz.fang.anjuke.com | conc: 1 | delay: 4000 ms (+0) | latency:  336 ms | size: 28234 bytes
2018-02-14 20:02:22 [scrapy.core.engine] DEBUG: Crawled (200) <GET https://sz.fang.anjuke.com/loupan/canshu-418835.html> (referer: https://sz.fang.anjuke.com/loupan/418835.html)
2018-02-14 20:02:22 [scrapy.core.scraper] DEBUG: Scraped from <200 https://sz.fang.anjuke.com/loupan/canshu-418835.html>
{'build_year': None,
 'city': '\xe6\xb7\xb1\xe5\x9c\xb3',
 'county': '\xe7\x9b\x90\xe7\x94\xb0',
 'crawl_time': 1518609742.583,
 'description': None,
 'down_payment': None,
 'house_address': u'\u76d0\u7530\u6e2f\u4e2d\u9752\u4e00\u8def\u4e0e\u6c38\u5b89\u8def\u4ea4\u6c47\uff08\u4e2d\u6d77\u534a\u5c71\u6eaa\u8c37\u4e1c\u5317\u4fa7\uff09',
 'house_name': u'\u6e2f\u57ce\u84dd\u5c71\u96c5\u56ed',
 'id': 'ea189070-117e-11e8-ab79-382c4a16ce75',
 'monthly_payment': None,
 'province': u'\u5e7f\u4e1c\u7701',
 'source': u'\u5b89\u5c45\u5ba2',
 'total_price': None,
 'type': u'new',
 'unit_price': None,
 'url': 'https://sz.fang.anjuke.com/loupan/canshu-418835.html'}
2018-02-14 20:02:28 [scrapy.extensions.throttle] INFO: slot: sz.fang.anjuke.com | conc: 1 | delay: 4000 ms (+0) | latency:  299 ms | size: 29823 bytes
2018-02-14 20:02:28 [scrapy.core.engine] DEBUG: Crawled (200) <GET https://sz.fang.anjuke.com/loupan/canshu-249662.html> (referer: https://sz.fang.anjuke.com/loupan/249662.html)
2018-02-14 20:02:28 [scrapy.core.scraper] DEBUG: Scraped from <200 https://sz.fang.anjuke.com/loupan/canshu-249662.html>
{'build_year': None,
 'city': '\xe6\xb7\xb1\xe5\x9c\xb3',
 'county': '\xe7\x9b\x90\xe7\x94\xb0',
 'crawl_time': 1518609748.582,
 'description': None,
 'down_payment': None,
 'house_address': u'\u6d77\u666f\u4e8c\u8def\u5357\u4fa7\uff08\u660e\u601d\u514b\u822a\u6bcd\u4e1c\u884c150\u7c73\uff09',
 'house_name': u'\u541b\u4e34\u6d77\u57df',
 'id': 'edabf061-117e-11e8-a2f1-382c4a16ce75',
 'monthly_payment': None,
 'province': u'\u5e7f\u4e1c\u7701',
 'source': u'\u5b89\u5c45\u5ba2',
 'total_price': None,
 'type': u'new',
 'unit_price': None,
 'url': 'https://sz.fang.anjuke.com/loupan/canshu-249662.html'}
2018-02-14 20:02:28 [scrapy.core.engine] INFO: Closing spider (finished)
2018-02-14 20:02:28 [scrapy.statscollectors] INFO: Dumping Scrapy stats:
{'downloader/request_bytes': 61007,
 'downloader/request_count': 55,
 'downloader/request_method_count/GET': 55,
 'downloader/response_bytes': 1831262,
 'downloader/response_count': 55,
 'downloader/response_status_count/200': 55,
 'finish_reason': 'finished',
 'finish_time': datetime.datetime(2018, 2, 14, 12, 2, 28, 635000),
 'item_scraped_count': 27,
 'log_count/DEBUG': 83,
 'log_count/INFO': 66,
 'request_depth_max': 2,
 'response_received_count': 55,
 'scheduler/dequeued': 55,
 'scheduler/dequeued/memory': 55,
 'scheduler/enqueued': 55,
 'scheduler/enqueued/memory': 55,
 'start_time': datetime.datetime(2018, 2, 14, 11, 58, 6, 200000)}
2018-02-14 20:02:28 [scrapy.core.engine] INFO: Spider closed (finished)
