2018-02-14 20:02:30 [scrapy.utils.log] INFO: Scrapy 1.4.0 started (bot: HouseCrawler)
2018-02-14 20:02:30 [scrapy.utils.log] INFO: Overridden settings: {'AUTOTHROTTLE_MAX_DELAY': 30, 'NEWSPIDER_MODULE': 'HouseCrawler.spiders', 'LOG_FILE': 'logs\\HouseCrawler\\AnjukeNewHouseSpider\\c4d928cf111d11e8be09382c4a16ce75.log', 'CONCURRENT_REQUESTS_PER_DOMAIN': 1, 'SPIDER_MODULES': ['HouseCrawler.spiders'], 'AUTOTHROTTLE_START_DELAY': 6, 'BOT_NAME': 'HouseCrawler', 'AUTOTHROTTLE_ENABLED': True, 'DOWNLOAD_DELAY': 4, 'AUTOTHROTTLE_DEBUG': True}
2018-02-14 20:02:30 [scrapy.middleware] INFO: Enabled extensions:
['scrapy.extensions.logstats.LogStats',
 'scrapy.extensions.telnet.TelnetConsole',
 'scrapy.extensions.corestats.CoreStats',
 'scrapy.extensions.throttle.AutoThrottle']
2018-02-14 20:02:30 [scrapy.middleware] INFO: Enabled downloader middlewares:
['HouseCrawler.middlewares.AnjukeUserAgentMiddleware',
 'scrapy.downloadermiddlewares.httpauth.HttpAuthMiddleware',
 'scrapy.downloadermiddlewares.downloadtimeout.DownloadTimeoutMiddleware',
 'scrapy.downloadermiddlewares.defaultheaders.DefaultHeadersMiddleware',
 'scrapy.downloadermiddlewares.retry.RetryMiddleware',
 'scrapy.downloadermiddlewares.redirect.MetaRefreshMiddleware',
 'scrapy.downloadermiddlewares.httpcompression.HttpCompressionMiddleware',
 'scrapy.downloadermiddlewares.redirect.RedirectMiddleware',
 'scrapy.downloadermiddlewares.cookies.CookiesMiddleware',
 'scrapy.downloadermiddlewares.httpproxy.HttpProxyMiddleware',
 'scrapy.downloadermiddlewares.stats.DownloaderStats']
2018-02-14 20:02:30 [scrapy.middleware] INFO: Enabled spider middlewares:
['scrapy.spidermiddlewares.httperror.HttpErrorMiddleware',
 'scrapy.spidermiddlewares.offsite.OffsiteMiddleware',
 'scrapy.spidermiddlewares.referer.RefererMiddleware',
 'scrapy.spidermiddlewares.urllength.UrlLengthMiddleware',
 'scrapy.spidermiddlewares.depth.DepthMiddleware']
2018-02-14 20:02:30 [scrapy.middleware] INFO: Enabled item pipelines:
[]
2018-02-14 20:02:30 [scrapy.core.engine] INFO: Spider opened
2018-02-14 20:02:30 [scrapy.extensions.logstats] INFO: Crawled 0 pages (at 0 pages/min), scraped 0 items (at 0 items/min)
2018-02-14 20:02:30 [scrapy.extensions.telnet] DEBUG: Telnet console listening on 127.0.0.1:6023
2018-02-14 20:02:30 [scrapy.extensions.throttle] INFO: slot: sz.fang.anjuke.com | conc: 1 | delay: 4000 ms (-2000) | latency:  543 ms | size: 27415 bytes
2018-02-14 20:02:30 [scrapy.core.engine] DEBUG: Crawled (200) <GET https://sz.fang.anjuke.com/loupan/dapengxinqu/> (referer: https://gz.fang.anjuke.com/)
2018-02-14 20:02:35 [scrapy.extensions.throttle] INFO: slot: sz.fang.anjuke.com | conc: 1 | delay: 4000 ms (+0) | latency:  453 ms | size: 41736 bytes
2018-02-14 20:02:35 [scrapy.core.engine] DEBUG: Crawled (200) <GET https://sz.fang.anjuke.com/loupan/410973.html> (referer: https://sz.fang.anjuke.com/loupan/dapengxinqu/)
2018-02-14 20:02:38 [scrapy.extensions.throttle] INFO: slot: sz.fang.anjuke.com | conc: 1 | delay: 4000 ms (+0) | latency:  394 ms | size: 35845 bytes
2018-02-14 20:02:38 [scrapy.core.engine] DEBUG: Crawled (200) <GET https://sz.fang.anjuke.com/loupan/236687.html> (referer: https://sz.fang.anjuke.com/loupan/dapengxinqu/)
2018-02-14 20:02:44 [scrapy.extensions.throttle] INFO: slot: sz.fang.anjuke.com | conc: 1 | delay: 4000 ms (+0) | latency:  620 ms | size: 38426 bytes
2018-02-14 20:02:44 [scrapy.core.engine] DEBUG: Crawled (200) <GET https://sz.fang.anjuke.com/loupan/247971.html> (referer: https://sz.fang.anjuke.com/loupan/dapengxinqu/)
2018-02-14 20:02:48 [scrapy.extensions.throttle] INFO: slot: sz.fang.anjuke.com | conc: 1 | delay: 4000 ms (+0) | latency:  408 ms | size: 36344 bytes
2018-02-14 20:02:48 [scrapy.core.engine] DEBUG: Crawled (200) <GET https://sz.fang.anjuke.com/loupan/211704.html> (referer: https://sz.fang.anjuke.com/loupan/dapengxinqu/)
2018-02-14 20:02:54 [scrapy.extensions.throttle] INFO: slot: sz.fang.anjuke.com | conc: 1 | delay: 4000 ms (+0) | latency:  427 ms | size: 36440 bytes
2018-02-14 20:02:54 [scrapy.core.engine] DEBUG: Crawled (200) <GET https://sz.fang.anjuke.com/loupan/216627.html> (referer: https://sz.fang.anjuke.com/loupan/dapengxinqu/)
2018-02-14 20:02:58 [scrapy.extensions.throttle] INFO: slot: sz.fang.anjuke.com | conc: 1 | delay: 4000 ms (+0) | latency:  414 ms | size: 37276 bytes
2018-02-14 20:02:58 [scrapy.core.engine] DEBUG: Crawled (200) <GET https://sz.fang.anjuke.com/loupan/252287.html> (referer: https://sz.fang.anjuke.com/loupan/dapengxinqu/)
2018-02-14 20:03:04 [scrapy.extensions.throttle] INFO: slot: sz.fang.anjuke.com | conc: 1 | delay: 4000 ms (+0) | latency:  431 ms | size: 38091 bytes
2018-02-14 20:03:04 [scrapy.core.engine] DEBUG: Crawled (200) <GET https://sz.fang.anjuke.com/loupan/249318.html> (referer: https://sz.fang.anjuke.com/loupan/dapengxinqu/)
2018-02-14 20:03:09 [scrapy.extensions.throttle] INFO: slot: sz.fang.anjuke.com | conc: 1 | delay: 4000 ms (+0) | latency:  404 ms | size: 37040 bytes
2018-02-14 20:03:09 [scrapy.core.engine] DEBUG: Crawled (200) <GET https://sz.fang.anjuke.com/loupan/417939.html> (referer: https://sz.fang.anjuke.com/loupan/dapengxinqu/)
2018-02-14 20:03:14 [scrapy.extensions.throttle] INFO: slot: sz.fang.anjuke.com | conc: 1 | delay: 4000 ms (+0) | latency:  571 ms | size: 38582 bytes
2018-02-14 20:03:14 [scrapy.core.engine] DEBUG: Crawled (200) <GET https://sz.fang.anjuke.com/loupan/244808.html> (referer: https://sz.fang.anjuke.com/loupan/dapengxinqu/)
2018-02-14 20:03:20 [scrapy.extensions.throttle] INFO: slot: sz.fang.anjuke.com | conc: 1 | delay: 4000 ms (+0) | latency:  470 ms | size: 37330 bytes
2018-02-14 20:03:20 [scrapy.core.engine] DEBUG: Crawled (200) <GET https://sz.fang.anjuke.com/loupan/412223.html> (referer: https://sz.fang.anjuke.com/loupan/dapengxinqu/)
2018-02-14 20:03:26 [scrapy.extensions.throttle] INFO: slot: sz.fang.anjuke.com | conc: 1 | delay: 4000 ms (+0) | latency:  474 ms | size: 38545 bytes
2018-02-14 20:03:26 [scrapy.core.engine] DEBUG: Crawled (200) <GET https://sz.fang.anjuke.com/loupan/417500.html> (referer: https://sz.fang.anjuke.com/loupan/dapengxinqu/)
2018-02-14 20:03:30 [scrapy.extensions.logstats] INFO: Crawled 12 pages (at 12 pages/min), scraped 0 items (at 0 items/min)
2018-02-14 20:03:32 [scrapy.extensions.throttle] INFO: slot: sz.fang.anjuke.com | conc: 1 | delay: 4000 ms (+0) | latency:  417 ms | size: 41079 bytes
2018-02-14 20:03:32 [scrapy.core.engine] DEBUG: Crawled (200) <GET https://sz.fang.anjuke.com/loupan/263958.html> (referer: https://sz.fang.anjuke.com/loupan/dapengxinqu/)
2018-02-14 20:03:37 [scrapy.extensions.throttle] INFO: slot: sz.fang.anjuke.com | conc: 1 | delay: 4000 ms (+0) | latency:  414 ms | size: 39086 bytes
2018-02-14 20:03:37 [scrapy.core.engine] DEBUG: Crawled (200) <GET https://sz.fang.anjuke.com/loupan/204610.html> (referer: https://sz.fang.anjuke.com/loupan/dapengxinqu/)
2018-02-14 20:03:43 [scrapy.extensions.throttle] INFO: slot: sz.fang.anjuke.com | conc: 1 | delay: 4000 ms (+0) | latency:  296 ms | size: 29746 bytes
2018-02-14 20:03:43 [scrapy.core.engine] DEBUG: Crawled (200) <GET https://sz.fang.anjuke.com/loupan/canshu-410973.html> (referer: https://sz.fang.anjuke.com/loupan/410973.html)
2018-02-14 20:03:43 [scrapy.core.scraper] DEBUG: Scraped from <200 https://sz.fang.anjuke.com/loupan/canshu-410973.html>
{'build_year': u'2018',
 'city': '\xe6\xb7\xb1\xe5\x9c\xb3',
 'county': '\xe5\xa4\xa7\xe9\xb9\x8f\xe6\x96\xb0\xe5\x8c\xba',
 'crawl_time': 1518609823.171,
 'description': None,
 'down_payment': u'117.9',
 'house_address': u'\u73af\u57ce\u897f\u8def',
 'house_name': u'\u627f\u7ff0\u9676\u67cf\u8389',
 'id': '1a215130-117f-11e8-9c15-382c4a16ce75',
 'monthly_payment': u'14600.29',
 'province': u'\u5e7f\u4e1c\u7701',
 'source': u'\u5b89\u5c45\u5ba2',
 'total_price': u'393',
 'type': u'new',
 'unit_price': u'39000',
 'url': 'https://sz.fang.anjuke.com/loupan/canshu-410973.html'}
2018-02-14 20:03:48 [scrapy.extensions.throttle] INFO: slot: sz.fang.anjuke.com | conc: 1 | delay: 4000 ms (+0) | latency:  411 ms | size: 26495 bytes
2018-02-14 20:03:48 [scrapy.core.engine] DEBUG: Crawled (200) <GET https://sz.fang.anjuke.com/loupan/canshu-236687.html> (referer: https://sz.fang.anjuke.com/loupan/236687.html)
2018-02-14 20:03:49 [scrapy.core.scraper] DEBUG: Scraped from <200 https://sz.fang.anjuke.com/loupan/canshu-236687.html>
{'build_year': u'2011',
 'city': '\xe6\xb7\xb1\xe5\x9c\xb3',
 'county': '\xe5\xa4\xa7\xe9\xb9\x8f\xe6\x96\xb0\xe5\x8c\xba',
 'crawl_time': 1518609828.894,
 'description': None,
 'down_payment': None,
 'house_address': u'\u5927\u9e4f\u9547\u8fce\u5bbe\u8def18\u53f7',
 'house_name': u'\u6ee8\u6d77\u9633\u5149',
 'id': '1d8a93e1-117f-11e8-8f61-382c4a16ce75',
 'monthly_payment': None,
 'province': u'\u5e7f\u4e1c\u7701',
 'source': u'\u5b89\u5c45\u5ba2',
 'total_price': None,
 'type': u'new',
 'unit_price': u'4772',
 'url': 'https://sz.fang.anjuke.com/loupan/canshu-236687.html'}
2018-02-14 20:03:54 [scrapy.extensions.throttle] INFO: slot: sz.fang.anjuke.com | conc: 1 | delay: 4000 ms (+0) | latency:  286 ms | size: 27617 bytes
2018-02-14 20:03:54 [scrapy.core.engine] DEBUG: Crawled (200) <GET https://sz.fang.anjuke.com/loupan/canshu-247971.html> (referer: https://sz.fang.anjuke.com/loupan/247971.html)
2018-02-14 20:03:54 [scrapy.core.scraper] DEBUG: Scraped from <200 https://sz.fang.anjuke.com/loupan/canshu-247971.html>
{'build_year': u'2017',
 'city': '\xe6\xb7\xb1\xe5\x9c\xb3',
 'county': '\xe5\xa4\xa7\xe9\xb9\x8f\xe6\x96\xb0\xe5\x8c\xba',
 'crawl_time': 1518609834.197,
 'description': None,
 'down_payment': u'37.8',
 'house_address': u'\u8fce\u5bbe\u8def\u4e0e\u5cad\u5357\u8857\u4ea4\u6c47\u5904',
 'house_name': u'KPR\u4f73\u5146\u4e1a\u5e7f\u573a',
 'id': '20b3c04f-117f-11e8-9409-382c4a16ce75',
 'monthly_payment': u'4681.01',
 'province': u'\u5e7f\u4e1c\u7701',
 'source': u'\u5b89\u5c45\u5ba2',
 'total_price': u'126',
 'type': u'new',
 'unit_price': u'28000',
 'url': 'https://sz.fang.anjuke.com/loupan/canshu-247971.html'}
2018-02-14 20:03:58 [scrapy.extensions.throttle] INFO: slot: sz.fang.anjuke.com | conc: 1 | delay: 4000 ms (+0) | latency:  317 ms | size: 26766 bytes
2018-02-14 20:03:58 [scrapy.core.engine] DEBUG: Crawled (200) <GET https://sz.fang.anjuke.com/loupan/canshu-211704.html> (referer: https://sz.fang.anjuke.com/loupan/211704.html)
2018-02-14 20:03:58 [scrapy.core.scraper] DEBUG: Scraped from <200 https://sz.fang.anjuke.com/loupan/canshu-211704.html>
{'build_year': u'2010',
 'city': '\xe6\xb7\xb1\xe5\x9c\xb3',
 'county': '\xe5\xa4\xa7\xe9\xb9\x8f\xe6\x96\xb0\xe5\x8c\xba',
 'crawl_time': 1518609838.267,
 'description': None,
 'down_payment': None,
 'house_address': u'\u5927\u9e4f\u8857\u9053\u6c34\u5934(\u7d27\u90bb\u6c34\u5934\u6d77\u9c9c\u8857)',
 'house_name': u'\u66fc\u6e7e',
 'id': '2320c8b0-117f-11e8-b75d-382c4a16ce75',
 'monthly_payment': None,
 'province': u'\u5e7f\u4e1c\u7701',
 'source': u'\u5b89\u5c45\u5ba2',
 'total_price': None,
 'type': u'new',
 'unit_price': u'4239',
 'url': 'https://sz.fang.anjuke.com/loupan/canshu-211704.html'}
2018-02-14 20:04:03 [scrapy.extensions.throttle] INFO: slot: sz.fang.anjuke.com | conc: 1 | delay: 4000 ms (+0) | latency:  498 ms | size: 26548 bytes
2018-02-14 20:04:03 [scrapy.core.engine] DEBUG: Crawled (200) <GET https://sz.fang.anjuke.com/loupan/canshu-216627.html> (referer: https://sz.fang.anjuke.com/loupan/216627.html)
2018-02-14 20:04:03 [scrapy.core.scraper] DEBUG: Scraped from <200 https://sz.fang.anjuke.com/loupan/canshu-216627.html>
{'build_year': None,
 'city': '\xe6\xb7\xb1\xe5\x9c\xb3',
 'county': '\xe5\xa4\xa7\xe9\xb9\x8f\xe6\x96\xb0\xe5\x8c\xba',
 'crawl_time': 1518609843.595,
 'description': None,
 'down_payment': None,
 'house_address': u'\u8475\u6d8c\u8857\u9053\u8475\u576a\u8def\u4e0e\u4e07\u5174\u8def\u4ea4\u6c47\u5904',
 'house_name': u'\u946b\u56ed\u5e7f\u573a',
 'id': '264dc5b0-117f-11e8-bf70-382c4a16ce75',
 'monthly_payment': None,
 'province': u'\u5e7f\u4e1c\u7701',
 'source': u'\u5b89\u5c45\u5ba2',
 'total_price': None,
 'type': u'new',
 'unit_price': u'4418',
 'url': 'https://sz.fang.anjuke.com/loupan/canshu-216627.html'}
2018-02-14 20:04:07 [scrapy.extensions.throttle] INFO: slot: sz.fang.anjuke.com | conc: 1 | delay: 4000 ms (+0) | latency:  473 ms | size: 27581 bytes
2018-02-14 20:04:07 [scrapy.core.engine] DEBUG: Crawled (200) <GET https://sz.fang.anjuke.com/loupan/canshu-252287.html> (referer: https://sz.fang.anjuke.com/loupan/252287.html)
2018-02-14 20:04:07 [scrapy.core.scraper] DEBUG: Scraped from <200 https://sz.fang.anjuke.com/loupan/canshu-252287.html>
{'build_year': u'2016',
 'city': '\xe6\xb7\xb1\xe5\x9c\xb3',
 'county': '\xe5\xa4\xa7\xe9\xb9\x8f\xe6\x96\xb0\xe5\x8c\xba',
 'crawl_time': 1518609847.467,
 'description': None,
 'down_payment': None,
 'house_address': u'\u5927\u9e4f\u65b0\u533a\u8475\u6d8c\u8857\u9053\u4e30\u6811\u5c71\u8def\u4e0e\u77f3\u8475\u8def\u4ea4\u6c47\u5904',
 'house_name': u'\u91d1\u4f17\u4e91\u5c71\u6816',
 'id': '289c97b0-117f-11e8-9b11-382c4a16ce75',
 'monthly_payment': None,
 'province': u'\u5e7f\u4e1c\u7701',
 'source': u'\u5b89\u5c45\u5ba2',
 'total_price': u'1800',
 'type': u'new',
 'unit_price': None,
 'url': 'https://sz.fang.anjuke.com/loupan/canshu-252287.html'}
2018-02-14 20:04:11 [scrapy.extensions.throttle] INFO: slot: sz.fang.anjuke.com | conc: 1 | delay: 4000 ms (+0) | latency:  282 ms | size: 27597 bytes
2018-02-14 20:04:11 [scrapy.core.engine] DEBUG: Crawled (200) <GET https://sz.fang.anjuke.com/loupan/canshu-249318.html> (referer: https://sz.fang.anjuke.com/loupan/249318.html)
2018-02-14 20:04:11 [scrapy.core.scraper] DEBUG: Scraped from <200 https://sz.fang.anjuke.com/loupan/canshu-249318.html>
{'build_year': u'2015',
 'city': '\xe6\xb7\xb1\xe5\x9c\xb3',
 'county': '\xe5\xa4\xa7\xe9\xb9\x8f\xe6\x96\xb0\xe5\x8c\xba',
 'crawl_time': 1518609851.444,
 'description': None,
 'down_payment': None,
 'house_address': u'\u9e4f\u98de\u8def\u5317\u4fa7\uff08\u5927\u9e4f\u5c71\u5e84\u65c1\uff09',
 'house_name': u'\u749e\u5cb8\u82b1\u56ed',
 'id': '2afb6f40-117f-11e8-b8ab-382c4a16ce75',
 'monthly_payment': None,
 'province': u'\u5e7f\u4e1c\u7701',
 'source': u'\u5b89\u5c45\u5ba2',
 'total_price': None,
 'type': u'new',
 'unit_price': u'45000',
 'url': 'https://sz.fang.anjuke.com/loupan/canshu-249318.html'}
2018-02-14 20:04:15 [scrapy.extensions.throttle] INFO: slot: sz.fang.anjuke.com | conc: 1 | delay: 4000 ms (+0) | latency:  743 ms | size: 29565 bytes
2018-02-14 20:04:15 [scrapy.core.engine] DEBUG: Crawled (200) <GET https://sz.fang.anjuke.com/loupan/canshu-417939.html> (referer: https://sz.fang.anjuke.com/loupan/417939.html)
2018-02-14 20:04:15 [scrapy.core.scraper] DEBUG: Scraped from <200 https://sz.fang.anjuke.com/loupan/canshu-417939.html>
{'build_year': None,
 'city': '\xe6\xb7\xb1\xe5\x9c\xb3',
 'county': '\xe5\xa4\xa7\xe9\xb9\x8f\xe6\x96\xb0\xe5\x8c\xba',
 'crawl_time': 1518609855.3,
 'description': None,
 'down_payment': u'103.2',
 'house_address': u'\u576a\u8475\u8def\u548c\u91d1\u8475\u897f\u8def\u4ea4\u6c47\u5904',
 'house_name': u'\u82b1\u6837\u5e74\u5bb6\u5929\u4e0b',
 'id': '2d47d040-117f-11e8-87fe-382c4a16ce75',
 'monthly_payment': u'12779.9',
 'province': u'\u5e7f\u4e1c\u7701',
 'source': u'\u5b89\u5c45\u5ba2',
 'total_price': u'344',
 'type': u'new',
 'unit_price': u'37000',
 'url': 'https://sz.fang.anjuke.com/loupan/canshu-417939.html'}
2018-02-14 20:04:18 [scrapy.extensions.throttle] INFO: slot: sz.fang.anjuke.com | conc: 1 | delay: 4000 ms (+0) | latency:  281 ms | size: 30293 bytes
2018-02-14 20:04:18 [scrapy.core.engine] DEBUG: Crawled (200) <GET https://sz.fang.anjuke.com/loupan/canshu-244808.html> (referer: https://sz.fang.anjuke.com/loupan/244808.html)
2018-02-14 20:04:18 [scrapy.core.scraper] DEBUG: Scraped from <200 https://sz.fang.anjuke.com/loupan/canshu-244808.html>
{'build_year': u'2017',
 'city': '\xe6\xb7\xb1\xe5\x9c\xb3',
 'county': '\xe5\xa4\xa7\xe9\xb9\x8f\xe6\x96\xb0\xe5\x8c\xba',
 'crawl_time': 1518609858.43,
 'description': None,
 'down_payment': None,
 'house_address': u'\u571f\u6d0b\u7b2c\u4e8c\u5de5\u4e1a\u8def',
 'house_name': u'\u627f\u7ff0\u534a\u5c71\u6d77',
 'id': '2f2569e1-117f-11e8-a7ac-382c4a16ce75',
 'monthly_payment': None,
 'province': u'\u5e7f\u4e1c\u7701',
 'source': u'\u5b89\u5c45\u5ba2',
 'total_price': None,
 'type': u'new',
 'unit_price': u'70000',
 'url': 'https://sz.fang.anjuke.com/loupan/canshu-244808.html'}
2018-02-14 20:04:22 [scrapy.extensions.throttle] INFO: slot: sz.fang.anjuke.com | conc: 1 | delay: 4000 ms (+0) | latency:  319 ms | size: 29153 bytes
2018-02-14 20:04:22 [scrapy.core.engine] DEBUG: Crawled (200) <GET https://sz.fang.anjuke.com/loupan/canshu-412223.html> (referer: https://sz.fang.anjuke.com/loupan/412223.html)
2018-02-14 20:04:22 [scrapy.core.scraper] DEBUG: Scraped from <200 https://sz.fang.anjuke.com/loupan/canshu-412223.html>
{'build_year': None,
 'city': '\xe6\xb7\xb1\xe5\x9c\xb3',
 'county': '\xe5\xa4\xa7\xe9\xb9\x8f\xe6\x96\xb0\xe5\x8c\xba',
 'crawl_time': 1518609862.871,
 'description': None,
 'down_payment': None,
 'house_address': u'\u76d0\u65b0\u8def',
 'house_name': u'\u4e09\u79d1\u9e93\u6e7e',
 'id': '31cb0e70-117f-11e8-b067-382c4a16ce75',
 'monthly_payment': None,
 'province': u'\u5e7f\u4e1c\u7701',
 'source': u'\u5b89\u5c45\u5ba2',
 'total_price': None,
 'type': u'new',
 'unit_price': None,
 'url': 'https://sz.fang.anjuke.com/loupan/canshu-412223.html'}
2018-02-14 20:04:27 [scrapy.extensions.throttle] INFO: slot: sz.fang.anjuke.com | conc: 1 | delay: 4000 ms (+0) | latency:  316 ms | size: 29330 bytes
2018-02-14 20:04:27 [scrapy.core.engine] DEBUG: Crawled (200) <GET https://sz.fang.anjuke.com/loupan/canshu-417500.html> (referer: https://sz.fang.anjuke.com/loupan/417500.html)
2018-02-14 20:04:28 [scrapy.core.scraper] DEBUG: Scraped from <200 https://sz.fang.anjuke.com/loupan/canshu-417500.html>
{'build_year': u'2019',
 'city': '\xe6\xb7\xb1\xe5\x9c\xb3',
 'county': '\xe5\xa4\xa7\xe9\xb9\x8f\xe6\x96\xb0\xe5\x8c\xba',
 'crawl_time': 1518609867.957,
 'description': None,
 'down_payment': None,
 'house_address': u'\u8475\u65b0\u5317\u8def80\u53f7',
 'house_name': u'\u62db\u5546\u4e1c\u5cb8',
 'id': '34d31e4f-117f-11e8-9fad-382c4a16ce75',
 'monthly_payment': None,
 'province': u'\u5e7f\u4e1c\u7701',
 'source': u'\u5b89\u5c45\u5ba2',
 'total_price': None,
 'type': u'new',
 'unit_price': None,
 'url': 'https://sz.fang.anjuke.com/loupan/canshu-417500.html'}
2018-02-14 20:04:30 [scrapy.extensions.logstats] INFO: Crawled 25 pages (at 13 pages/min), scraped 11 items (at 11 items/min)
2018-02-14 20:04:32 [scrapy.extensions.throttle] INFO: slot: sz.fang.anjuke.com | conc: 1 | delay: 4000 ms (+0) | latency:  407 ms | size: 30924 bytes
2018-02-14 20:04:32 [scrapy.core.engine] DEBUG: Crawled (200) <GET https://sz.fang.anjuke.com/loupan/canshu-263958.html> (referer: https://sz.fang.anjuke.com/loupan/263958.html)
2018-02-14 20:04:32 [scrapy.core.scraper] DEBUG: Scraped from <200 https://sz.fang.anjuke.com/loupan/canshu-263958.html>
{'build_year': u'2017',
 'city': '\xe6\xb7\xb1\xe5\x9c\xb3',
 'county': '\xe5\xa4\xa7\xe9\xb9\x8f\xe6\x96\xb0\xe5\x8c\xba',
 'crawl_time': 1518609872.332,
 'description': None,
 'down_payment': u'1152',
 'house_address': u'\u94f6\u6ee9\u8def',
 'house_name': u'\u9f99\u5c90\u6e7e1\u53f7',
 'id': '376eb0c0-117f-11e8-a901-382c4a16ce75',
 'monthly_payment': u'142659.34',
 'province': u'\u5e7f\u4e1c\u7701',
 'source': u'\u5b89\u5c45\u5ba2',
 'total_price': u'3840',
 'type': u'new',
 'unit_price': u'200000',
 'url': 'https://sz.fang.anjuke.com/loupan/canshu-263958.html'}
2018-02-14 20:04:37 [scrapy.extensions.throttle] INFO: slot: sz.fang.anjuke.com | conc: 1 | delay: 4000 ms (+0) | latency:  575 ms | size: 28049 bytes
2018-02-14 20:04:37 [scrapy.core.engine] DEBUG: Crawled (200) <GET https://sz.fang.anjuke.com/loupan/canshu-204610.html> (referer: https://sz.fang.anjuke.com/loupan/204610.html)
2018-02-14 20:04:37 [scrapy.core.scraper] DEBUG: Scraped from <200 https://sz.fang.anjuke.com/loupan/canshu-204610.html>
{'build_year': u'2016',
 'city': '\xe6\xb7\xb1\xe5\x9c\xb3',
 'county': '\xe5\xa4\xa7\xe9\xb9\x8f\xe6\x96\xb0\xe5\x8c\xba',
 'crawl_time': 1518609877.402,
 'description': None,
 'down_payment': u'333',
 'house_address': u'\u8857\u9053\u76d8\u4ed4\u5f84(\u6ee8\u6d77\u5317\u8def)',
 'house_name': u'\u51ef\u65cb\u6e7e\u82b1\u56ed\u4e09\u671f',
 'id': '3a744f9e-117f-11e8-95e6-382c4a16ce75',
 'monthly_payment': u'41237.47',
 'province': u'\u5e7f\u4e1c\u7701',
 'source': u'\u5b89\u5c45\u5ba2',
 'total_price': u'1110',
 'type': u'new',
 'unit_price': u'50000',
 'url': 'https://sz.fang.anjuke.com/loupan/canshu-204610.html'}
2018-02-14 20:04:37 [scrapy.core.engine] INFO: Closing spider (finished)
2018-02-14 20:04:37 [scrapy.statscollectors] INFO: Dumping Scrapy stats:
{'downloader/request_bytes': 25976,
 'downloader/request_count': 27,
 'downloader/request_method_count/GET': 27,
 'downloader/response_bytes': 912447,
 'downloader/response_count': 27,
 'downloader/response_status_count/200': 27,
 'finish_reason': 'finished',
 'finish_time': datetime.datetime(2018, 2, 14, 12, 4, 37, 528000),
 'item_scraped_count': 13,
 'log_count/DEBUG': 41,
 'log_count/INFO': 36,
 'request_depth_max': 2,
 'response_received_count': 27,
 'scheduler/dequeued': 27,
 'scheduler/dequeued/memory': 27,
 'scheduler/enqueued': 27,
 'scheduler/enqueued/memory': 27,
 'start_time': datetime.datetime(2018, 2, 14, 12, 2, 30, 357000)}
2018-02-14 20:04:37 [scrapy.core.engine] INFO: Spider closed (finished)
