2018-02-12 13:15:02 [scrapy.utils.log] INFO: Scrapy 1.4.0 started (bot: HouseCrawler)
2018-02-12 13:15:02 [scrapy.utils.log] INFO: Overridden settings: {'AUTOTHROTTLE_MAX_DELAY': 30, 'NEWSPIDER_MODULE': 'HouseCrawler.spiders', 'LOG_FILE': 'logs\\HouseCrawler\\AnjukeNewHouseSpider\\e9ac5eb00f9d11e8838d382c4a16ce75.log', 'CONCURRENT_REQUESTS_PER_DOMAIN': 1, 'SPIDER_MODULES': ['HouseCrawler.spiders'], 'AUTOTHROTTLE_START_DELAY': 6, 'BOT_NAME': 'HouseCrawler', 'AUTOTHROTTLE_ENABLED': True, 'DOWNLOAD_DELAY': 4, 'AUTOTHROTTLE_DEBUG': True}
2018-02-12 13:15:02 [scrapy.middleware] INFO: Enabled extensions:
['scrapy.extensions.logstats.LogStats',
 'scrapy.extensions.telnet.TelnetConsole',
 'scrapy.extensions.corestats.CoreStats',
 'scrapy.extensions.throttle.AutoThrottle']
2018-02-12 13:15:02 [scrapy.middleware] INFO: Enabled downloader middlewares:
['HouseCrawler.middlewares.AnjukeUserAgentMiddleware',
 'scrapy.downloadermiddlewares.httpauth.HttpAuthMiddleware',
 'scrapy.downloadermiddlewares.downloadtimeout.DownloadTimeoutMiddleware',
 'scrapy.downloadermiddlewares.defaultheaders.DefaultHeadersMiddleware',
 'scrapy.downloadermiddlewares.retry.RetryMiddleware',
 'scrapy.downloadermiddlewares.redirect.MetaRefreshMiddleware',
 'scrapy.downloadermiddlewares.httpcompression.HttpCompressionMiddleware',
 'scrapy.downloadermiddlewares.redirect.RedirectMiddleware',
 'scrapy.downloadermiddlewares.cookies.CookiesMiddleware',
 'scrapy.downloadermiddlewares.httpproxy.HttpProxyMiddleware',
 'scrapy.downloadermiddlewares.stats.DownloaderStats']
2018-02-12 13:15:02 [scrapy.middleware] INFO: Enabled spider middlewares:
['scrapy.spidermiddlewares.httperror.HttpErrorMiddleware',
 'scrapy.spidermiddlewares.offsite.OffsiteMiddleware',
 'scrapy.spidermiddlewares.referer.RefererMiddleware',
 'scrapy.spidermiddlewares.urllength.UrlLengthMiddleware',
 'scrapy.spidermiddlewares.depth.DepthMiddleware']
2018-02-12 13:15:02 [scrapy.middleware] INFO: Enabled item pipelines:
[]
2018-02-12 13:15:02 [scrapy.core.engine] INFO: Spider opened
2018-02-12 13:15:02 [scrapy.extensions.logstats] INFO: Crawled 0 pages (at 0 pages/min), scraped 0 items (at 0 items/min)
2018-02-12 13:15:02 [scrapy.extensions.telnet] DEBUG: Telnet console listening on 127.0.0.1:6023
2018-02-12 13:15:03 [scrapy.extensions.throttle] INFO: slot: gz.fang.anjuke.com | conc: 1 | delay: 4000 ms (-2000) | latency:  781 ms | size: 32626 bytes
2018-02-12 13:15:03 [scrapy.core.engine] DEBUG: Crawled (200) <GET https://gz.fang.anjuke.com/loupan/conghua/> (referer: https://gz.fang.anjuke.com/)
2018-02-12 13:15:08 [scrapy.extensions.throttle] INFO: slot: gz.fang.anjuke.com | conc: 1 | delay: 4000 ms (+0) | latency:  501 ms | size: 46172 bytes
2018-02-12 13:15:08 [scrapy.core.engine] DEBUG: Crawled (200) <GET https://gz.fang.anjuke.com/loupan/238886.html> (referer: https://gz.fang.anjuke.com/loupan/conghua/)
2018-02-12 13:15:13 [scrapy.extensions.throttle] INFO: slot: gz.fang.anjuke.com | conc: 1 | delay: 4000 ms (+0) | latency:  750 ms | size: 44340 bytes
2018-02-12 13:15:13 [scrapy.core.engine] DEBUG: Crawled (200) <GET https://gz.fang.anjuke.com/loupan/239271.html> (referer: https://gz.fang.anjuke.com/loupan/conghua/)
2018-02-12 13:15:17 [scrapy.extensions.throttle] INFO: slot: gz.fang.anjuke.com | conc: 1 | delay: 4000 ms (+0) | latency:  390 ms | size: 32387 bytes
2018-02-12 13:15:17 [scrapy.core.engine] DEBUG: Crawled (200) <GET https://gz.fang.anjuke.com/loupan/conghua/p2/> (referer: https://gz.fang.anjuke.com/loupan/conghua/)
2018-02-12 13:15:20 [scrapy.extensions.throttle] INFO: slot: gz.fang.anjuke.com | conc: 1 | delay: 4000 ms (+0) | latency:  594 ms | size: 42132 bytes
2018-02-12 13:15:20 [scrapy.core.engine] DEBUG: Crawled (200) <GET https://gz.fang.anjuke.com/loupan/264156.html> (referer: https://gz.fang.anjuke.com/loupan/conghua/)
2018-02-12 13:15:25 [scrapy.extensions.throttle] INFO: slot: gz.fang.anjuke.com | conc: 1 | delay: 4000 ms (+0) | latency:  389 ms | size: 35756 bytes
2018-02-12 13:15:25 [scrapy.core.engine] DEBUG: Crawled (200) <GET https://gz.fang.anjuke.com/loupan/431709.html> (referer: https://gz.fang.anjuke.com/loupan/conghua/)
2018-02-12 13:15:31 [scrapy.extensions.throttle] INFO: slot: gz.fang.anjuke.com | conc: 1 | delay: 4000 ms (+0) | latency:  452 ms | size: 35078 bytes
2018-02-12 13:15:31 [scrapy.core.engine] DEBUG: Crawled (200) <GET https://gz.fang.anjuke.com/loupan/418400.html> (referer: https://gz.fang.anjuke.com/loupan/conghua/)
2018-02-12 13:15:36 [scrapy.extensions.throttle] INFO: slot: gz.fang.anjuke.com | conc: 1 | delay: 4000 ms (+0) | latency:  546 ms | size: 40023 bytes
2018-02-12 13:15:36 [scrapy.core.engine] DEBUG: Crawled (200) <GET https://gz.fang.anjuke.com/loupan/240972.html> (referer: https://gz.fang.anjuke.com/loupan/conghua/)
2018-02-12 13:15:40 [scrapy.extensions.throttle] INFO: slot: gz.fang.anjuke.com | conc: 1 | delay: 4000 ms (+0) | latency:  375 ms | size: 40460 bytes
2018-02-12 13:15:40 [scrapy.core.engine] DEBUG: Crawled (200) <GET https://gz.fang.anjuke.com/loupan/238885.html> (referer: https://gz.fang.anjuke.com/loupan/conghua/)
2018-02-12 13:15:45 [scrapy.extensions.throttle] INFO: slot: gz.fang.anjuke.com | conc: 1 | delay: 4000 ms (+0) | latency:  484 ms | size: 34800 bytes
2018-02-12 13:15:45 [scrapy.core.engine] DEBUG: Crawled (200) <GET https://gz.fang.anjuke.com/loupan/418401.html> (referer: https://gz.fang.anjuke.com/loupan/conghua/)
2018-02-12 13:15:48 [scrapy.extensions.throttle] INFO: slot: gz.fang.anjuke.com | conc: 1 | delay: 4000 ms (+0) | latency:  500 ms | size: 37051 bytes
2018-02-12 13:15:48 [scrapy.core.engine] DEBUG: Crawled (200) <GET https://gz.fang.anjuke.com/loupan/389811.html> (referer: https://gz.fang.anjuke.com/loupan/conghua/)
2018-02-12 13:15:52 [scrapy.extensions.throttle] INFO: slot: gz.fang.anjuke.com | conc: 1 | delay: 4000 ms (+0) | latency:  609 ms | size: 42446 bytes
2018-02-12 13:15:52 [scrapy.core.engine] DEBUG: Crawled (200) <GET https://gz.fang.anjuke.com/loupan/240517.html> (referer: https://gz.fang.anjuke.com/loupan/conghua/)
2018-02-12 13:15:58 [scrapy.extensions.throttle] INFO: slot: gz.fang.anjuke.com | conc: 1 | delay: 4000 ms (+0) | latency:  390 ms | size: 40504 bytes
2018-02-12 13:15:58 [scrapy.core.engine] DEBUG: Crawled (200) <GET https://gz.fang.anjuke.com/loupan/248221.html> (referer: https://gz.fang.anjuke.com/loupan/conghua/)
2018-02-12 13:16:02 [scrapy.extensions.logstats] INFO: Crawled 13 pages (at 13 pages/min), scraped 0 items (at 0 items/min)
2018-02-12 13:16:04 [scrapy.extensions.throttle] INFO: slot: gz.fang.anjuke.com | conc: 1 | delay: 4000 ms (+0) | latency:  531 ms | size: 41844 bytes
2018-02-12 13:16:04 [scrapy.core.engine] DEBUG: Crawled (200) <GET https://gz.fang.anjuke.com/loupan/238879.html> (referer: https://gz.fang.anjuke.com/loupan/conghua/)
2018-02-12 13:16:08 [scrapy.extensions.throttle] INFO: slot: gz.fang.anjuke.com | conc: 1 | delay: 4000 ms (+0) | latency:  483 ms | size: 48566 bytes
2018-02-12 13:16:08 [scrapy.core.engine] DEBUG: Crawled (200) <GET https://gz.fang.anjuke.com/loupan/264159.html> (referer: https://gz.fang.anjuke.com/loupan/conghua/)
2018-02-12 13:16:13 [scrapy.extensions.throttle] INFO: slot: gz.fang.anjuke.com | conc: 1 | delay: 4000 ms (+0) | latency:  594 ms | size: 40077 bytes
2018-02-12 13:16:13 [scrapy.core.engine] DEBUG: Crawled (200) <GET https://gz.fang.anjuke.com/loupan/432750.html> (referer: https://gz.fang.anjuke.com/loupan/conghua/)
2018-02-12 13:16:19 [scrapy.extensions.throttle] INFO: slot: gz.fang.anjuke.com | conc: 1 | delay: 4000 ms (+0) | latency:  484 ms | size: 40820 bytes
2018-02-12 13:16:19 [scrapy.core.engine] DEBUG: Crawled (200) <GET https://gz.fang.anjuke.com/loupan/418823.html> (referer: https://gz.fang.anjuke.com/loupan/conghua/)
2018-02-12 13:16:24 [scrapy.extensions.throttle] INFO: slot: gz.fang.anjuke.com | conc: 1 | delay: 4000 ms (+0) | latency:  421 ms | size: 40718 bytes
2018-02-12 13:16:24 [scrapy.core.engine] DEBUG: Crawled (200) <GET https://gz.fang.anjuke.com/loupan/415909.html> (referer: https://gz.fang.anjuke.com/loupan/conghua/)
2018-02-12 13:16:29 [scrapy.extensions.throttle] INFO: slot: gz.fang.anjuke.com | conc: 1 | delay: 4000 ms (+0) | latency:  405 ms | size: 30471 bytes
2018-02-12 13:16:29 [scrapy.core.engine] DEBUG: Crawled (200) <GET https://gz.fang.anjuke.com/loupan/canshu-238886.html> (referer: https://gz.fang.anjuke.com/loupan/238886.html)
2018-02-12 13:16:30 [scrapy.core.scraper] DEBUG: Scraped from <200 https://gz.fang.anjuke.com/loupan/canshu-238886.html>
{'build_year': u'2019',
 'city': '\xe5\xb9\xbf\xe5\xb7\x9e',
 'county': '\xe4\xbb\x8e\xe5\x8c\x96',
 'crawl_time': 1518412590.066,
 'description': None,
 'down_payment': u'52.2',
 'house_address': u'105\u56fd\u9053\u704c\u6751\u8def999\u53f7',
 'house_name': u'\u78a7\u6842\u56ed\u5fa1\u6e56\u57ce',
 'id': 'e209dd1e-0fb3-11e8-bdf0-382c4a16ce75',
 'monthly_payment': u'4458.1',
 'province': u'\u5e7f\u4e1c\u7701',
 'source': u'\u5b89\u5c45\u5ba2',
 'total_price': u'120',
 'type': u'new',
 'unit_price': u'13500',
 'url': 'https://gz.fang.anjuke.com/loupan/canshu-238886.html'}
2018-02-12 13:16:35 [scrapy.extensions.throttle] INFO: slot: gz.fang.anjuke.com | conc: 1 | delay: 4000 ms (+0) | latency:  391 ms | size: 30762 bytes
2018-02-12 13:16:35 [scrapy.core.engine] DEBUG: Crawled (200) <GET https://gz.fang.anjuke.com/loupan/canshu-239271.html> (referer: https://gz.fang.anjuke.com/loupan/239271.html)
2018-02-12 13:16:36 [scrapy.core.scraper] DEBUG: Scraped from <200 https://gz.fang.anjuke.com/loupan/canshu-239271.html>
{'build_year': u'2018',
 'city': '\xe5\xb9\xbf\xe5\xb7\x9e',
 'county': '\xe4\xbb\x8e\xe5\x8c\x96',
 'crawl_time': 1518412595.957,
 'description': None,
 'down_payment': u'43.2',
 'house_address': u'\u4f5b\u5c97\u6751\uff08\u592a\u5e73\u6536\u8d39\u7ad9\u524d\u884c1000\u7c73\uff09',
 'house_name': u'\u73e0\u6c5f\u58f9\u57ce',
 'id': 'e58cc24f-0fb3-11e8-b304-382c4a16ce75',
 'monthly_payment': u'5349.73',
 'province': u'\u5e7f\u4e1c\u7701',
 'source': u'\u5b89\u5c45\u5ba2',
 'total_price': u'144',
 'type': u'new',
 'unit_price': u'16500',
 'url': 'https://gz.fang.anjuke.com/loupan/canshu-239271.html'}
2018-02-12 13:16:39 [scrapy.extensions.throttle] INFO: slot: gz.fang.anjuke.com | conc: 1 | delay: 4000 ms (+0) | latency:  453 ms | size: 27545 bytes
2018-02-12 13:16:39 [scrapy.core.engine] DEBUG: Crawled (200) <GET https://gz.fang.anjuke.com/loupan/conghua/p3/> (referer: https://gz.fang.anjuke.com/loupan/conghua/p2/)
2018-02-12 13:16:40 [scrapy.dupefilters] DEBUG: Filtered duplicate request: <GET https://gz.fang.anjuke.com/loupan/239414.html> - no more duplicates will be shown (see DUPEFILTER_DEBUG to show all duplicates)
2018-02-12 13:16:44 [scrapy.extensions.throttle] INFO: slot: gz.fang.anjuke.com | conc: 1 | delay: 4000 ms (+0) | latency:  344 ms | size: 30680 bytes
2018-02-12 13:16:44 [scrapy.core.engine] DEBUG: Crawled (200) <GET https://gz.fang.anjuke.com/loupan/canshu-264156.html> (referer: https://gz.fang.anjuke.com/loupan/264156.html)
2018-02-12 13:16:45 [scrapy.core.scraper] DEBUG: Scraped from <200 https://gz.fang.anjuke.com/loupan/canshu-264156.html>
{'build_year': u'2017',
 'city': '\xe5\xb9\xbf\xe5\xb7\x9e',
 'county': '\xe4\xbb\x8e\xe5\x8c\x96',
 'crawl_time': 1518412604.957,
 'description': None,
 'down_payment': u'44.7',
 'house_address': u'\u5927\u6c5f\u8def13\u53f7',
 'house_name': u'\u96cd\u665f\u5cad\u5357\u96c5\u82d1',
 'id': 'eaea0ccf-0fb3-11e8-9a36-382c4a16ce75',
 'monthly_payment': u'5535.48',
 'province': u'\u5e7f\u4e1c\u7701',
 'source': u'\u5b89\u5c45\u5ba2',
 'total_price': u'149',
 'type': u'new',
 'unit_price': u'17000',
 'url': 'https://gz.fang.anjuke.com/loupan/canshu-264156.html'}
2018-02-12 13:16:49 [scrapy.extensions.throttle] INFO: slot: gz.fang.anjuke.com | conc: 1 | delay: 4000 ms (+0) | latency:  313 ms | size: 28921 bytes
2018-02-12 13:16:49 [scrapy.core.engine] DEBUG: Crawled (200) <GET https://gz.fang.anjuke.com/loupan/canshu-431709.html> (referer: https://gz.fang.anjuke.com/loupan/431709.html)
2018-02-12 13:16:50 [scrapy.core.scraper] DEBUG: Scraped from <200 https://gz.fang.anjuke.com/loupan/canshu-431709.html>
{'build_year': u'2018',
 'city': '\xe5\xb9\xbf\xe5\xb7\x9e',
 'county': '\xe4\xbb\x8e\xe5\x8c\x96',
 'crawl_time': 1518412609.988,
 'description': None,
 'down_payment': None,
 'house_address': u'\u5fa1\u6cc9\u5927\u9053288\u53f7',
 'house_name': u'\u666f\u4e1a\u73d1\u6cc9\u6e7e',
 'id': 'ede9b840-0fb3-11e8-a159-382c4a16ce75',
 'monthly_payment': None,
 'province': u'\u5e7f\u4e1c\u7701',
 'source': u'\u5b89\u5c45\u5ba2',
 'total_price': None,
 'type': u'new',
 'unit_price': None,
 'url': 'https://gz.fang.anjuke.com/loupan/canshu-431709.html'}
2018-02-12 13:16:55 [scrapy.extensions.throttle] INFO: slot: gz.fang.anjuke.com | conc: 1 | delay: 4000 ms (+0) | latency:  452 ms | size: 29605 bytes
2018-02-12 13:16:55 [scrapy.core.engine] DEBUG: Crawled (200) <GET https://gz.fang.anjuke.com/loupan/canshu-418400.html> (referer: https://gz.fang.anjuke.com/loupan/418400.html)
2018-02-12 13:16:55 [scrapy.core.scraper] DEBUG: Scraped from <200 https://gz.fang.anjuke.com/loupan/canshu-418400.html>
{'build_year': u'2019',
 'city': '\xe5\xb9\xbf\xe5\xb7\x9e',
 'county': '\xe4\xbb\x8e\xe5\x8c\x96',
 'crawl_time': 1518412615.629,
 'description': None,
 'down_payment': u'17.4',
 'house_address': u'\u9ad8\u5e73\u6751G106\u56fd\u9053\u5730\u6bb5',
 'house_name': u'\u5e78\u798f\u56ed',
 'id': 'f14677cf-0fb3-11e8-bd0c-382c4a16ce75',
 'monthly_payment': u'2154.75',
 'province': u'\u5e7f\u4e1c\u7701',
 'source': u'\u5b89\u5c45\u5ba2',
 'total_price': u'58',
 'type': u'new',
 'unit_price': u'7500',
 'url': 'https://gz.fang.anjuke.com/loupan/canshu-418400.html'}
2018-02-12 13:17:01 [scrapy.extensions.throttle] INFO: slot: gz.fang.anjuke.com | conc: 1 | delay: 4000 ms (+0) | latency:  375 ms | size: 30465 bytes
2018-02-12 13:17:01 [scrapy.core.engine] DEBUG: Crawled (200) <GET https://gz.fang.anjuke.com/loupan/canshu-240972.html> (referer: https://gz.fang.anjuke.com/loupan/240972.html)
2018-02-12 13:17:01 [scrapy.core.scraper] DEBUG: Scraped from <200 https://gz.fang.anjuke.com/loupan/canshu-240972.html>
{'build_year': u'2018',
 'city': '\xe5\xb9\xbf\xe5\xb7\x9e',
 'county': '\xe4\xbb\x8e\xe5\x8c\x96',
 'crawl_time': 1518412621.254,
 'description': None,
 'down_payment': u'197.1',
 'house_address': u'\u8857\u53e3\u8857\u4e0e355\u7701\u9053\u63a5\u58e4\u5904',
 'house_name': u'\u73e0\u5149\u4e91\u5cad\u6e56',
 'id': 'f4a0c65e-0fb3-11e8-b6ab-382c4a16ce75',
 'monthly_payment': u'24408.12',
 'province': u'\u5e7f\u4e1c\u7701',
 'source': u'\u5b89\u5c45\u5ba2',
 'total_price': u'657',
 'type': u'new',
 'unit_price': u'18000',
 'url': 'https://gz.fang.anjuke.com/loupan/canshu-240972.html'}
2018-02-12 13:17:02 [scrapy.extensions.logstats] INFO: Crawled 25 pages (at 12 pages/min), scraped 6 items (at 6 items/min)
2018-02-12 13:17:06 [scrapy.extensions.throttle] INFO: slot: gz.fang.anjuke.com | conc: 1 | delay: 4000 ms (+0) | latency:  328 ms | size: 30727 bytes
2018-02-12 13:17:06 [scrapy.core.engine] DEBUG: Crawled (200) <GET https://gz.fang.anjuke.com/loupan/canshu-238885.html> (referer: https://gz.fang.anjuke.com/loupan/238885.html)
2018-02-12 13:17:06 [scrapy.core.scraper] DEBUG: Scraped from <200 https://gz.fang.anjuke.com/loupan/canshu-238885.html>
{'build_year': u'2017',
 'city': '\xe5\xb9\xbf\xe5\xb7\x9e',
 'county': '\xe4\xbb\x8e\xe5\x8c\x96',
 'crawl_time': 1518412626.863,
 'description': None,
 'down_payment': u'146.1',
 'house_address': u'\u4e1c\u65b9\u590f\u6e7e\u62ff\u82b1\u56ed\u590f\u6e7e\u62ff\u5927\u9053',
 'house_name': u'\u4e1c\u65b9\u590f\u6e7e\u62ff',
 'id': 'f7f8a3ee-0fb3-11e8-a4d6-382c4a16ce75',
 'monthly_payment': u'18092.47',
 'province': u'\u5e7f\u4e1c\u7701',
 'source': u'\u5b89\u5c45\u5ba2',
 'total_price': u'487',
 'type': u'new',
 'unit_price': u'18000',
 'url': 'https://gz.fang.anjuke.com/loupan/canshu-238885.html'}
2018-02-12 13:17:11 [scrapy.extensions.throttle] INFO: slot: gz.fang.anjuke.com | conc: 1 | delay: 4000 ms (+0) | latency:  344 ms | size: 28300 bytes
2018-02-12 13:17:11 [scrapy.core.engine] DEBUG: Crawled (200) <GET https://gz.fang.anjuke.com/loupan/canshu-418401.html> (referer: https://gz.fang.anjuke.com/loupan/418401.html)
2018-02-12 13:17:12 [scrapy.core.scraper] DEBUG: Scraped from <200 https://gz.fang.anjuke.com/loupan/canshu-418401.html>
{'build_year': u'2019',
 'city': '\xe5\xb9\xbf\xe5\xb7\x9e',
 'county': '\xe4\xbb\x8e\xe5\x8c\x96',
 'crawl_time': 1518412632.098,
 'description': None,
 'down_payment': None,
 'house_address': u'\u524d\u8fdb\u8def\u9ccc\u5934\u9547\u653f\u5e9c\u65c1',
 'house_name': u'\u5b89\u5408\u5c0f\u533a',
 'id': 'fb177021-0fb3-11e8-afe5-382c4a16ce75',
 'monthly_payment': None,
 'province': u'\u5e7f\u4e1c\u7701',
 'source': u'\u5b89\u5c45\u5ba2',
 'total_price': None,
 'type': u'new',
 'unit_price': None,
 'url': 'https://gz.fang.anjuke.com/loupan/canshu-418401.html'}
2018-02-12 13:17:17 [scrapy.extensions.throttle] INFO: slot: gz.fang.anjuke.com | conc: 1 | delay: 4000 ms (+0) | latency:  515 ms | size: 30066 bytes
2018-02-12 13:17:17 [scrapy.core.engine] DEBUG: Crawled (200) <GET https://gz.fang.anjuke.com/loupan/canshu-389811.html> (referer: https://gz.fang.anjuke.com/loupan/389811.html)
2018-02-12 13:17:17 [scrapy.core.scraper] DEBUG: Scraped from <200 https://gz.fang.anjuke.com/loupan/canshu-389811.html>
{'build_year': None,
 'city': '\xe5\xb9\xbf\xe5\xb7\x9e',
 'county': '\xe4\xbb\x8e\xe5\x8c\x96',
 'crawl_time': 1518412637.957,
 'description': None,
 'down_payment': None,
 'house_address': u'\u6d41\u6eaa\u6cb3\u534a\u5c9b\uff08\u8ddd\u5e7f\u4e1c\u6e29\u6cc9\u5bbe\u9986\u7ea63\u5206\u949f\u8f66\u7a0b\uff09',
 'house_name': u'\u65b9\u5706\u6cc9\u6eaa\u6708\u5c9b',
 'id': 'fe95734f-0fb3-11e8-913a-382c4a16ce75',
 'monthly_payment': None,
 'province': u'\u5e7f\u4e1c\u7701',
 'source': u'\u5b89\u5c45\u5ba2',
 'total_price': None,
 'type': u'new',
 'unit_price': None,
 'url': 'https://gz.fang.anjuke.com/loupan/canshu-389811.html'}
2018-02-12 13:17:23 [scrapy.extensions.throttle] INFO: slot: gz.fang.anjuke.com | conc: 1 | delay: 4000 ms (+0) | latency:  453 ms | size: 30662 bytes
2018-02-12 13:17:23 [scrapy.core.engine] DEBUG: Crawled (200) <GET https://gz.fang.anjuke.com/loupan/canshu-240517.html> (referer: https://gz.fang.anjuke.com/loupan/240517.html)
2018-02-12 13:17:23 [scrapy.core.scraper] DEBUG: Scraped from <200 https://gz.fang.anjuke.com/loupan/canshu-240517.html>
{'build_year': u'2018',
 'city': '\xe5\xb9\xbf\xe5\xb7\x9e',
 'county': '\xe4\xbb\x8e\xe5\x8c\x96',
 'crawl_time': 1518412643.364,
 'description': None,
 'down_payment': u'85.5',
 'house_address': u'\u548c\u5e73\u6536\u8d39\u7ad9\u65c1\u7ea6100\u7c73\u5904',
 'house_name': u'\u5927\u57ce\u4e91\u5c71',
 'id': '01ce7e40-0fb4-11e8-a3f1-382c4a16ce75',
 'monthly_payment': u'10588',
 'province': u'\u5e7f\u4e1c\u7701',
 'source': u'\u5b89\u5c45\u5ba2',
 'total_price': u'285',
 'type': u'new',
 'unit_price': u'15000',
 'url': 'https://gz.fang.anjuke.com/loupan/canshu-240517.html'}
2018-02-12 13:17:28 [scrapy.extensions.throttle] INFO: slot: gz.fang.anjuke.com | conc: 1 | delay: 4000 ms (+0) | latency:  375 ms | size: 30710 bytes
2018-02-12 13:17:28 [scrapy.core.engine] DEBUG: Crawled (200) <GET https://gz.fang.anjuke.com/loupan/canshu-248221.html> (referer: https://gz.fang.anjuke.com/loupan/248221.html)
2018-02-12 13:17:28 [scrapy.core.scraper] DEBUG: Scraped from <200 https://gz.fang.anjuke.com/loupan/canshu-248221.html>
{'build_year': u'2017',
 'city': '\xe5\xb9\xbf\xe5\xb7\x9e',
 'county': '\xe4\xbb\x8e\xe5\x8c\x96',
 'crawl_time': 1518412648.879,
 'description': None,
 'down_payment': u'390',
 'house_address': u'\u60a6\u6cc9\u8def',
 'house_name': u'\u4ebf\u57ce\u6cc9\u8bf4',
 'id': '051803f0-0fb4-11e8-8966-382c4a16ce75',
 'monthly_payment': u'48296.13',
 'province': u'\u5e7f\u4e1c\u7701',
 'source': u'\u5b89\u5c45\u5ba2',
 'total_price': u'1300',
 'type': u'new',
 'unit_price': u'26000',
 'url': 'https://gz.fang.anjuke.com/loupan/canshu-248221.html'}
2018-02-12 13:17:33 [scrapy.extensions.throttle] INFO: slot: gz.fang.anjuke.com | conc: 1 | delay: 4000 ms (+0) | latency:  484 ms | size: 30671 bytes
2018-02-12 13:17:33 [scrapy.core.engine] DEBUG: Crawled (200) <GET https://gz.fang.anjuke.com/loupan/canshu-238879.html> (referer: https://gz.fang.anjuke.com/loupan/238879.html)
2018-02-12 13:17:33 [scrapy.core.scraper] DEBUG: Scraped from <200 https://gz.fang.anjuke.com/loupan/canshu-238879.html>
{'build_year': u'2018',
 'city': '\xe5\xb9\xbf\xe5\xb7\x9e',
 'county': '\xe4\xbb\x8e\xe5\x8c\x96',
 'crawl_time': 1518412653.457,
 'description': None,
 'down_payment': u'75.6',
 'house_address': u'\u5411\u9633\u4e00\u8def32\u53f7',
 'house_name': u'\u667a\u6770\u96c5\u7b51',
 'id': '07d2900f-0fb4-11e8-a4c1-382c4a16ce75',
 'monthly_payment': u'9362.02',
 'province': u'\u5e7f\u4e1c\u7701',
 'source': u'\u5b89\u5c45\u5ba2',
 'total_price': u'252',
 'type': u'new',
 'unit_price': u'14500',
 'url': 'https://gz.fang.anjuke.com/loupan/canshu-238879.html'}
2018-02-12 13:17:39 [scrapy.extensions.throttle] INFO: slot: gz.fang.anjuke.com | conc: 1 | delay: 4000 ms (+0) | latency:  343 ms | size: 30635 bytes
2018-02-12 13:17:39 [scrapy.core.engine] DEBUG: Crawled (200) <GET https://gz.fang.anjuke.com/loupan/canshu-264159.html> (referer: https://gz.fang.anjuke.com/loupan/264159.html)
2018-02-12 13:17:39 [scrapy.core.scraper] DEBUG: Scraped from <200 https://gz.fang.anjuke.com/loupan/canshu-264159.html>
{'build_year': u'2018',
 'city': '\xe5\xb9\xbf\xe5\xb7\x9e',
 'county': '\xe4\xbb\x8e\xe5\x8c\x96',
 'crawl_time': 1518412659.129,
 'description': None,
 'down_payment': u'46.2',
 'house_address': u'105\u56fd\u9053',
 'house_name': u'\u8354\u5c71\u96c5\u7b51',
 'id': '0b340a8f-0fb4-11e8-9e6e-382c4a16ce75',
 'monthly_payment': u'5721.23',
 'province': u'\u5e7f\u4e1c\u7701',
 'source': u'\u5b89\u5c45\u5ba2',
 'total_price': u'154',
 'type': u'new',
 'unit_price': u'17000',
 'url': 'https://gz.fang.anjuke.com/loupan/canshu-264159.html'}
2018-02-12 13:17:44 [scrapy.extensions.throttle] INFO: slot: gz.fang.anjuke.com | conc: 1 | delay: 4000 ms (+0) | latency:  391 ms | size: 29443 bytes
2018-02-12 13:17:44 [scrapy.core.engine] DEBUG: Crawled (200) <GET https://gz.fang.anjuke.com/loupan/canshu-432750.html> (referer: https://gz.fang.anjuke.com/loupan/432750.html)
2018-02-12 13:17:45 [scrapy.core.scraper] DEBUG: Scraped from <200 https://gz.fang.anjuke.com/loupan/canshu-432750.html>
{'build_year': u'2018',
 'city': '\xe5\xb9\xbf\xe5\xb7\x9e',
 'county': '\xe4\xbb\x8e\xe5\x8c\x96',
 'crawl_time': 1518412664.989,
 'description': None,
 'down_payment': u'57',
 'house_address': u'\u4ece\u57ce\u5927\u9053\u65c1\uff08\u5927\u5e7f\u9ad8\u901f\u57ce\u90ca\u51fa\u53e3\u53f3\u8f6c600\u7c73\uff09',
 'house_name': u'\u5609\u4e1c\u5e7f\u573a',
 'id': '0eb234d1-0fb4-11e8-83e0-382c4a16ce75',
 'monthly_payment': u'3025.14',
 'province': u'\u5e7f\u4e1c\u7701',
 'source': u'\u5b89\u5c45\u5ba2',
 'total_price': u'114',
 'type': u'new',
 'unit_price': u'15000',
 'url': 'https://gz.fang.anjuke.com/loupan/canshu-432750.html'}
2018-02-12 13:17:50 [scrapy.extensions.throttle] INFO: slot: gz.fang.anjuke.com | conc: 1 | delay: 4000 ms (+0) | latency:  578 ms | size: 29291 bytes
2018-02-12 13:17:50 [scrapy.core.engine] DEBUG: Crawled (200) <GET https://gz.fang.anjuke.com/loupan/canshu-418823.html> (referer: https://gz.fang.anjuke.com/loupan/418823.html)
2018-02-12 13:17:51 [scrapy.core.scraper] DEBUG: Scraped from <200 https://gz.fang.anjuke.com/loupan/canshu-418823.html>
{'build_year': u'2017',
 'city': '\xe5\xb9\xbf\xe5\xb7\x9e',
 'county': '\xe4\xbb\x8e\xe5\x8c\x96',
 'crawl_time': 1518412671.02,
 'description': None,
 'down_payment': u'46.5',
 'house_address': u'\u6cb3\u4e1c\u5357\u8def56\u53f7',
 'house_name': u'\u6c49\u4e2d\u7d2b\u8587\u82d1',
 'id': '124a76c0-0fb4-11e8-ba21-382c4a16ce75',
 'monthly_payment': u'5758.38',
 'province': u'\u5e7f\u4e1c\u7701',
 'source': u'\u5b89\u5c45\u5ba2',
 'total_price': u'155',
 'type': u'new',
 'unit_price': u'16000',
 'url': 'https://gz.fang.anjuke.com/loupan/canshu-418823.html'}
2018-02-12 13:17:56 [scrapy.extensions.throttle] INFO: slot: gz.fang.anjuke.com | conc: 1 | delay: 4000 ms (+0) | latency:  437 ms | size: 29447 bytes
2018-02-12 13:17:56 [scrapy.core.engine] DEBUG: Crawled (200) <GET https://gz.fang.anjuke.com/loupan/canshu-415909.html> (referer: https://gz.fang.anjuke.com/loupan/415909.html)
2018-02-12 13:17:56 [scrapy.core.scraper] DEBUG: Scraped from <200 https://gz.fang.anjuke.com/loupan/canshu-415909.html>
{'build_year': u'2019',
 'city': '\xe5\xb9\xbf\xe5\xb7\x9e',
 'county': '\xe4\xbb\x8e\xe5\x8c\x96',
 'crawl_time': 1518412676.614,
 'description': None,
 'down_payment': u'30',
 'house_address': u'\u82b1\u56ed\u4e2d\u8def11\u5df71\u53f7',
 'house_name': u'\u53e0\u7fe0\u8f69',
 'id': '15a00a61-0fb4-11e8-b69b-382c4a16ce75',
 'monthly_payment': u'3715.09',
 'province': u'\u5e7f\u4e1c\u7701',
 'source': u'\u5b89\u5c45\u5ba2',
 'total_price': u'100',
 'type': u'new',
 'unit_price': u'11000',
 'url': 'https://gz.fang.anjuke.com/loupan/canshu-415909.html'}
2018-02-12 13:17:59 [scrapy.extensions.throttle] INFO: slot: gz.fang.anjuke.com | conc: 1 | delay: 4000 ms (+0) | latency:  483 ms | size: 40131 bytes
2018-02-12 13:17:59 [scrapy.core.engine] DEBUG: Crawled (200) <GET https://gz.fang.anjuke.com/loupan/239713.html> (referer: https://gz.fang.anjuke.com/loupan/conghua/p2/)
2018-02-12 13:18:02 [scrapy.extensions.logstats] INFO: Crawled 36 pages (at 11 pages/min), scraped 16 items (at 10 items/min)
2018-02-12 13:18:04 [scrapy.extensions.throttle] INFO: slot: gz.fang.anjuke.com | conc: 1 | delay: 4000 ms (+0) | latency:  467 ms | size: 36710 bytes
2018-02-12 13:18:04 [scrapy.core.engine] DEBUG: Crawled (200) <GET https://gz.fang.anjuke.com/loupan/238975.html> (referer: https://gz.fang.anjuke.com/loupan/conghua/p2/)
2018-02-12 13:18:10 [scrapy.extensions.throttle] INFO: slot: gz.fang.anjuke.com | conc: 1 | delay: 4000 ms (+0) | latency:  500 ms | size: 32926 bytes
2018-02-12 13:18:10 [scrapy.core.engine] DEBUG: Crawled (200) <GET https://gz.fang.anjuke.com/loupan/250416.html> (referer: https://gz.fang.anjuke.com/loupan/conghua/p3/)
2018-02-12 13:18:14 [scrapy.extensions.throttle] INFO: slot: gz.fang.anjuke.com | conc: 1 | delay: 4000 ms (+0) | latency:  546 ms | size: 39115 bytes
2018-02-12 13:18:14 [scrapy.core.engine] DEBUG: Crawled (200) <GET https://gz.fang.anjuke.com/loupan/251360.html> (referer: https://gz.fang.anjuke.com/loupan/conghua/p2/)
2018-02-12 13:18:18 [scrapy.extensions.throttle] INFO: slot: gz.fang.anjuke.com | conc: 1 | delay: 4000 ms (+0) | latency:  562 ms | size: 36799 bytes
2018-02-12 13:18:18 [scrapy.core.engine] DEBUG: Crawled (200) <GET https://gz.fang.anjuke.com/loupan/239128.html> (referer: https://gz.fang.anjuke.com/loupan/conghua/p2/)
2018-02-12 13:18:23 [scrapy.extensions.throttle] INFO: slot: gz.fang.anjuke.com | conc: 1 | delay: 4000 ms (+0) | latency:  375 ms | size: 33516 bytes
2018-02-12 13:18:23 [scrapy.core.engine] DEBUG: Crawled (200) <GET https://gz.fang.anjuke.com/loupan/238897.html> (referer: https://gz.fang.anjuke.com/loupan/conghua/p2/)
2018-02-12 13:18:29 [scrapy.extensions.throttle] INFO: slot: gz.fang.anjuke.com | conc: 1 | delay: 4000 ms (+0) | latency:  437 ms | size: 33389 bytes
2018-02-12 13:18:29 [scrapy.core.engine] DEBUG: Crawled (200) <GET https://gz.fang.anjuke.com/loupan/239414.html> (referer: https://gz.fang.anjuke.com/loupan/conghua/p2/)
2018-02-12 13:18:33 [scrapy.extensions.throttle] INFO: slot: gz.fang.anjuke.com | conc: 1 | delay: 4000 ms (+0) | latency:  562 ms | size: 34333 bytes
2018-02-12 13:18:33 [scrapy.core.engine] DEBUG: Crawled (200) <GET https://gz.fang.anjuke.com/loupan/412880.html> (referer: https://gz.fang.anjuke.com/loupan/conghua/p2/)
2018-02-12 13:18:36 [scrapy.extensions.throttle] INFO: slot: gz.fang.anjuke.com | conc: 1 | delay: 4000 ms (+0) | latency:  577 ms | size: 37097 bytes
2018-02-12 13:18:36 [scrapy.core.engine] DEBUG: Crawled (200) <GET https://gz.fang.anjuke.com/loupan/239260.html> (referer: https://gz.fang.anjuke.com/loupan/conghua/p2/)
2018-02-12 13:18:42 [scrapy.extensions.throttle] INFO: slot: gz.fang.anjuke.com | conc: 1 | delay: 4000 ms (+0) | latency:  453 ms | size: 37160 bytes
2018-02-12 13:18:42 [scrapy.core.engine] DEBUG: Crawled (200) <GET https://gz.fang.anjuke.com/loupan/239294.html> (referer: https://gz.fang.anjuke.com/loupan/conghua/p2/)
2018-02-12 13:18:46 [scrapy.extensions.throttle] INFO: slot: gz.fang.anjuke.com | conc: 1 | delay: 4000 ms (+0) | latency:  453 ms | size: 35394 bytes
2018-02-12 13:18:46 [scrapy.core.engine] DEBUG: Crawled (200) <GET https://gz.fang.anjuke.com/loupan/240471.html> (referer: https://gz.fang.anjuke.com/loupan/conghua/p2/)
2018-02-12 13:18:50 [scrapy.extensions.throttle] INFO: slot: gz.fang.anjuke.com | conc: 1 | delay: 4000 ms (+0) | latency:  437 ms | size: 38348 bytes
2018-02-12 13:18:50 [scrapy.core.engine] DEBUG: Crawled (200) <GET https://gz.fang.anjuke.com/loupan/238923.html> (referer: https://gz.fang.anjuke.com/loupan/conghua/p2/)
2018-02-12 13:18:55 [scrapy.extensions.throttle] INFO: slot: gz.fang.anjuke.com | conc: 1 | delay: 4000 ms (+0) | latency:  437 ms | size: 36178 bytes
2018-02-12 13:18:55 [scrapy.core.engine] DEBUG: Crawled (200) <GET https://gz.fang.anjuke.com/loupan/240403.html> (referer: https://gz.fang.anjuke.com/loupan/conghua/p2/)
2018-02-12 13:18:59 [scrapy.extensions.throttle] INFO: slot: gz.fang.anjuke.com | conc: 1 | delay: 4000 ms (+0) | latency:  578 ms | size: 38453 bytes
2018-02-12 13:18:59 [scrapy.core.engine] DEBUG: Crawled (200) <GET https://gz.fang.anjuke.com/loupan/248290.html> (referer: https://gz.fang.anjuke.com/loupan/conghua/p2/)
2018-02-12 13:19:02 [scrapy.extensions.logstats] INFO: Crawled 49 pages (at 13 pages/min), scraped 16 items (at 0 items/min)
2018-02-12 13:19:03 [scrapy.extensions.throttle] INFO: slot: gz.fang.anjuke.com | conc: 1 | delay: 4000 ms (+0) | latency:  547 ms | size: 38204 bytes
2018-02-12 13:19:03 [scrapy.core.engine] DEBUG: Crawled (200) <GET https://gz.fang.anjuke.com/loupan/400600.html> (referer: https://gz.fang.anjuke.com/loupan/conghua/p2/)
2018-02-12 13:19:06 [scrapy.extensions.throttle] INFO: slot: gz.fang.anjuke.com | conc: 1 | delay: 4000 ms (+0) | latency:  531 ms | size: 38928 bytes
2018-02-12 13:19:06 [scrapy.core.engine] DEBUG: Crawled (200) <GET https://gz.fang.anjuke.com/loupan/251775.html> (referer: https://gz.fang.anjuke.com/loupan/conghua/p2/)
2018-02-12 13:19:11 [scrapy.extensions.throttle] INFO: slot: gz.fang.anjuke.com | conc: 1 | delay: 4000 ms (+0) | latency:  483 ms | size: 42950 bytes
2018-02-12 13:19:11 [scrapy.core.engine] DEBUG: Crawled (200) <GET https://gz.fang.anjuke.com/loupan/240003.html> (referer: https://gz.fang.anjuke.com/loupan/conghua/p2/)
2018-02-12 13:19:16 [scrapy.extensions.throttle] INFO: slot: gz.fang.anjuke.com | conc: 1 | delay: 4000 ms (+0) | latency:  437 ms | size: 27559 bytes
2018-02-12 13:19:16 [scrapy.core.engine] DEBUG: Crawled (200) <GET https://gz.fang.anjuke.com/loupan/canshu-239713.html> (referer: https://gz.fang.anjuke.com/loupan/239713.html)
2018-02-12 13:19:16 [scrapy.core.scraper] DEBUG: Scraped from <200 https://gz.fang.anjuke.com/loupan/canshu-239713.html>
{'build_year': u'2015',
 'city': '\xe5\xb9\xbf\xe5\xb7\x9e',
 'county': '\xe4\xbb\x8e\xe5\x8c\x96',
 'crawl_time': 1518412756.756,
 'description': None,
 'down_payment': u'11',
 'house_address': u'\u5e7f\u4ece\u5317\u8def\u5317\u4fa7',
 'house_name': u'\u5e7f\u4e1c\u52a8\u6f2b\u57ce',
 'id': '4564bd40-0fb4-11e8-85f8-382c4a16ce75',
 'monthly_payment': u'583.8',
 'province': u'\u5e7f\u4e1c\u7701',
 'source': u'\u5b89\u5c45\u5ba2',
 'total_price': u'22',
 'type': u'new',
 'unit_price': u'4500',
 'url': 'https://gz.fang.anjuke.com/loupan/canshu-239713.html'}
2018-02-12 13:19:20 [scrapy.extensions.throttle] INFO: slot: gz.fang.anjuke.com | conc: 1 | delay: 4000 ms (+0) | latency:  343 ms | size: 27442 bytes
2018-02-12 13:19:20 [scrapy.core.engine] DEBUG: Crawled (200) <GET https://gz.fang.anjuke.com/loupan/canshu-238975.html> (referer: https://gz.fang.anjuke.com/loupan/238975.html)
2018-02-12 13:19:20 [scrapy.core.scraper] DEBUG: Scraped from <200 https://gz.fang.anjuke.com/loupan/canshu-238975.html>
{'build_year': u'2016',
 'city': '\xe5\xb9\xbf\xe5\xb7\x9e',
 'county': '\xe4\xbb\x8e\xe5\x8c\x96',
 'crawl_time': 1518412760.818,
 'description': None,
 'down_payment': None,
 'house_address': u'588\u4e61\u9053',
 'house_name': u'\u73e0\u5149\u6d41\u6eaa\u5fa1\u666f',
 'id': '47d08d21-0fb4-11e8-a54e-382c4a16ce75',
 'monthly_payment': None,
 'province': u'\u5e7f\u4e1c\u7701',
 'source': u'\u5b89\u5c45\u5ba2',
 'total_price': None,
 'type': u'new',
 'unit_price': None,
 'url': 'https://gz.fang.anjuke.com/loupan/canshu-238975.html'}
2018-02-12 13:19:24 [scrapy.extensions.throttle] INFO: slot: gz.fang.anjuke.com | conc: 1 | delay: 4000 ms (+0) | latency:  578 ms | size: 26770 bytes
2018-02-12 13:19:24 [scrapy.core.engine] DEBUG: Crawled (200) <GET https://gz.fang.anjuke.com/loupan/canshu-250416.html> (referer: https://gz.fang.anjuke.com/loupan/250416.html)
2018-02-12 13:19:25 [scrapy.core.scraper] DEBUG: Scraped from <200 https://gz.fang.anjuke.com/loupan/canshu-250416.html>
{'build_year': None,
 'city': '\xe5\xb9\xbf\xe5\xb7\x9e',
 'county': '\xe4\xbb\x8e\xe5\x8c\x96',
 'crawl_time': 1518412765.1,
 'description': None,
 'down_payment': u'9',
 'house_address': u'\u5e73\u4e2d\u516c\u8def633\u53f7',
 'house_name': u'\u9a8f\u9038\u6e56\u7554\u82b1\u82d1',
 'id': '4a5deec0-0fb4-11e8-aa8e-382c4a16ce75',
 'monthly_payment': u'1114.53',
 'province': u'\u5e7f\u4e1c\u7701',
 'source': u'\u5b89\u5c45\u5ba2',
 'total_price': u'30',
 'type': u'new',
 'unit_price': u'3496',
 'url': 'https://gz.fang.anjuke.com/loupan/canshu-250416.html'}
2018-02-12 13:19:30 [scrapy.extensions.throttle] INFO: slot: gz.fang.anjuke.com | conc: 1 | delay: 4000 ms (+0) | latency:  391 ms | size: 27565 bytes
2018-02-12 13:19:30 [scrapy.core.engine] DEBUG: Crawled (200) <GET https://gz.fang.anjuke.com/loupan/canshu-251360.html> (referer: https://gz.fang.anjuke.com/loupan/251360.html)
2018-02-12 13:19:30 [scrapy.core.scraper] DEBUG: Scraped from <200 https://gz.fang.anjuke.com/loupan/canshu-251360.html>
{'build_year': u'2017',
 'city': '\xe5\xb9\xbf\xe5\xb7\x9e',
 'county': '\xe4\xbb\x8e\xe5\x8c\x96',
 'crawl_time': 1518412770.709,
 'description': None,
 'down_payment': u'22.5',
 'house_address': u'\u73af\u5e02\u4e1c\u8def988\u53f7',
 'house_name': u'\u7231\u5c1a\u6d41\u6eaa',
 'id': '4db5cc51-0fb4-11e8-9cc5-382c4a16ce75',
 'monthly_payment': u'2786.32',
 'province': u'\u5e7f\u4e1c\u7701',
 'source': u'\u5b89\u5c45\u5ba2',
 'total_price': u'75',
 'type': u'new',
 'unit_price': u'8000',
 'url': 'https://gz.fang.anjuke.com/loupan/canshu-251360.html'}
2018-02-12 13:19:35 [scrapy.extensions.throttle] INFO: slot: gz.fang.anjuke.com | conc: 1 | delay: 4000 ms (+0) | latency:  468 ms | size: 27478 bytes
2018-02-12 13:19:35 [scrapy.core.engine] DEBUG: Crawled (200) <GET https://gz.fang.anjuke.com/loupan/canshu-239128.html> (referer: https://gz.fang.anjuke.com/loupan/239128.html)
2018-02-12 13:19:35 [scrapy.core.scraper] DEBUG: Scraped from <200 https://gz.fang.anjuke.com/loupan/canshu-239128.html>
{'build_year': u'2018',
 'city': '\xe5\xb9\xbf\xe5\xb7\x9e',
 'county': '\xe4\xbb\x8e\xe5\x8c\x96',
 'crawl_time': 1518412775.6,
 'description': None,
 'down_payment': None,
 'house_address': u'\u5e7f\u4ece\u5317\u8def263\u53f7',
 'house_name': u'\u4eba\u76db\u5df4\u5398\u5929\u5730',
 'id': '50a01b00-0fb4-11e8-932b-382c4a16ce75',
 'monthly_payment': None,
 'province': u'\u5e7f\u4e1c\u7701',
 'source': u'\u5b89\u5c45\u5ba2',
 'total_price': None,
 'type': u'new',
 'unit_price': None,
 'url': 'https://gz.fang.anjuke.com/loupan/canshu-239128.html'}
2018-02-12 13:19:39 [scrapy.extensions.throttle] INFO: slot: gz.fang.anjuke.com | conc: 1 | delay: 4000 ms (+0) | latency:  312 ms | size: 26517 bytes
2018-02-12 13:19:39 [scrapy.core.engine] DEBUG: Crawled (200) <GET https://gz.fang.anjuke.com/loupan/canshu-238897.html> (referer: https://gz.fang.anjuke.com/loupan/238897.html)
2018-02-12 13:19:39 [scrapy.core.scraper] DEBUG: Scraped from <200 https://gz.fang.anjuke.com/loupan/canshu-238897.html>
{'build_year': u'2011',
 'city': '\xe5\xb9\xbf\xe5\xb7\x9e',
 'county': '\xe4\xbb\x8e\xe5\x8c\x96',
 'crawl_time': 1518412779.569,
 'description': None,
 'down_payment': None,
 'house_address': u'\u7ecf\u6d4e\u5f00\u53d1\u533a\u660e\u73e0\u8def8\u53f7',
 'house_name': u'\u661f\u6c47\u5cf0',
 'id': '52fdba0f-0fb4-11e8-b6ed-382c4a16ce75',
 'monthly_payment': None,
 'province': u'\u5e7f\u4e1c\u7701',
 'source': u'\u5b89\u5c45\u5ba2',
 'total_price': None,
 'type': u'new',
 'unit_price': u'5995',
 'url': 'https://gz.fang.anjuke.com/loupan/canshu-238897.html'}
2018-02-12 13:19:45 [scrapy.extensions.throttle] INFO: slot: gz.fang.anjuke.com | conc: 1 | delay: 4000 ms (+0) | latency:  406 ms | size: 26920 bytes
2018-02-12 13:19:45 [scrapy.core.engine] DEBUG: Crawled (200) <GET https://gz.fang.anjuke.com/loupan/canshu-239414.html> (referer: https://gz.fang.anjuke.com/loupan/239414.html)
2018-02-12 13:19:45 [scrapy.core.scraper] DEBUG: Scraped from <200 https://gz.fang.anjuke.com/loupan/canshu-239414.html>
{'build_year': None,
 'city': '\xe5\xb9\xbf\xe5\xb7\x9e',
 'county': '\xe4\xbb\x8e\xe5\x8c\x96',
 'crawl_time': 1518412785.162,
 'description': None,
 'down_payment': None,
 'house_address': u'\u7c73\u57d7',
 'house_name': u'\u534e\u7199\u6e29\u6cc9\u5ea6\u5047\u6751',
 'id': '5653269e-0fb4-11e8-80d3-382c4a16ce75',
 'monthly_payment': None,
 'province': u'\u5e7f\u4e1c\u7701',
 'source': u'\u5b89\u5c45\u5ba2',
 'total_price': None,
 'type': u'new',
 'unit_price': u'6250',
 'url': 'https://gz.fang.anjuke.com/loupan/canshu-239414.html'}
2018-02-12 13:19:50 [scrapy.extensions.throttle] INFO: slot: gz.fang.anjuke.com | conc: 1 | delay: 4000 ms (+0) | latency:  358 ms | size: 26980 bytes
2018-02-12 13:19:50 [scrapy.core.engine] DEBUG: Crawled (200) <GET https://gz.fang.anjuke.com/loupan/canshu-412880.html> (referer: https://gz.fang.anjuke.com/loupan/412880.html)
2018-02-12 13:19:51 [scrapy.core.scraper] DEBUG: Scraped from <200 https://gz.fang.anjuke.com/loupan/canshu-412880.html>
{'build_year': u'2014',
 'city': '\xe5\xb9\xbf\xe5\xb7\x9e',
 'county': '\xe4\xbb\x8e\xe5\x8c\x96',
 'crawl_time': 1518412790.897,
 'description': None,
 'down_payment': None,
 'house_address': u'\u4ece\u57ce\u5927\u9053111-113\u53f7\uff08355\u7701\u9053\u4e0e\u4ece\u5316\u5927\u9053\u4ea4\u6c47\u5904\uff09',
 'house_name': u'\u6b23\u8363\u5b8f\u56fd\u9645\u5546\u8d38\u57ce\u5199\u5b57\u697c',
 'id': '59be3e11-0fb4-11e8-abe9-382c4a16ce75',
 'monthly_payment': None,
 'province': u'\u5e7f\u4e1c\u7701',
 'source': u'\u5b89\u5c45\u5ba2',
 'total_price': u'400',
 'type': u'new',
 'unit_price': u'40000',
 'url': 'https://gz.fang.anjuke.com/loupan/canshu-412880.html'}
2018-02-12 13:19:56 [scrapy.extensions.throttle] INFO: slot: gz.fang.anjuke.com | conc: 1 | delay: 4000 ms (+0) | latency:  437 ms | size: 26429 bytes
2018-02-12 13:19:56 [scrapy.core.engine] DEBUG: Crawled (200) <GET https://gz.fang.anjuke.com/loupan/canshu-239260.html> (referer: https://gz.fang.anjuke.com/loupan/239260.html)
2018-02-12 13:19:56 [scrapy.core.scraper] DEBUG: Scraped from <200 https://gz.fang.anjuke.com/loupan/canshu-239260.html>
{'build_year': u'2010',
 'city': '\xe5\xb9\xbf\xe5\xb7\x9e',
 'county': '\xe4\xbb\x8e\xe5\x8c\x96',
 'crawl_time': 1518412796.741,
 'description': None,
 'down_payment': None,
 'house_address': u'\u6e29\u6cc9\u9547\u6e29\u6cc9\u897f\u8def22\u53f7',
 'house_name': u'\u4fa8\u5b8f\u82b1\u56ed',
 'id': '5d39f74f-0fb4-11e8-a596-382c4a16ce75',
 'monthly_payment': None,
 'province': u'\u5e7f\u4e1c\u7701',
 'source': u'\u5b89\u5c45\u5ba2',
 'total_price': None,
 'type': u'new',
 'unit_price': u'5526',
 'url': 'https://gz.fang.anjuke.com/loupan/canshu-239260.html'}
2018-02-12 13:20:02 [scrapy.extensions.throttle] INFO: slot: gz.fang.anjuke.com | conc: 1 | delay: 4000 ms (+0) | latency:  593 ms | size: 26611 bytes
2018-02-12 13:20:02 [scrapy.core.engine] DEBUG: Crawled (200) <GET https://gz.fang.anjuke.com/loupan/canshu-239294.html> (referer: https://gz.fang.anjuke.com/loupan/239294.html)
2018-02-12 13:20:02 [scrapy.extensions.logstats] INFO: Crawled 62 pages (at 13 pages/min), scraped 25 items (at 9 items/min)
2018-02-12 13:20:02 [scrapy.core.scraper] DEBUG: Scraped from <200 https://gz.fang.anjuke.com/loupan/canshu-239294.html>
{'build_year': u'2010',
 'city': '\xe5\xb9\xbf\xe5\xb7\x9e',
 'county': '\xe4\xbb\x8e\xe5\x8c\x96',
 'crawl_time': 1518412802.866,
 'description': None,
 'down_payment': None,
 'house_address': u'\u5411\u9633\u5357\u8def7\u53f7',
 'house_name': u'\u9038\u666f\u96c5\u8f69',
 'id': '60e0911e-0fb4-11e8-b86a-382c4a16ce75',
 'monthly_payment': None,
 'province': u'\u5e7f\u4e1c\u7701',
 'source': u'\u5b89\u5c45\u5ba2',
 'total_price': None,
 'type': u'new',
 'unit_price': u'25641',
 'url': 'https://gz.fang.anjuke.com/loupan/canshu-239294.html'}
2018-02-12 13:20:06 [scrapy.extensions.throttle] INFO: slot: gz.fang.anjuke.com | conc: 1 | delay: 4000 ms (+0) | latency:  453 ms | size: 27199 bytes
2018-02-12 13:20:06 [scrapy.core.engine] DEBUG: Crawled (200) <GET https://gz.fang.anjuke.com/loupan/canshu-240471.html> (referer: https://gz.fang.anjuke.com/loupan/240471.html)
2018-02-12 13:20:06 [scrapy.core.scraper] DEBUG: Scraped from <200 https://gz.fang.anjuke.com/loupan/canshu-240471.html>
{'build_year': u'2015',
 'city': '\xe5\xb9\xbf\xe5\xb7\x9e',
 'county': '\xe4\xbb\x8e\xe5\x8c\x96',
 'crawl_time': 1518412806.819,
 'description': None,
 'down_payment': None,
 'house_address': u'\u4ece\u57ce\u5927\u9053111-113\u53f7(355\u7701\u9053\u4e0e\u4ece\u5316\u5927\u9053\u7684\u4ea4\u6c47\u5904)',
 'house_name': u'\u6b23\u8363\u5b8f\u56fd\u9645\u5546\u8d38\u57ce',
 'id': '633bbf30-0fb4-11e8-a735-382c4a16ce75',
 'monthly_payment': None,
 'province': u'\u5e7f\u4e1c\u7701',
 'source': u'\u5b89\u5c45\u5ba2',
 'total_price': None,
 'type': u'new',
 'unit_price': u'12000',
 'url': 'https://gz.fang.anjuke.com/loupan/canshu-240471.html'}
2018-02-12 13:20:11 [scrapy.extensions.throttle] INFO: slot: gz.fang.anjuke.com | conc: 1 | delay: 4000 ms (+0) | latency:  516 ms | size: 26837 bytes
2018-02-12 13:20:11 [scrapy.core.engine] DEBUG: Crawled (200) <GET https://gz.fang.anjuke.com/loupan/canshu-238923.html> (referer: https://gz.fang.anjuke.com/loupan/238923.html)
2018-02-12 13:20:11 [scrapy.core.scraper] DEBUG: Scraped from <200 https://gz.fang.anjuke.com/loupan/canshu-238923.html>
{'build_year': u'2010',
 'city': '\xe5\xb9\xbf\xe5\xb7\x9e',
 'county': '\xe4\xbb\x8e\xe5\x8c\x96',
 'crawl_time': 1518412811.631,
 'description': None,
 'down_payment': None,
 'house_address': u'\u795e\u5c97\u6d41\u6eaa\u6cb3\u7554',
 'house_name': u'\u9038\u6cc9\u5c71\u5e84',
 'id': '6619fff0-0fb4-11e8-b51c-382c4a16ce75',
 'monthly_payment': None,
 'province': u'\u5e7f\u4e1c\u7701',
 'source': u'\u5b89\u5c45\u5ba2',
 'total_price': None,
 'type': u'new',
 'unit_price': u'8849',
 'url': 'https://gz.fang.anjuke.com/loupan/canshu-238923.html'}
2018-02-12 13:20:15 [scrapy.extensions.throttle] INFO: slot: gz.fang.anjuke.com | conc: 1 | delay: 4000 ms (+0) | latency:  343 ms | size: 27347 bytes
2018-02-12 13:20:15 [scrapy.core.engine] DEBUG: Crawled (200) <GET https://gz.fang.anjuke.com/loupan/canshu-240403.html> (referer: https://gz.fang.anjuke.com/loupan/240403.html)
2018-02-12 13:20:15 [scrapy.core.scraper] DEBUG: Scraped from <200 https://gz.fang.anjuke.com/loupan/canshu-240403.html>
{'build_year': u'2014',
 'city': '\xe5\xb9\xbf\xe5\xb7\x9e',
 'county': '\xe4\xbb\x8e\xe5\x8c\x96',
 'crawl_time': 1518412815.881,
 'description': None,
 'down_payment': None,
 'house_address': u'\u660e\u73e0\u5de5\u4e1a\u56ed\u5185',
 'house_name': u'\u5229\u6cf0\u82b1\u6797\u6e56\u7554',
 'id': '68a27f8f-0fb4-11e8-8e45-382c4a16ce75',
 'monthly_payment': None,
 'province': u'\u5e7f\u4e1c\u7701',
 'source': u'\u5b89\u5c45\u5ba2',
 'total_price': None,
 'type': u'new',
 'unit_price': None,
 'url': 'https://gz.fang.anjuke.com/loupan/canshu-240403.html'}
2018-02-12 13:20:21 [scrapy.extensions.throttle] INFO: slot: gz.fang.anjuke.com | conc: 1 | delay: 4000 ms (+0) | latency:  327 ms | size: 27338 bytes
2018-02-12 13:20:21 [scrapy.core.engine] DEBUG: Crawled (200) <GET https://gz.fang.anjuke.com/loupan/canshu-248290.html> (referer: https://gz.fang.anjuke.com/loupan/248290.html)
2018-02-12 13:20:21 [scrapy.core.scraper] DEBUG: Scraped from <200 https://gz.fang.anjuke.com/loupan/canshu-248290.html>
{'build_year': u'2015',
 'city': '\xe5\xb9\xbf\xe5\xb7\x9e',
 'county': '\xe4\xbb\x8e\xe5\x8c\x96',
 'crawl_time': 1518412821.366,
 'description': None,
 'down_payment': None,
 'house_address': u'\u8fce\u5bbe\u5927\u9053\u4ee5\u5317\uff0c105\u56fd\u9053\u65c1\uff08\u5357\u6d0b\u7406\u5de5\u5927\u5b66\u5357\u4fa7\uff09',
 'house_name': u'\u8d8a\u79c0\u9038\u6cc9\u6620\u7fe0',
 'id': '6be7715e-0fb4-11e8-bfe3-382c4a16ce75',
 'monthly_payment': None,
 'province': u'\u5e7f\u4e1c\u7701',
 'source': u'\u5b89\u5c45\u5ba2',
 'total_price': None,
 'type': u'new',
 'unit_price': u'16010',
 'url': 'https://gz.fang.anjuke.com/loupan/canshu-248290.html'}
2018-02-12 13:20:25 [scrapy.extensions.throttle] INFO: slot: gz.fang.anjuke.com | conc: 1 | delay: 4000 ms (+0) | latency:  328 ms | size: 27710 bytes
2018-02-12 13:20:25 [scrapy.core.engine] DEBUG: Crawled (200) <GET https://gz.fang.anjuke.com/loupan/canshu-400600.html> (referer: https://gz.fang.anjuke.com/loupan/400600.html)
2018-02-12 13:20:26 [scrapy.core.scraper] DEBUG: Scraped from <200 https://gz.fang.anjuke.com/loupan/canshu-400600.html>
{'build_year': u'2015',
 'city': '\xe5\xb9\xbf\xe5\xb7\x9e',
 'county': '\xe4\xbb\x8e\xe5\x8c\x96',
 'crawl_time': 1518412825.928,
 'description': None,
 'down_payment': None,
 'house_address': u'\u592a\u5e73\u5f00\u53d1\u533a\u798f\u4ece\u8def\u4e0e105\u56fd\u9053\u4ea4\u754c\u65b0\u5149\u767e\u5fb7\u5e7f\u573a',
 'house_name': u'\u65b0\u5149\u767e\u5fb7\u5e7f\u573a',
 'id': '6e9f8c80-0fb4-11e8-9098-382c4a16ce75',
 'monthly_payment': None,
 'province': u'\u5e7f\u4e1c\u7701',
 'source': u'\u5b89\u5c45\u5ba2',
 'total_price': u'28',
 'type': u'new',
 'unit_price': u'7000',
 'url': 'https://gz.fang.anjuke.com/loupan/canshu-400600.html'}
2018-02-12 13:20:30 [scrapy.extensions.throttle] INFO: slot: gz.fang.anjuke.com | conc: 1 | delay: 4000 ms (+0) | latency:  296 ms | size: 27713 bytes
2018-02-12 13:20:30 [scrapy.core.engine] DEBUG: Crawled (200) <GET https://gz.fang.anjuke.com/loupan/canshu-251775.html> (referer: https://gz.fang.anjuke.com/loupan/251775.html)
2018-02-12 13:20:31 [scrapy.core.scraper] DEBUG: Scraped from <200 https://gz.fang.anjuke.com/loupan/canshu-251775.html>
{'build_year': u'2016',
 'city': '\xe5\xb9\xbf\xe5\xb7\x9e',
 'county': '\xe4\xbb\x8e\xe5\x8c\x96',
 'crawl_time': 1518412830.96,
 'description': None,
 'down_payment': u'56.4',
 'house_address': u'\u8857\u53e3\u8857\u57ce\u90ca\u6751\u5730\u6bb5S355\u7ebf\u65c1',
 'house_name': u'\u4e91\u661f\u94b1\u9686\u516c\u9986',
 'id': '719f5f00-0fb4-11e8-a6aa-382c4a16ce75',
 'monthly_payment': u'6984.36',
 'province': u'\u5e7f\u4e1c\u7701',
 'source': u'\u5b89\u5c45\u5ba2',
 'total_price': u'188',
 'type': u'new',
 'unit_price': u'20000',
 'url': 'https://gz.fang.anjuke.com/loupan/canshu-251775.html'}
2018-02-12 13:20:36 [scrapy.extensions.throttle] INFO: slot: gz.fang.anjuke.com | conc: 1 | delay: 4000 ms (+0) | latency:  389 ms | size: 27508 bytes
2018-02-12 13:20:36 [scrapy.core.engine] DEBUG: Crawled (200) <GET https://gz.fang.anjuke.com/loupan/canshu-240003.html> (referer: https://gz.fang.anjuke.com/loupan/240003.html)
2018-02-12 13:20:36 [scrapy.core.scraper] DEBUG: Scraped from <200 https://gz.fang.anjuke.com/loupan/canshu-240003.html>
{'build_year': u'2013',
 'city': '\xe5\xb9\xbf\xe5\xb7\x9e',
 'county': '\xe4\xbb\x8e\xe5\x8c\x96',
 'crawl_time': 1518412836.491,
 'description': None,
 'down_payment': u'12.3',
 'house_address': u'\u65b0\u5e02\u573a\u4fa7',
 'house_name': u'\u7fe1\u7fe0\u57ce',
 'id': '74eb55b0-0fb4-11e8-ac8f-382c4a16ce75',
 'monthly_payment': u'1523.19',
 'province': u'\u5e7f\u4e1c\u7701',
 'source': u'\u5b89\u5c45\u5ba2',
 'total_price': u'41',
 'type': u'new',
 'unit_price': u'5000',
 'url': 'https://gz.fang.anjuke.com/loupan/canshu-240003.html'}
2018-02-12 13:20:41 [scrapy.extensions.throttle] INFO: slot: gz.fang.anjuke.com | conc: 1 | delay: 4000 ms (+0) | latency:  515 ms | size: 40766 bytes
2018-02-12 13:20:41 [scrapy.core.engine] DEBUG: Crawled (200) <GET https://gz.fang.anjuke.com/loupan/246420.html> (referer: https://gz.fang.anjuke.com/loupan/conghua/p2/)
2018-02-12 13:20:46 [scrapy.extensions.throttle] INFO: slot: gz.fang.anjuke.com | conc: 1 | delay: 4000 ms (+0) | latency:  530 ms | size: 43371 bytes
2018-02-12 13:20:46 [scrapy.core.engine] DEBUG: Crawled (200) <GET https://gz.fang.anjuke.com/loupan/240490.html> (referer: https://gz.fang.anjuke.com/loupan/conghua/p2/)
2018-02-12 13:20:52 [scrapy.extensions.throttle] INFO: slot: gz.fang.anjuke.com | conc: 1 | delay: 4000 ms (+0) | latency:  483 ms | size: 39649 bytes
2018-02-12 13:20:52 [scrapy.core.engine] DEBUG: Crawled (200) <GET https://gz.fang.anjuke.com/loupan/247518.html> (referer: https://gz.fang.anjuke.com/loupan/conghua/p2/)
2018-02-12 13:20:56 [scrapy.extensions.throttle] INFO: slot: gz.fang.anjuke.com | conc: 1 | delay: 4000 ms (+0) | latency:  360 ms | size: 33441 bytes
2018-02-12 13:20:56 [scrapy.core.engine] DEBUG: Crawled (200) <GET https://gz.fang.anjuke.com/loupan/245212.html> (referer: https://gz.fang.anjuke.com/loupan/conghua/p2/)
2018-02-12 13:21:00 [scrapy.extensions.throttle] INFO: slot: gz.fang.anjuke.com | conc: 1 | delay: 4000 ms (+0) | latency:  358 ms | size: 33474 bytes
2018-02-12 13:21:00 [scrapy.core.engine] DEBUG: Crawled (200) <GET https://gz.fang.anjuke.com/loupan/245214.html> (referer: https://gz.fang.anjuke.com/loupan/conghua/p2/)
2018-02-12 13:21:02 [scrapy.extensions.logstats] INFO: Crawled 74 pages (at 12 pages/min), scraped 33 items (at 8 items/min)
2018-02-12 13:21:05 [scrapy.extensions.throttle] INFO: slot: gz.fang.anjuke.com | conc: 1 | delay: 4000 ms (+0) | latency:  468 ms | size: 36434 bytes
2018-02-12 13:21:05 [scrapy.core.engine] DEBUG: Crawled (200) <GET https://gz.fang.anjuke.com/loupan/245477.html> (referer: https://gz.fang.anjuke.com/loupan/conghua/p2/)
2018-02-12 13:21:11 [scrapy.extensions.throttle] INFO: slot: gz.fang.anjuke.com | conc: 1 | delay: 4000 ms (+0) | latency:  468 ms | size: 36532 bytes
2018-02-12 13:21:11 [scrapy.core.engine] DEBUG: Crawled (200) <GET https://gz.fang.anjuke.com/loupan/239270.html> (referer: https://gz.fang.anjuke.com/loupan/conghua/p2/)
2018-02-12 13:21:16 [scrapy.extensions.throttle] INFO: slot: gz.fang.anjuke.com | conc: 1 | delay: 4000 ms (+0) | latency:  391 ms | size: 36944 bytes
2018-02-12 13:21:16 [scrapy.core.engine] DEBUG: Crawled (200) <GET https://gz.fang.anjuke.com/loupan/239284.html> (referer: https://gz.fang.anjuke.com/loupan/conghua/p2/)
2018-02-12 13:21:19 [scrapy.extensions.throttle] INFO: slot: gz.fang.anjuke.com | conc: 1 | delay: 4000 ms (+0) | latency:  421 ms | size: 37949 bytes
2018-02-12 13:21:19 [scrapy.core.engine] DEBUG: Crawled (200) <GET https://gz.fang.anjuke.com/loupan/239141.html> (referer: https://gz.fang.anjuke.com/loupan/conghua/p2/)
2018-02-12 13:21:24 [scrapy.extensions.throttle] INFO: slot: gz.fang.anjuke.com | conc: 1 | delay: 4000 ms (+0) | latency:  421 ms | size: 37969 bytes
2018-02-12 13:21:24 [scrapy.core.engine] DEBUG: Crawled (200) <GET https://gz.fang.anjuke.com/loupan/238877.html> (referer: https://gz.fang.anjuke.com/loupan/conghua/p2/)
2018-02-12 13:21:29 [scrapy.extensions.throttle] INFO: slot: gz.fang.anjuke.com | conc: 1 | delay: 4000 ms (+0) | latency:  469 ms | size: 36317 bytes
2018-02-12 13:21:29 [scrapy.core.engine] DEBUG: Crawled (200) <GET https://gz.fang.anjuke.com/loupan/240932.html> (referer: https://gz.fang.anjuke.com/loupan/conghua/p2/)
2018-02-12 13:21:34 [scrapy.extensions.throttle] INFO: slot: gz.fang.anjuke.com | conc: 1 | delay: 4000 ms (+0) | latency:  687 ms | size: 39674 bytes
2018-02-12 13:21:34 [scrapy.core.engine] DEBUG: Crawled (200) <GET https://gz.fang.anjuke.com/loupan/249829.html> (referer: https://gz.fang.anjuke.com/loupan/conghua/p2/)
2018-02-12 13:21:39 [scrapy.extensions.throttle] INFO: slot: gz.fang.anjuke.com | conc: 1 | delay: 4000 ms (+0) | latency:  452 ms | size: 36395 bytes
2018-02-12 13:21:39 [scrapy.core.engine] DEBUG: Crawled (200) <GET https://gz.fang.anjuke.com/loupan/252543.html> (referer: https://gz.fang.anjuke.com/loupan/conghua/p2/)
2018-02-12 13:21:43 [scrapy.extensions.throttle] INFO: slot: gz.fang.anjuke.com | conc: 1 | delay: 4000 ms (+0) | latency:  483 ms | size: 42097 bytes
2018-02-12 13:21:43 [scrapy.core.engine] DEBUG: Crawled (200) <GET https://gz.fang.anjuke.com/loupan/250510.html> (referer: https://gz.fang.anjuke.com/loupan/conghua/p2/)
2018-02-12 13:21:47 [scrapy.extensions.throttle] INFO: slot: gz.fang.anjuke.com | conc: 1 | delay: 4000 ms (+0) | latency:  422 ms | size: 42744 bytes
2018-02-12 13:21:47 [scrapy.core.engine] DEBUG: Crawled (200) <GET https://gz.fang.anjuke.com/loupan/245210.html> (referer: https://gz.fang.anjuke.com/loupan/conghua/)
2018-02-12 13:21:53 [scrapy.extensions.throttle] INFO: slot: gz.fang.anjuke.com | conc: 1 | delay: 4000 ms (+0) | latency:  593 ms | size: 36677 bytes
2018-02-12 13:21:53 [scrapy.core.engine] DEBUG: Crawled (200) <GET https://gz.fang.anjuke.com/loupan/418397.html> (referer: https://gz.fang.anjuke.com/loupan/conghua/)
2018-02-12 13:21:58 [scrapy.extensions.throttle] INFO: slot: gz.fang.anjuke.com | conc: 1 | delay: 4000 ms (+0) | latency:  391 ms | size: 40536 bytes
2018-02-12 13:21:58 [scrapy.core.engine] DEBUG: Crawled (200) <GET https://gz.fang.anjuke.com/loupan/240372.html> (referer: https://gz.fang.anjuke.com/loupan/conghua/)
2018-02-12 13:22:02 [scrapy.extensions.logstats] INFO: Crawled 86 pages (at 12 pages/min), scraped 33 items (at 0 items/min)
2018-02-12 13:22:03 [scrapy.extensions.throttle] INFO: slot: gz.fang.anjuke.com | conc: 1 | delay: 4000 ms (+0) | latency:  405 ms | size: 27264 bytes
2018-02-12 13:22:03 [scrapy.core.engine] DEBUG: Crawled (200) <GET https://gz.fang.anjuke.com/loupan/canshu-246420.html> (referer: https://gz.fang.anjuke.com/loupan/246420.html)
2018-02-12 13:22:03 [scrapy.core.scraper] DEBUG: Scraped from <200 https://gz.fang.anjuke.com/loupan/canshu-246420.html>
{'build_year': u'2016',
 'city': '\xe5\xb9\xbf\xe5\xb7\x9e',
 'county': '\xe4\xbb\x8e\xe5\x8c\x96',
 'crawl_time': 1518412923.774,
 'description': None,
 'down_payment': u'22.8',
 'house_address': u'\u6cb3\u4e1c\u6cbf\u6c5f\u5357\u8def66\u53f7',
 'house_name': u'\u5976\u8336\u5496\u5561',
 'id': 'a8f1a9de-0fb4-11e8-8d5c-382c4a16ce75',
 'monthly_payment': u'2823.47',
 'province': u'\u5e7f\u4e1c\u7701',
 'source': u'\u5b89\u5c45\u5ba2',
 'total_price': u'76',
 'type': u'new',
 'unit_price': u'9300',
 'url': 'https://gz.fang.anjuke.com/loupan/canshu-246420.html'}
2018-02-12 13:22:09 [scrapy.extensions.throttle] INFO: slot: gz.fang.anjuke.com | conc: 1 | delay: 4000 ms (+0) | latency:  312 ms | size: 27406 bytes
2018-02-12 13:22:09 [scrapy.core.engine] DEBUG: Crawled (200) <GET https://gz.fang.anjuke.com/loupan/canshu-240490.html> (referer: https://gz.fang.anjuke.com/loupan/240490.html)
2018-02-12 13:22:09 [scrapy.core.scraper] DEBUG: Scraped from <200 https://gz.fang.anjuke.com/loupan/canshu-240490.html>
{'build_year': u'2012',
 'city': '\xe5\xb9\xbf\xe5\xb7\x9e',
 'county': '\xe4\xbb\x8e\xe5\x8c\x96',
 'crawl_time': 1518412929.133,
 'description': None,
 'down_payment': u'58.8',
 'house_address': u'105\u56fd\u9053\u65c1\uff08\u534e\u8f6f\u5b66\u9662\u5bf9\u9762\uff09',
 'house_name': u'\u534e\u6807\u8354\u82d1',
 'id': 'ac2361cf-0fb4-11e8-99fd-382c4a16ce75',
 'monthly_payment': u'7281.57',
 'province': u'\u5e7f\u4e1c\u7701',
 'source': u'\u5b89\u5c45\u5ba2',
 'total_price': u'196',
 'type': u'new',
 'unit_price': u'8400',
 'url': 'https://gz.fang.anjuke.com/loupan/canshu-240490.html'}
2018-02-12 13:22:14 [scrapy.extensions.throttle] INFO: slot: gz.fang.anjuke.com | conc: 1 | delay: 4000 ms (+0) | latency:  421 ms | size: 27724 bytes
2018-02-12 13:22:14 [scrapy.core.engine] DEBUG: Crawled (200) <GET https://gz.fang.anjuke.com/loupan/canshu-247518.html> (referer: https://gz.fang.anjuke.com/loupan/247518.html)
2018-02-12 13:22:14 [scrapy.core.scraper] DEBUG: Scraped from <200 https://gz.fang.anjuke.com/loupan/canshu-247518.html>
{'build_year': u'2018',
 'city': '\xe5\xb9\xbf\xe5\xb7\x9e',
 'county': '\xe4\xbb\x8e\xe5\x8c\x96',
 'crawl_time': 1518412934.539,
 'description': None,
 'down_payment': None,
 'house_address': u'105\u56fd\u9053\u6c99\u8d1d\u6751\u5730\u6bb5\uff08\u9038\u6cc9\u5c71\u5e84\u5317\u9762\uff09',
 'house_name': u'\u96c5\u5c45\u4e50\u5c0f\u9662\u6d41\u6eaa',
 'id': 'af5c45b0-0fb4-11e8-9acc-382c4a16ce75',
 'monthly_payment': None,
 'province': u'\u5e7f\u4e1c\u7701',
 'source': u'\u5b89\u5c45\u5ba2',
 'total_price': None,
 'type': u'new',
 'unit_price': None,
 'url': 'https://gz.fang.anjuke.com/loupan/canshu-247518.html'}
2018-02-12 13:22:20 [scrapy.extensions.throttle] INFO: slot: gz.fang.anjuke.com | conc: 1 | delay: 4000 ms (+0) | latency:  342 ms | size: 26473 bytes
2018-02-12 13:22:20 [scrapy.core.engine] DEBUG: Crawled (200) <GET https://gz.fang.anjuke.com/loupan/canshu-245212.html> (referer: https://gz.fang.anjuke.com/loupan/245212.html)
2018-02-12 13:22:20 [scrapy.core.scraper] DEBUG: Scraped from <200 https://gz.fang.anjuke.com/loupan/canshu-245212.html>
{'build_year': None,
 'city': '\xe5\xb9\xbf\xe5\xb7\x9e',
 'county': '\xe4\xbb\x8e\xe5\x8c\x96',
 'crawl_time': 1518412940.243,
 'description': None,
 'down_payment': None,
 'house_address': u'\u4eac\u73e0\u9ad8\u901f\u9ccc\u5934\u51fa\u53e3\uff0c\u65d7\u6746\u5729S355\u7701\u9053\u4e24\u65c1',
 'house_name': u'\u5b8f\u6da6\u7ff0\u6797\u82d1',
 'id': 'b2c2a230-0fb4-11e8-b951-382c4a16ce75',
 'monthly_payment': None,
 'province': u'\u5e7f\u4e1c\u7701',
 'source': u'\u5b89\u5c45\u5ba2',
 'total_price': None,
 'type': u'new',
 'unit_price': None,
 'url': 'https://gz.fang.anjuke.com/loupan/canshu-245212.html'}
2018-02-12 13:22:23 [scrapy.extensions.throttle] INFO: slot: gz.fang.anjuke.com | conc: 1 | delay: 4000 ms (+0) | latency:  358 ms | size: 26583 bytes
2018-02-12 13:22:23 [scrapy.core.engine] DEBUG: Crawled (200) <GET https://gz.fang.anjuke.com/loupan/canshu-245214.html> (referer: https://gz.fang.anjuke.com/loupan/245214.html)
2018-02-12 13:22:24 [scrapy.core.scraper] DEBUG: Scraped from <200 https://gz.fang.anjuke.com/loupan/canshu-245214.html>
{'build_year': u'2012',
 'city': '\xe5\xb9\xbf\xe5\xb7\x9e',
 'county': '\xe4\xbb\x8e\xe5\x8c\x96',
 'crawl_time': 1518412943.961,
 'description': None,
 'down_payment': None,
 'house_address': u'\u6cbf\u6c5f\u5357\u8def\u4ee5\u4e1c\uff0c\u96c5\u5c45\u4e50\u6ee8\u6c5f\u82b1\u56ed\u4ee5\u897f\uff0c\u4ee5\u5317\u53ca\u4ee5\u5357',
 'house_name': u'\u590f\u65e5\u5357\u6e7e',
 'id': 'b4f9f48f-0fb4-11e8-b82d-382c4a16ce75',
 'monthly_payment': None,
 'province': u'\u5e7f\u4e1c\u7701',
 'source': u'\u5b89\u5c45\u5ba2',
 'total_price': None,
 'type': u'new',
 'unit_price': u'8750',
 'url': 'https://gz.fang.anjuke.com/loupan/canshu-245214.html'}
2018-02-12 13:22:29 [scrapy.extensions.throttle] INFO: slot: gz.fang.anjuke.com | conc: 1 | delay: 4000 ms (+0) | latency:  594 ms | size: 26542 bytes
2018-02-12 13:22:29 [scrapy.core.engine] DEBUG: Crawled (200) <GET https://gz.fang.anjuke.com/loupan/canshu-245477.html> (referer: https://gz.fang.anjuke.com/loupan/245477.html)
2018-02-12 13:22:29 [scrapy.core.scraper] DEBUG: Scraped from <200 https://gz.fang.anjuke.com/loupan/canshu-245477.html>
{'build_year': u'2013',
 'city': '\xe5\xb9\xbf\xe5\xb7\x9e',
 'county': '\xe4\xbb\x8e\xe5\x8c\x96',
 'crawl_time': 1518412949.336,
 'description': None,
 'down_payment': None,
 'house_address': u'\u5411\u9633\u5927\u9053',
 'house_name': u'\u667a\u5bcc\u534e\u8f69',
 'id': 'b82e1d80-0fb4-11e8-a9c6-382c4a16ce75',
 'monthly_payment': None,
 'province': u'\u5e7f\u4e1c\u7701',
 'source': u'\u5b89\u5c45\u5ba2',
 'total_price': None,
 'type': u'new',
 'unit_price': u'10952',
 'url': 'https://gz.fang.anjuke.com/loupan/canshu-245477.html'}
2018-02-12 13:22:34 [scrapy.extensions.throttle] INFO: slot: gz.fang.anjuke.com | conc: 1 | delay: 4000 ms (+0) | latency:  297 ms | size: 26607 bytes
2018-02-12 13:22:34 [scrapy.core.engine] DEBUG: Crawled (200) <GET https://gz.fang.anjuke.com/loupan/canshu-239270.html> (referer: https://gz.fang.anjuke.com/loupan/239270.html)
2018-02-12 13:22:34 [scrapy.core.scraper] DEBUG: Scraped from <200 https://gz.fang.anjuke.com/loupan/canshu-239270.html>
{'build_year': u'2012',
 'city': '\xe5\xb9\xbf\xe5\xb7\x9e',
 'county': '\xe4\xbb\x8e\xe5\x8c\x96',
 'crawl_time': 1518412954.368,
 'description': None,
 'down_payment': None,
 'house_address': u'\u7ea2\u8354\u4e00\u8def9\u53f7',
 'house_name': u'\u4e30\u666f\u9601',
 'id': 'bb2df000-0fb4-11e8-ba54-382c4a16ce75',
 'monthly_payment': None,
 'province': u'\u5e7f\u4e1c\u7701',
 'source': u'\u5b89\u5c45\u5ba2',
 'total_price': None,
 'type': u'new',
 'unit_price': u'7669',
 'url': 'https://gz.fang.anjuke.com/loupan/canshu-239270.html'}
2018-02-12 13:22:40 [scrapy.extensions.throttle] INFO: slot: gz.fang.anjuke.com | conc: 1 | delay: 4000 ms (+0) | latency:  593 ms | size: 26603 bytes
2018-02-12 13:22:40 [scrapy.core.engine] DEBUG: Crawled (200) <GET https://gz.fang.anjuke.com/loupan/canshu-239284.html> (referer: https://gz.fang.anjuke.com/loupan/239284.html)
2018-02-12 13:22:40 [scrapy.core.scraper] DEBUG: Scraped from <200 https://gz.fang.anjuke.com/loupan/canshu-239284.html>
{'build_year': u'2012',
 'city': '\xe5\xb9\xbf\xe5\xb7\x9e',
 'county': '\xe4\xbb\x8e\xe5\x8c\x96',
 'crawl_time': 1518412960.337,
 'description': None,
 'down_payment': None,
 'house_address': u'\u65fa\u57ce\u5f00\u53d1\u533a\u5357\u533a',
 'house_name': u'\u5fb7\u6021\u82b1\u82d1',
 'id': 'bebcbc0f-0fb4-11e8-8dd4-382c4a16ce75',
 'monthly_payment': None,
 'province': u'\u5e7f\u4e1c\u7701',
 'source': u'\u5b89\u5c45\u5ba2',
 'total_price': None,
 'type': u'new',
 'unit_price': u'8250',
 'url': 'https://gz.fang.anjuke.com/loupan/canshu-239284.html'}
2018-02-12 13:22:44 [scrapy.extensions.throttle] INFO: slot: gz.fang.anjuke.com | conc: 1 | delay: 4000 ms (+0) | latency:  500 ms | size: 26987 bytes
2018-02-12 13:22:45 [scrapy.core.engine] DEBUG: Crawled (200) <GET https://gz.fang.anjuke.com/loupan/canshu-239141.html> (referer: https://gz.fang.anjuke.com/loupan/239141.html)
2018-02-12 13:22:45 [scrapy.core.scraper] DEBUG: Scraped from <200 https://gz.fang.anjuke.com/loupan/canshu-239141.html>
{'build_year': u'2013',
 'city': '\xe5\xb9\xbf\xe5\xb7\x9e',
 'county': '\xe4\xbb\x8e\xe5\x8c\x96',
 'crawl_time': 1518412965.118,
 'description': None,
 'down_payment': None,
 'house_address': u'\u57ce\u5cf0\u8def\u516c\u5b89\u5c40\u5927\u697c\u4fa7',
 'house_name': u'\u67cf\u4ed1\u96cd\u79be\u82d1',
 'id': 'c19641e1-0fb4-11e8-8d7b-382c4a16ce75',
 'monthly_payment': None,
 'province': u'\u5e7f\u4e1c\u7701',
 'source': u'\u5b89\u5c45\u5ba2',
 'total_price': None,
 'type': u'new',
 'unit_price': u'10000',
 'url': 'https://gz.fang.anjuke.com/loupan/canshu-239141.html'}
2018-02-12 13:22:48 [scrapy.extensions.throttle] INFO: slot: gz.fang.anjuke.com | conc: 1 | delay: 4000 ms (+0) | latency:  375 ms | size: 27128 bytes
2018-02-12 13:22:48 [scrapy.core.engine] DEBUG: Crawled (200) <GET https://gz.fang.anjuke.com/loupan/canshu-238877.html> (referer: https://gz.fang.anjuke.com/loupan/238877.html)
2018-02-12 13:22:48 [scrapy.core.scraper] DEBUG: Scraped from <200 https://gz.fang.anjuke.com/loupan/canshu-238877.html>
{'build_year': u'2014',
 'city': '\xe5\xb9\xbf\xe5\xb7\x9e',
 'county': '\xe4\xbb\x8e\xe5\x8c\x96',
 'crawl_time': 1518412968.805,
 'description': None,
 'down_payment': None,
 'house_address': u'\u660e\u6708\u5c71\u6eaa\u5927\u9053',
 'house_name': u'\u65b9\u5706\u660e\u6708\u5c71\u6eaa',
 'id': 'c3c8d951-0fb4-11e8-a6b2-382c4a16ce75',
 'monthly_payment': None,
 'province': u'\u5e7f\u4e1c\u7701',
 'source': u'\u5b89\u5c45\u5ba2',
 'total_price': None,
 'type': u'new',
 'unit_price': u'6842',
 'url': 'https://gz.fang.anjuke.com/loupan/canshu-238877.html'}
2018-02-12 13:22:54 [scrapy.extensions.throttle] INFO: slot: gz.fang.anjuke.com | conc: 1 | delay: 4000 ms (+0) | latency:  375 ms | size: 27326 bytes
2018-02-12 13:22:54 [scrapy.core.engine] DEBUG: Crawled (200) <GET https://gz.fang.anjuke.com/loupan/canshu-240932.html> (referer: https://gz.fang.anjuke.com/loupan/240932.html)
2018-02-12 13:22:54 [scrapy.core.scraper] DEBUG: Scraped from <200 https://gz.fang.anjuke.com/loupan/canshu-240932.html>
{'build_year': u'2014',
 'city': '\xe5\xb9\xbf\xe5\xb7\x9e',
 'county': '\xe4\xbb\x8e\xe5\x8c\x96',
 'crawl_time': 1518412974.79,
 'description': None,
 'down_payment': None,
 'house_address': u'\u65b0\u57ce\u4e2d\u8def86\u53f7',
 'house_name': u'\u65b0\u65f6\u4ee3\u5bb6\u56ed',
 'id': 'c75a165e-0fb4-11e8-ad68-382c4a16ce75',
 'monthly_payment': None,
 'province': u'\u5e7f\u4e1c\u7701',
 'source': u'\u5b89\u5c45\u5ba2',
 'total_price': None,
 'type': u'new',
 'unit_price': None,
 'url': 'https://gz.fang.anjuke.com/loupan/canshu-240932.html'}
2018-02-12 13:22:57 [scrapy.extensions.throttle] INFO: slot: gz.fang.anjuke.com | conc: 1 | delay: 4000 ms (+0) | latency:  407 ms | size: 27207 bytes
2018-02-12 13:22:57 [scrapy.core.engine] DEBUG: Crawled (200) <GET https://gz.fang.anjuke.com/loupan/canshu-249829.html> (referer: https://gz.fang.anjuke.com/loupan/249829.html)
2018-02-12 13:22:57 [scrapy.core.scraper] DEBUG: Scraped from <200 https://gz.fang.anjuke.com/loupan/canshu-249829.html>
{'build_year': u'2018',
 'city': '\xe5\xb9\xbf\xe5\xb7\x9e',
 'county': '\xe4\xbb\x8e\xe5\x8c\x96',
 'crawl_time': 1518412977.852,
 'description': None,
 'down_payment': None,
 'house_address': u'\u73af\u5e02\u4e1c\u8def223\u53f7\uff08\u51ef\u65cb\u5047\u65e5\u9152\u5e97\u5bf9\u9762\uff09',
 'house_name': u'\u9752\u6625',
 'id': 'c92d4fc0-0fb4-11e8-a2fb-382c4a16ce75',
 'monthly_payment': None,
 'province': u'\u5e7f\u4e1c\u7701',
 'source': u'\u5b89\u5c45\u5ba2',
 'total_price': None,
 'type': u'new',
 'unit_price': None,
 'url': 'https://gz.fang.anjuke.com/loupan/canshu-249829.html'}
2018-02-12 13:23:02 [scrapy.extensions.logstats] INFO: Crawled 98 pages (at 12 pages/min), scraped 45 items (at 12 items/min)
2018-02-12 13:23:03 [scrapy.extensions.throttle] INFO: slot: gz.fang.anjuke.com | conc: 1 | delay: 4000 ms (+0) | latency:  485 ms | size: 27904 bytes
2018-02-12 13:23:03 [scrapy.core.engine] DEBUG: Crawled (200) <GET https://gz.fang.anjuke.com/loupan/canshu-252543.html> (referer: https://gz.fang.anjuke.com/loupan/252543.html)
2018-02-12 13:23:03 [scrapy.core.scraper] DEBUG: Scraped from <200 https://gz.fang.anjuke.com/loupan/canshu-252543.html>
{'build_year': u'2018',
 'city': '\xe5\xb9\xbf\xe5\xb7\x9e',
 'county': '\xe4\xbb\x8e\xe5\x8c\x96',
 'crawl_time': 1518412983.931,
 'description': None,
 'down_payment': None,
 'house_address': u'\u5858\u5708\u8def60\u53f7',
 'house_name': u'\u5c0f\u57ce\u5927\u9662',
 'id': 'cccce4b0-0fb4-11e8-8322-382c4a16ce75',
 'monthly_payment': None,
 'province': u'\u5e7f\u4e1c\u7701',
 'source': u'\u5b89\u5c45\u5ba2',
 'total_price': None,
 'type': u'new',
 'unit_price': None,
 'url': 'https://gz.fang.anjuke.com/loupan/canshu-252543.html'}
2018-02-12 13:23:09 [scrapy.extensions.throttle] INFO: slot: gz.fang.anjuke.com | conc: 1 | delay: 4000 ms (+0) | latency:  344 ms | size: 30443 bytes
2018-02-12 13:23:09 [scrapy.core.engine] DEBUG: Crawled (200) <GET https://gz.fang.anjuke.com/loupan/canshu-250510.html> (referer: https://gz.fang.anjuke.com/loupan/250510.html)
2018-02-12 13:23:09 [scrapy.core.scraper] DEBUG: Scraped from <200 https://gz.fang.anjuke.com/loupan/canshu-250510.html>
{'build_year': u'2018',
 'city': '\xe5\xb9\xbf\xe5\xb7\x9e',
 'county': '\xe4\xbb\x8e\xe5\x8c\x96',
 'crawl_time': 1518412989.431,
 'description': None,
 'down_payment': u'39.9',
 'house_address': u'\u51b2\u53e3\u8def91\u53f7',
 'house_name': u'\u5fa1\u6cc9\u6e7e',
 'id': 'd0142070-0fb4-11e8-9ef9-382c4a16ce75',
 'monthly_payment': u'4941.07',
 'province': u'\u5e7f\u4e1c\u7701',
 'source': u'\u5b89\u5c45\u5ba2',
 'total_price': u'133',
 'type': u'new',
 'unit_price': u'10500',
 'url': 'https://gz.fang.anjuke.com/loupan/canshu-250510.html'}
2018-02-12 13:23:15 [scrapy.extensions.throttle] INFO: slot: gz.fang.anjuke.com | conc: 1 | delay: 4000 ms (+0) | latency:  641 ms | size: 30357 bytes
2018-02-12 13:23:15 [scrapy.core.engine] DEBUG: Crawled (200) <GET https://gz.fang.anjuke.com/loupan/canshu-245210.html> (referer: https://gz.fang.anjuke.com/loupan/245210.html)
2018-02-12 13:23:15 [scrapy.core.scraper] DEBUG: Scraped from <200 https://gz.fang.anjuke.com/loupan/canshu-245210.html>
{'build_year': u'2018',
 'city': '\xe5\xb9\xbf\xe5\xb7\x9e',
 'county': '\xe4\xbb\x8e\xe5\x8c\x96',
 'crawl_time': 1518412995.306,
 'description': None,
 'down_payment': u'43.2',
 'house_address': u'105\u56fd\u9053\u4e5d\u91cc\u6b65\u679c\u573a\u6bb5',
 'house_name': u'\u73e0\u5149\u5fa1\u666f\u5c71\u6c34\u57ce',
 'id': 'd394949e-0fb4-11e8-b7c4-382c4a16ce75',
 'monthly_payment': u'5349.73',
 'province': u'\u5e7f\u4e1c\u7701',
 'source': u'\u5b89\u5c45\u5ba2',
 'total_price': u'144',
 'type': u'new',
 'unit_price': u'16000',
 'url': 'https://gz.fang.anjuke.com/loupan/canshu-245210.html'}
2018-02-12 13:23:18 [scrapy.extensions.throttle] INFO: slot: gz.fang.anjuke.com | conc: 1 | delay: 4000 ms (+0) | latency:  375 ms | size: 28873 bytes
2018-02-12 13:23:18 [scrapy.core.engine] DEBUG: Crawled (200) <GET https://gz.fang.anjuke.com/loupan/canshu-418397.html> (referer: https://gz.fang.anjuke.com/loupan/418397.html)
2018-02-12 13:23:18 [scrapy.core.scraper] DEBUG: Scraped from <200 https://gz.fang.anjuke.com/loupan/canshu-418397.html>
{'build_year': u'2019',
 'city': '\xe5\xb9\xbf\xe5\xb7\x9e',
 'county': '\xe4\xbb\x8e\xe5\x8c\x96',
 'crawl_time': 1518412998.196,
 'description': None,
 'down_payment': None,
 'house_address': u'\u73af\u5e02\u4e1c\u8def188\u53f7\u5170\u99a8\u82b1\u56ed',
 'house_name': u'\u65f6\u4ee3\u5e78\u6c47',
 'id': 'd54d8f40-0fb4-11e8-af64-382c4a16ce75',
 'monthly_payment': None,
 'province': u'\u5e7f\u4e1c\u7701',
 'source': u'\u5b89\u5c45\u5ba2',
 'total_price': None,
 'type': u'new',
 'unit_price': None,
 'url': 'https://gz.fang.anjuke.com/loupan/canshu-418397.html'}
2018-02-12 13:23:23 [scrapy.extensions.throttle] INFO: slot: gz.fang.anjuke.com | conc: 1 | delay: 4000 ms (+0) | latency:  500 ms | size: 30530 bytes
2018-02-12 13:23:23 [scrapy.core.engine] DEBUG: Crawled (200) <GET https://gz.fang.anjuke.com/loupan/canshu-240372.html> (referer: https://gz.fang.anjuke.com/loupan/240372.html)
2018-02-12 13:23:23 [scrapy.core.scraper] DEBUG: Scraped from <200 https://gz.fang.anjuke.com/loupan/canshu-240372.html>
{'build_year': u'2021',
 'city': '\xe5\xb9\xbf\xe5\xb7\x9e',
 'county': '\xe4\xbb\x8e\xe5\x8c\x96',
 'crawl_time': 1518413003.431,
 'description': None,
 'down_payment': u'56.1',
 'house_address': u'\u6cb3\u4e1c\u5357\u8def388\u53f7',
 'house_name': u'\u540d\u57ce\u5fa1\u666f\u7eff\u6d32',
 'id': 'd86c5b70-0fb4-11e8-8fe2-382c4a16ce75',
 'monthly_payment': u'6947.21',
 'province': u'\u5e7f\u4e1c\u7701',
 'source': u'\u5b89\u5c45\u5ba2',
 'total_price': u'187',
 'type': u'new',
 'unit_price': u'18000',
 'url': 'https://gz.fang.anjuke.com/loupan/canshu-240372.html'}
2018-02-12 13:23:35 [scrapy.extensions.throttle] INFO: slot: gz.fang.anjuke.com | conc: 1 | delay: 4030 ms (+30) | latency: 4030 ms | size: 40795 bytes
2018-02-12 13:23:35 [scrapy.core.engine] DEBUG: Crawled (200) <GET https://gz.fang.anjuke.com/loupan/411856.html> (referer: https://gz.fang.anjuke.com/loupan/conghua/)
2018-02-12 13:23:35 [scrapy.extensions.throttle] INFO: slot: gz.fang.anjuke.com | conc: 1 | delay: 4000 ms (-30) | latency:  515 ms | size: 35713 bytes
2018-02-12 13:23:35 [scrapy.core.engine] DEBUG: Crawled (200) <GET https://gz.fang.anjuke.com/loupan/412879.html> (referer: https://gz.fang.anjuke.com/loupan/conghua/)
2018-02-12 13:23:40 [scrapy.extensions.throttle] INFO: slot: gz.fang.anjuke.com | conc: 1 | delay: 4000 ms (+0) | latency:  468 ms | size: 40492 bytes
2018-02-12 13:23:40 [scrapy.core.engine] DEBUG: Crawled (200) <GET https://gz.fang.anjuke.com/loupan/240296.html> (referer: https://gz.fang.anjuke.com/loupan/conghua/)
2018-02-12 13:23:46 [scrapy.extensions.throttle] INFO: slot: gz.fang.anjuke.com | conc: 1 | delay: 4000 ms (+0) | latency:  421 ms | size: 37302 bytes
2018-02-12 13:23:46 [scrapy.core.engine] DEBUG: Crawled (200) <GET https://gz.fang.anjuke.com/loupan/239145.html> (referer: https://gz.fang.anjuke.com/loupan/conghua/)
2018-02-12 13:23:52 [scrapy.extensions.throttle] INFO: slot: gz.fang.anjuke.com | conc: 1 | delay: 4000 ms (+0) | latency: 1125 ms | size: 37099 bytes
2018-02-12 13:23:52 [scrapy.core.engine] DEBUG: Crawled (200) <GET https://gz.fang.anjuke.com/loupan/239434.html> (referer: https://gz.fang.anjuke.com/loupan/conghua/)
2018-02-12 13:23:57 [scrapy.extensions.throttle] INFO: slot: gz.fang.anjuke.com | conc: 1 | delay: 4000 ms (+0) | latency:  453 ms | size: 37987 bytes
2018-02-12 13:23:57 [scrapy.core.engine] DEBUG: Crawled (200) <GET https://gz.fang.anjuke.com/loupan/245213.html> (referer: https://gz.fang.anjuke.com/loupan/conghua/)
2018-02-12 13:24:02 [scrapy.extensions.logstats] INFO: Crawled 109 pages (at 11 pages/min), scraped 50 items (at 5 items/min)
2018-02-12 13:24:03 [scrapy.extensions.throttle] INFO: slot: gz.fang.anjuke.com | conc: 1 | delay: 4000 ms (+0) | latency:  578 ms | size: 41208 bytes
2018-02-12 13:24:03 [scrapy.core.engine] DEBUG: Crawled (200) <GET https://gz.fang.anjuke.com/loupan/253132.html> (referer: https://gz.fang.anjuke.com/loupan/conghua/)
2018-02-12 13:24:08 [scrapy.extensions.throttle] INFO: slot: gz.fang.anjuke.com | conc: 1 | delay: 4000 ms (+0) | latency:  437 ms | size: 43674 bytes
2018-02-12 13:24:08 [scrapy.core.engine] DEBUG: Crawled (200) <GET https://gz.fang.anjuke.com/loupan/252492.html> (referer: https://gz.fang.anjuke.com/loupan/conghua/)
2018-02-12 13:24:14 [scrapy.extensions.throttle] INFO: slot: gz.fang.anjuke.com | conc: 1 | delay: 4000 ms (+0) | latency:  421 ms | size: 40644 bytes
2018-02-12 13:24:14 [scrapy.core.engine] DEBUG: Crawled (200) <GET https://gz.fang.anjuke.com/loupan/411759.html> (referer: https://gz.fang.anjuke.com/loupan/conghua/)
2018-02-12 13:24:19 [scrapy.extensions.throttle] INFO: slot: gz.fang.anjuke.com | conc: 1 | delay: 4000 ms (+0) | latency:  453 ms | size: 48363 bytes
2018-02-12 13:24:19 [scrapy.core.engine] DEBUG: Crawled (200) <GET https://gz.fang.anjuke.com/loupan/238934.html> (referer: https://gz.fang.anjuke.com/loupan/conghua/)
2018-02-12 13:24:24 [scrapy.extensions.throttle] INFO: slot: gz.fang.anjuke.com | conc: 1 | delay: 4000 ms (+0) | latency: 1219 ms | size: 45517 bytes
2018-02-12 13:24:24 [scrapy.core.engine] DEBUG: Crawled (200) <GET https://gz.fang.anjuke.com/loupan/389673.html> (referer: https://gz.fang.anjuke.com/loupan/conghua/)
2018-02-12 13:24:28 [scrapy.extensions.throttle] INFO: slot: gz.fang.anjuke.com | conc: 1 | delay: 4000 ms (+0) | latency:  391 ms | size: 29678 bytes
2018-02-12 13:24:28 [scrapy.core.engine] DEBUG: Crawled (200) <GET https://gz.fang.anjuke.com/loupan/canshu-411856.html> (referer: https://gz.fang.anjuke.com/loupan/411856.html)
2018-02-12 13:24:29 [scrapy.core.scraper] DEBUG: Scraped from <200 https://gz.fang.anjuke.com/loupan/canshu-411856.html>
{'build_year': None,
 'city': '\xe5\xb9\xbf\xe5\xb7\x9e',
 'county': '\xe4\xbb\x8e\xe5\x8c\x96',
 'crawl_time': 1518413069.041,
 'description': None,
 'down_payment': u'22.5',
 'house_address': u'\u6e29\u6cc9\u9547\u6843\u82b1\u6e90\u8def',
 'house_name': u'\u4fdd\u5229\u6843\u82b1\u6e90',
 'id': 'ff87a60f-0fb4-11e8-bb22-382c4a16ce75',
 'monthly_payment': u'4458.1',
 'province': u'\u5e7f\u4e1c\u7701',
 'source': u'\u5b89\u5c45\u5ba2',
 'total_price': u'120',
 'type': u'new',
 'unit_price': u'12244',
 'url': 'https://gz.fang.anjuke.com/loupan/canshu-411856.html'}
2018-02-12 13:24:34 [scrapy.extensions.throttle] INFO: slot: gz.fang.anjuke.com | conc: 1 | delay: 4000 ms (+0) | latency:  483 ms | size: 29694 bytes
2018-02-12 13:24:34 [scrapy.core.engine] DEBUG: Crawled (200) <GET https://gz.fang.anjuke.com/loupan/canshu-412879.html> (referer: https://gz.fang.anjuke.com/loupan/412879.html)
2018-02-12 13:24:34 [scrapy.core.scraper] DEBUG: Scraped from <200 https://gz.fang.anjuke.com/loupan/canshu-412879.html>
{'build_year': u'2016',
 'city': '\xe5\xb9\xbf\xe5\xb7\x9e',
 'county': '\xe4\xbb\x8e\xe5\x8c\x96',
 'crawl_time': 1518413074.916,
 'description': None,
 'down_payment': None,
 'house_address': u'\u57ce\u9ccc\u5927\u9053\u4e1c\u5cad\u5357\u5927\u8857',
 'house_name': u'\u4e07\u5174\u6e2f\u6e7e\u5199\u5b57\u697c',
 'id': '03081a40-0fb5-11e8-adb1-382c4a16ce75',
 'monthly_payment': None,
 'province': u'\u5e7f\u4e1c\u7701',
 'source': u'\u5b89\u5c45\u5ba2',
 'total_price': u'39',
 'type': u'new',
 'unit_price': u'12800',
 'url': 'https://gz.fang.anjuke.com/loupan/canshu-412879.html'}
2018-02-12 13:24:39 [scrapy.extensions.throttle] INFO: slot: gz.fang.anjuke.com | conc: 1 | delay: 4000 ms (+0) | latency:  358 ms | size: 30580 bytes
2018-02-12 13:24:39 [scrapy.core.engine] DEBUG: Crawled (200) <GET https://gz.fang.anjuke.com/loupan/canshu-240296.html> (referer: https://gz.fang.anjuke.com/loupan/240296.html)
2018-02-12 13:24:39 [scrapy.core.scraper] DEBUG: Scraped from <200 https://gz.fang.anjuke.com/loupan/canshu-240296.html>
{'build_year': u'2018',
 'city': '\xe5\xb9\xbf\xe5\xb7\x9e',
 'county': '\xe4\xbb\x8e\xe5\x8c\x96',
 'crawl_time': 1518413079.822,
 'description': None,
 'down_payment': u'15.6',
 'house_address': u'\u5eb7\u4e50\u897f\u8def',
 'house_name': u'\u7d2b\u6cc9\u6d41\u6eaa\u6e7e',
 'id': '05f4b2e1-0fb5-11e8-a031-382c4a16ce75',
 'monthly_payment': u'1931.85',
 'province': u'\u5e7f\u4e1c\u7701',
 'source': u'\u5b89\u5c45\u5ba2',
 'total_price': u'52',
 'type': u'new',
 'unit_price': u'13000',
 'url': 'https://gz.fang.anjuke.com/loupan/canshu-240296.html'}
2018-02-12 13:24:44 [scrapy.extensions.throttle] INFO: slot: gz.fang.anjuke.com | conc: 1 | delay: 4000 ms (+0) | latency:  391 ms | size: 29904 bytes
2018-02-12 13:24:44 [scrapy.core.engine] DEBUG: Crawled (200) <GET https://gz.fang.anjuke.com/loupan/canshu-239145.html> (referer: https://gz.fang.anjuke.com/loupan/239145.html)
2018-02-12 13:24:44 [scrapy.core.scraper] DEBUG: Scraped from <200 https://gz.fang.anjuke.com/loupan/canshu-239145.html>
{'build_year': u'2018',
 'city': '\xe5\xb9\xbf\xe5\xb7\x9e',
 'county': '\xe4\xbb\x8e\xe5\x8c\x96',
 'crawl_time': 1518413084.869,
 'description': None,
 'down_payment': None,
 'house_address': u'\u6e29\u6cc9\u897f\u8def8\u53f7',
 'house_name': u'\u78a7\u6842\u56ed\u671b\u8c37\u5408\u9662',
 'id': '08f6cf4f-0fb5-11e8-976e-382c4a16ce75',
 'monthly_payment': None,
 'province': u'\u5e7f\u4e1c\u7701',
 'source': u'\u5b89\u5c45\u5ba2',
 'total_price': None,
 'type': u'new',
 'unit_price': None,
 'url': 'https://gz.fang.anjuke.com/loupan/canshu-239145.html'}
2018-02-12 13:24:49 [scrapy.extensions.throttle] INFO: slot: gz.fang.anjuke.com | conc: 1 | delay: 4000 ms (+0) | latency:  515 ms | size: 29957 bytes
2018-02-12 13:24:49 [scrapy.core.engine] DEBUG: Crawled (200) <GET https://gz.fang.anjuke.com/loupan/canshu-239434.html> (referer: https://gz.fang.anjuke.com/loupan/239434.html)
2018-02-12 13:24:49 [scrapy.core.scraper] DEBUG: Scraped from <200 https://gz.fang.anjuke.com/loupan/canshu-239434.html>
{'build_year': u'2019',
 'city': '\xe5\xb9\xbf\xe5\xb7\x9e',
 'county': '\xe4\xbb\x8e\xe5\x8c\x96',
 'crawl_time': 1518413089.885,
 'description': None,
 'down_payment': None,
 'house_address': u'\u4ece\u57ce\u5927\u905333\u53f7',
 'house_name': u'\u83b1\u8335\u6c34\u5cb8',
 'id': '0bf430cf-0fb5-11e8-83e2-382c4a16ce75',
 'monthly_payment': None,
 'province': u'\u5e7f\u4e1c\u7701',
 'source': u'\u5b89\u5c45\u5ba2',
 'total_price': None,
 'type': u'new',
 'unit_price': None,
 'url': 'https://gz.fang.anjuke.com/loupan/canshu-239434.html'}
2018-02-12 13:24:54 [scrapy.extensions.throttle] INFO: slot: gz.fang.anjuke.com | conc: 1 | delay: 4000 ms (+0) | latency:  358 ms | size: 30109 bytes
2018-02-12 13:24:54 [scrapy.core.engine] DEBUG: Crawled (200) <GET https://gz.fang.anjuke.com/loupan/canshu-245213.html> (referer: https://gz.fang.anjuke.com/loupan/245213.html)
2018-02-12 13:24:54 [scrapy.core.scraper] DEBUG: Scraped from <200 https://gz.fang.anjuke.com/loupan/canshu-245213.html>
{'build_year': u'2018',
 'city': '\xe5\xb9\xbf\xe5\xb7\x9e',
 'county': '\xe4\xbb\x8e\xe5\x8c\x96',
 'crawl_time': 1518413094.557,
 'description': None,
 'down_payment': None,
 'house_address': u'\u73af\u5e02\u4e1c\u8def\uff08G105\uff09453\u53f7\u6d77\u9038\u534a\u5c9b\u82b1\u56ed\u65c1',
 'house_name': u'\u5b8f\u8bda\u6d77\u5cf0\u82b1\u56ed',
 'id': '0ebd14cf-0fb5-11e8-a7b9-382c4a16ce75',
 'monthly_payment': None,
 'province': u'\u5e7f\u4e1c\u7701',
 'source': u'\u5b89\u5c45\u5ba2',
 'total_price': None,
 'type': u'new',
 'unit_price': None,
 'url': 'https://gz.fang.anjuke.com/loupan/canshu-245213.html'}
2018-02-12 13:24:59 [scrapy.extensions.throttle] INFO: slot: gz.fang.anjuke.com | conc: 1 | delay: 4000 ms (+0) | latency:  311 ms | size: 30082 bytes
2018-02-12 13:24:59 [scrapy.core.engine] DEBUG: Crawled (200) <GET https://gz.fang.anjuke.com/loupan/canshu-253132.html> (referer: https://gz.fang.anjuke.com/loupan/253132.html)
2018-02-12 13:24:59 [scrapy.core.scraper] DEBUG: Scraped from <200 https://gz.fang.anjuke.com/loupan/canshu-253132.html>
{'build_year': u'2018',
 'city': '\xe5\xb9\xbf\xe5\xb7\x9e',
 'county': '\xe4\xbb\x8e\xe5\x8c\x96',
 'crawl_time': 1518413099.838,
 'description': None,
 'down_payment': None,
 'house_address': u'\u592a\u5e73\u5f00\u53d1\u533a\u9ad8\u6280\u672f\u4ea7\u4e1a\u56ed\u4e30\u76c8\u8def7\u53f7',
 'house_name': u'\u4e91\u661f\u94b1\u9686\u5929\u8a89',
 'id': '11e2e5e1-0fb5-11e8-a22b-382c4a16ce75',
 'monthly_payment': None,
 'province': u'\u5e7f\u4e1c\u7701',
 'source': u'\u5b89\u5c45\u5ba2',
 'total_price': None,
 'type': u'new',
 'unit_price': None,
 'url': 'https://gz.fang.anjuke.com/loupan/canshu-253132.html'}
2018-02-12 13:25:02 [scrapy.extensions.logstats] INFO: Crawled 121 pages (at 12 pages/min), scraped 57 items (at 7 items/min)
2018-02-12 13:25:05 [scrapy.extensions.throttle] INFO: slot: gz.fang.anjuke.com | conc: 1 | delay: 4000 ms (+0) | latency:  360 ms | size: 30455 bytes
2018-02-12 13:25:05 [scrapy.core.engine] DEBUG: Crawled (200) <GET https://gz.fang.anjuke.com/loupan/canshu-252492.html> (referer: https://gz.fang.anjuke.com/loupan/252492.html)
2018-02-12 13:25:05 [scrapy.core.scraper] DEBUG: Scraped from <200 https://gz.fang.anjuke.com/loupan/canshu-252492.html>
{'build_year': u'2018',
 'city': '\xe5\xb9\xbf\xe5\xb7\x9e',
 'county': '\xe4\xbb\x8e\xe5\x8c\x96',
 'crawl_time': 1518413105.323,
 'description': None,
 'down_payment': u'54.6',
 'house_address': u'\u6c34\u5e95\u6751\uff08105\u56fd\u9053\u65c1\uff09',
 'house_name': u'\u73e0\u5149\u5c71\u6c34\u5fa1\u82d1',
 'id': '1527d7b0-0fb5-11e8-a0ec-382c4a16ce75',
 'monthly_payment': u'6761.46',
 'province': u'\u5e7f\u4e1c\u7701',
 'source': u'\u5b89\u5c45\u5ba2',
 'total_price': u'182',
 'type': u'new',
 'unit_price': u'13000',
 'url': 'https://gz.fang.anjuke.com/loupan/canshu-252492.html'}
2018-02-12 13:25:10 [scrapy.extensions.throttle] INFO: slot: gz.fang.anjuke.com | conc: 1 | delay: 4000 ms (+0) | latency:  391 ms | size: 29639 bytes
2018-02-12 13:25:10 [scrapy.core.engine] DEBUG: Crawled (200) <GET https://gz.fang.anjuke.com/loupan/canshu-411759.html> (referer: https://gz.fang.anjuke.com/loupan/411759.html)
2018-02-12 13:25:10 [scrapy.core.scraper] DEBUG: Scraped from <200 https://gz.fang.anjuke.com/loupan/canshu-411759.html>
{'build_year': u'2017',
 'city': '\xe5\xb9\xbf\xe5\xb7\x9e',
 'county': '\xe4\xbb\x8e\xe5\x8c\x96',
 'crawl_time': 1518413110.448,
 'description': None,
 'down_payment': u'21.6',
 'house_address': u'\u57ce\u9ccc\u5927\u9053\u4e1c854\u53f7',
 'house_name': u'\u5b8f\u6da6\u5929\u777f',
 'id': '1835db00-0fb5-11e8-bcf9-382c4a16ce75',
 'monthly_payment': u'2674.86',
 'province': u'\u5e7f\u4e1c\u7701',
 'source': u'\u5b89\u5c45\u5ba2',
 'total_price': u'72',
 'type': u'new',
 'unit_price': u'9300',
 'url': 'https://gz.fang.anjuke.com/loupan/canshu-411759.html'}
2018-02-12 13:25:15 [scrapy.extensions.throttle] INFO: slot: gz.fang.anjuke.com | conc: 1 | delay: 4000 ms (+0) | latency:  328 ms | size: 30521 bytes
2018-02-12 13:25:15 [scrapy.core.engine] DEBUG: Crawled (200) <GET https://gz.fang.anjuke.com/loupan/canshu-238934.html> (referer: https://gz.fang.anjuke.com/loupan/238934.html)
2018-02-12 13:25:15 [scrapy.core.scraper] DEBUG: Scraped from <200 https://gz.fang.anjuke.com/loupan/canshu-238934.html>
{'build_year': u'2016',
 'city': '\xe5\xb9\xbf\xe5\xb7\x9e',
 'county': '\xe4\xbb\x8e\xe5\x8c\x96',
 'crawl_time': 1518413115.323,
 'description': None,
 'down_payment': u'79.8',
 'house_address': u'\u5eb7\u590d\u8def12\u53f7',
 'house_name': u'\u5bcc\u529b\u6cc9\u5929\u4e0b',
 'id': '1b1db8b0-0fb5-11e8-bf2e-382c4a16ce75',
 'monthly_payment': u'9882.13',
 'province': u'\u5e7f\u4e1c\u7701',
 'source': u'\u5b89\u5c45\u5ba2',
 'total_price': u'266',
 'type': u'new',
 'unit_price': u'15000',
 'url': 'https://gz.fang.anjuke.com/loupan/canshu-238934.html'}
2018-02-12 13:25:20 [scrapy.extensions.throttle] INFO: slot: gz.fang.anjuke.com | conc: 1 | delay: 4000 ms (+0) | latency:  421 ms | size: 30808 bytes
2018-02-12 13:25:20 [scrapy.core.engine] DEBUG: Crawled (200) <GET https://gz.fang.anjuke.com/loupan/canshu-389673.html> (referer: https://gz.fang.anjuke.com/loupan/389673.html)
2018-02-12 13:25:20 [scrapy.core.scraper] DEBUG: Scraped from <200 https://gz.fang.anjuke.com/loupan/canshu-389673.html>
{'build_year': u'2018',
 'city': '\xe5\xb9\xbf\xe5\xb7\x9e',
 'county': '\xe4\xbb\x8e\xe5\x8c\x96',
 'crawl_time': 1518413120.557,
 'description': None,
 'down_payment': u'35.4',
 'house_address': u'\u5ba3\u661f\u8fd0\u52a8\u8c37',
 'house_name': u'\u666f\u4e1a\u8354\u90fd',
 'id': '1e3c5dcf-0fb5-11e8-b6ad-382c4a16ce75',
 'monthly_payment': u'4383.8',
 'province': u'\u5e7f\u4e1c\u7701',
 'source': u'\u5b89\u5c45\u5ba2',
 'total_price': u'118',
 'type': u'new',
 'unit_price': u'12000',
 'url': 'https://gz.fang.anjuke.com/loupan/canshu-389673.html'}
2018-02-12 13:25:20 [scrapy.core.engine] INFO: Closing spider (finished)
2018-02-12 13:25:20 [scrapy.statscollectors] INFO: Dumping Scrapy stats:
{'downloader/request_bytes': 160320,
 'downloader/request_count': 125,
 'downloader/request_method_count/GET': 125,
 'downloader/response_bytes': 4308042,
 'downloader/response_count': 125,
 'downloader/response_status_count/200': 125,
 'dupefilter/filtered': 12,
 'finish_reason': 'finished',
 'finish_time': datetime.datetime(2018, 2, 12, 5, 25, 20, 682000),
 'item_scraped_count': 61,
 'log_count/DEBUG': 188,
 'log_count/INFO': 142,
 'request_depth_max': 4,
 'response_received_count': 125,
 'scheduler/dequeued': 125,
 'scheduler/dequeued/memory': 125,
 'scheduler/enqueued': 125,
 'scheduler/enqueued/memory': 125,
 'start_time': datetime.datetime(2018, 2, 12, 5, 15, 2, 846000)}
2018-02-12 13:25:20 [scrapy.core.engine] INFO: Spider closed (finished)
