2018-02-12 13:25:22 [scrapy.utils.log] INFO: Scrapy 1.4.0 started (bot: HouseCrawler)
2018-02-12 13:25:22 [scrapy.utils.log] INFO: Overridden settings: {'AUTOTHROTTLE_MAX_DELAY': 30, 'NEWSPIDER_MODULE': 'HouseCrawler.spiders', 'LOG_FILE': 'logs\\HouseCrawler\\AnjukeNewHouseSpider\\e9fdda0f0f9d11e8b6fc382c4a16ce75.log', 'CONCURRENT_REQUESTS_PER_DOMAIN': 1, 'SPIDER_MODULES': ['HouseCrawler.spiders'], 'AUTOTHROTTLE_START_DELAY': 6, 'BOT_NAME': 'HouseCrawler', 'AUTOTHROTTLE_ENABLED': True, 'DOWNLOAD_DELAY': 4, 'AUTOTHROTTLE_DEBUG': True}
2018-02-12 13:25:22 [scrapy.middleware] INFO: Enabled extensions:
['scrapy.extensions.logstats.LogStats',
 'scrapy.extensions.telnet.TelnetConsole',
 'scrapy.extensions.corestats.CoreStats',
 'scrapy.extensions.throttle.AutoThrottle']
2018-02-12 13:25:22 [scrapy.middleware] INFO: Enabled downloader middlewares:
['HouseCrawler.middlewares.AnjukeUserAgentMiddleware',
 'scrapy.downloadermiddlewares.httpauth.HttpAuthMiddleware',
 'scrapy.downloadermiddlewares.downloadtimeout.DownloadTimeoutMiddleware',
 'scrapy.downloadermiddlewares.defaultheaders.DefaultHeadersMiddleware',
 'scrapy.downloadermiddlewares.retry.RetryMiddleware',
 'scrapy.downloadermiddlewares.redirect.MetaRefreshMiddleware',
 'scrapy.downloadermiddlewares.httpcompression.HttpCompressionMiddleware',
 'scrapy.downloadermiddlewares.redirect.RedirectMiddleware',
 'scrapy.downloadermiddlewares.cookies.CookiesMiddleware',
 'scrapy.downloadermiddlewares.httpproxy.HttpProxyMiddleware',
 'scrapy.downloadermiddlewares.stats.DownloaderStats']
2018-02-12 13:25:22 [scrapy.middleware] INFO: Enabled spider middlewares:
['scrapy.spidermiddlewares.httperror.HttpErrorMiddleware',
 'scrapy.spidermiddlewares.offsite.OffsiteMiddleware',
 'scrapy.spidermiddlewares.referer.RefererMiddleware',
 'scrapy.spidermiddlewares.urllength.UrlLengthMiddleware',
 'scrapy.spidermiddlewares.depth.DepthMiddleware']
2018-02-12 13:25:22 [scrapy.middleware] INFO: Enabled item pipelines:
[]
2018-02-12 13:25:22 [scrapy.core.engine] INFO: Spider opened
2018-02-12 13:25:22 [scrapy.extensions.logstats] INFO: Crawled 0 pages (at 0 pages/min), scraped 0 items (at 0 items/min)
2018-02-12 13:25:22 [scrapy.extensions.telnet] DEBUG: Telnet console listening on 127.0.0.1:6023
2018-02-12 13:25:23 [scrapy.extensions.throttle] INFO: slot: gz.fang.anjuke.com | conc: 1 | delay: 4000 ms (-2000) | latency: 1405 ms | size: 32739 bytes
2018-02-12 13:25:23 [scrapy.core.engine] DEBUG: Crawled (200) <GET https://gz.fang.anjuke.com/loupan/liwan/> (referer: https://gz.fang.anjuke.com/)
2018-02-12 13:25:31 [scrapy.extensions.throttle] INFO: slot: gz.fang.anjuke.com | conc: 1 | delay: 4000 ms (+0) | latency:  421 ms | size: 44053 bytes
2018-02-12 13:25:31 [scrapy.core.engine] DEBUG: Crawled (200) <GET https://gz.fang.anjuke.com/loupan/240269.html> (referer: https://gz.fang.anjuke.com/loupan/liwan/)
2018-02-12 13:25:37 [scrapy.extensions.throttle] INFO: slot: gz.fang.anjuke.com | conc: 1 | delay: 4000 ms (+0) | latency:  530 ms | size: 43405 bytes
2018-02-12 13:25:37 [scrapy.core.engine] DEBUG: Crawled (200) <GET https://gz.fang.anjuke.com/loupan/264154.html> (referer: https://gz.fang.anjuke.com/loupan/liwan/)
2018-02-12 13:25:40 [scrapy.extensions.throttle] INFO: slot: gz.fang.anjuke.com | conc: 1 | delay: 4000 ms (+0) | latency:  485 ms | size: 43919 bytes
2018-02-12 13:25:40 [scrapy.core.engine] DEBUG: Crawled (200) <GET https://gz.fang.anjuke.com/loupan/409201.html> (referer: https://gz.fang.anjuke.com/loupan/liwan/)
2018-02-12 13:25:45 [scrapy.extensions.throttle] INFO: slot: gz.fang.anjuke.com | conc: 1 | delay: 4000 ms (+0) | latency:  405 ms | size: 44073 bytes
2018-02-12 13:25:45 [scrapy.core.engine] DEBUG: Crawled (200) <GET https://gz.fang.anjuke.com/loupan/240129.html> (referer: https://gz.fang.anjuke.com/loupan/liwan/)
2018-02-12 13:25:50 [scrapy.extensions.throttle] INFO: slot: gz.fang.anjuke.com | conc: 1 | delay: 4000 ms (+0) | latency:  421 ms | size: 43159 bytes
2018-02-12 13:25:50 [scrapy.core.engine] DEBUG: Crawled (200) <GET https://gz.fang.anjuke.com/loupan/410988.html> (referer: https://gz.fang.anjuke.com/loupan/liwan/)
2018-02-12 13:25:54 [scrapy.extensions.throttle] INFO: slot: gz.fang.anjuke.com | conc: 1 | delay: 4000 ms (+0) | latency:  437 ms | size: 42779 bytes
2018-02-12 13:25:54 [scrapy.core.engine] DEBUG: Crawled (200) <GET https://gz.fang.anjuke.com/loupan/397208.html> (referer: https://gz.fang.anjuke.com/loupan/liwan/)
2018-02-12 13:25:59 [scrapy.extensions.throttle] INFO: slot: gz.fang.anjuke.com | conc: 1 | delay: 4000 ms (+0) | latency:  438 ms | size: 43651 bytes
2018-02-12 13:25:59 [scrapy.core.engine] DEBUG: Crawled (200) <GET https://gz.fang.anjuke.com/loupan/389869.html> (referer: https://gz.fang.anjuke.com/loupan/liwan/)
2018-02-12 13:26:03 [scrapy.extensions.throttle] INFO: slot: gz.fang.anjuke.com | conc: 1 | delay: 4000 ms (+0) | latency:  531 ms | size: 40858 bytes
2018-02-12 13:26:03 [scrapy.core.engine] DEBUG: Crawled (200) <GET https://gz.fang.anjuke.com/loupan/414227.html> (referer: https://gz.fang.anjuke.com/loupan/liwan/)
2018-02-12 13:26:08 [scrapy.extensions.throttle] INFO: slot: gz.fang.anjuke.com | conc: 1 | delay: 4000 ms (+0) | latency:  389 ms | size: 44926 bytes
2018-02-12 13:26:08 [scrapy.core.engine] DEBUG: Crawled (200) <GET https://gz.fang.anjuke.com/loupan/246731.html> (referer: https://gz.fang.anjuke.com/loupan/liwan/)
2018-02-12 13:26:13 [scrapy.extensions.throttle] INFO: slot: gz.fang.anjuke.com | conc: 1 | delay: 4000 ms (+0) | latency:  592 ms | size: 43364 bytes
2018-02-12 13:26:13 [scrapy.core.engine] DEBUG: Crawled (200) <GET https://gz.fang.anjuke.com/loupan/411903.html> (referer: https://gz.fang.anjuke.com/loupan/liwan/)
2018-02-12 13:26:18 [scrapy.extensions.throttle] INFO: slot: gz.fang.anjuke.com | conc: 1 | delay: 4000 ms (+0) | latency:  546 ms | size: 44456 bytes
2018-02-12 13:26:18 [scrapy.core.engine] DEBUG: Crawled (200) <GET https://gz.fang.anjuke.com/loupan/400877.html> (referer: https://gz.fang.anjuke.com/loupan/liwan/)
2018-02-12 13:26:22 [scrapy.extensions.logstats] INFO: Crawled 12 pages (at 12 pages/min), scraped 0 items (at 0 items/min)
2018-02-12 13:26:23 [scrapy.extensions.throttle] INFO: slot: gz.fang.anjuke.com | conc: 1 | delay: 4000 ms (+0) | latency:  718 ms | size: 45120 bytes
2018-02-12 13:26:23 [scrapy.core.engine] DEBUG: Crawled (200) <GET https://gz.fang.anjuke.com/loupan/389651.html> (referer: https://gz.fang.anjuke.com/loupan/liwan/)
2018-02-12 13:26:27 [scrapy.extensions.throttle] INFO: slot: gz.fang.anjuke.com | conc: 1 | delay: 4000 ms (+0) | latency:  344 ms | size: 31866 bytes
2018-02-12 13:26:27 [scrapy.core.engine] DEBUG: Crawled (200) <GET https://gz.fang.anjuke.com/loupan/liwan/p2/> (referer: https://gz.fang.anjuke.com/loupan/liwan/)
2018-02-12 13:26:32 [scrapy.extensions.throttle] INFO: slot: gz.fang.anjuke.com | conc: 1 | delay: 4000 ms (+0) | latency:  405 ms | size: 38487 bytes
2018-02-12 13:26:32 [scrapy.core.engine] DEBUG: Crawled (200) <GET https://gz.fang.anjuke.com/loupan/239067.html> (referer: https://gz.fang.anjuke.com/loupan/liwan/)
2018-02-12 13:26:35 [scrapy.extensions.throttle] INFO: slot: gz.fang.anjuke.com | conc: 1 | delay: 4000 ms (+0) | latency:  406 ms | size: 38718 bytes
2018-02-12 13:26:35 [scrapy.core.engine] DEBUG: Crawled (200) <GET https://gz.fang.anjuke.com/loupan/239849.html> (referer: https://gz.fang.anjuke.com/loupan/liwan/)
2018-02-12 13:26:40 [scrapy.extensions.throttle] INFO: slot: gz.fang.anjuke.com | conc: 1 | delay: 4000 ms (+0) | latency:  437 ms | size: 38845 bytes
2018-02-12 13:26:40 [scrapy.core.engine] DEBUG: Crawled (200) <GET https://gz.fang.anjuke.com/loupan/252686.html> (referer: https://gz.fang.anjuke.com/loupan/liwan/)
2018-02-12 13:26:44 [scrapy.extensions.throttle] INFO: slot: gz.fang.anjuke.com | conc: 1 | delay: 4000 ms (+0) | latency:  389 ms | size: 36388 bytes
2018-02-12 13:26:44 [scrapy.core.engine] DEBUG: Crawled (200) <GET https://gz.fang.anjuke.com/loupan/250165.html> (referer: https://gz.fang.anjuke.com/loupan/liwan/)
2018-02-12 13:26:49 [scrapy.extensions.throttle] INFO: slot: gz.fang.anjuke.com | conc: 1 | delay: 4000 ms (+0) | latency:  468 ms | size: 30478 bytes
2018-02-12 13:26:49 [scrapy.core.engine] DEBUG: Crawled (200) <GET https://gz.fang.anjuke.com/loupan/canshu-240269.html> (referer: https://gz.fang.anjuke.com/loupan/240269.html)
2018-02-12 13:26:49 [scrapy.core.scraper] DEBUG: Scraped from <200 https://gz.fang.anjuke.com/loupan/canshu-240269.html>
{'build_year': u'2018',
 'city': '\xe5\xb9\xbf\xe5\xb7\x9e',
 'county': '\xe8\x8d\x94\xe6\xb9\xbe',
 'crawl_time': 1518413209.762,
 'description': None,
 'down_payment': u'103.8',
 'house_address': u'\u82b3\u6751\u5927\u9053\u897f236\u53f7',
 'house_name': u'\u65b0\u4e16\u754c\u51ef\u7ca4\u6e7e',
 'id': '5367f821-0fb5-11e8-8358-382c4a16ce75',
 'monthly_payment': u'12854.2',
 'province': u'\u5e7f\u4e1c\u7701',
 'source': u'\u5b89\u5c45\u5ba2',
 'total_price': u'346',
 'type': u'new',
 'unit_price': u'43800',
 'url': 'https://gz.fang.anjuke.com/loupan/canshu-240269.html'}
2018-02-12 13:26:54 [scrapy.extensions.throttle] INFO: slot: gz.fang.anjuke.com | conc: 1 | delay: 4000 ms (+0) | latency:  358 ms | size: 30482 bytes
2018-02-12 13:26:54 [scrapy.core.engine] DEBUG: Crawled (200) <GET https://gz.fang.anjuke.com/loupan/canshu-264154.html> (referer: https://gz.fang.anjuke.com/loupan/264154.html)
2018-02-12 13:26:54 [scrapy.core.scraper] DEBUG: Scraped from <200 https://gz.fang.anjuke.com/loupan/canshu-264154.html>
{'build_year': u'2017',
 'city': '\xe5\xb9\xbf\xe5\xb7\x9e',
 'county': '\xe8\x8d\x94\xe6\xb9\xbe',
 'crawl_time': 1518413214.387,
 'description': None,
 'down_payment': u'252',
 'house_address': u'\u6ed8\u53e3\u5927\u88578\u53f7',
 'house_name': u'\u73e0\u6c5f\u9e45\u6f6d\u6e7e',
 'id': '5629b030-0fb5-11e8-affc-382c4a16ce75',
 'monthly_payment': u'31206.73',
 'province': u'\u5e7f\u4e1c\u7701',
 'source': u'\u5b89\u5c45\u5ba2',
 'total_price': u'840',
 'type': u'new',
 'unit_price': u'50000',
 'url': 'https://gz.fang.anjuke.com/loupan/canshu-264154.html'}
2018-02-12 13:26:57 [scrapy.extensions.throttle] INFO: slot: gz.fang.anjuke.com | conc: 1 | delay: 4000 ms (+0) | latency:  344 ms | size: 30348 bytes
2018-02-12 13:26:57 [scrapy.core.engine] DEBUG: Crawled (200) <GET https://gz.fang.anjuke.com/loupan/canshu-409201.html> (referer: https://gz.fang.anjuke.com/loupan/409201.html)
2018-02-12 13:26:57 [scrapy.core.scraper] DEBUG: Scraped from <200 https://gz.fang.anjuke.com/loupan/canshu-409201.html>
{'build_year': u'2018',
 'city': '\xe5\xb9\xbf\xe5\xb7\x9e',
 'county': '\xe8\x8d\x94\xe6\xb9\xbe',
 'crawl_time': 1518413217.777,
 'description': None,
 'down_payment': u'163.5',
 'house_address': u'\u5e7f\u94a2\u65b0\u57ce\u4e2d\u8f74\uff08\u539f\u5e7f\u94a2\u5927\u5267\u9662\u65c1\uff09',
 'house_name': u'\u5317\u5927\u8d44\u6e90\u535a\u96c51898',
 'id': '582ef60f-0fb5-11e8-80c8-382c4a16ce75',
 'monthly_payment': u'20247.22',
 'province': u'\u5e7f\u4e1c\u7701',
 'source': u'\u5b89\u5c45\u5ba2',
 'total_price': u'545',
 'type': u'new',
 'unit_price': u'47000',
 'url': 'https://gz.fang.anjuke.com/loupan/canshu-409201.html'}
2018-02-12 13:27:03 [scrapy.extensions.throttle] INFO: slot: gz.fang.anjuke.com | conc: 1 | delay: 4000 ms (+0) | latency:  562 ms | size: 30914 bytes
2018-02-12 13:27:03 [scrapy.core.engine] DEBUG: Crawled (200) <GET https://gz.fang.anjuke.com/loupan/canshu-240129.html> (referer: https://gz.fang.anjuke.com/loupan/240129.html)
2018-02-12 13:27:03 [scrapy.core.scraper] DEBUG: Scraped from <200 https://gz.fang.anjuke.com/loupan/canshu-240129.html>
{'build_year': u'2019',
 'city': '\xe5\xb9\xbf\xe5\xb7\x9e',
 'county': '\xe8\x8d\x94\xe6\xb9\xbe',
 'crawl_time': 1518413223.559,
 'description': None,
 'down_payment': u'158.4',
 'house_address': u'\u5357\u5cb8\u8def23\u53f7\uff08\u9752\u5e74\u516c\u56ed\u65c1\uff09',
 'house_name': u'\u897f\u5173\u6d77',
 'id': '5ba13970-0fb5-11e8-ade8-382c4a16ce75',
 'monthly_payment': u'19615.66',
 'province': u'\u5e7f\u4e1c\u7701',
 'source': u'\u5b89\u5c45\u5ba2',
 'total_price': u'528',
 'type': u'new',
 'unit_price': u'60000',
 'url': 'https://gz.fang.anjuke.com/loupan/canshu-240129.html'}
2018-02-12 13:27:07 [scrapy.extensions.throttle] INFO: slot: gz.fang.anjuke.com | conc: 1 | delay: 4000 ms (+0) | latency:  375 ms | size: 29403 bytes
2018-02-12 13:27:07 [scrapy.core.engine] DEBUG: Crawled (200) <GET https://gz.fang.anjuke.com/loupan/canshu-410988.html> (referer: https://gz.fang.anjuke.com/loupan/410988.html)
2018-02-12 13:27:07 [scrapy.core.scraper] DEBUG: Scraped from <200 https://gz.fang.anjuke.com/loupan/canshu-410988.html>
{'build_year': u'2018',
 'city': '\xe5\xb9\xbf\xe5\xb7\x9e',
 'county': '\xe8\x8d\x94\xe6\xb9\xbe',
 'crawl_time': 1518413227.903,
 'description': None,
 'down_payment': u'163.5',
 'house_address': u'\u9e64\u6d1e\u8def157\u53f7',
 'house_name': u'\u73e0\u6c5f\u91d1\u8302\u5e9c',
 'id': '5e3810f0-0fb5-11e8-804d-382c4a16ce75',
 'monthly_payment': u'20247.22',
 'province': u'\u5e7f\u4e1c\u7701',
 'source': u'\u5b89\u5c45\u5ba2',
 'total_price': u'545',
 'type': u'new',
 'unit_price': u'53000',
 'url': 'https://gz.fang.anjuke.com/loupan/canshu-410988.html'}
2018-02-12 13:27:11 [scrapy.extensions.throttle] INFO: slot: gz.fang.anjuke.com | conc: 1 | delay: 4000 ms (+0) | latency:  281 ms | size: 30326 bytes
2018-02-12 13:27:11 [scrapy.core.engine] DEBUG: Crawled (200) <GET https://gz.fang.anjuke.com/loupan/canshu-397208.html> (referer: https://gz.fang.anjuke.com/loupan/397208.html)
2018-02-12 13:27:11 [scrapy.core.scraper] DEBUG: Scraped from <200 https://gz.fang.anjuke.com/loupan/canshu-397208.html>
{'build_year': u'2017',
 'city': '\xe5\xb9\xbf\xe5\xb7\x9e',
 'county': '\xe8\x8d\x94\xe6\xb9\xbe',
 'crawl_time': 1518413231.793,
 'description': None,
 'down_payment': u'102',
 'house_address': u'\u878d\u7a57\u88571~22\u53f7',
 'house_name': u'\u91d1\u878d\u8857\u878d\u7a57\u534e\u5e9c',
 'id': '6089a20f-0fb5-11e8-92d4-382c4a16ce75',
 'monthly_payment': u'12631.3',
 'province': u'\u5e7f\u4e1c\u7701',
 'source': u'\u5b89\u5c45\u5ba2',
 'total_price': u'340',
 'type': u'new',
 'unit_price': u'48000',
 'url': 'https://gz.fang.anjuke.com/loupan/canshu-397208.html'}
2018-02-12 13:27:16 [scrapy.extensions.throttle] INFO: slot: gz.fang.anjuke.com | conc: 1 | delay: 4000 ms (+0) | latency:  342 ms | size: 30439 bytes
2018-02-12 13:27:16 [scrapy.core.engine] DEBUG: Crawled (200) <GET https://gz.fang.anjuke.com/loupan/canshu-389869.html> (referer: https://gz.fang.anjuke.com/loupan/389869.html)
2018-02-12 13:27:16 [scrapy.core.scraper] DEBUG: Scraped from <200 https://gz.fang.anjuke.com/loupan/canshu-389869.html>
{'build_year': u'2018',
 'city': '\xe5\xb9\xbf\xe5\xb7\x9e',
 'county': '\xe8\x8d\x94\xe6\xb9\xbe',
 'crawl_time': 1518413236.34,
 'description': None,
 'down_payment': u'102',
 'house_address': u'\u767e\u82b1\u8def58\u53f7',
 'house_name': u'\u8fdc\u4e1c\u5fa1\u6c5f\u8c6a\u5ead',
 'id': '633f7340-0fb5-11e8-b5fc-382c4a16ce75',
 'monthly_payment': u'12631.3',
 'province': u'\u5e7f\u4e1c\u7701',
 'source': u'\u5b89\u5c45\u5ba2',
 'total_price': u'340',
 'type': u'new',
 'unit_price': u'40000',
 'url': 'https://gz.fang.anjuke.com/loupan/canshu-389869.html'}
2018-02-12 13:27:21 [scrapy.extensions.throttle] INFO: slot: gz.fang.anjuke.com | conc: 1 | delay: 4000 ms (+0) | latency:  421 ms | size: 29594 bytes
2018-02-12 13:27:21 [scrapy.core.engine] DEBUG: Crawled (200) <GET https://gz.fang.anjuke.com/loupan/canshu-414227.html> (referer: https://gz.fang.anjuke.com/loupan/414227.html)
2018-02-12 13:27:21 [scrapy.core.scraper] DEBUG: Scraped from <200 https://gz.fang.anjuke.com/loupan/canshu-414227.html>
{'build_year': u'2018',
 'city': '\xe5\xb9\xbf\xe5\xb7\x9e',
 'county': '\xe8\x8d\x94\xe6\xb9\xbe',
 'crawl_time': 1518413241.543,
 'description': None,
 'down_payment': u'49.5',
 'house_address': u'\u82b1\u5730\u6cb3\u4ee5\u4e1c\u3001\u6052\u8354\u6e7e\u7554\u82b1\u56ed\u5317\u4fa7',
 'house_name': u'\u4e07\u79d1\u6d77\u4e0a\u4f20\u5947',
 'id': '66595d70-0fb5-11e8-93a3-382c4a16ce75',
 'monthly_payment': u'2627.1',
 'province': u'\u5e7f\u4e1c\u7701',
 'source': u'\u5b89\u5c45\u5ba2',
 'total_price': u'99',
 'type': u'new',
 'unit_price': u'50000',
 'url': 'https://gz.fang.anjuke.com/loupan/canshu-414227.html'}
2018-02-12 13:27:22 [scrapy.extensions.logstats] INFO: Crawled 26 pages (at 14 pages/min), scraped 8 items (at 8 items/min)
2018-02-12 13:27:25 [scrapy.extensions.throttle] INFO: slot: gz.fang.anjuke.com | conc: 1 | delay: 4000 ms (+0) | latency:  344 ms | size: 30919 bytes
2018-02-12 13:27:25 [scrapy.core.engine] DEBUG: Crawled (200) <GET https://gz.fang.anjuke.com/loupan/canshu-246731.html> (referer: https://gz.fang.anjuke.com/loupan/246731.html)
2018-02-12 13:27:25 [scrapy.core.scraper] DEBUG: Scraped from <200 https://gz.fang.anjuke.com/loupan/canshu-246731.html>
{'build_year': None,
 'city': '\xe5\xb9\xbf\xe5\xb7\x9e',
 'county': '\xe8\x8d\x94\xe6\xb9\xbe',
 'crawl_time': 1518413245.59,
 'description': None,
 'down_payment': u'690',
 'house_address': u'\u9ec4\u6c99\u5927\u9053\uff08\u539f\u5e7f\u94c1\u5357\u7ad9\uff09',
 'house_name': u'\u73e0\u5149\u5fa1\u666f\u58f9\u53f7',
 'id': '68c2e35e-0fb5-11e8-9062-382c4a16ce75',
 'monthly_payment': u'85447',
 'province': u'\u5e7f\u4e1c\u7701',
 'source': u'\u5b89\u5c45\u5ba2',
 'total_price': u'2300',
 'type': u'new',
 'unit_price': u'100000',
 'url': 'https://gz.fang.anjuke.com/loupan/canshu-246731.html'}
2018-02-12 13:27:30 [scrapy.extensions.throttle] INFO: slot: gz.fang.anjuke.com | conc: 1 | delay: 4000 ms (+0) | latency:  437 ms | size: 29518 bytes
2018-02-12 13:27:30 [scrapy.core.engine] DEBUG: Crawled (200) <GET https://gz.fang.anjuke.com/loupan/canshu-411903.html> (referer: https://gz.fang.anjuke.com/loupan/411903.html)
2018-02-12 13:27:30 [scrapy.core.scraper] DEBUG: Scraped from <200 https://gz.fang.anjuke.com/loupan/canshu-411903.html>
{'build_year': u'2018',
 'city': '\xe5\xb9\xbf\xe5\xb7\x9e',
 'county': '\xe8\x8d\x94\xe6\xb9\xbe',
 'crawl_time': 1518413250.559,
 'description': None,
 'down_payment': u'252',
 'house_address': u'\u9e64\u6d1e\u8def',
 'house_name': u'\u4fdd\u5229\u845b\u6d32\u575d\u6d77\u5fb7\u516c\u9986',
 'id': '6bb918f0-0fb5-11e8-8728-382c4a16ce75',
 'monthly_payment': u'31206.73',
 'province': u'\u5e7f\u4e1c\u7701',
 'source': u'\u5b89\u5c45\u5ba2',
 'total_price': u'840',
 'type': u'new',
 'unit_price': u'55000',
 'url': 'https://gz.fang.anjuke.com/loupan/canshu-411903.html'}
2018-02-12 13:27:36 [scrapy.extensions.throttle] INFO: slot: gz.fang.anjuke.com | conc: 1 | delay: 4000 ms (+0) | latency:  563 ms | size: 30888 bytes
2018-02-12 13:27:36 [scrapy.core.engine] DEBUG: Crawled (200) <GET https://gz.fang.anjuke.com/loupan/canshu-400877.html> (referer: https://gz.fang.anjuke.com/loupan/400877.html)
2018-02-12 13:27:36 [scrapy.core.scraper] DEBUG: Scraped from <200 https://gz.fang.anjuke.com/loupan/canshu-400877.html>
{'build_year': None,
 'city': '\xe5\xb9\xbf\xe5\xb7\x9e',
 'county': '\xe8\x8d\x94\xe6\xb9\xbe',
 'crawl_time': 1518413256.184,
 'description': None,
 'down_payment': u'96.6',
 'house_address': u'\u5cad\u6d77\u8857',
 'house_name': u'\u534e\u53d1\u8354\u6e7e\u835f',
 'id': '6f136780-0fb5-11e8-9701-382c4a16ce75',
 'monthly_payment': u'11962.58',
 'province': u'\u5e7f\u4e1c\u7701',
 'source': u'\u5b89\u5c45\u5ba2',
 'total_price': u'322',
 'type': u'new',
 'unit_price': u'46000',
 'url': 'https://gz.fang.anjuke.com/loupan/canshu-400877.html'}
2018-02-12 13:27:41 [scrapy.extensions.throttle] INFO: slot: gz.fang.anjuke.com | conc: 1 | delay: 4000 ms (+0) | latency:  328 ms | size: 30573 bytes
2018-02-12 13:27:41 [scrapy.core.engine] DEBUG: Crawled (200) <GET https://gz.fang.anjuke.com/loupan/canshu-389651.html> (referer: https://gz.fang.anjuke.com/loupan/389651.html)
2018-02-12 13:27:41 [scrapy.core.scraper] DEBUG: Scraped from <200 https://gz.fang.anjuke.com/loupan/canshu-389651.html>
{'build_year': u'2018',
 'city': '\xe5\xb9\xbf\xe5\xb7\x9e',
 'county': '\xe8\x8d\x94\xe6\xb9\xbe',
 'crawl_time': 1518413261.809,
 'description': None,
 'down_payment': u'113.7',
 'house_address': u'\u9e64\u6d1e\u8def220\u53f7',
 'house_name': u'\u4e2d\u6d77\u82b1\u6e7e\u58f9\u53f7',
 'id': '726db60f-0fb5-11e8-9f3b-382c4a16ce75',
 'monthly_payment': u'14080.18',
 'province': u'\u5e7f\u4e1c\u7701',
 'source': u'\u5b89\u5c45\u5ba2',
 'total_price': u'379',
 'type': u'new',
 'unit_price': u'50000',
 'url': 'https://gz.fang.anjuke.com/loupan/canshu-389651.html'}
2018-02-12 13:27:46 [scrapy.extensions.throttle] INFO: slot: gz.fang.anjuke.com | conc: 1 | delay: 4000 ms (+0) | latency:  375 ms | size: 25803 bytes
2018-02-12 13:27:46 [scrapy.core.engine] DEBUG: Crawled (200) <GET https://gz.fang.anjuke.com/loupan/liwan/p3/> (referer: https://gz.fang.anjuke.com/loupan/liwan/p2/)
2018-02-12 13:27:52 [scrapy.extensions.throttle] INFO: slot: gz.fang.anjuke.com | conc: 1 | delay: 4000 ms (+0) | latency:  280 ms | size: 27117 bytes
2018-02-12 13:27:52 [scrapy.core.engine] DEBUG: Crawled (200) <GET https://gz.fang.anjuke.com/loupan/canshu-239067.html> (referer: https://gz.fang.anjuke.com/loupan/239067.html)
2018-02-12 13:27:52 [scrapy.core.scraper] DEBUG: Scraped from <200 https://gz.fang.anjuke.com/loupan/canshu-239067.html>
{'build_year': u'2014',
 'city': '\xe5\xb9\xbf\xe5\xb7\x9e',
 'county': '\xe8\x8d\x94\xe6\xb9\xbe',
 'crawl_time': 1518413272.341,
 'description': None,
 'down_payment': None,
 'house_address': u'\u9f99\u6d25\u897f\u8def338\u53f7\uff08\u5730\u94c1\u9648\u5bb6\u7960A\u51fa\u53e3300\u7c73\uff09',
 'house_name': u'\u9f99\u6d25\u534e\u5e9c',
 'id': '78b4c451-0fb5-11e8-af6d-382c4a16ce75',
 'monthly_payment': None,
 'province': u'\u5e7f\u4e1c\u7701',
 'source': u'\u5b89\u5c45\u5ba2',
 'total_price': None,
 'type': u'new',
 'unit_price': u'38993',
 'url': 'https://gz.fang.anjuke.com/loupan/canshu-239067.html'}
2018-02-12 13:27:57 [scrapy.extensions.throttle] INFO: slot: gz.fang.anjuke.com | conc: 1 | delay: 4000 ms (+0) | latency:  281 ms | size: 27201 bytes
2018-02-12 13:27:57 [scrapy.core.engine] DEBUG: Crawled (200) <GET https://gz.fang.anjuke.com/loupan/canshu-239849.html> (referer: https://gz.fang.anjuke.com/loupan/239849.html)
2018-02-12 13:27:57 [scrapy.core.scraper] DEBUG: Scraped from <200 https://gz.fang.anjuke.com/loupan/canshu-239849.html>
{'build_year': u'2014',
 'city': '\xe5\xb9\xbf\xe5\xb7\x9e',
 'county': '\xe8\x8d\x94\xe6\xb9\xbe',
 'crawl_time': 1518413277.919,
 'description': None,
 'down_payment': u'115.2',
 'house_address': u'\u82b3\u6751\u82b1\u5730\u5927\u9053\u7fe0\u7af9\u82d1',
 'house_name': u'\u7fe0\u7af9\u82d1',
 'id': '7c07e6ee-0fb5-11e8-9d7a-382c4a16ce75',
 'monthly_payment': u'14265.93',
 'province': u'\u5e7f\u4e1c\u7701',
 'source': u'\u5b89\u5c45\u5ba2',
 'total_price': u'384',
 'type': u'new',
 'unit_price': u'40000',
 'url': 'https://gz.fang.anjuke.com/loupan/canshu-239849.html'}
2018-02-12 13:28:02 [scrapy.extensions.throttle] INFO: slot: gz.fang.anjuke.com | conc: 1 | delay: 4000 ms (+0) | latency:  312 ms | size: 27447 bytes
2018-02-12 13:28:02 [scrapy.core.engine] DEBUG: Crawled (200) <GET https://gz.fang.anjuke.com/loupan/canshu-252686.html> (referer: https://gz.fang.anjuke.com/loupan/252686.html)
2018-02-12 13:28:02 [scrapy.core.scraper] DEBUG: Scraped from <200 https://gz.fang.anjuke.com/loupan/canshu-252686.html>
{'build_year': u'2016',
 'city': '\xe5\xb9\xbf\xe5\xb7\x9e',
 'county': '\xe8\x8d\x94\xe6\xb9\xbe',
 'crawl_time': 1518413282.247,
 'description': None,
 'down_payment': u'105.9',
 'house_address': u'\u73af\u5e02\u897f\u8def47\u53f7',
 'house_name': u'\u541b\u835f\u540d\u8f69',
 'id': '7e9c4d70-0fb5-11e8-9d77-382c4a16ce75',
 'monthly_payment': u'13114.26',
 'province': u'\u5e7f\u4e1c\u7701',
 'source': u'\u5b89\u5c45\u5ba2',
 'total_price': u'353',
 'type': u'new',
 'unit_price': u'38000',
 'url': 'https://gz.fang.anjuke.com/loupan/canshu-252686.html'}
2018-02-12 13:28:07 [scrapy.extensions.throttle] INFO: slot: gz.fang.anjuke.com | conc: 1 | delay: 4000 ms (+0) | latency:  280 ms | size: 27166 bytes
2018-02-12 13:28:07 [scrapy.core.engine] DEBUG: Crawled (200) <GET https://gz.fang.anjuke.com/loupan/canshu-250165.html> (referer: https://gz.fang.anjuke.com/loupan/250165.html)
2018-02-12 13:28:08 [scrapy.core.scraper] DEBUG: Scraped from <200 https://gz.fang.anjuke.com/loupan/canshu-250165.html>
{'build_year': u'2017',
 'city': '\xe5\xb9\xbf\xe5\xb7\x9e',
 'county': '\xe8\x8d\x94\xe6\xb9\xbe',
 'crawl_time': 1518413288.075,
 'description': None,
 'down_payment': None,
 'house_address': u'\u9f99\u6eaa\u4e2d\u8def96\u53f7',
 'house_name': u'\u90a6\u534e\u661f\u9645\u5e7f\u573a',
 'id': '821595b0-0fb5-11e8-a03f-382c4a16ce75',
 'monthly_payment': None,
 'province': u'\u5e7f\u4e1c\u7701',
 'source': u'\u5b89\u5c45\u5ba2',
 'total_price': None,
 'type': u'new',
 'unit_price': None,
 'url': 'https://gz.fang.anjuke.com/loupan/canshu-250165.html'}
2018-02-12 13:28:12 [scrapy.extensions.throttle] INFO: slot: gz.fang.anjuke.com | conc: 1 | delay: 4000 ms (+0) | latency:  672 ms | size: 37518 bytes
2018-02-12 13:28:12 [scrapy.core.engine] DEBUG: Crawled (200) <GET https://gz.fang.anjuke.com/loupan/239028.html> (referer: https://gz.fang.anjuke.com/loupan/liwan/p2/)
2018-02-12 13:28:19 [scrapy.extensions.throttle] INFO: slot: gz.fang.anjuke.com | conc: 1 | delay: 4000 ms (+0) | latency: 1421 ms | size: 38143 bytes
2018-02-12 13:28:19 [scrapy.core.engine] DEBUG: Crawled (200) <GET https://gz.fang.anjuke.com/loupan/238865.html> (referer: https://gz.fang.anjuke.com/loupan/liwan/p2/)
2018-02-12 13:28:22 [scrapy.extensions.logstats] INFO: Crawled 37 pages (at 11 pages/min), scraped 16 items (at 8 items/min)
2018-02-12 13:28:22 [scrapy.extensions.throttle] INFO: slot: gz.fang.anjuke.com | conc: 1 | delay: 4000 ms (+0) | latency:  735 ms | size: 37450 bytes
2018-02-12 13:28:22 [scrapy.core.engine] DEBUG: Crawled (200) <GET https://gz.fang.anjuke.com/loupan/239155.html> (referer: https://gz.fang.anjuke.com/loupan/liwan/p2/)
2018-02-12 13:28:27 [scrapy.extensions.throttle] INFO: slot: gz.fang.anjuke.com | conc: 1 | delay: 4000 ms (+0) | latency:  391 ms | size: 37569 bytes
2018-02-12 13:28:27 [scrapy.core.engine] DEBUG: Crawled (200) <GET https://gz.fang.anjuke.com/loupan/239025.html> (referer: https://gz.fang.anjuke.com/loupan/liwan/p2/)
2018-02-12 13:28:33 [scrapy.extensions.throttle] INFO: slot: gz.fang.anjuke.com | conc: 1 | delay: 4000 ms (+0) | latency:  467 ms | size: 37262 bytes
2018-02-12 13:28:33 [scrapy.core.engine] DEBUG: Crawled (200) <GET https://gz.fang.anjuke.com/loupan/239740.html> (referer: https://gz.fang.anjuke.com/loupan/liwan/p2/)
2018-02-12 13:28:38 [scrapy.extensions.throttle] INFO: slot: gz.fang.anjuke.com | conc: 1 | delay: 4000 ms (+0) | latency:  405 ms | size: 37595 bytes
2018-02-12 13:28:38 [scrapy.core.engine] DEBUG: Crawled (200) <GET https://gz.fang.anjuke.com/loupan/239295.html> (referer: https://gz.fang.anjuke.com/loupan/liwan/p2/)
2018-02-12 13:28:43 [scrapy.extensions.throttle] INFO: slot: gz.fang.anjuke.com | conc: 1 | delay: 4000 ms (+0) | latency:  468 ms | size: 37694 bytes
2018-02-12 13:28:43 [scrapy.core.engine] DEBUG: Crawled (200) <GET https://gz.fang.anjuke.com/loupan/239234.html> (referer: https://gz.fang.anjuke.com/loupan/liwan/p2/)
2018-02-12 13:28:48 [scrapy.extensions.throttle] INFO: slot: gz.fang.anjuke.com | conc: 1 | delay: 4000 ms (+0) | latency:  437 ms | size: 38654 bytes
2018-02-12 13:28:48 [scrapy.core.engine] DEBUG: Crawled (200) <GET https://gz.fang.anjuke.com/loupan/240747.html> (referer: https://gz.fang.anjuke.com/loupan/liwan/p2/)
2018-02-12 13:28:54 [scrapy.extensions.throttle] INFO: slot: gz.fang.anjuke.com | conc: 1 | delay: 4000 ms (+0) | latency:  406 ms | size: 37765 bytes
2018-02-12 13:28:54 [scrapy.core.engine] DEBUG: Crawled (200) <GET https://gz.fang.anjuke.com/loupan/247594.html> (referer: https://gz.fang.anjuke.com/loupan/liwan/p2/)
2018-02-12 13:28:59 [scrapy.extensions.throttle] INFO: slot: gz.fang.anjuke.com | conc: 1 | delay: 4000 ms (+0) | latency:  437 ms | size: 39095 bytes
2018-02-12 13:28:59 [scrapy.core.engine] DEBUG: Crawled (200) <GET https://gz.fang.anjuke.com/loupan/248196.html> (referer: https://gz.fang.anjuke.com/loupan/liwan/p2/)
2018-02-12 13:29:05 [scrapy.extensions.throttle] INFO: slot: gz.fang.anjuke.com | conc: 1 | delay: 4000 ms (+0) | latency:  437 ms | size: 41431 bytes
2018-02-12 13:29:05 [scrapy.core.engine] DEBUG: Crawled (200) <GET https://gz.fang.anjuke.com/loupan/399952.html> (referer: https://gz.fang.anjuke.com/loupan/liwan/p2/)
2018-02-12 13:29:07 [scrapy.extensions.throttle] INFO: slot: gz.fang.anjuke.com | conc: 1 | delay: 4000 ms (+0) | latency:  390 ms | size: 33910 bytes
2018-02-12 13:29:07 [scrapy.core.engine] DEBUG: Crawled (200) <GET https://gz.fang.anjuke.com/loupan/246407.html> (referer: https://gz.fang.anjuke.com/loupan/liwan/p2/)
2018-02-12 13:29:11 [scrapy.extensions.throttle] INFO: slot: gz.fang.anjuke.com | conc: 1 | delay: 4000 ms (+0) | latency:  328 ms | size: 33364 bytes
2018-02-12 13:29:11 [scrapy.core.engine] DEBUG: Crawled (200) <GET https://gz.fang.anjuke.com/loupan/401036.html> (referer: https://gz.fang.anjuke.com/loupan/liwan/p3/)
2018-02-12 13:29:17 [scrapy.extensions.throttle] INFO: slot: gz.fang.anjuke.com | conc: 1 | delay: 4000 ms (+0) | latency:  452 ms | size: 34072 bytes
2018-02-12 13:29:17 [scrapy.core.engine] DEBUG: Crawled (200) <GET https://gz.fang.anjuke.com/loupan/239023.html> (referer: https://gz.fang.anjuke.com/loupan/liwan/p3/)
2018-02-12 13:29:21 [scrapy.extensions.throttle] INFO: slot: gz.fang.anjuke.com | conc: 1 | delay: 4000 ms (+0) | latency:  375 ms | size: 33960 bytes
2018-02-12 13:29:21 [scrapy.core.engine] DEBUG: Crawled (200) <GET https://gz.fang.anjuke.com/loupan/410601.html> (referer: https://gz.fang.anjuke.com/loupan/liwan/p3/)
2018-02-12 13:29:22 [scrapy.extensions.logstats] INFO: Crawled 50 pages (at 13 pages/min), scraped 16 items (at 0 items/min)
2018-02-12 13:29:25 [scrapy.extensions.throttle] INFO: slot: gz.fang.anjuke.com | conc: 1 | delay: 4000 ms (+0) | latency:  469 ms | size: 37155 bytes
2018-02-12 13:29:25 [scrapy.core.engine] DEBUG: Crawled (200) <GET https://gz.fang.anjuke.com/loupan/239321.html> (referer: https://gz.fang.anjuke.com/loupan/liwan/p3/)
2018-02-12 13:29:30 [scrapy.extensions.throttle] INFO: slot: gz.fang.anjuke.com | conc: 1 | delay: 4000 ms (+0) | latency:  453 ms | size: 37106 bytes
2018-02-12 13:29:30 [scrapy.core.engine] DEBUG: Crawled (200) <GET https://gz.fang.anjuke.com/loupan/239308.html> (referer: https://gz.fang.anjuke.com/loupan/liwan/p3/)
2018-02-12 13:29:34 [scrapy.extensions.throttle] INFO: slot: gz.fang.anjuke.com | conc: 1 | delay: 4000 ms (+0) | latency:  407 ms | size: 26766 bytes
2018-02-12 13:29:34 [scrapy.core.engine] DEBUG: Crawled (200) <GET https://gz.fang.anjuke.com/loupan/canshu-239028.html> (referer: https://gz.fang.anjuke.com/loupan/239028.html)
2018-02-12 13:29:34 [scrapy.core.scraper] DEBUG: Scraped from <200 https://gz.fang.anjuke.com/loupan/canshu-239028.html>
{'build_year': u'2011',
 'city': '\xe5\xb9\xbf\xe5\xb7\x9e',
 'county': '\xe8\x8d\x94\xe6\xb9\xbe',
 'crawl_time': 1518413374.42,
 'description': None,
 'down_payment': None,
 'house_address': u'\u6587\u660c\u5317\u8def242-272\u53f7',
 'house_name': u'\u5143\u90a6\u660e\u6708\u661f\u8f89',
 'id': 'b58cc940-0fb5-11e8-a136-382c4a16ce75',
 'monthly_payment': None,
 'province': u'\u5e7f\u4e1c\u7701',
 'source': u'\u5b89\u5c45\u5ba2',
 'total_price': None,
 'type': u'new',
 'unit_price': u'37322',
 'url': 'https://gz.fang.anjuke.com/loupan/canshu-239028.html'}
2018-02-12 13:29:39 [scrapy.extensions.throttle] INFO: slot: gz.fang.anjuke.com | conc: 1 | delay: 4000 ms (+0) | latency:  296 ms | size: 26992 bytes
2018-02-12 13:29:39 [scrapy.core.engine] DEBUG: Crawled (200) <GET https://gz.fang.anjuke.com/loupan/canshu-238865.html> (referer: https://gz.fang.anjuke.com/loupan/238865.html)
2018-02-12 13:29:39 [scrapy.core.scraper] DEBUG: Scraped from <200 https://gz.fang.anjuke.com/loupan/canshu-238865.html>
{'build_year': u'2011',
 'city': '\xe5\xb9\xbf\xe5\xb7\x9e',
 'county': '\xe8\x8d\x94\xe6\xb9\xbe',
 'crawl_time': 1518413379.811,
 'description': None,
 'down_payment': None,
 'house_address': u'\u957f\u4e50\u540e\u885755\u201456\u53f7',
 'house_name': u'\u897f\u6e7e\u9633\u5149',
 'id': 'b8c36330-0fb5-11e8-8b8f-382c4a16ce75',
 'monthly_payment': None,
 'province': u'\u5e7f\u4e1c\u7701',
 'source': u'\u5b89\u5c45\u5ba2',
 'total_price': None,
 'type': u'new',
 'unit_price': u'24798',
 'url': 'https://gz.fang.anjuke.com/loupan/canshu-238865.html'}
2018-02-12 13:29:45 [scrapy.extensions.throttle] INFO: slot: gz.fang.anjuke.com | conc: 1 | delay: 4000 ms (+0) | latency:  359 ms | size: 26824 bytes
2018-02-12 13:29:45 [scrapy.core.engine] DEBUG: Crawled (200) <GET https://gz.fang.anjuke.com/loupan/canshu-239155.html> (referer: https://gz.fang.anjuke.com/loupan/239155.html)
2018-02-12 13:29:45 [scrapy.core.scraper] DEBUG: Scraped from <200 https://gz.fang.anjuke.com/loupan/canshu-239155.html>
{'build_year': u'2011',
 'city': '\xe5\xb9\xbf\xe5\xb7\x9e',
 'county': '\xe8\x8d\x94\xe6\xb9\xbe',
 'crawl_time': 1518413385.858,
 'description': None,
 'down_payment': None,
 'house_address': u'\u9ec4\u6c99\u5927\u90538\u53f7(\u9ec4\u6c99\u5730\u94c1\u7ad9D\u51fa\u53e3)',
 'house_name': u'\u9038\u7fe0\u6e7e',
 'id': 'bc5e1621-0fb5-11e8-aa3f-382c4a16ce75',
 'monthly_payment': None,
 'province': u'\u5e7f\u4e1c\u7701',
 'source': u'\u5b89\u5c45\u5ba2',
 'total_price': None,
 'type': u'new',
 'unit_price': u'33707',
 'url': 'https://gz.fang.anjuke.com/loupan/canshu-239155.html'}
2018-02-12 13:29:50 [scrapy.extensions.throttle] INFO: slot: gz.fang.anjuke.com | conc: 1 | delay: 4000 ms (+0) | latency:  406 ms | size: 27290 bytes
2018-02-12 13:29:50 [scrapy.core.engine] DEBUG: Crawled (200) <GET https://gz.fang.anjuke.com/loupan/canshu-239025.html> (referer: https://gz.fang.anjuke.com/loupan/239025.html)
2018-02-12 13:29:50 [scrapy.core.scraper] DEBUG: Scraped from <200 https://gz.fang.anjuke.com/loupan/canshu-239025.html>
{'build_year': u'2011',
 'city': '\xe5\xb9\xbf\xe5\xb7\x9e',
 'county': '\xe8\x8d\x94\xe6\xb9\xbe',
 'crawl_time': 1518413390.655,
 'description': None,
 'down_payment': None,
 'house_address': u'\u897f\u6e7e\u8def\u4e1c\u897f\u4e24\u4fa7(\u6c34\u6ce5\u5382\u5730\u5757)',
 'house_name': u'\u5cad\u5357\u6e7e\u7554',
 'id': 'bf3a0cf0-0fb5-11e8-901a-382c4a16ce75',
 'monthly_payment': None,
 'province': u'\u5e7f\u4e1c\u7701',
 'source': u'\u5b89\u5c45\u5ba2',
 'total_price': None,
 'type': u'new',
 'unit_price': u'27956',
 'url': 'https://gz.fang.anjuke.com/loupan/canshu-239025.html'}
2018-02-12 13:29:55 [scrapy.extensions.throttle] INFO: slot: gz.fang.anjuke.com | conc: 1 | delay: 4000 ms (+0) | latency:  359 ms | size: 26838 bytes
2018-02-12 13:29:55 [scrapy.core.engine] DEBUG: Crawled (200) <GET https://gz.fang.anjuke.com/loupan/canshu-239740.html> (referer: https://gz.fang.anjuke.com/loupan/239740.html)
2018-02-12 13:29:55 [scrapy.core.scraper] DEBUG: Scraped from <200 https://gz.fang.anjuke.com/loupan/canshu-239740.html>
{'build_year': u'2012',
 'city': '\xe5\xb9\xbf\xe5\xb7\x9e',
 'county': '\xe8\x8d\x94\xe6\xb9\xbe',
 'crawl_time': 1518413395.342,
 'description': None,
 'down_payment': None,
 'house_address': u'\u8354\u6e7e\u677e\u6d32\u8857\u5766\u5c3e\u6751\u5730\u6bb5\uff08\u6865\u4e2d\u5357\u8def\u6d77\u89d2\u7ea2\u697c\u65c1\uff09',
 'house_name': u'\u4e07\u79d1\u67cf\u60a6\u6e7e',
 'id': 'c2053ae1-0fb5-11e8-894d-382c4a16ce75',
 'monthly_payment': None,
 'province': u'\u5e7f\u4e1c\u7701',
 'source': u'\u5b89\u5c45\u5ba2',
 'total_price': None,
 'type': u'new',
 'unit_price': u'25520',
 'url': 'https://gz.fang.anjuke.com/loupan/canshu-239740.html'}
2018-02-12 13:29:58 [scrapy.extensions.throttle] INFO: slot: gz.fang.anjuke.com | conc: 1 | delay: 4000 ms (+0) | latency:  328 ms | size: 26911 bytes
2018-02-12 13:29:58 [scrapy.core.engine] DEBUG: Crawled (200) <GET https://gz.fang.anjuke.com/loupan/canshu-239295.html> (referer: https://gz.fang.anjuke.com/loupan/239295.html)
2018-02-12 13:29:58 [scrapy.core.scraper] DEBUG: Scraped from <200 https://gz.fang.anjuke.com/loupan/canshu-239295.html>
{'build_year': u'2011',
 'city': '\xe5\xb9\xbf\xe5\xb7\x9e',
 'county': '\xe8\x8d\x94\xe6\xb9\xbe',
 'crawl_time': 1518413398.889,
 'description': None,
 'down_payment': None,
 'house_address': u'\u5eb7\u738b\u4e2d\u8def668\u53f7-680\u53f7\uff08\u5730\u94c11\u53f7\u7ebf\u9648\u5bb6\u7960\u7ad9\uff09',
 'house_name': u'\u7f8e\u8354\u5c1a\u7b51',
 'id': 'c422758f-0fb5-11e8-8e53-382c4a16ce75',
 'monthly_payment': None,
 'province': u'\u5e7f\u4e1c\u7701',
 'source': u'\u5b89\u5c45\u5ba2',
 'total_price': None,
 'type': u'new',
 'unit_price': u'37209',
 'url': 'https://gz.fang.anjuke.com/loupan/canshu-239295.html'}
2018-02-12 13:30:04 [scrapy.extensions.throttle] INFO: slot: gz.fang.anjuke.com | conc: 1 | delay: 4000 ms (+0) | latency:  407 ms | size: 26960 bytes
2018-02-12 13:30:04 [scrapy.core.engine] DEBUG: Crawled (200) <GET https://gz.fang.anjuke.com/loupan/canshu-239234.html> (referer: https://gz.fang.anjuke.com/loupan/239234.html)
2018-02-12 13:30:04 [scrapy.core.scraper] DEBUG: Scraped from <200 https://gz.fang.anjuke.com/loupan/canshu-239234.html>
{'build_year': u'2013',
 'city': '\xe5\xb9\xbf\xe5\xb7\x9e',
 'county': '\xe8\x8d\x94\xe6\xb9\xbe',
 'crawl_time': 1518413404.842,
 'description': None,
 'down_payment': None,
 'house_address': u'\u897f\u6e7e\u8def\u4e2d\u6bb5',
 'house_name': u'\u5bcc\u529b\u5510\u5b81\u516c\u9986',
 'id': 'c7aed0a1-0fb5-11e8-86e1-382c4a16ce75',
 'monthly_payment': None,
 'province': u'\u5e7f\u4e1c\u7701',
 'source': u'\u5b89\u5c45\u5ba2',
 'total_price': None,
 'type': u'new',
 'unit_price': u'26378',
 'url': 'https://gz.fang.anjuke.com/loupan/canshu-239234.html'}
2018-02-12 13:30:10 [scrapy.extensions.throttle] INFO: slot: gz.fang.anjuke.com | conc: 1 | delay: 4000 ms (+0) | latency:  359 ms | size: 27261 bytes
2018-02-12 13:30:10 [scrapy.core.engine] DEBUG: Crawled (200) <GET https://gz.fang.anjuke.com/loupan/canshu-240747.html> (referer: https://gz.fang.anjuke.com/loupan/240747.html)
2018-02-12 13:30:10 [scrapy.core.scraper] DEBUG: Scraped from <200 https://gz.fang.anjuke.com/loupan/canshu-240747.html>
{'build_year': u'2015',
 'city': '\xe5\xb9\xbf\xe5\xb7\x9e',
 'county': '\xe8\x8d\x94\xe6\xb9\xbe',
 'crawl_time': 1518413410.358,
 'description': None,
 'down_payment': None,
 'house_address': u'\u9f99\u6eaa\u4e2d\u8def(\u8475\u84ec\u751f\u6001\u516c\u56ed\u65c1\u8fb9)',
 'house_name': u'\u4fdd\u5229\u516c\u56ed\u4e5d\u91cc',
 'id': 'caf87d61-0fb5-11e8-b68e-382c4a16ce75',
 'monthly_payment': None,
 'province': u'\u5e7f\u4e1c\u7701',
 'source': u'\u5b89\u5c45\u5ba2',
 'total_price': u'238',
 'type': u'new',
 'unit_price': u'17000',
 'url': 'https://gz.fang.anjuke.com/loupan/canshu-240747.html'}
2018-02-12 13:30:13 [scrapy.extensions.throttle] INFO: slot: gz.fang.anjuke.com | conc: 1 | delay: 4000 ms (+0) | latency:  344 ms | size: 27222 bytes
2018-02-12 13:30:13 [scrapy.core.engine] DEBUG: Crawled (200) <GET https://gz.fang.anjuke.com/loupan/canshu-247594.html> (referer: https://gz.fang.anjuke.com/loupan/247594.html)
2018-02-12 13:30:14 [scrapy.core.scraper] DEBUG: Scraped from <200 https://gz.fang.anjuke.com/loupan/canshu-247594.html>
{'build_year': u'2016',
 'city': '\xe5\xb9\xbf\xe5\xb7\x9e',
 'county': '\xe8\x8d\x94\xe6\xb9\xbe',
 'crawl_time': 1518413413.936,
 'description': None,
 'down_payment': u'45.6',
 'house_address': u'\u9f99\u6eaa\u4e2d\u8def\u5317\u4fa7\uff08\u539f\u81f3\u5c0a\u9ad8\u5c14\u592b\u7403\u573a\uff09',
 'house_name': u'\u4fdd\u5229\u585e\u7eb3\u7ef4\u62c9',
 'id': 'cd1a7300-0fb5-11e8-b5dc-382c4a16ce75',
 'monthly_payment': u'5646.93',
 'province': u'\u5e7f\u4e1c\u7701',
 'source': u'\u5b89\u5c45\u5ba2',
 'total_price': u'152',
 'type': u'new',
 'unit_price': u'16000',
 'url': 'https://gz.fang.anjuke.com/loupan/canshu-247594.html'}
2018-02-12 13:30:18 [scrapy.extensions.throttle] INFO: slot: gz.fang.anjuke.com | conc: 1 | delay: 4000 ms (+0) | latency:  312 ms | size: 27293 bytes
2018-02-12 13:30:18 [scrapy.core.engine] DEBUG: Crawled (200) <GET https://gz.fang.anjuke.com/loupan/canshu-248196.html> (referer: https://gz.fang.anjuke.com/loupan/248196.html)
2018-02-12 13:30:18 [scrapy.core.scraper] DEBUG: Scraped from <200 https://gz.fang.anjuke.com/loupan/canshu-248196.html>
{'build_year': u'2016',
 'city': '\xe5\xb9\xbf\xe5\xb7\x9e',
 'county': '\xe8\x8d\x94\xe6\xb9\xbe',
 'crawl_time': 1518413418.843,
 'description': None,
 'down_payment': None,
 'house_address': u'\u82b1\u5730\u5927\u9053\u5357\uff08\u5730\u94c1\u4e00\u53f7\u7ebf\u897f\u6717\u7ad9\u5f80\u82b1\u5730\u6cb3\u65b9\u5411300\u7c73\uff09',
 'house_name': u'\u5143\u90a6\u660e\u6708\u6c34\u5cb8',
 'id': 'd00732ae-0fb5-11e8-9def-382c4a16ce75',
 'monthly_payment': None,
 'province': u'\u5e7f\u4e1c\u7701',
 'source': u'\u5b89\u5c45\u5ba2',
 'total_price': u'850',
 'type': u'new',
 'unit_price': u'34000',
 'url': 'https://gz.fang.anjuke.com/loupan/canshu-248196.html'}
2018-02-12 13:30:22 [scrapy.extensions.logstats] INFO: Crawled 62 pages (at 12 pages/min), scraped 26 items (at 10 items/min)
2018-02-12 13:30:23 [scrapy.extensions.throttle] INFO: slot: gz.fang.anjuke.com | conc: 1 | delay: 4000 ms (+0) | latency:  312 ms | size: 27237 bytes
2018-02-12 13:30:23 [scrapy.core.engine] DEBUG: Crawled (200) <GET https://gz.fang.anjuke.com/loupan/canshu-399952.html> (referer: https://gz.fang.anjuke.com/loupan/399952.html)
2018-02-12 13:30:23 [scrapy.core.scraper] DEBUG: Scraped from <200 https://gz.fang.anjuke.com/loupan/canshu-399952.html>
{'build_year': u'2018',
 'city': '\xe5\xb9\xbf\xe5\xb7\x9e',
 'county': '\xe8\x8d\x94\xe6\xb9\xbe',
 'crawl_time': 1518413423.858,
 'description': None,
 'down_payment': u'135',
 'house_address': u'\u9e64\u6d1e\u8def\u4ee5\u5357',
 'house_name': u'\u845b\u6d32\u575d\u4fdd\u5229\u66fc\u57ce',
 'id': 'd3046d21-0fb5-11e8-afb5-382c4a16ce75',
 'monthly_payment': u'16717.89',
 'province': u'\u5e7f\u4e1c\u7701',
 'source': u'\u5b89\u5c45\u5ba2',
 'total_price': u'450',
 'type': u'new',
 'unit_price': u'45000',
 'url': 'https://gz.fang.anjuke.com/loupan/canshu-399952.html'}
2018-02-12 13:30:29 [scrapy.extensions.throttle] INFO: slot: gz.fang.anjuke.com | conc: 1 | delay: 4000 ms (+0) | latency:  375 ms | size: 26435 bytes
2018-02-12 13:30:29 [scrapy.core.engine] DEBUG: Crawled (200) <GET https://gz.fang.anjuke.com/loupan/canshu-246407.html> (referer: https://gz.fang.anjuke.com/loupan/246407.html)
2018-02-12 13:30:29 [scrapy.core.scraper] DEBUG: Scraped from <200 https://gz.fang.anjuke.com/loupan/canshu-246407.html>
{'build_year': None,
 'city': '\xe5\xb9\xbf\xe5\xb7\x9e',
 'county': '\xe8\x8d\x94\xe6\xb9\xbe',
 'crawl_time': 1518413429.405,
 'description': None,
 'down_payment': None,
 'house_address': u'\u82b3\u6751\u5927\u9053\u897f\u82b3\u4fe1\u8def\uff08\u5cad\u5357\u82b1\u5349\u5e02\u573a\u4e1c\u95e8\uff09',
 'house_name': u'\u82b3\u4fe1\u8f69',
 'id': 'd652d4cf-0fb5-11e8-a778-382c4a16ce75',
 'monthly_payment': None,
 'province': u'\u5e7f\u4e1c\u7701',
 'source': u'\u5b89\u5c45\u5ba2',
 'total_price': None,
 'type': u'new',
 'unit_price': u'20000',
 'url': 'https://gz.fang.anjuke.com/loupan/canshu-246407.html'}
2018-02-12 13:30:34 [scrapy.extensions.throttle] INFO: slot: gz.fang.anjuke.com | conc: 1 | delay: 4000 ms (+0) | latency:  312 ms | size: 26144 bytes
2018-02-12 13:30:34 [scrapy.core.engine] DEBUG: Crawled (200) <GET https://gz.fang.anjuke.com/loupan/canshu-401036.html> (referer: https://gz.fang.anjuke.com/loupan/401036.html)
2018-02-12 13:30:34 [scrapy.core.scraper] DEBUG: Scraped from <200 https://gz.fang.anjuke.com/loupan/canshu-401036.html>
{'build_year': None,
 'city': '\xe5\xb9\xbf\xe5\xb7\x9e',
 'county': '\xe8\x8d\x94\xe6\xb9\xbe',
 'crawl_time': 1518413434.155,
 'description': None,
 'down_payment': None,
 'house_address': u'\u82b3\u6751\u5927\u9053\u5357\u4ee5\u897f\u3001\u9e64\u6d1e\u8def\u4ee5\u5357',
 'house_name': u'\u8354\u6e7e\u533a\u82b3\u6751',
 'id': 'd9279fb0-0fb5-11e8-9c95-382c4a16ce75',
 'monthly_payment': None,
 'province': u'\u5e7f\u4e1c\u7701',
 'source': u'\u5b89\u5c45\u5ba2',
 'total_price': None,
 'type': u'new',
 'unit_price': None,
 'url': 'https://gz.fang.anjuke.com/loupan/canshu-401036.html'}
2018-02-12 13:30:38 [scrapy.extensions.throttle] INFO: slot: gz.fang.anjuke.com | conc: 1 | delay: 4000 ms (+0) | latency:  375 ms | size: 26716 bytes
2018-02-12 13:30:38 [scrapy.core.engine] DEBUG: Crawled (200) <GET https://gz.fang.anjuke.com/loupan/canshu-239023.html> (referer: https://gz.fang.anjuke.com/loupan/239023.html)
2018-02-12 13:30:38 [scrapy.core.scraper] DEBUG: Scraped from <200 https://gz.fang.anjuke.com/loupan/canshu-239023.html>
{'build_year': None,
 'city': '\xe5\xb9\xbf\xe5\xb7\x9e',
 'county': '\xe8\x8d\x94\xe6\xb9\xbe',
 'crawl_time': 1518413438.296,
 'description': None,
 'down_payment': None,
 'house_address': u'\u5eb7\u738b\u5317\u8def\u4e0e\u4e2d\u5c71\u4e03\u8def\u4ea4\u754c',
 'house_name': u'\u5174\u9686\u5e7f\u573a',
 'id': 'db9f7d80-0fb5-11e8-8e18-382c4a16ce75',
 'monthly_payment': None,
 'province': u'\u5e7f\u4e1c\u7701',
 'source': u'\u5b89\u5c45\u5ba2',
 'total_price': None,
 'type': u'new',
 'unit_price': None,
 'url': 'https://gz.fang.anjuke.com/loupan/canshu-239023.html'}
2018-02-12 13:30:42 [scrapy.extensions.throttle] INFO: slot: gz.fang.anjuke.com | conc: 1 | delay: 4000 ms (+0) | latency:  437 ms | size: 26591 bytes
2018-02-12 13:30:42 [scrapy.core.engine] DEBUG: Crawled (200) <GET https://gz.fang.anjuke.com/loupan/canshu-410601.html> (referer: https://gz.fang.anjuke.com/loupan/410601.html)
2018-02-12 13:30:42 [scrapy.core.scraper] DEBUG: Scraped from <200 https://gz.fang.anjuke.com/loupan/canshu-410601.html>
{'build_year': u'2015',
 'city': '\xe5\xb9\xbf\xe5\xb7\x9e',
 'county': '\xe8\x8d\x94\xe6\xb9\xbe',
 'crawl_time': 1518413442.28,
 'description': None,
 'down_payment': None,
 'house_address': u'\u8354\u6e7e\u6587\u660c\u5357\u8def',
 'house_name': u'\u7687\u57ce\u56fd\u9645\u91d1\u94f6\u73e0\u5b9d\u7389\u5668\u57ce',
 'id': 'ddff6680-0fb5-11e8-97bf-382c4a16ce75',
 'monthly_payment': None,
 'province': u'\u5e7f\u4e1c\u7701',
 'source': u'\u5b89\u5c45\u5ba2',
 'total_price': None,
 'type': u'new',
 'unit_price': u'30000',
 'url': 'https://gz.fang.anjuke.com/loupan/canshu-410601.html'}
2018-02-12 13:30:47 [scrapy.extensions.throttle] INFO: slot: gz.fang.anjuke.com | conc: 1 | delay: 4000 ms (+0) | latency:  375 ms | size: 27145 bytes
2018-02-12 13:30:47 [scrapy.core.engine] DEBUG: Crawled (200) <GET https://gz.fang.anjuke.com/loupan/canshu-239321.html> (referer: https://gz.fang.anjuke.com/loupan/239321.html)
2018-02-12 13:30:48 [scrapy.core.scraper] DEBUG: Scraped from <200 https://gz.fang.anjuke.com/loupan/canshu-239321.html>
{'build_year': u'2010',
 'city': '\xe5\xb9\xbf\xe5\xb7\x9e',
 'county': '\xe8\x8d\x94\xe6\xb9\xbe',
 'crawl_time': 1518413447.999,
 'description': None,
 'down_payment': None,
 'house_address': u'\u897f\u534e\u8def30-38\u53f7',
 'house_name': u'\u8354\u5ead\u96c5\u5c45',
 'id': 'e1680cf0-0fb5-11e8-a73d-382c4a16ce75',
 'monthly_payment': None,
 'province': u'\u5e7f\u4e1c\u7701',
 'source': u'\u5b89\u5c45\u5ba2',
 'total_price': None,
 'type': u'new',
 'unit_price': u'4931',
 'url': 'https://gz.fang.anjuke.com/loupan/canshu-239321.html'}
2018-02-12 13:30:53 [scrapy.extensions.throttle] INFO: slot: gz.fang.anjuke.com | conc: 1 | delay: 4000 ms (+0) | latency:  796 ms | size: 26979 bytes
2018-02-12 13:30:53 [scrapy.core.engine] DEBUG: Crawled (200) <GET https://gz.fang.anjuke.com/loupan/canshu-239308.html> (referer: https://gz.fang.anjuke.com/loupan/239308.html)
2018-02-12 13:30:53 [scrapy.core.scraper] DEBUG: Scraped from <200 https://gz.fang.anjuke.com/loupan/canshu-239308.html>
{'build_year': u'2012',
 'city': '\xe5\xb9\xbf\xe5\xb7\x9e',
 'county': '\xe8\x8d\x94\xe6\xb9\xbe',
 'crawl_time': 1518413453.656,
 'description': None,
 'down_payment': None,
 'house_address': u'\u5341\u516b\u752b\u5317\u8def1\u53f7',
 'house_name': u'\u8354\u666f\u534e\u5ead',
 'id': 'e4c73d80-0fb5-11e8-b660-382c4a16ce75',
 'monthly_payment': None,
 'province': u'\u5e7f\u4e1c\u7701',
 'source': u'\u5b89\u5c45\u5ba2',
 'total_price': None,
 'type': u'new',
 'unit_price': u'25943',
 'url': 'https://gz.fang.anjuke.com/loupan/canshu-239308.html'}
2018-02-12 13:30:59 [scrapy.extensions.throttle] INFO: slot: gz.fang.anjuke.com | conc: 1 | delay: 4000 ms (+0) | latency:  453 ms | size: 37446 bytes
2018-02-12 13:30:59 [scrapy.core.engine] DEBUG: Crawled (200) <GET https://gz.fang.anjuke.com/loupan/239018.html> (referer: https://gz.fang.anjuke.com/loupan/liwan/p2/)
2018-02-12 13:31:04 [scrapy.extensions.throttle] INFO: slot: gz.fang.anjuke.com | conc: 1 | delay: 4000 ms (+0) | latency:  405 ms | size: 37532 bytes
2018-02-12 13:31:04 [scrapy.core.engine] DEBUG: Crawled (200) <GET https://gz.fang.anjuke.com/loupan/238876.html> (referer: https://gz.fang.anjuke.com/loupan/liwan/p2/)
2018-02-12 13:31:10 [scrapy.extensions.throttle] INFO: slot: gz.fang.anjuke.com | conc: 1 | delay: 4000 ms (+0) | latency:  421 ms | size: 37353 bytes
2018-02-12 13:31:10 [scrapy.core.engine] DEBUG: Crawled (200) <GET https://gz.fang.anjuke.com/loupan/239580.html> (referer: https://gz.fang.anjuke.com/loupan/liwan/p2/)
2018-02-12 13:31:14 [scrapy.extensions.throttle] INFO: slot: gz.fang.anjuke.com | conc: 1 | delay: 4000 ms (+0) | latency:  452 ms | size: 37614 bytes
2018-02-12 13:31:14 [scrapy.core.engine] DEBUG: Crawled (200) <GET https://gz.fang.anjuke.com/loupan/238986.html> (referer: https://gz.fang.anjuke.com/loupan/liwan/p2/)
2018-02-12 13:31:16 [scrapy.extensions.throttle] INFO: slot: gz.fang.anjuke.com | conc: 1 | delay: 4000 ms (+0) | latency:  437 ms | size: 37613 bytes
2018-02-12 13:31:16 [scrapy.core.engine] DEBUG: Crawled (200) <GET https://gz.fang.anjuke.com/loupan/239122.html> (referer: https://gz.fang.anjuke.com/loupan/liwan/p2/)
2018-02-12 13:31:21 [scrapy.extensions.throttle] INFO: slot: gz.fang.anjuke.com | conc: 1 | delay: 4000 ms (+0) | latency:  562 ms | size: 40337 bytes
2018-02-12 13:31:21 [scrapy.core.engine] DEBUG: Crawled (200) <GET https://gz.fang.anjuke.com/loupan/248708.html> (referer: https://gz.fang.anjuke.com/loupan/liwan/p2/)
2018-02-12 13:31:22 [scrapy.extensions.logstats] INFO: Crawled 75 pages (at 13 pages/min), scraped 33 items (at 7 items/min)
2018-02-12 13:31:26 [scrapy.extensions.throttle] INFO: slot: gz.fang.anjuke.com | conc: 1 | delay: 4000 ms (+0) | latency:  437 ms | size: 40155 bytes
2018-02-12 13:31:26 [scrapy.core.engine] DEBUG: Crawled (200) <GET https://gz.fang.anjuke.com/loupan/250986.html> (referer: https://gz.fang.anjuke.com/loupan/liwan/p2/)
2018-02-12 13:31:32 [scrapy.extensions.throttle] INFO: slot: gz.fang.anjuke.com | conc: 1 | delay: 4000 ms (+0) | latency:  515 ms | size: 39270 bytes
2018-02-12 13:31:32 [scrapy.core.engine] DEBUG: Crawled (200) <GET https://gz.fang.anjuke.com/loupan/400988.html> (referer: https://gz.fang.anjuke.com/loupan/liwan/p2/)
2018-02-12 13:31:34 [scrapy.extensions.throttle] INFO: slot: gz.fang.anjuke.com | conc: 1 | delay: 4000 ms (+0) | latency:  405 ms | size: 40237 bytes
2018-02-12 13:31:34 [scrapy.core.engine] DEBUG: Crawled (200) <GET https://gz.fang.anjuke.com/loupan/239304.html> (referer: https://gz.fang.anjuke.com/loupan/liwan/p2/)
2018-02-12 13:31:39 [scrapy.extensions.throttle] INFO: slot: gz.fang.anjuke.com | conc: 1 | delay: 4000 ms (+0) | latency:  483 ms | size: 39823 bytes
2018-02-12 13:31:39 [scrapy.core.engine] DEBUG: Crawled (200) <GET https://gz.fang.anjuke.com/loupan/250114.html> (referer: https://gz.fang.anjuke.com/loupan/liwan/p2/)
2018-02-12 13:31:45 [scrapy.extensions.throttle] INFO: slot: gz.fang.anjuke.com | conc: 1 | delay: 4000 ms (+0) | latency:  437 ms | size: 35556 bytes
2018-02-12 13:31:45 [scrapy.core.engine] DEBUG: Crawled (200) <GET https://gz.fang.anjuke.com/loupan/245656.html> (referer: https://gz.fang.anjuke.com/loupan/liwan/p2/)
2018-02-12 13:31:50 [scrapy.extensions.throttle] INFO: slot: gz.fang.anjuke.com | conc: 1 | delay: 4000 ms (+0) | latency:  469 ms | size: 37524 bytes
2018-02-12 13:31:50 [scrapy.core.engine] DEBUG: Crawled (200) <GET https://gz.fang.anjuke.com/loupan/415453.html> (referer: https://gz.fang.anjuke.com/loupan/liwan/p2/)
2018-02-12 13:31:55 [scrapy.extensions.throttle] INFO: slot: gz.fang.anjuke.com | conc: 1 | delay: 4000 ms (+0) | latency:  358 ms | size: 39475 bytes
2018-02-12 13:31:55 [scrapy.core.engine] DEBUG: Crawled (200) <GET https://gz.fang.anjuke.com/loupan/389863.html> (referer: https://gz.fang.anjuke.com/loupan/liwan/p2/)
2018-02-12 13:32:01 [scrapy.extensions.throttle] INFO: slot: gz.fang.anjuke.com | conc: 1 | delay: 4000 ms (+0) | latency:  421 ms | size: 36644 bytes
2018-02-12 13:32:01 [scrapy.core.engine] DEBUG: Crawled (200) <GET https://gz.fang.anjuke.com/loupan/241237.html> (referer: https://gz.fang.anjuke.com/loupan/liwan/p2/)
2018-02-12 13:32:07 [scrapy.extensions.throttle] INFO: slot: gz.fang.anjuke.com | conc: 1 | delay: 4000 ms (+0) | latency:  406 ms | size: 33989 bytes
2018-02-12 13:32:07 [scrapy.core.engine] DEBUG: Crawled (200) <GET https://gz.fang.anjuke.com/loupan/410672.html> (referer: https://gz.fang.anjuke.com/loupan/liwan/p2/)
2018-02-12 13:32:13 [scrapy.extensions.throttle] INFO: slot: gz.fang.anjuke.com | conc: 1 | delay: 4000 ms (+0) | latency:  453 ms | size: 37028 bytes
2018-02-12 13:32:13 [scrapy.core.engine] DEBUG: Crawled (200) <GET https://gz.fang.anjuke.com/loupan/245447.html> (referer: https://gz.fang.anjuke.com/loupan/liwan/p2/)
2018-02-12 13:32:18 [scrapy.extensions.throttle] INFO: slot: gz.fang.anjuke.com | conc: 1 | delay: 4000 ms (+0) | latency:  437 ms | size: 38080 bytes
2018-02-12 13:32:18 [scrapy.core.engine] DEBUG: Crawled (200) <GET https://gz.fang.anjuke.com/loupan/241078.html> (referer: https://gz.fang.anjuke.com/loupan/liwan/p2/)
2018-02-12 13:32:21 [scrapy.extensions.throttle] INFO: slot: gz.fang.anjuke.com | conc: 1 | delay: 4000 ms (+0) | latency:  266 ms | size: 26790 bytes
2018-02-12 13:32:21 [scrapy.core.engine] DEBUG: Crawled (200) <GET https://gz.fang.anjuke.com/loupan/canshu-239018.html> (referer: https://gz.fang.anjuke.com/loupan/239018.html)
2018-02-12 13:32:21 [scrapy.core.scraper] DEBUG: Scraped from <200 https://gz.fang.anjuke.com/loupan/canshu-239018.html>
{'build_year': u'2010',
 'city': '\xe5\xb9\xbf\xe5\xb7\x9e',
 'county': '\xe8\x8d\x94\xe6\xb9\xbe',
 'crawl_time': 1518413541.172,
 'description': None,
 'down_payment': None,
 'house_address': u'\u5149\u590d\u5317\u8def\u5eb7\u516c\u76f4\u885712-38\u53f7',
 'house_name': u'\u5b8f\u65b0\u534e\u5ead',
 'id': '18f11f40-0fb6-11e8-be7b-382c4a16ce75',
 'monthly_payment': None,
 'province': u'\u5e7f\u4e1c\u7701',
 'source': u'\u5b89\u5c45\u5ba2',
 'total_price': None,
 'type': u'new',
 'unit_price': u'35294',
 'url': 'https://gz.fang.anjuke.com/loupan/canshu-239018.html'}
2018-02-12 13:32:22 [scrapy.extensions.logstats] INFO: Crawled 87 pages (at 12 pages/min), scraped 34 items (at 1 items/min)
2018-02-12 13:32:25 [scrapy.extensions.throttle] INFO: slot: gz.fang.anjuke.com | conc: 1 | delay: 4000 ms (+0) | latency:  296 ms | size: 26751 bytes
2018-02-12 13:32:25 [scrapy.core.engine] DEBUG: Crawled (200) <GET https://gz.fang.anjuke.com/loupan/canshu-238876.html> (referer: https://gz.fang.anjuke.com/loupan/238876.html)
2018-02-12 13:32:25 [scrapy.core.scraper] DEBUG: Scraped from <200 https://gz.fang.anjuke.com/loupan/canshu-238876.html>
{'build_year': u'2011',
 'city': '\xe5\xb9\xbf\xe5\xb7\x9e',
 'county': '\xe8\x8d\x94\xe6\xb9\xbe',
 'crawl_time': 1518413545.704,
 'description': None,
 'down_payment': None,
 'house_address': u'\u5eb7\u738b\u5357\u8def15\u300117\u300119\u53f7',
 'house_name': u'\u5eb7\u4fa8\u8354\u90fd',
 'id': '1ba4a680-0fb6-11e8-8148-382c4a16ce75',
 'monthly_payment': None,
 'province': u'\u5e7f\u4e1c\u7701',
 'source': u'\u5b89\u5c45\u5ba2',
 'total_price': None,
 'type': u'new',
 'unit_price': u'35436',
 'url': 'https://gz.fang.anjuke.com/loupan/canshu-238876.html'}
2018-02-12 13:32:30 [scrapy.extensions.throttle] INFO: slot: gz.fang.anjuke.com | conc: 1 | delay: 4000 ms (+0) | latency:  280 ms | size: 27011 bytes
2018-02-12 13:32:30 [scrapy.core.engine] DEBUG: Crawled (200) <GET https://gz.fang.anjuke.com/loupan/canshu-239580.html> (referer: https://gz.fang.anjuke.com/loupan/239580.html)
2018-02-12 13:32:30 [scrapy.core.scraper] DEBUG: Scraped from <200 https://gz.fang.anjuke.com/loupan/canshu-239580.html>
{'build_year': u'2013',
 'city': '\xe5\xb9\xbf\xe5\xb7\x9e',
 'county': '\xe8\x8d\x94\xe6\xb9\xbe',
 'crawl_time': 1518413550.547,
 'description': None,
 'down_payment': None,
 'house_address': u'\u8354\u6e7e\u533a\u534e\u8d35\u8def57\u53f7',
 'house_name': u'\u8d35\u8d24\u4e0a\u54c1',
 'id': '1e87a22e-0fb6-11e8-877e-382c4a16ce75',
 'monthly_payment': None,
 'province': u'\u5e7f\u4e1c\u7701',
 'source': u'\u5b89\u5c45\u5ba2',
 'total_price': None,
 'type': u'new',
 'unit_price': u'38953',
 'url': 'https://gz.fang.anjuke.com/loupan/canshu-239580.html'}
2018-02-12 13:32:36 [scrapy.extensions.throttle] INFO: slot: gz.fang.anjuke.com | conc: 1 | delay: 4000 ms (+0) | latency:  312 ms | size: 26798 bytes
2018-02-12 13:32:36 [scrapy.core.engine] DEBUG: Crawled (200) <GET https://gz.fang.anjuke.com/loupan/canshu-238986.html> (referer: https://gz.fang.anjuke.com/loupan/238986.html)
2018-02-12 13:32:36 [scrapy.core.scraper] DEBUG: Scraped from <200 https://gz.fang.anjuke.com/loupan/canshu-238986.html>
{'build_year': u'2011',
 'city': '\xe5\xb9\xbf\xe5\xb7\x9e',
 'county': '\xe8\x8d\x94\xe6\xb9\xbe',
 'crawl_time': 1518413556.407,
 'description': None,
 'down_payment': None,
 'house_address': u'\u82b3\u6751\u5927\u9053\u897f\u5927\u9e4f\u885752\u53f7-64\u53f7\uff08\u53cc\uff09\uff08\u8354\u6e7e\u533a\u59d4\u897f\u884c500\u7c73\uff09',
 'house_name': u'\u8354\u6c5f\u7f8e\u7b51',
 'id': '2205cc70-0fb6-11e8-8f29-382c4a16ce75',
 'monthly_payment': None,
 'province': u'\u5e7f\u4e1c\u7701',
 'source': u'\u5b89\u5c45\u5ba2',
 'total_price': None,
 'type': u'new',
 'unit_price': u'21868',
 'url': 'https://gz.fang.anjuke.com/loupan/canshu-238986.html'}
2018-02-12 13:32:40 [scrapy.extensions.throttle] INFO: slot: gz.fang.anjuke.com | conc: 1 | delay: 4000 ms (+0) | latency:  391 ms | size: 27082 bytes
2018-02-12 13:32:40 [scrapy.core.engine] DEBUG: Crawled (200) <GET https://gz.fang.anjuke.com/loupan/canshu-239122.html> (referer: https://gz.fang.anjuke.com/loupan/239122.html)
2018-02-12 13:32:41 [scrapy.core.scraper] DEBUG: Scraped from <200 https://gz.fang.anjuke.com/loupan/canshu-239122.html>
{'build_year': u'2012',
 'city': '\xe5\xb9\xbf\xe5\xb7\x9e',
 'county': '\xe8\x8d\x94\xe6\xb9\xbe',
 'crawl_time': 1518413560.938,
 'description': None,
 'down_payment': None,
 'house_address': u'\u6d41\u82b1\u8def\u541b\u6e56\u4e00\u88571\uff0d4\u53f7\u3001\u541b\u6e56\u4e8c\u88571\u53f7\uff08\u9646\u519b\u603b\u533b\u9662\u897f\u884c300\u7c73\uff09',
 'house_name': u'\u5bcc\u529b\u541b\u6e56\u534e\u5ead',
 'id': '24b92c9e-0fb6-11e8-b669-382c4a16ce75',
 'monthly_payment': None,
 'province': u'\u5e7f\u4e1c\u7701',
 'source': u'\u5b89\u5c45\u5ba2',
 'total_price': None,
 'type': u'new',
 'unit_price': u'34090',
 'url': 'https://gz.fang.anjuke.com/loupan/canshu-239122.html'}
2018-02-12 13:32:46 [scrapy.extensions.throttle] INFO: slot: gz.fang.anjuke.com | conc: 1 | delay: 4000 ms (+0) | latency:  360 ms | size: 27316 bytes
2018-02-12 13:32:46 [scrapy.core.engine] DEBUG: Crawled (200) <GET https://gz.fang.anjuke.com/loupan/canshu-248708.html> (referer: https://gz.fang.anjuke.com/loupan/248708.html)
2018-02-12 13:32:46 [scrapy.core.scraper] DEBUG: Scraped from <200 https://gz.fang.anjuke.com/loupan/canshu-248708.html>
{'build_year': u'2014',
 'city': '\xe5\xb9\xbf\xe5\xb7\x9e',
 'county': '\xe8\x8d\x94\xe6\xb9\xbe',
 'crawl_time': 1518413566.876,
 'description': None,
 'down_payment': u'74.7',
 'house_address': u'\u4e1c\u6f16\u5357\u8def#90-#114\u53cc\u53f7',
 'house_name': u'\u7fe0\u8377\u8f69',
 'id': '28433dc0-0fb6-11e8-a86d-382c4a16ce75',
 'monthly_payment': u'9250.57',
 'province': u'\u5e7f\u4e1c\u7701',
 'source': u'\u5b89\u5c45\u5ba2',
 'total_price': u'249',
 'type': u'new',
 'unit_price': u'30000',
 'url': 'https://gz.fang.anjuke.com/loupan/canshu-248708.html'}
2018-02-12 13:32:52 [scrapy.extensions.throttle] INFO: slot: gz.fang.anjuke.com | conc: 1 | delay: 4000 ms (+0) | latency:  358 ms | size: 27292 bytes
2018-02-12 13:32:52 [scrapy.core.engine] DEBUG: Crawled (200) <GET https://gz.fang.anjuke.com/loupan/canshu-250986.html> (referer: https://gz.fang.anjuke.com/loupan/250986.html)
2018-02-12 13:32:52 [scrapy.core.scraper] DEBUG: Scraped from <200 https://gz.fang.anjuke.com/loupan/canshu-250986.html>
{'build_year': u'2014',
 'city': '\xe5\xb9\xbf\xe5\xb7\x9e',
 'county': '\xe8\x8d\x94\xe6\xb9\xbe',
 'crawl_time': 1518413572.501,
 'description': None,
 'down_payment': u'30.9',
 'house_address': u'\u8336\u6ed8\u8def105\u53f7\u6c7e\u6c34\u82b1\u56ed\u7b2c1\u680b\uff08\u8336\u6ed8\u6d3e\u51fa\u6240\u65c1\uff09',
 'house_name': u'\u6c7e\u6c34\u82b1\u56ed',
 'id': '2b9d8c4f-0fb6-11e8-b911-382c4a16ce75',
 'monthly_payment': u'3826.54',
 'province': u'\u5e7f\u4e1c\u7701',
 'source': u'\u5b89\u5c45\u5ba2',
 'total_price': u'103',
 'type': u'new',
 'unit_price': u'23000',
 'url': 'https://gz.fang.anjuke.com/loupan/canshu-250986.html'}
2018-02-12 13:32:58 [scrapy.extensions.throttle] INFO: slot: gz.fang.anjuke.com | conc: 1 | delay: 4000 ms (+0) | latency:  390 ms | size: 28187 bytes
2018-02-12 13:32:58 [scrapy.core.engine] DEBUG: Crawled (200) <GET https://gz.fang.anjuke.com/loupan/canshu-400988.html> (referer: https://gz.fang.anjuke.com/loupan/400988.html)
2018-02-12 13:32:58 [scrapy.core.scraper] DEBUG: Scraped from <200 https://gz.fang.anjuke.com/loupan/canshu-400988.html>
{'build_year': u'2017',
 'city': '\xe5\xb9\xbf\xe5\xb7\x9e',
 'county': '\xe8\x8d\x94\xe6\xb9\xbe',
 'crawl_time': 1518413578.423,
 'description': None,
 'down_payment': None,
 'house_address': u'\u5927\u5766\u6c99\u5c9b\u5e7f\u5b89\u8def2\u30014\u30016\u30018\u300110\u53f7',
 'house_name': u'\u91d1\u6e7e\u660e\u73e0',
 'id': '2f252c70-0fb6-11e8-9e36-382c4a16ce75',
 'monthly_payment': None,
 'province': u'\u5e7f\u4e1c\u7701',
 'source': u'\u5b89\u5c45\u5ba2',
 'total_price': None,
 'type': u'new',
 'unit_price': None,
 'url': 'https://gz.fang.anjuke.com/loupan/canshu-400988.html'}
2018-02-12 13:33:03 [scrapy.extensions.throttle] INFO: slot: gz.fang.anjuke.com | conc: 1 | delay: 4000 ms (+0) | latency:  625 ms | size: 27416 bytes
2018-02-12 13:33:03 [scrapy.core.engine] DEBUG: Crawled (200) <GET https://gz.fang.anjuke.com/loupan/canshu-239304.html> (referer: https://gz.fang.anjuke.com/loupan/239304.html)
2018-02-12 13:33:03 [scrapy.core.scraper] DEBUG: Scraped from <200 https://gz.fang.anjuke.com/loupan/canshu-239304.html>
{'build_year': u'2016',
 'city': '\xe5\xb9\xbf\xe5\xb7\x9e',
 'county': '\xe8\x8d\x94\xe6\xb9\xbe',
 'crawl_time': 1518413583.595,
 'description': None,
 'down_payment': u'134.1',
 'house_address': u'\u9f99\u6d25\u4e2d\u8def459-471\u53f7',
 'house_name': u'\u9f99\u6d25\u4e16\u5bb6',
 'id': '323a5bb0-0fb6-11e8-a958-382c4a16ce75',
 'monthly_payment': u'16606.44',
 'province': u'\u5e7f\u4e1c\u7701',
 'source': u'\u5b89\u5c45\u5ba2',
 'total_price': u'447',
 'type': u'new',
 'unit_price': u'47000',
 'url': 'https://gz.fang.anjuke.com/loupan/canshu-239304.html'}
2018-02-12 13:33:07 [scrapy.extensions.throttle] INFO: slot: gz.fang.anjuke.com | conc: 1 | delay: 4000 ms (+0) | latency:  328 ms | size: 27879 bytes
2018-02-12 13:33:07 [scrapy.core.engine] DEBUG: Crawled (200) <GET https://gz.fang.anjuke.com/loupan/canshu-250114.html> (referer: https://gz.fang.anjuke.com/loupan/250114.html)
2018-02-12 13:33:07 [scrapy.core.scraper] DEBUG: Scraped from <200 https://gz.fang.anjuke.com/loupan/canshu-250114.html>
{'build_year': u'2016',
 'city': '\xe5\xb9\xbf\xe5\xb7\x9e',
 'county': '\xe8\x8d\x94\xe6\xb9\xbe',
 'crawl_time': 1518413587.72,
 'description': None,
 'down_payment': u'100',
 'house_address': u'\u82b1\u5730\u5927\u9053\u535766\u53f7\uff08\u897f\u5871\u5730\u94c1B\u51fa\u53e3\u5f80\u82b1\u5730\u6cb3\u524d\u884c300m\uff09',
 'house_name': u'\u8fdc\u5927\u82b3\u534e\u90fd\u6c47',
 'id': '34afc880-0fb6-11e8-9920-382c4a16ce75',
 'monthly_payment': u'5307.27',
 'province': u'\u5e7f\u4e1c\u7701',
 'source': u'\u5b89\u5c45\u5ba2',
 'total_price': u'200',
 'type': u'new',
 'unit_price': u'25000',
 'url': 'https://gz.fang.anjuke.com/loupan/canshu-250114.html'}
2018-02-12 13:33:13 [scrapy.extensions.throttle] INFO: slot: gz.fang.anjuke.com | conc: 1 | delay: 4000 ms (+0) | latency:  421 ms | size: 27192 bytes
2018-02-12 13:33:13 [scrapy.core.engine] DEBUG: Crawled (200) <GET https://gz.fang.anjuke.com/loupan/canshu-245656.html> (referer: https://gz.fang.anjuke.com/loupan/245656.html)
2018-02-12 13:33:13 [scrapy.core.scraper] DEBUG: Scraped from <200 https://gz.fang.anjuke.com/loupan/canshu-245656.html>
{'build_year': u'2015',
 'city': '\xe5\xb9\xbf\xe5\xb7\x9e',
 'county': '\xe8\x8d\x94\xe6\xb9\xbe',
 'crawl_time': 1518413593.298,
 'description': None,
 'down_payment': u'159',
 'house_address': u'\u539f\u5e7f\u5dde\u81f3\u5c0a\u9ad8\u5c14\u592b\u573a\u5730',
 'house_name': u'\u8def\u52b2\u96bd\u6cf7\u6e7e',
 'id': '3802eb21-0fb6-11e8-973f-382c4a16ce75',
 'monthly_payment': u'19689.96',
 'province': u'\u5e7f\u4e1c\u7701',
 'source': u'\u5b89\u5c45\u5ba2',
 'total_price': u'530',
 'type': u'new',
 'unit_price': u'26000',
 'url': 'https://gz.fang.anjuke.com/loupan/canshu-245656.html'}
2018-02-12 13:33:16 [scrapy.extensions.throttle] INFO: slot: gz.fang.anjuke.com | conc: 1 | delay: 4000 ms (+0) | latency:  312 ms | size: 26503 bytes
2018-02-12 13:33:16 [scrapy.core.engine] DEBUG: Crawled (200) <GET https://gz.fang.anjuke.com/loupan/canshu-415453.html> (referer: https://gz.fang.anjuke.com/loupan/415453.html)
2018-02-12 13:33:16 [scrapy.core.scraper] DEBUG: Scraped from <200 https://gz.fang.anjuke.com/loupan/canshu-415453.html>
{'build_year': u'2018',
 'city': '\xe5\xb9\xbf\xe5\xb7\x9e',
 'county': '\xe8\x8d\x94\xe6\xb9\xbe',
 'crawl_time': 1518413596.251,
 'description': None,
 'down_payment': None,
 'house_address': u'\u6587\u660c\u5357\u8def\u65e7\u5b9d\u534e23\u53f7',
 'house_name': u'\u7ca4\u6d77\u5b9d\u534e\u8f69',
 'id': '39c582ae-0fb6-11e8-a8ec-382c4a16ce75',
 'monthly_payment': None,
 'province': u'\u5e7f\u4e1c\u7701',
 'source': u'\u5b89\u5c45\u5ba2',
 'total_price': None,
 'type': u'new',
 'unit_price': None,
 'url': 'https://gz.fang.anjuke.com/loupan/canshu-415453.html'}
2018-02-12 13:33:19 [scrapy.extensions.throttle] INFO: slot: gz.fang.anjuke.com | conc: 1 | delay: 4000 ms (+0) | latency:  406 ms | size: 27309 bytes
2018-02-12 13:33:19 [scrapy.core.engine] DEBUG: Crawled (200) <GET https://gz.fang.anjuke.com/loupan/canshu-389863.html> (referer: https://gz.fang.anjuke.com/loupan/389863.html)
2018-02-12 13:33:19 [scrapy.core.scraper] DEBUG: Scraped from <200 https://gz.fang.anjuke.com/loupan/canshu-389863.html>
{'build_year': None,
 'city': '\xe5\xb9\xbf\xe5\xb7\x9e',
 'county': '\xe8\x8d\x94\xe6\xb9\xbe',
 'crawl_time': 1518413599.689,
 'description': None,
 'down_payment': None,
 'house_address': u'\u4e1c\u6f16\u5357\u8def\uff08\u82b3\u6751\u82b1\u56ed\u5bf9\u9762\uff09',
 'house_name': u'\u4fdd\u5229\u897f\u60a6\u6e7e',
 'id': '3bd21b8f-0fb6-11e8-a39d-382c4a16ce75',
 'monthly_payment': None,
 'province': u'\u5e7f\u4e1c\u7701',
 'source': u'\u5b89\u5c45\u5ba2',
 'total_price': None,
 'type': u'new',
 'unit_price': None,
 'url': 'https://gz.fang.anjuke.com/loupan/canshu-389863.html'}
2018-02-12 13:33:22 [scrapy.extensions.logstats] INFO: Crawled 99 pages (at 12 pages/min), scraped 46 items (at 12 items/min)
2018-02-12 13:33:25 [scrapy.extensions.throttle] INFO: slot: gz.fang.anjuke.com | conc: 1 | delay: 4000 ms (+0) | latency:  469 ms | size: 26874 bytes
2018-02-12 13:33:25 [scrapy.core.engine] DEBUG: Crawled (200) <GET https://gz.fang.anjuke.com/loupan/canshu-241237.html> (referer: https://gz.fang.anjuke.com/loupan/241237.html)
2018-02-12 13:33:25 [scrapy.core.scraper] DEBUG: Scraped from <200 https://gz.fang.anjuke.com/loupan/canshu-241237.html>
{'build_year': u'2011',
 'city': '\xe5\xb9\xbf\xe5\xb7\x9e',
 'county': '\xe8\x8d\x94\xe6\xb9\xbe',
 'crawl_time': 1518413605.736,
 'description': None,
 'down_payment': None,
 'house_address': u'\u4f5b\u5c71\u5357\u6d77\u4e0e\u82b3\u6751\u63a5\u58e4\u533a\u57df\u5357\u6d77\u5927\u6ca5\u9547\u76d0\u6b65\u76d0\u79c0\u8def1\u53f7',
 'house_name': u'\u9886\u5730\u6d77\u7eb3\u5929\u6cb3\u82b1\u56ed',
 'id': '3f6cce80-0fb6-11e8-9303-382c4a16ce75',
 'monthly_payment': None,
 'province': u'\u5e7f\u4e1c\u7701',
 'source': u'\u5b89\u5c45\u5ba2',
 'total_price': None,
 'type': u'new',
 'unit_price': u'10000',
 'url': 'https://gz.fang.anjuke.com/loupan/canshu-241237.html'}
2018-02-12 13:33:31 [scrapy.extensions.throttle] INFO: slot: gz.fang.anjuke.com | conc: 1 | delay: 4000 ms (+0) | latency:  687 ms | size: 26573 bytes
2018-02-12 13:33:31 [scrapy.core.engine] DEBUG: Crawled (200) <GET https://gz.fang.anjuke.com/loupan/canshu-410672.html> (referer: https://gz.fang.anjuke.com/loupan/410672.html)
2018-02-12 13:33:31 [scrapy.core.scraper] DEBUG: Scraped from <200 https://gz.fang.anjuke.com/loupan/canshu-410672.html>
{'build_year': u'2014',
 'city': '\xe5\xb9\xbf\xe5\xb7\x9e',
 'county': '\xe8\x8d\x94\xe6\xb9\xbe',
 'crawl_time': 1518413611.626,
 'description': None,
 'down_payment': u'50',
 'house_address': u'\u4e0b\u4e5d\u8def',
 'house_name': u'\u529b\u8fc5\u4e0a\u4e0b\u4e5d\u897f\u95e8\u753a',
 'id': '42ef8c9e-0fb6-11e8-9b38-382c4a16ce75',
 'monthly_payment': u'2653.63',
 'province': u'\u5e7f\u4e1c\u7701',
 'source': u'\u5b89\u5c45\u5ba2',
 'total_price': u'100',
 'type': u'new',
 'unit_price': None,
 'url': 'https://gz.fang.anjuke.com/loupan/canshu-410672.html'}
2018-02-12 13:33:34 [scrapy.extensions.throttle] INFO: slot: gz.fang.anjuke.com | conc: 1 | delay: 4000 ms (+0) | latency:  375 ms | size: 26674 bytes
2018-02-12 13:33:34 [scrapy.core.engine] DEBUG: Crawled (200) <GET https://gz.fang.anjuke.com/loupan/canshu-245447.html> (referer: https://gz.fang.anjuke.com/loupan/245447.html)
2018-02-12 13:33:35 [scrapy.core.scraper] DEBUG: Scraped from <200 https://gz.fang.anjuke.com/loupan/canshu-245447.html>
{'build_year': u'2013',
 'city': '\xe5\xb9\xbf\xe5\xb7\x9e',
 'county': '\xe8\x8d\x94\xe6\xb9\xbe',
 'crawl_time': 1518413615.095,
 'description': None,
 'down_payment': None,
 'house_address': u'\u897f\u6e7e\u8def149\u53f7',
 'house_name': u'\u8d22\u5bcc\u516c\u9986',
 'id': '4500e070-0fb6-11e8-bf09-382c4a16ce75',
 'monthly_payment': None,
 'province': u'\u5e7f\u4e1c\u7701',
 'source': u'\u5b89\u5c45\u5ba2',
 'total_price': None,
 'type': u'new',
 'unit_price': u'21545',
 'url': 'https://gz.fang.anjuke.com/loupan/canshu-245447.html'}
2018-02-12 13:33:38 [scrapy.extensions.throttle] INFO: slot: gz.fang.anjuke.com | conc: 1 | delay: 4000 ms (+0) | latency:  437 ms | size: 27181 bytes
2018-02-12 13:33:38 [scrapy.core.engine] DEBUG: Crawled (200) <GET https://gz.fang.anjuke.com/loupan/canshu-241078.html> (referer: https://gz.fang.anjuke.com/loupan/241078.html)
2018-02-12 13:33:38 [scrapy.core.scraper] DEBUG: Scraped from <200 https://gz.fang.anjuke.com/loupan/canshu-241078.html>
{'build_year': u'2013',
 'city': '\xe5\xb9\xbf\xe5\xb7\x9e',
 'county': '\xe8\x8d\x94\xe6\xb9\xbe',
 'crawl_time': 1518413618.142,
 'description': None,
 'down_payment': None,
 'house_address': u'\u897f\u534e\u8def\u767d\u9a6c\u6d8c\u8fb9\u897f\u534e\u82d1',
 'house_name': u'\u57ce\u897f\u60a6\u5bb6',
 'id': '46d1cfde-0fb6-11e8-ac97-382c4a16ce75',
 'monthly_payment': None,
 'province': u'\u5e7f\u4e1c\u7701',
 'source': u'\u5b89\u5c45\u5ba2',
 'total_price': None,
 'type': u'new',
 'unit_price': u'11363',
 'url': 'https://gz.fang.anjuke.com/loupan/canshu-241078.html'}
2018-02-12 13:33:43 [scrapy.extensions.throttle] INFO: slot: gz.fang.anjuke.com | conc: 1 | delay: 4000 ms (+0) | latency:  671 ms | size: 37233 bytes
2018-02-12 13:33:43 [scrapy.core.engine] DEBUG: Crawled (200) <GET https://gz.fang.anjuke.com/loupan/240527.html> (referer: https://gz.fang.anjuke.com/loupan/liwan/p2/)
2018-02-12 13:33:48 [scrapy.extensions.throttle] INFO: slot: gz.fang.anjuke.com | conc: 1 | delay: 4000 ms (+0) | latency:  437 ms | size: 45213 bytes
2018-02-12 13:33:48 [scrapy.core.engine] DEBUG: Crawled (200) <GET https://gz.fang.anjuke.com/loupan/249629.html> (referer: https://gz.fang.anjuke.com/loupan/liwan/)
2018-02-12 13:33:53 [scrapy.extensions.throttle] INFO: slot: gz.fang.anjuke.com | conc: 1 | delay: 4000 ms (+0) | latency:  405 ms | size: 36584 bytes
2018-02-12 13:33:53 [scrapy.core.engine] DEBUG: Crawled (200) <GET https://gz.fang.anjuke.com/loupan/240882.html> (referer: https://gz.fang.anjuke.com/loupan/liwan/)
2018-02-12 13:33:57 [scrapy.extensions.throttle] INFO: slot: gz.fang.anjuke.com | conc: 1 | delay: 4000 ms (+0) | latency:  406 ms | size: 35027 bytes
2018-02-12 13:33:57 [scrapy.core.engine] DEBUG: Crawled (200) <GET https://gz.fang.anjuke.com/loupan/245260.html> (referer: https://gz.fang.anjuke.com/loupan/liwan/)
2018-02-12 13:34:03 [scrapy.extensions.throttle] INFO: slot: gz.fang.anjuke.com | conc: 1 | delay: 4000 ms (+0) | latency:  593 ms | size: 33325 bytes
2018-02-12 13:34:03 [scrapy.core.engine] DEBUG: Crawled (200) <GET https://gz.fang.anjuke.com/loupan/419214.html> (referer: https://gz.fang.anjuke.com/loupan/liwan/)
2018-02-12 13:34:07 [scrapy.extensions.throttle] INFO: slot: gz.fang.anjuke.com | conc: 1 | delay: 4000 ms (+0) | latency:  437 ms | size: 40334 bytes
2018-02-12 13:34:07 [scrapy.core.engine] DEBUG: Crawled (200) <GET https://gz.fang.anjuke.com/loupan/239239.html> (referer: https://gz.fang.anjuke.com/loupan/liwan/)
2018-02-12 13:34:12 [scrapy.extensions.throttle] INFO: slot: gz.fang.anjuke.com | conc: 1 | delay: 4000 ms (+0) | latency:  516 ms | size: 34143 bytes
2018-02-12 13:34:12 [scrapy.core.engine] DEBUG: Crawled (200) <GET https://gz.fang.anjuke.com/loupan/416468.html> (referer: https://gz.fang.anjuke.com/loupan/liwan/)
2018-02-12 13:34:16 [scrapy.extensions.throttle] INFO: slot: gz.fang.anjuke.com | conc: 1 | delay: 4000 ms (+0) | latency:  437 ms | size: 36905 bytes
2018-02-12 13:34:16 [scrapy.core.engine] DEBUG: Crawled (200) <GET https://gz.fang.anjuke.com/loupan/400616.html> (referer: https://gz.fang.anjuke.com/loupan/liwan/)
2018-02-12 13:34:19 [scrapy.extensions.throttle] INFO: slot: gz.fang.anjuke.com | conc: 1 | delay: 4000 ms (+0) | latency:  389 ms | size: 40487 bytes
2018-02-12 13:34:19 [scrapy.core.engine] DEBUG: Crawled (200) <GET https://gz.fang.anjuke.com/loupan/248186.html> (referer: https://gz.fang.anjuke.com/loupan/liwan/)
2018-02-12 13:34:22 [scrapy.extensions.logstats] INFO: Crawled 112 pages (at 13 pages/min), scraped 50 items (at 4 items/min)
2018-02-12 13:34:25 [scrapy.extensions.throttle] INFO: slot: gz.fang.anjuke.com | conc: 1 | delay: 4000 ms (+0) | latency:  500 ms | size: 41289 bytes
2018-02-12 13:34:25 [scrapy.core.engine] DEBUG: Crawled (200) <GET https://gz.fang.anjuke.com/loupan/253221.html> (referer: https://gz.fang.anjuke.com/loupan/liwan/)
2018-02-12 13:34:30 [scrapy.extensions.throttle] INFO: slot: gz.fang.anjuke.com | conc: 1 | delay: 4000 ms (+0) | latency:  421 ms | size: 41207 bytes
2018-02-12 13:34:30 [scrapy.core.engine] DEBUG: Crawled (200) <GET https://gz.fang.anjuke.com/loupan/400939.html> (referer: https://gz.fang.anjuke.com/loupan/liwan/)
2018-02-12 13:34:35 [scrapy.extensions.throttle] INFO: slot: gz.fang.anjuke.com | conc: 1 | delay: 4000 ms (+0) | latency:  530 ms | size: 40742 bytes
2018-02-12 13:34:35 [scrapy.core.engine] DEBUG: Crawled (200) <GET https://gz.fang.anjuke.com/loupan/239140.html> (referer: https://gz.fang.anjuke.com/loupan/liwan/)
2018-02-12 13:34:41 [scrapy.extensions.throttle] INFO: slot: gz.fang.anjuke.com | conc: 1 | delay: 4000 ms (+0) | latency:  530 ms | size: 42043 bytes
2018-02-12 13:34:41 [scrapy.core.engine] DEBUG: Crawled (200) <GET https://gz.fang.anjuke.com/loupan/413915.html> (referer: https://gz.fang.anjuke.com/loupan/liwan/)
2018-02-12 13:34:46 [scrapy.extensions.throttle] INFO: slot: gz.fang.anjuke.com | conc: 1 | delay: 4000 ms (+0) | latency:  468 ms | size: 38500 bytes
2018-02-12 13:34:46 [scrapy.core.engine] DEBUG: Crawled (200) <GET https://gz.fang.anjuke.com/loupan/416276.html> (referer: https://gz.fang.anjuke.com/loupan/liwan/)
2018-02-12 13:34:51 [scrapy.extensions.throttle] INFO: slot: gz.fang.anjuke.com | conc: 1 | delay: 4000 ms (+0) | latency:  562 ms | size: 41651 bytes
2018-02-12 13:34:51 [scrapy.core.engine] DEBUG: Crawled (200) <GET https://gz.fang.anjuke.com/loupan/431749.html> (referer: https://gz.fang.anjuke.com/loupan/liwan/)
2018-02-12 13:34:56 [scrapy.extensions.throttle] INFO: slot: gz.fang.anjuke.com | conc: 1 | delay: 4000 ms (+0) | latency:  312 ms | size: 26761 bytes
2018-02-12 13:34:56 [scrapy.core.engine] DEBUG: Crawled (200) <GET https://gz.fang.anjuke.com/loupan/canshu-240527.html> (referer: https://gz.fang.anjuke.com/loupan/240527.html)
2018-02-12 13:34:57 [scrapy.core.scraper] DEBUG: Scraped from <200 https://gz.fang.anjuke.com/loupan/canshu-240527.html>
{'build_year': u'2012',
 'city': '\xe5\xb9\xbf\xe5\xb7\x9e',
 'county': '\xe8\x8d\x94\xe6\xb9\xbe',
 'crawl_time': 1518413697.002,
 'description': None,
 'down_payment': None,
 'house_address': u'\u9f99\u6e7e\u8def2\u53f7(\u5730\u94c1\u4e00\u53f7\u7ebf\u82b3\u6751\u7ad9C\u51fa\u53e3)',
 'house_name': u'\u9f99\u6e7e\u8d30\u53f7',
 'id': '75d2e4a1-0fb6-11e8-8877-382c4a16ce75',
 'monthly_payment': None,
 'province': u'\u5e7f\u4e1c\u7701',
 'source': u'\u5b89\u5c45\u5ba2',
 'total_price': None,
 'type': u'new',
 'unit_price': u'16000',
 'url': 'https://gz.fang.anjuke.com/loupan/canshu-240527.html'}
2018-02-12 13:35:00 [scrapy.extensions.throttle] INFO: slot: gz.fang.anjuke.com | conc: 1 | delay: 4000 ms (+0) | latency:  281 ms | size: 27342 bytes
2018-02-12 13:35:00 [scrapy.core.engine] DEBUG: Crawled (200) <GET https://gz.fang.anjuke.com/loupan/canshu-249629.html> (referer: https://gz.fang.anjuke.com/loupan/249629.html)
2018-02-12 13:35:01 [scrapy.core.scraper] DEBUG: Scraped from <200 https://gz.fang.anjuke.com/loupan/canshu-249629.html>
{'build_year': u'2017',
 'city': '\xe5\xb9\xbf\xe5\xb7\x9e',
 'county': '\xe8\x8d\x94\xe6\xb9\xbe',
 'crawl_time': 1518413700.956,
 'description': None,
 'down_payment': None,
 'house_address': u'\u5766\u5c3e\u897f\u6d77\u5357\u8def',
 'house_name': u'\u82b1\u8bed\u6c34\u5cb8',
 'id': '782e39c0-0fb6-11e8-8b16-382c4a16ce75',
 'monthly_payment': None,
 'province': u'\u5e7f\u4e1c\u7701',
 'source': u'\u5b89\u5c45\u5ba2',
 'total_price': u'574',
 'type': u'new',
 'unit_price': u'28000',
 'url': 'https://gz.fang.anjuke.com/loupan/canshu-249629.html'}
2018-02-12 13:35:03 [scrapy.extensions.throttle] INFO: slot: gz.fang.anjuke.com | conc: 1 | delay: 4000 ms (+0) | latency:  469 ms | size: 27140 bytes
2018-02-12 13:35:03 [scrapy.core.engine] DEBUG: Crawled (200) <GET https://gz.fang.anjuke.com/loupan/canshu-240882.html> (referer: https://gz.fang.anjuke.com/loupan/240882.html)
2018-02-12 13:35:03 [scrapy.core.scraper] DEBUG: Scraped from <200 https://gz.fang.anjuke.com/loupan/canshu-240882.html>
{'build_year': u'2016',
 'city': '\xe5\xb9\xbf\xe5\xb7\x9e',
 'county': '\xe8\x8d\x94\xe6\xb9\xbe',
 'crawl_time': 1518413703.69,
 'description': None,
 'down_payment': None,
 'house_address': u'\u9f99\u6eaa\u4e2d\u8def',
 'house_name': u'\u4e2d\u56fd\u94c1\u5efa\u8354\u6e7e\u56fd\u9645\u57ce',
 'id': '79cf66a1-0fb6-11e8-bb0c-382c4a16ce75',
 'monthly_payment': None,
 'province': u'\u5e7f\u4e1c\u7701',
 'source': u'\u5b89\u5c45\u5ba2',
 'total_price': None,
 'type': u'new',
 'unit_price': None,
 'url': 'https://gz.fang.anjuke.com/loupan/canshu-240882.html'}
2018-02-12 13:35:08 [scrapy.extensions.throttle] INFO: slot: gz.fang.anjuke.com | conc: 1 | delay: 4000 ms (+0) | latency:  547 ms | size: 28884 bytes
2018-02-12 13:35:08 [scrapy.core.engine] DEBUG: Crawled (200) <GET https://gz.fang.anjuke.com/loupan/canshu-245260.html> (referer: https://gz.fang.anjuke.com/loupan/245260.html)
2018-02-12 13:35:08 [scrapy.core.scraper] DEBUG: Scraped from <200 https://gz.fang.anjuke.com/loupan/canshu-245260.html>
{'build_year': None,
 'city': '\xe5\xb9\xbf\xe5\xb7\x9e',
 'county': '\xe8\x8d\x94\xe6\xb9\xbe',
 'crawl_time': 1518413708.628,
 'description': None,
 'down_payment': None,
 'house_address': u'\u4e1c\u98ce\u897f\u8def\u6e90\u6eaa\u5927\u885714-20\u53f7',
 'house_name': u'\u5e73\u5357\u5b9e\u4e1a\u4e1c\u98ce\u897f\u8def\u9879\u76ee',
 'id': '7cc0e140-0fb6-11e8-84ec-382c4a16ce75',
 'monthly_payment': None,
 'province': u'\u5e7f\u4e1c\u7701',
 'source': u'\u5b89\u5c45\u5ba2',
 'total_price': None,
 'type': u'new',
 'unit_price': None,
 'url': 'https://gz.fang.anjuke.com/loupan/canshu-245260.html'}
2018-02-12 13:35:14 [scrapy.extensions.throttle] INFO: slot: gz.fang.anjuke.com | conc: 1 | delay: 4000 ms (+0) | latency:  453 ms | size: 27737 bytes
2018-02-12 13:35:14 [scrapy.core.engine] DEBUG: Crawled (200) <GET https://gz.fang.anjuke.com/loupan/canshu-419214.html> (referer: https://gz.fang.anjuke.com/loupan/419214.html)
2018-02-12 13:35:14 [scrapy.core.scraper] DEBUG: Scraped from <200 https://gz.fang.anjuke.com/loupan/canshu-419214.html>
{'build_year': u'2020',
 'city': '\xe5\xb9\xbf\xe5\xb7\x9e',
 'county': '\xe8\x8d\x94\xe6\xb9\xbe',
 'crawl_time': 1518413714.159,
 'description': None,
 'down_payment': None,
 'house_address': u'\u897f\u6717\u5927\u9053',
 'house_name': u'\u897f\u6717\u5927\u9053\u9879\u76ee',
 'id': '800cd7ee-0fb6-11e8-a26e-382c4a16ce75',
 'monthly_payment': None,
 'province': u'\u5e7f\u4e1c\u7701',
 'source': u'\u5b89\u5c45\u5ba2',
 'total_price': None,
 'type': u'new',
 'unit_price': None,
 'url': 'https://gz.fang.anjuke.com/loupan/canshu-419214.html'}
2018-02-12 13:35:19 [scrapy.extensions.throttle] INFO: slot: gz.fang.anjuke.com | conc: 1 | delay: 4000 ms (+0) | latency:  328 ms | size: 30671 bytes
2018-02-12 13:35:19 [scrapy.core.engine] DEBUG: Crawled (200) <GET https://gz.fang.anjuke.com/loupan/canshu-239239.html> (referer: https://gz.fang.anjuke.com/loupan/239239.html)
2018-02-12 13:35:19 [scrapy.core.scraper] DEBUG: Scraped from <200 https://gz.fang.anjuke.com/loupan/canshu-239239.html>
{'build_year': u'2010',
 'city': '\xe5\xb9\xbf\xe5\xb7\x9e',
 'county': '\xe8\x8d\x94\xe6\xb9\xbe',
 'crawl_time': 1518413719.628,
 'description': None,
 'down_payment': u'510',
 'house_address': u'\u6d41\u82b1\u8def73\u53f7\uff08\u5fb7\u5b9d\u4fdd\u9f84\u7403\u9986\u5bf9\u9762\uff09',
 'house_name': u'\u6d41\u82b1\u541b\u5ead',
 'id': '834f58c0-0fb6-11e8-ac31-382c4a16ce75',
 'monthly_payment': u'63156.48',
 'province': u'\u5e7f\u4e1c\u7701',
 'source': u'\u5b89\u5c45\u5ba2',
 'total_price': u'1700',
 'type': u'new',
 'unit_price': u'68000',
 'url': 'https://gz.fang.anjuke.com/loupan/canshu-239239.html'}
2018-02-12 13:35:22 [scrapy.extensions.logstats] INFO: Crawled 124 pages (at 12 pages/min), scraped 56 items (at 6 items/min)
2018-02-12 13:35:25 [scrapy.extensions.throttle] INFO: slot: gz.fang.anjuke.com | conc: 1 | delay: 4000 ms (+0) | latency:  391 ms | size: 28180 bytes
2018-02-12 13:35:25 [scrapy.core.engine] DEBUG: Crawled (200) <GET https://gz.fang.anjuke.com/loupan/canshu-416468.html> (referer: https://gz.fang.anjuke.com/loupan/416468.html)
2018-02-12 13:35:25 [scrapy.core.scraper] DEBUG: Scraped from <200 https://gz.fang.anjuke.com/loupan/canshu-416468.html>
{'build_year': u'2019',
 'city': '\xe5\xb9\xbf\xe5\xb7\x9e',
 'county': '\xe8\x8d\x94\xe6\xb9\xbe',
 'crawl_time': 1518413725.55,
 'description': None,
 'down_payment': None,
 'house_address': u'\u82b3\u6751\u5927\u9053\u5357\u4ee5\u897f\u9e64\u6d1e\u8def\u65c1',
 'house_name': u'\u632f\u4e1a\u5929\u9882\u82b1\u56ed',
 'id': '86d6f8de-0fb6-11e8-87d7-382c4a16ce75',
 'monthly_payment': None,
 'province': u'\u5e7f\u4e1c\u7701',
 'source': u'\u5b89\u5c45\u5ba2',
 'total_price': None,
 'type': u'new',
 'unit_price': None,
 'url': 'https://gz.fang.anjuke.com/loupan/canshu-416468.html'}
2018-02-12 13:35:30 [scrapy.extensions.throttle] INFO: slot: gz.fang.anjuke.com | conc: 1 | delay: 4000 ms (+0) | latency:  342 ms | size: 29851 bytes
2018-02-12 13:35:30 [scrapy.core.engine] DEBUG: Crawled (200) <GET https://gz.fang.anjuke.com/loupan/canshu-400616.html> (referer: https://gz.fang.anjuke.com/loupan/400616.html)
2018-02-12 13:35:31 [scrapy.core.scraper] DEBUG: Scraped from <200 https://gz.fang.anjuke.com/loupan/canshu-400616.html>
{'build_year': u'2019',
 'city': '\xe5\xb9\xbf\xe5\xb7\x9e',
 'county': '\xe8\x8d\x94\xe6\xb9\xbe',
 'crawl_time': 1518413731.034,
 'description': None,
 'down_payment': None,
 'house_address': u'\u82b3\u6751\u9e64\u6d1e\u8def\u4ee5\u5357',
 'house_name': u'\u534e\u53d1\u4e2d\u592e\u516c\u56ed',
 'id': '8a1bc39e-0fb6-11e8-91e8-382c4a16ce75',
 'monthly_payment': None,
 'province': u'\u5e7f\u4e1c\u7701',
 'source': u'\u5b89\u5c45\u5ba2',
 'total_price': None,
 'type': u'new',
 'unit_price': None,
 'url': 'https://gz.fang.anjuke.com/loupan/canshu-400616.html'}
2018-02-12 13:35:36 [scrapy.extensions.throttle] INFO: slot: gz.fang.anjuke.com | conc: 1 | delay: 4000 ms (+0) | latency:  407 ms | size: 30250 bytes
2018-02-12 13:35:36 [scrapy.core.engine] DEBUG: Crawled (200) <GET https://gz.fang.anjuke.com/loupan/canshu-248186.html> (referer: https://gz.fang.anjuke.com/loupan/248186.html)
2018-02-12 13:35:36 [scrapy.core.scraper] DEBUG: Scraped from <200 https://gz.fang.anjuke.com/loupan/canshu-248186.html>
{'build_year': u'2016',
 'city': '\xe5\xb9\xbf\xe5\xb7\x9e',
 'county': '\xe8\x8d\x94\xe6\xb9\xbe',
 'crawl_time': 1518413736.3,
 'description': None,
 'down_payment': u'115.2',
 'house_address': u'\u4e1c\u6f16\u5317\u8def76\u53f7',
 'house_name': u'\u4e3d\u548c\u534e\u5ead',
 'id': '8d3f4ac0-0fb6-11e8-9076-382c4a16ce75',
 'monthly_payment': u'14265.93',
 'province': u'\u5e7f\u4e1c\u7701',
 'source': u'\u5b89\u5c45\u5ba2',
 'total_price': u'384',
 'type': u'new',
 'unit_price': u'42000',
 'url': 'https://gz.fang.anjuke.com/loupan/canshu-248186.html'}
2018-02-12 13:35:41 [scrapy.extensions.throttle] INFO: slot: gz.fang.anjuke.com | conc: 1 | delay: 4000 ms (+0) | latency:  312 ms | size: 30271 bytes
2018-02-12 13:35:41 [scrapy.core.engine] DEBUG: Crawled (200) <GET https://gz.fang.anjuke.com/loupan/canshu-253221.html> (referer: https://gz.fang.anjuke.com/loupan/253221.html)
2018-02-12 13:35:41 [scrapy.core.scraper] DEBUG: Scraped from <200 https://gz.fang.anjuke.com/loupan/canshu-253221.html>
{'build_year': u'2019',
 'city': '\xe5\xb9\xbf\xe5\xb7\x9e',
 'county': '\xe8\x8d\x94\xe6\xb9\xbe',
 'crawl_time': 1518413741.441,
 'description': None,
 'down_payment': None,
 'house_address': u'\u60a6\u54c1\u4e8c\u8857\uff08\u5730\u94c16\u53f7\u7ebf\u6cb3\u6c99\u7ad9B\u51fa\u53e3\uff09',
 'house_name': u'\u60a6\u6c5f\u4e0a\u54c1',
 'id': '904fbf0f-0fb6-11e8-806e-382c4a16ce75',
 'monthly_payment': None,
 'province': u'\u5e7f\u4e1c\u7701',
 'source': u'\u5b89\u5c45\u5ba2',
 'total_price': None,
 'type': u'new',
 'unit_price': None,
 'url': 'https://gz.fang.anjuke.com/loupan/canshu-253221.html'}
2018-02-12 13:35:46 [scrapy.extensions.throttle] INFO: slot: gz.fang.anjuke.com | conc: 1 | delay: 4000 ms (+0) | latency:  328 ms | size: 30996 bytes
2018-02-12 13:35:46 [scrapy.core.engine] DEBUG: Crawled (200) <GET https://gz.fang.anjuke.com/loupan/canshu-400939.html> (referer: https://gz.fang.anjuke.com/loupan/400939.html)
2018-02-12 13:35:46 [scrapy.core.scraper] DEBUG: Scraped from <200 https://gz.fang.anjuke.com/loupan/canshu-400939.html>
{'build_year': u'2016',
 'city': '\xe5\xb9\xbf\xe5\xb7\x9e',
 'county': '\xe8\x8d\x94\xe6\xb9\xbe',
 'crawl_time': 1518413746.675,
 'description': None,
 'down_payment': u'64',
 'house_address': u'\u4e1c\u6c99\u8377\u666f\u8def1\u53f7',
 'house_name': u'\u5bcc\u51ef\u661f\u5824',
 'id': '936e6430-0fb6-11e8-8288-382c4a16ce75',
 'monthly_payment': u'3396.65',
 'province': u'\u5e7f\u4e1c\u7701',
 'source': u'\u5b89\u5c45\u5ba2',
 'total_price': u'128',
 'type': u'new',
 'unit_price': u'28000',
 'url': 'https://gz.fang.anjuke.com/loupan/canshu-400939.html'}
2018-02-12 13:35:52 [scrapy.extensions.throttle] INFO: slot: gz.fang.anjuke.com | conc: 1 | delay: 4000 ms (+0) | latency:  391 ms | size: 30825 bytes
2018-02-12 13:35:52 [scrapy.core.engine] DEBUG: Crawled (200) <GET https://gz.fang.anjuke.com/loupan/canshu-239140.html> (referer: https://gz.fang.anjuke.com/loupan/239140.html)
2018-02-12 13:35:52 [scrapy.core.scraper] DEBUG: Scraped from <200 https://gz.fang.anjuke.com/loupan/canshu-239140.html>
{'build_year': u'2018',
 'city': '\xe5\xb9\xbf\xe5\xb7\x9e',
 'county': '\xe8\x8d\x94\xe6\xb9\xbe',
 'crawl_time': 1518413752.488,
 'description': None,
 'down_payment': u'123.9',
 'house_address': u'\u5357\u5cb8\u8def63\u53f7',
 'house_name': u'\u7ca4\u6cf0\u8354\u6e7e\u534e\u5e9c',
 'id': '96e56280-0fb6-11e8-8cdb-382c4a16ce75',
 'monthly_payment': u'15343.31',
 'province': u'\u5e7f\u4e1c\u7701',
 'source': u'\u5b89\u5c45\u5ba2',
 'total_price': u'413',
 'type': u'new',
 'unit_price': u'47000',
 'url': 'https://gz.fang.anjuke.com/loupan/canshu-239140.html'}
2018-02-12 13:35:56 [scrapy.extensions.throttle] INFO: slot: gz.fang.anjuke.com | conc: 1 | delay: 4000 ms (+0) | latency:  312 ms | size: 29437 bytes
2018-02-12 13:35:56 [scrapy.core.engine] DEBUG: Crawled (200) <GET https://gz.fang.anjuke.com/loupan/canshu-413915.html> (referer: https://gz.fang.anjuke.com/loupan/413915.html)
2018-02-12 13:35:56 [scrapy.core.scraper] DEBUG: Scraped from <200 https://gz.fang.anjuke.com/loupan/canshu-413915.html>
{'build_year': u'2018',
 'city': '\xe5\xb9\xbf\xe5\xb7\x9e',
 'county': '\xe8\x8d\x94\xe6\xb9\xbe',
 'crawl_time': 1518413756.363,
 'description': None,
 'down_payment': u'75.3',
 'house_address': u'\u8336\u6ed8\u8def',
 'house_name': u'\u8354\u6e7e\u65b0\u57ce\u6b23\u60a6\u6e7e',
 'id': '9934a9ae-0fb6-11e8-97c1-382c4a16ce75',
 'monthly_payment': u'9324.87',
 'province': u'\u5e7f\u4e1c\u7701',
 'source': u'\u5b89\u5c45\u5ba2',
 'total_price': u'251',
 'type': u'new',
 'unit_price': u'40000',
 'url': 'https://gz.fang.anjuke.com/loupan/canshu-413915.html'}
2018-02-12 13:36:02 [scrapy.extensions.throttle] INFO: slot: gz.fang.anjuke.com | conc: 1 | delay: 4000 ms (+0) | latency:  375 ms | size: 28944 bytes
2018-02-12 13:36:02 [scrapy.core.engine] DEBUG: Crawled (200) <GET https://gz.fang.anjuke.com/loupan/canshu-416276.html> (referer: https://gz.fang.anjuke.com/loupan/416276.html)
2018-02-12 13:36:02 [scrapy.core.scraper] DEBUG: Scraped from <200 https://gz.fang.anjuke.com/loupan/canshu-416276.html>
{'build_year': u'2019',
 'city': '\xe5\xb9\xbf\xe5\xb7\x9e',
 'county': '\xe8\x8d\x94\xe6\xb9\xbe',
 'crawl_time': 1518413762.207,
 'description': None,
 'down_payment': None,
 'house_address': u'\u82b3\u6751\u5927\u9053\u5357\u4ee5\u897f\u9e64\u6d1e\u8def\u4ee5\u5357',
 'house_name': u'\u845b\u6d32\u575d\u5e7f\u5dde\u7d2b\u90e1\u5e9c',
 'id': '9cb062f0-0fb6-11e8-821d-382c4a16ce75',
 'monthly_payment': None,
 'province': u'\u5e7f\u4e1c\u7701',
 'source': u'\u5b89\u5c45\u5ba2',
 'total_price': None,
 'type': u'new',
 'unit_price': None,
 'url': 'https://gz.fang.anjuke.com/loupan/canshu-416276.html'}
2018-02-12 13:36:08 [scrapy.extensions.throttle] INFO: slot: gz.fang.anjuke.com | conc: 1 | delay: 4000 ms (+0) | latency:  359 ms | size: 29307 bytes
2018-02-12 13:36:08 [scrapy.core.engine] DEBUG: Crawled (200) <GET https://gz.fang.anjuke.com/loupan/canshu-431749.html> (referer: https://gz.fang.anjuke.com/loupan/431749.html)
2018-02-12 13:36:08 [scrapy.core.scraper] DEBUG: Scraped from <200 https://gz.fang.anjuke.com/loupan/canshu-431749.html>
{'build_year': u'2019',
 'city': '\xe5\xb9\xbf\xe5\xb7\x9e',
 'county': '\xe8\x8d\x94\xe6\xb9\xbe',
 'crawl_time': 1518413768.144,
 'description': None,
 'down_payment': u'156',
 'house_address': u'\u5e7f\u94a2\u65b0\u57ce\u5357\u533a\u4e2d\u592e\u516c\u56ed\u9996\u6392',
 'house_name': u'\u4fdd\u5229\u548c\u5149\u6668\u6a3e',
 'id': 'a03a4d00-0fb6-11e8-a5fa-382c4a16ce75',
 'monthly_payment': u'19318.45',
 'province': u'\u5e7f\u4e1c\u7701',
 'source': u'\u5b89\u5c45\u5ba2',
 'total_price': u'520',
 'type': u'new',
 'unit_price': u'51000',
 'url': 'https://gz.fang.anjuke.com/loupan/canshu-431749.html'}
2018-02-12 13:36:08 [scrapy.core.engine] INFO: Closing spider (finished)
2018-02-12 13:36:08 [scrapy.statscollectors] INFO: Dumping Scrapy stats:
{'downloader/request_bytes': 171092,
 'downloader/request_count': 133,
 'downloader/request_method_count/GET': 133,
 'downloader/response_bytes': 4549356,
 'downloader/response_count': 133,
 'downloader/response_status_count/200': 133,
 'finish_reason': 'finished',
 'finish_time': datetime.datetime(2018, 2, 12, 5, 36, 8, 285000),
 'item_scraped_count': 65,
 'log_count/DEBUG': 199,
 'log_count/INFO': 150,
 'request_depth_max': 4,
 'response_received_count': 133,
 'scheduler/dequeued': 133,
 'scheduler/dequeued/memory': 133,
 'scheduler/enqueued': 133,
 'scheduler/enqueued/memory': 133,
 'start_time': datetime.datetime(2018, 2, 12, 5, 25, 22, 401000)}
2018-02-12 13:36:08 [scrapy.core.engine] INFO: Spider closed (finished)
