2018-02-12 13:36:11 [scrapy.utils.log] INFO: Scrapy 1.4.0 started (bot: HouseCrawler)
2018-02-12 13:36:11 [scrapy.utils.log] INFO: Overridden settings: {'AUTOTHROTTLE_MAX_DELAY': 30, 'NEWSPIDER_MODULE': 'HouseCrawler.spiders', 'LOG_FILE': 'logs\\HouseCrawler\\AnjukeNewHouseSpider\\ea77ec0f0f9d11e88eff382c4a16ce75.log', 'CONCURRENT_REQUESTS_PER_DOMAIN': 1, 'SPIDER_MODULES': ['HouseCrawler.spiders'], 'AUTOTHROTTLE_START_DELAY': 6, 'BOT_NAME': 'HouseCrawler', 'AUTOTHROTTLE_ENABLED': True, 'DOWNLOAD_DELAY': 4, 'AUTOTHROTTLE_DEBUG': True}
2018-02-12 13:36:11 [scrapy.middleware] INFO: Enabled extensions:
['scrapy.extensions.logstats.LogStats',
 'scrapy.extensions.telnet.TelnetConsole',
 'scrapy.extensions.corestats.CoreStats',
 'scrapy.extensions.throttle.AutoThrottle']
2018-02-12 13:36:12 [scrapy.middleware] INFO: Enabled downloader middlewares:
['HouseCrawler.middlewares.AnjukeUserAgentMiddleware',
 'scrapy.downloadermiddlewares.httpauth.HttpAuthMiddleware',
 'scrapy.downloadermiddlewares.downloadtimeout.DownloadTimeoutMiddleware',
 'scrapy.downloadermiddlewares.defaultheaders.DefaultHeadersMiddleware',
 'scrapy.downloadermiddlewares.retry.RetryMiddleware',
 'scrapy.downloadermiddlewares.redirect.MetaRefreshMiddleware',
 'scrapy.downloadermiddlewares.httpcompression.HttpCompressionMiddleware',
 'scrapy.downloadermiddlewares.redirect.RedirectMiddleware',
 'scrapy.downloadermiddlewares.cookies.CookiesMiddleware',
 'scrapy.downloadermiddlewares.httpproxy.HttpProxyMiddleware',
 'scrapy.downloadermiddlewares.stats.DownloaderStats']
2018-02-12 13:36:12 [scrapy.middleware] INFO: Enabled spider middlewares:
['scrapy.spidermiddlewares.httperror.HttpErrorMiddleware',
 'scrapy.spidermiddlewares.offsite.OffsiteMiddleware',
 'scrapy.spidermiddlewares.referer.RefererMiddleware',
 'scrapy.spidermiddlewares.urllength.UrlLengthMiddleware',
 'scrapy.spidermiddlewares.depth.DepthMiddleware']
2018-02-12 13:36:12 [scrapy.middleware] INFO: Enabled item pipelines:
[]
2018-02-12 13:36:12 [scrapy.core.engine] INFO: Spider opened
2018-02-12 13:36:12 [scrapy.extensions.logstats] INFO: Crawled 0 pages (at 0 pages/min), scraped 0 items (at 0 items/min)
2018-02-12 13:36:12 [scrapy.extensions.telnet] DEBUG: Telnet console listening on 127.0.0.1:6023
2018-02-12 13:36:14 [scrapy.extensions.throttle] INFO: slot: gz.fang.anjuke.com | conc: 1 | delay: 4000 ms (-2000) | latency: 1780 ms | size: 32857 bytes
2018-02-12 13:36:14 [scrapy.core.engine] DEBUG: Crawled (200) <GET https://gz.fang.anjuke.com/loupan/yuexiu/> (referer: https://gz.fang.anjuke.com/)
2018-02-12 13:36:17 [scrapy.extensions.throttle] INFO: slot: gz.fang.anjuke.com | conc: 1 | delay: 4000 ms (+0) | latency:  469 ms | size: 41302 bytes
2018-02-12 13:36:17 [scrapy.core.engine] DEBUG: Crawled (200) <GET https://gz.fang.anjuke.com/loupan/414409.html> (referer: https://gz.fang.anjuke.com/loupan/yuexiu/)
2018-02-12 13:36:23 [scrapy.extensions.throttle] INFO: slot: gz.fang.anjuke.com | conc: 1 | delay: 4000 ms (+0) | latency:  844 ms | size: 42484 bytes
2018-02-12 13:36:23 [scrapy.core.engine] DEBUG: Crawled (200) <GET https://gz.fang.anjuke.com/loupan/249768.html> (referer: https://gz.fang.anjuke.com/loupan/yuexiu/)
2018-02-12 13:36:25 [scrapy.extensions.throttle] INFO: slot: gz.fang.anjuke.com | conc: 1 | delay: 4000 ms (+0) | latency:  421 ms | size: 41303 bytes
2018-02-12 13:36:25 [scrapy.core.engine] DEBUG: Crawled (200) <GET https://gz.fang.anjuke.com/loupan/238730.html> (referer: https://gz.fang.anjuke.com/loupan/yuexiu/)
2018-02-12 13:36:30 [scrapy.extensions.throttle] INFO: slot: gz.fang.anjuke.com | conc: 1 | delay: 4000 ms (+0) | latency:  422 ms | size: 41570 bytes
2018-02-12 13:36:31 [scrapy.core.engine] DEBUG: Crawled (200) <GET https://gz.fang.anjuke.com/loupan/238869.html> (referer: https://gz.fang.anjuke.com/loupan/yuexiu/)
2018-02-12 13:36:36 [scrapy.extensions.throttle] INFO: slot: gz.fang.anjuke.com | conc: 1 | delay: 4000 ms (+0) | latency:  719 ms | size: 42083 bytes
2018-02-12 13:36:36 [scrapy.core.engine] DEBUG: Crawled (200) <GET https://gz.fang.anjuke.com/loupan/250331.html> (referer: https://gz.fang.anjuke.com/loupan/yuexiu/)
2018-02-12 13:36:44 [scrapy.extensions.throttle] INFO: slot: gz.fang.anjuke.com | conc: 1 | delay: 4000 ms (+0) | latency: 2250 ms | size: 41837 bytes
2018-02-12 13:36:44 [scrapy.core.engine] DEBUG: Crawled (200) <GET https://gz.fang.anjuke.com/loupan/240861.html> (referer: https://gz.fang.anjuke.com/loupan/yuexiu/)
2018-02-12 13:36:48 [scrapy.extensions.throttle] INFO: slot: gz.fang.anjuke.com | conc: 1 | delay: 4000 ms (+0) | latency:  953 ms | size: 40142 bytes
2018-02-12 13:36:48 [scrapy.core.engine] DEBUG: Crawled (200) <GET https://gz.fang.anjuke.com/loupan/400619.html> (referer: https://gz.fang.anjuke.com/loupan/yuexiu/)
2018-02-12 13:36:53 [scrapy.extensions.throttle] INFO: slot: gz.fang.anjuke.com | conc: 1 | delay: 4000 ms (+0) | latency:  641 ms | size: 39291 bytes
2018-02-12 13:36:53 [scrapy.core.engine] DEBUG: Crawled (200) <GET https://gz.fang.anjuke.com/loupan/422774.html> (referer: https://gz.fang.anjuke.com/loupan/yuexiu/)
2018-02-12 13:36:56 [scrapy.extensions.throttle] INFO: slot: gz.fang.anjuke.com | conc: 1 | delay: 4000 ms (+0) | latency:  391 ms | size: 37302 bytes
2018-02-12 13:36:56 [scrapy.core.engine] DEBUG: Crawled (200) <GET https://gz.fang.anjuke.com/loupan/239229.html> (referer: https://gz.fang.anjuke.com/loupan/yuexiu/)
2018-02-12 13:37:01 [scrapy.extensions.throttle] INFO: slot: gz.fang.anjuke.com | conc: 1 | delay: 4000 ms (+0) | latency:  405 ms | size: 37718 bytes
2018-02-12 13:37:01 [scrapy.core.engine] DEBUG: Crawled (200) <GET https://gz.fang.anjuke.com/loupan/400015.html> (referer: https://gz.fang.anjuke.com/loupan/yuexiu/)
2018-02-12 13:37:06 [scrapy.extensions.throttle] INFO: slot: gz.fang.anjuke.com | conc: 1 | delay: 4000 ms (+0) | latency:  421 ms | size: 38741 bytes
2018-02-12 13:37:06 [scrapy.core.engine] DEBUG: Crawled (200) <GET https://gz.fang.anjuke.com/loupan/414321.html> (referer: https://gz.fang.anjuke.com/loupan/yuexiu/)
2018-02-12 13:37:11 [scrapy.extensions.throttle] INFO: slot: gz.fang.anjuke.com | conc: 1 | delay: 4000 ms (+0) | latency:  453 ms | size: 40604 bytes
2018-02-12 13:37:11 [scrapy.core.engine] DEBUG: Crawled (200) <GET https://gz.fang.anjuke.com/loupan/401273.html> (referer: https://gz.fang.anjuke.com/loupan/yuexiu/)
2018-02-12 13:37:12 [scrapy.extensions.logstats] INFO: Crawled 13 pages (at 13 pages/min), scraped 0 items (at 0 items/min)
2018-02-12 13:37:16 [scrapy.extensions.throttle] INFO: slot: gz.fang.anjuke.com | conc: 1 | delay: 4000 ms (+0) | latency:  453 ms | size: 39914 bytes
2018-02-12 13:37:16 [scrapy.core.engine] DEBUG: Crawled (200) <GET https://gz.fang.anjuke.com/loupan/417191.html> (referer: https://gz.fang.anjuke.com/loupan/yuexiu/)
2018-02-12 13:37:22 [scrapy.extensions.throttle] INFO: slot: gz.fang.anjuke.com | conc: 1 | delay: 4000 ms (+0) | latency:  421 ms | size: 37959 bytes
2018-02-12 13:37:22 [scrapy.core.engine] DEBUG: Crawled (200) <GET https://gz.fang.anjuke.com/loupan/239227.html> (referer: https://gz.fang.anjuke.com/loupan/yuexiu/)
2018-02-12 13:37:27 [scrapy.extensions.throttle] INFO: slot: gz.fang.anjuke.com | conc: 1 | delay: 4000 ms (+0) | latency:  437 ms | size: 38183 bytes
2018-02-12 13:37:27 [scrapy.core.engine] DEBUG: Crawled (200) <GET https://gz.fang.anjuke.com/loupan/240775.html> (referer: https://gz.fang.anjuke.com/loupan/yuexiu/)
2018-02-12 13:37:33 [scrapy.extensions.throttle] INFO: slot: gz.fang.anjuke.com | conc: 1 | delay: 4000 ms (+0) | latency:  671 ms | size: 36040 bytes
2018-02-12 13:37:33 [scrapy.core.engine] DEBUG: Crawled (200) <GET https://gz.fang.anjuke.com/loupan/240862.html> (referer: https://gz.fang.anjuke.com/loupan/yuexiu/)
2018-02-12 13:37:37 [scrapy.extensions.throttle] INFO: slot: gz.fang.anjuke.com | conc: 1 | delay: 4000 ms (+0) | latency:  328 ms | size: 30275 bytes
2018-02-12 13:37:37 [scrapy.core.engine] DEBUG: Crawled (200) <GET https://gz.fang.anjuke.com/loupan/yuexiu/p2/> (referer: https://gz.fang.anjuke.com/loupan/yuexiu/)
2018-02-12 13:37:37 [scrapy.dupefilters] DEBUG: Filtered duplicate request: <GET https://gz.fang.anjuke.com/loupan/245239.html> - no more duplicates will be shown (see DUPEFILTER_DEBUG to show all duplicates)
2018-02-12 13:37:43 [scrapy.extensions.throttle] INFO: slot: gz.fang.anjuke.com | conc: 1 | delay: 4000 ms (+0) | latency:  328 ms | size: 29359 bytes
2018-02-12 13:37:43 [scrapy.core.engine] DEBUG: Crawled (200) <GET https://gz.fang.anjuke.com/loupan/canshu-414409.html> (referer: https://gz.fang.anjuke.com/loupan/414409.html)
2018-02-12 13:37:43 [scrapy.core.scraper] DEBUG: Scraped from <200 https://gz.fang.anjuke.com/loupan/canshu-414409.html>
{'build_year': u'2019',
 'city': '\xe5\xb9\xbf\xe5\xb7\x9e',
 'county': '\xe8\xb6\x8a\xe7\xa7\x80',
 'crawl_time': 1518413863.677,
 'description': None,
 'down_payment': u'142.2',
 'house_address': u'\u5927\u65b0\u8def388\u53f7',
 'house_name': u'\u5609\u5170\u8f69',
 'id': 'd92b7acf-0fb6-11e8-b124-382c4a16ce75',
 'monthly_payment': u'17609.51',
 'province': u'\u5e7f\u4e1c\u7701',
 'source': u'\u5b89\u5c45\u5ba2',
 'total_price': u'474',
 'type': u'new',
 'unit_price': u'60000',
 'url': 'https://gz.fang.anjuke.com/loupan/canshu-414409.html'}
2018-02-12 13:37:49 [scrapy.extensions.throttle] INFO: slot: gz.fang.anjuke.com | conc: 1 | delay: 4000 ms (+0) | latency:  405 ms | size: 30691 bytes
2018-02-12 13:37:49 [scrapy.core.engine] DEBUG: Crawled (200) <GET https://gz.fang.anjuke.com/loupan/canshu-249768.html> (referer: https://gz.fang.anjuke.com/loupan/249768.html)
2018-02-12 13:37:49 [scrapy.core.scraper] DEBUG: Scraped from <200 https://gz.fang.anjuke.com/loupan/canshu-249768.html>
{'build_year': u'2017',
 'city': '\xe5\xb9\xbf\xe5\xb7\x9e',
 'county': '\xe8\xb6\x8a\xe7\xa7\x80',
 'crawl_time': 1518413869.474,
 'description': None,
 'down_payment': u'145',
 'house_address': u'\u5e7f\u5dde\u5927\u9053\u4e0e\u4e2d\u5c71\u4e00\u8def\u4ea4\u6c47\u5904',
 'house_name': u'\u5bcc\u529b\u4e1c\u5c71\u65b0\u5929\u5730',
 'id': 'dca0081e-0fb6-11e8-a2eb-382c4a16ce75',
 'monthly_payment': u'7695.54',
 'province': u'\u5e7f\u4e1c\u7701',
 'source': u'\u5b89\u5c45\u5ba2',
 'total_price': u'290',
 'type': u'new',
 'unit_price': u'58000',
 'url': 'https://gz.fang.anjuke.com/loupan/canshu-249768.html'}
2018-02-12 13:37:53 [scrapy.extensions.throttle] INFO: slot: gz.fang.anjuke.com | conc: 1 | delay: 4000 ms (+0) | latency:  375 ms | size: 30537 bytes
2018-02-12 13:37:53 [scrapy.core.engine] DEBUG: Crawled (200) <GET https://gz.fang.anjuke.com/loupan/canshu-238730.html> (referer: https://gz.fang.anjuke.com/loupan/238730.html)
2018-02-12 13:37:54 [scrapy.core.scraper] DEBUG: Scraped from <200 https://gz.fang.anjuke.com/loupan/canshu-238730.html>
{'build_year': u'2014',
 'city': '\xe5\xb9\xbf\xe5\xb7\x9e',
 'county': '\xe8\xb6\x8a\xe7\xa7\x80',
 'crawl_time': 1518413874.036,
 'description': None,
 'down_payment': u'714',
 'house_address': u'\u6cbf\u6c5f\u897f\u8def143\u53f7',
 'house_name': u'\u7231\u7fa4\u835f\u666f\u6e7e',
 'id': 'df582340-0fb6-11e8-92e4-382c4a16ce75',
 'monthly_payment': u'88419.07',
 'province': u'\u5e7f\u4e1c\u7701',
 'source': u'\u5b89\u5c45\u5ba2',
 'total_price': u'2380',
 'type': u'new',
 'unit_price': u'70000',
 'url': 'https://gz.fang.anjuke.com/loupan/canshu-238730.html'}
2018-02-12 13:37:59 [scrapy.extensions.throttle] INFO: slot: gz.fang.anjuke.com | conc: 1 | delay: 4000 ms (+0) | latency:  296 ms | size: 30336 bytes
2018-02-12 13:37:59 [scrapy.core.engine] DEBUG: Crawled (200) <GET https://gz.fang.anjuke.com/loupan/canshu-238869.html> (referer: https://gz.fang.anjuke.com/loupan/238869.html)
2018-02-12 13:37:59 [scrapy.core.scraper] DEBUG: Scraped from <200 https://gz.fang.anjuke.com/loupan/canshu-238869.html>
{'build_year': u'2017',
 'city': '\xe5\xb9\xbf\xe5\xb7\x9e',
 'county': '\xe8\xb6\x8a\xe7\xa7\x80',
 'crawl_time': 1518413879.255,
 'description': None,
 'down_payment': u'318.6',
 'house_address': u'\u6c34\u836b\u8def',
 'house_name': u'\u4e1c\u5c71\u4e00\u54c1',
 'id': 'e2747e70-0fb6-11e8-8c07-382c4a16ce75',
 'monthly_payment': u'39454.22',
 'province': u'\u5e7f\u4e1c\u7701',
 'source': u'\u5b89\u5c45\u5ba2',
 'total_price': u'1062',
 'type': u'new',
 'unit_price': u'85000',
 'url': 'https://gz.fang.anjuke.com/loupan/canshu-238869.html'}
2018-02-12 13:38:01 [scrapy.extensions.throttle] INFO: slot: gz.fang.anjuke.com | conc: 1 | delay: 4000 ms (+0) | latency:  405 ms | size: 30427 bytes
2018-02-12 13:38:01 [scrapy.core.engine] DEBUG: Crawled (200) <GET https://gz.fang.anjuke.com/loupan/canshu-250331.html> (referer: https://gz.fang.anjuke.com/loupan/250331.html)
2018-02-12 13:38:01 [scrapy.core.scraper] DEBUG: Scraped from <200 https://gz.fang.anjuke.com/loupan/canshu-250331.html>
{'build_year': u'2016',
 'city': '\xe5\xb9\xbf\xe5\xb7\x9e',
 'county': '\xe8\xb6\x8a\xe7\xa7\x80',
 'crawl_time': 1518413881.677,
 'description': None,
 'down_payment': u'67.5',
 'house_address': u'\u6587\u5fb7\u5357\u8def82\u53f7',
 'house_name': u'\u6587\u5fb7\u5148\u751f',
 'id': 'e3e60fcf-0fb6-11e8-9450-382c4a16ce75',
 'monthly_payment': u'8358.95',
 'province': u'\u5e7f\u4e1c\u7701',
 'source': u'\u5b89\u5c45\u5ba2',
 'total_price': u'225',
 'type': u'new',
 'unit_price': u'75000',
 'url': 'https://gz.fang.anjuke.com/loupan/canshu-250331.html'}
2018-02-12 13:38:04 [scrapy.extensions.throttle] INFO: slot: gz.fang.anjuke.com | conc: 1 | delay: 4000 ms (+0) | latency:  405 ms | size: 30240 bytes
2018-02-12 13:38:04 [scrapy.core.engine] DEBUG: Crawled (200) <GET https://gz.fang.anjuke.com/loupan/canshu-240861.html> (referer: https://gz.fang.anjuke.com/loupan/240861.html)
2018-02-12 13:38:05 [scrapy.core.scraper] DEBUG: Scraped from <200 https://gz.fang.anjuke.com/loupan/canshu-240861.html>
{'build_year': u'2018',
 'city': '\xe5\xb9\xbf\xe5\xb7\x9e',
 'county': '\xe8\xb6\x8a\xe7\xa7\x80',
 'crawl_time': 1518413885.005,
 'description': None,
 'down_payment': None,
 'house_address': u'\u4e1c\u6a2a\u8def9\u53f7\u300111\u53f7\u300113\u53f7',
 'house_name': u'\u6dd8\u91d1\u5bb6\u56edC\u7ec4\u56e2',
 'id': 'e5e1dfd1-0fb6-11e8-b61f-382c4a16ce75',
 'monthly_payment': None,
 'province': u'\u5e7f\u4e1c\u7701',
 'source': u'\u5b89\u5c45\u5ba2',
 'total_price': u'679',
 'type': u'new',
 'unit_price': u'70000',
 'url': 'https://gz.fang.anjuke.com/loupan/canshu-240861.html'}
2018-02-12 13:38:10 [scrapy.extensions.throttle] INFO: slot: gz.fang.anjuke.com | conc: 1 | delay: 4000 ms (+0) | latency:  391 ms | size: 30375 bytes
2018-02-12 13:38:10 [scrapy.core.engine] DEBUG: Crawled (200) <GET https://gz.fang.anjuke.com/loupan/canshu-400619.html> (referer: https://gz.fang.anjuke.com/loupan/400619.html)
2018-02-12 13:38:10 [scrapy.core.scraper] DEBUG: Scraped from <200 https://gz.fang.anjuke.com/loupan/canshu-400619.html>
{'build_year': None,
 'city': '\xe5\xb9\xbf\xe5\xb7\x9e',
 'county': '\xe8\xb6\x8a\xe7\xa7\x80',
 'crawl_time': 1518413890.458,
 'description': None,
 'down_payment': u'108',
 'house_address': u'\u6cbf\u6c5f\u4e2d\u8def298\u53f7',
 'house_name': u'\u9633\u5149\u57ce\u6c5f\u6e7e\u58f9\u53f7',
 'id': 'e921ef9e-0fb6-11e8-a868-382c4a16ce75',
 'monthly_payment': u'5731.85',
 'province': u'\u5e7f\u4e1c\u7701',
 'source': u'\u5b89\u5c45\u5ba2',
 'total_price': u'216',
 'type': u'new',
 'unit_price': u'45000',
 'url': 'https://gz.fang.anjuke.com/loupan/canshu-400619.html'}
2018-02-12 13:38:12 [scrapy.extensions.logstats] INFO: Crawled 25 pages (at 12 pages/min), scraped 7 items (at 7 items/min)
2018-02-12 13:38:15 [scrapy.extensions.throttle] INFO: slot: gz.fang.anjuke.com | conc: 1 | delay: 4000 ms (+0) | latency:  359 ms | size: 29397 bytes
2018-02-12 13:38:15 [scrapy.core.engine] DEBUG: Crawled (200) <GET https://gz.fang.anjuke.com/loupan/canshu-422774.html> (referer: https://gz.fang.anjuke.com/loupan/422774.html)
2018-02-12 13:38:16 [scrapy.core.scraper] DEBUG: Scraped from <200 https://gz.fang.anjuke.com/loupan/canshu-422774.html>
{'build_year': u'2018',
 'city': '\xe5\xb9\xbf\xe5\xb7\x9e',
 'county': '\xe8\xb6\x8a\xe7\xa7\x80',
 'crawl_time': 1518413896.036,
 'description': None,
 'down_payment': u'107.1',
 'house_address': u'737\u53f7(\u4e1c\u98ce\u4e1c\u8def\u5c0f\u5b66\u6b63\u5bf9\u9762\uff09',
 'house_name': u'\u7ff0\u6797\u5c1a\u54c1',
 'id': 'ec751240-0fb6-11e8-b1c7-382c4a16ce75',
 'monthly_payment': u'13262.86',
 'province': u'\u5e7f\u4e1c\u7701',
 'source': u'\u5b89\u5c45\u5ba2',
 'total_price': u'357',
 'type': u'new',
 'unit_price': u'85000',
 'url': 'https://gz.fang.anjuke.com/loupan/canshu-422774.html'}
2018-02-12 13:38:20 [scrapy.extensions.throttle] INFO: slot: gz.fang.anjuke.com | conc: 1 | delay: 4000 ms (+0) | latency:  328 ms | size: 29803 bytes
2018-02-12 13:38:20 [scrapy.core.engine] DEBUG: Crawled (200) <GET https://gz.fang.anjuke.com/loupan/canshu-239229.html> (referer: https://gz.fang.anjuke.com/loupan/239229.html)
2018-02-12 13:38:20 [scrapy.core.scraper] DEBUG: Scraped from <200 https://gz.fang.anjuke.com/loupan/canshu-239229.html>
{'build_year': u'2018',
 'city': '\xe5\xb9\xbf\xe5\xb7\x9e',
 'county': '\xe8\xb6\x8a\xe7\xa7\x80',
 'crawl_time': 1518413900.552,
 'description': None,
 'down_payment': None,
 'house_address': u'\u6587\u5fb7\u5317\u8def66\u53f7',
 'house_name': u'\u4e1c\u65b9\u6587\u5fb7\u5e7f\u573a',
 'id': 'ef262880-0fb6-11e8-806b-382c4a16ce75',
 'monthly_payment': None,
 'province': u'\u5e7f\u4e1c\u7701',
 'source': u'\u5b89\u5c45\u5ba2',
 'total_price': None,
 'type': u'new',
 'unit_price': None,
 'url': 'https://gz.fang.anjuke.com/loupan/canshu-239229.html'}
2018-02-12 13:38:26 [scrapy.extensions.throttle] INFO: slot: gz.fang.anjuke.com | conc: 1 | delay: 4000 ms (+0) | latency:  312 ms | size: 29977 bytes
2018-02-12 13:38:26 [scrapy.core.engine] DEBUG: Crawled (200) <GET https://gz.fang.anjuke.com/loupan/canshu-400015.html> (referer: https://gz.fang.anjuke.com/loupan/400015.html)
2018-02-12 13:38:26 [scrapy.core.scraper] DEBUG: Scraped from <200 https://gz.fang.anjuke.com/loupan/canshu-400015.html>
{'build_year': u'2018',
 'city': '\xe5\xb9\xbf\xe5\xb7\x9e',
 'county': '\xe8\xb6\x8a\xe7\xa7\x80',
 'crawl_time': 1518413906.333,
 'description': None,
 'down_payment': None,
 'house_address': u'\u4e2d\u5c71\u516d\u8def118\u53f7',
 'house_name': u'\u8d8a\u79c0\u664b\u5fb7\u6c47',
 'id': 'f29844cf-0fb6-11e8-adea-382c4a16ce75',
 'monthly_payment': None,
 'province': u'\u5e7f\u4e1c\u7701',
 'source': u'\u5b89\u5c45\u5ba2',
 'total_price': None,
 'type': u'new',
 'unit_price': None,
 'url': 'https://gz.fang.anjuke.com/loupan/canshu-400015.html'}
2018-02-12 13:38:29 [scrapy.extensions.throttle] INFO: slot: gz.fang.anjuke.com | conc: 1 | delay: 4000 ms (+0) | latency:  421 ms | size: 29028 bytes
2018-02-12 13:38:29 [scrapy.core.engine] DEBUG: Crawled (200) <GET https://gz.fang.anjuke.com/loupan/canshu-414321.html> (referer: https://gz.fang.anjuke.com/loupan/414321.html)
2018-02-12 13:38:29 [scrapy.core.scraper] DEBUG: Scraped from <200 https://gz.fang.anjuke.com/loupan/canshu-414321.html>
{'build_year': u'2018',
 'city': '\xe5\xb9\xbf\xe5\xb7\x9e',
 'county': '\xe8\xb6\x8a\xe7\xa7\x80',
 'crawl_time': 1518413909.146,
 'description': None,
 'down_payment': None,
 'house_address': u'\u4e1c\u534e\u897f\u8def52-56\u53f7',
 'house_name': u'\u7ca4\u6cf0\u8363\u5ef7\u5e9c',
 'id': 'f4457f9e-0fb6-11e8-8f98-382c4a16ce75',
 'monthly_payment': None,
 'province': u'\u5e7f\u4e1c\u7701',
 'source': u'\u5b89\u5c45\u5ba2',
 'total_price': None,
 'type': u'new',
 'unit_price': None,
 'url': 'https://gz.fang.anjuke.com/loupan/canshu-414321.html'}
2018-02-12 13:38:34 [scrapy.extensions.throttle] INFO: slot: gz.fang.anjuke.com | conc: 1 | delay: 4000 ms (+0) | latency:  296 ms | size: 30185 bytes
2018-02-12 13:38:34 [scrapy.core.engine] DEBUG: Crawled (200) <GET https://gz.fang.anjuke.com/loupan/canshu-401273.html> (referer: https://gz.fang.anjuke.com/loupan/401273.html)
2018-02-12 13:38:34 [scrapy.core.scraper] DEBUG: Scraped from <200 https://gz.fang.anjuke.com/loupan/canshu-401273.html>
{'build_year': u'2017',
 'city': '\xe5\xb9\xbf\xe5\xb7\x9e',
 'county': '\xe8\xb6\x8a\xe7\xa7\x80',
 'crawl_time': 1518413914.787,
 'description': None,
 'down_payment': None,
 'house_address': u'\u592a\u5e73\u6c99\u724c\u574a\u76f4\u5165\uff08\u5730\u94c16\u53f7\u7ebf\u5317\u4eac\u8def\u7ad9A\u51fa\u53e3\uff09',
 'house_name': u'\u6c5f\u7554\u96c5\u82d1',
 'id': 'f7a23f30-0fb6-11e8-ad2d-382c4a16ce75',
 'monthly_payment': None,
 'province': u'\u5e7f\u4e1c\u7701',
 'source': u'\u5b89\u5c45\u5ba2',
 'total_price': None,
 'type': u'new',
 'unit_price': None,
 'url': 'https://gz.fang.anjuke.com/loupan/canshu-401273.html'}
2018-02-12 13:38:38 [scrapy.extensions.throttle] INFO: slot: gz.fang.anjuke.com | conc: 1 | delay: 4000 ms (+0) | latency:  358 ms | size: 29340 bytes
2018-02-12 13:38:38 [scrapy.core.engine] DEBUG: Crawled (200) <GET https://gz.fang.anjuke.com/loupan/canshu-417191.html> (referer: https://gz.fang.anjuke.com/loupan/417191.html)
2018-02-12 13:38:38 [scrapy.core.scraper] DEBUG: Scraped from <200 https://gz.fang.anjuke.com/loupan/canshu-417191.html>
{'build_year': u'2017',
 'city': '\xe5\xb9\xbf\xe5\xb7\x9e',
 'county': '\xe8\xb6\x8a\xe7\xa7\x80',
 'crawl_time': 1518413918.552,
 'description': None,
 'down_payment': u'84',
 'house_address': u'\u5c0f\u5317\u8def\u6d2a\u6865\u885725\u53f7',
 'house_name': u'\u65b0\u57ce\u5e02\u5b66\u5e9c',
 'id': 'f9e0bd80-0fb6-11e8-abcb-382c4a16ce75',
 'monthly_payment': u'10402.24',
 'province': u'\u5e7f\u4e1c\u7701',
 'source': u'\u5b89\u5c45\u5ba2',
 'total_price': u'280',
 'type': u'new',
 'unit_price': u'78000',
 'url': 'https://gz.fang.anjuke.com/loupan/canshu-417191.html'}
2018-02-12 13:38:43 [scrapy.extensions.throttle] INFO: slot: gz.fang.anjuke.com | conc: 1 | delay: 4000 ms (+0) | latency:  453 ms | size: 26642 bytes
2018-02-12 13:38:43 [scrapy.core.engine] DEBUG: Crawled (200) <GET https://gz.fang.anjuke.com/loupan/canshu-239227.html> (referer: https://gz.fang.anjuke.com/loupan/239227.html)
2018-02-12 13:38:43 [scrapy.core.scraper] DEBUG: Scraped from <200 https://gz.fang.anjuke.com/loupan/canshu-239227.html>
{'build_year': u'2008',
 'city': '\xe5\xb9\xbf\xe5\xb7\x9e',
 'county': '\xe8\xb6\x8a\xe7\xa7\x80',
 'crawl_time': 1518413923.849,
 'description': None,
 'down_payment': None,
 'house_address': u'\u5317\u4eac\u8def147\u3001149\u53f7',
 'house_name': u'\u9526\u6e90\u56fd\u9645\u516c\u5bd3',
 'id': 'fd08ff8f-0fb6-11e8-8c8c-382c4a16ce75',
 'monthly_payment': None,
 'province': u'\u5e7f\u4e1c\u7701',
 'source': u'\u5b89\u5c45\u5ba2',
 'total_price': None,
 'type': u'new',
 'unit_price': u'21777',
 'url': 'https://gz.fang.anjuke.com/loupan/canshu-239227.html'}
2018-02-12 13:38:48 [scrapy.extensions.throttle] INFO: slot: gz.fang.anjuke.com | conc: 1 | delay: 4000 ms (+0) | latency:  437 ms | size: 26868 bytes
2018-02-12 13:38:48 [scrapy.core.engine] DEBUG: Crawled (200) <GET https://gz.fang.anjuke.com/loupan/canshu-240775.html> (referer: https://gz.fang.anjuke.com/loupan/240775.html)
2018-02-12 13:38:49 [scrapy.core.scraper] DEBUG: Scraped from <200 https://gz.fang.anjuke.com/loupan/canshu-240775.html>
{'build_year': u'2014',
 'city': '\xe5\xb9\xbf\xe5\xb7\x9e',
 'county': '\xe8\xb6\x8a\xe7\xa7\x80',
 'crawl_time': 1518413929.068,
 'description': None,
 'down_payment': None,
 'house_address': u'\u4e1c\u534e\u4e1c\u8def558-598\u30011006-1044\u53f7',
 'house_name': u'\u4e1c\u5c71\u4eac\u58eb\u67cf',
 'id': '00255ac0-0fb7-11e8-adc1-382c4a16ce75',
 'monthly_payment': None,
 'province': u'\u5e7f\u4e1c\u7701',
 'source': u'\u5b89\u5c45\u5ba2',
 'total_price': None,
 'type': u'new',
 'unit_price': u'43230',
 'url': 'https://gz.fang.anjuke.com/loupan/canshu-240775.html'}
2018-02-12 13:38:51 [scrapy.extensions.throttle] INFO: slot: gz.fang.anjuke.com | conc: 1 | delay: 4000 ms (+0) | latency:  344 ms | size: 26698 bytes
2018-02-12 13:38:51 [scrapy.core.engine] DEBUG: Crawled (200) <GET https://gz.fang.anjuke.com/loupan/canshu-240862.html> (referer: https://gz.fang.anjuke.com/loupan/240862.html)
2018-02-12 13:38:52 [scrapy.core.scraper] DEBUG: Scraped from <200 https://gz.fang.anjuke.com/loupan/canshu-240862.html>
{'build_year': u'2014',
 'city': '\xe5\xb9\xbf\xe5\xb7\x9e',
 'county': '\xe8\xb6\x8a\xe7\xa7\x80',
 'crawl_time': 1518413931.99,
 'description': None,
 'down_payment': None,
 'house_address': u'\u6587\u660e\u8def36-48\u53f7',
 'house_name': u'\u7cbe\u5f69\u751f\u6d3b\u5927\u53a6',
 'id': '01e33761-0fb7-11e8-8fde-382c4a16ce75',
 'monthly_payment': None,
 'province': u'\u5e7f\u4e1c\u7701',
 'source': u'\u5b89\u5c45\u5ba2',
 'total_price': None,
 'type': u'new',
 'unit_price': None,
 'url': 'https://gz.fang.anjuke.com/loupan/canshu-240862.html'}
2018-02-12 13:38:55 [scrapy.extensions.throttle] INFO: slot: gz.fang.anjuke.com | conc: 1 | delay: 4000 ms (+0) | latency:  390 ms | size: 33477 bytes
2018-02-12 13:38:55 [scrapy.core.engine] DEBUG: Crawled (200) <GET https://gz.fang.anjuke.com/loupan/250589.html> (referer: https://gz.fang.anjuke.com/loupan/yuexiu/p2/)
2018-02-12 13:38:57 [scrapy.extensions.throttle] INFO: slot: gz.fang.anjuke.com | conc: 1 | delay: 4000 ms (+0) | latency:  391 ms | size: 33767 bytes
2018-02-12 13:38:57 [scrapy.core.engine] DEBUG: Crawled (200) <GET https://gz.fang.anjuke.com/loupan/239466.html> (referer: https://gz.fang.anjuke.com/loupan/yuexiu/p2/)
2018-02-12 13:39:03 [scrapy.extensions.throttle] INFO: slot: gz.fang.anjuke.com | conc: 1 | delay: 4000 ms (+0) | latency: 1108 ms | size: 34273 bytes
2018-02-12 13:39:03 [scrapy.core.engine] DEBUG: Crawled (200) <GET https://gz.fang.anjuke.com/loupan/250319.html> (referer: https://gz.fang.anjuke.com/loupan/yuexiu/p2/)
2018-02-12 13:39:07 [scrapy.extensions.throttle] INFO: slot: gz.fang.anjuke.com | conc: 1 | delay: 4000 ms (+0) | latency:  421 ms | size: 34370 bytes
2018-02-12 13:39:07 [scrapy.core.engine] DEBUG: Crawled (200) <GET https://gz.fang.anjuke.com/loupan/250345.html> (referer: https://gz.fang.anjuke.com/loupan/yuexiu/p2/)
2018-02-12 13:39:12 [scrapy.extensions.logstats] INFO: Crawled 38 pages (at 13 pages/min), scraped 16 items (at 9 items/min)
2018-02-12 13:39:12 [scrapy.extensions.throttle] INFO: slot: gz.fang.anjuke.com | conc: 1 | delay: 4000 ms (+0) | latency:  390 ms | size: 34197 bytes
2018-02-12 13:39:12 [scrapy.core.engine] DEBUG: Crawled (200) <GET https://gz.fang.anjuke.com/loupan/245242.html> (referer: https://gz.fang.anjuke.com/loupan/yuexiu/p2/)
2018-02-12 13:39:17 [scrapy.extensions.throttle] INFO: slot: gz.fang.anjuke.com | conc: 1 | delay: 4000 ms (+0) | latency:  484 ms | size: 34291 bytes
2018-02-12 13:39:17 [scrapy.core.engine] DEBUG: Crawled (200) <GET https://gz.fang.anjuke.com/loupan/410817.html> (referer: https://gz.fang.anjuke.com/loupan/yuexiu/p2/)
2018-02-12 13:39:22 [scrapy.extensions.throttle] INFO: slot: gz.fang.anjuke.com | conc: 1 | delay: 4000 ms (+0) | latency:  407 ms | size: 37676 bytes
2018-02-12 13:39:22 [scrapy.core.engine] DEBUG: Crawled (200) <GET https://gz.fang.anjuke.com/loupan/239442.html> (referer: https://gz.fang.anjuke.com/loupan/yuexiu/p2/)
2018-02-12 13:39:28 [scrapy.extensions.throttle] INFO: slot: gz.fang.anjuke.com | conc: 1 | delay: 4000 ms (+0) | latency:  437 ms | size: 37317 bytes
2018-02-12 13:39:28 [scrapy.core.engine] DEBUG: Crawled (200) <GET https://gz.fang.anjuke.com/loupan/239454.html> (referer: https://gz.fang.anjuke.com/loupan/yuexiu/p2/)
2018-02-12 13:39:33 [scrapy.extensions.throttle] INFO: slot: gz.fang.anjuke.com | conc: 1 | delay: 4000 ms (+0) | latency: 1281 ms | size: 37574 bytes
2018-02-12 13:39:33 [scrapy.core.engine] DEBUG: Crawled (200) <GET https://gz.fang.anjuke.com/loupan/239584.html> (referer: https://gz.fang.anjuke.com/loupan/yuexiu/p2/)
2018-02-12 13:39:36 [scrapy.extensions.throttle] INFO: slot: gz.fang.anjuke.com | conc: 1 | delay: 4000 ms (+0) | latency:  376 ms | size: 39126 bytes
2018-02-12 13:39:36 [scrapy.core.engine] DEBUG: Crawled (200) <GET https://gz.fang.anjuke.com/loupan/247962.html> (referer: https://gz.fang.anjuke.com/loupan/yuexiu/p2/)
2018-02-12 13:39:40 [scrapy.extensions.throttle] INFO: slot: gz.fang.anjuke.com | conc: 1 | delay: 4000 ms (+0) | latency:  391 ms | size: 38890 bytes
2018-02-12 13:39:40 [scrapy.core.engine] DEBUG: Crawled (200) <GET https://gz.fang.anjuke.com/loupan/239231.html> (referer: https://gz.fang.anjuke.com/loupan/yuexiu/p2/)
2018-02-12 13:39:46 [scrapy.extensions.throttle] INFO: slot: gz.fang.anjuke.com | conc: 1 | delay: 4000 ms (+0) | latency:  343 ms | size: 33762 bytes
2018-02-12 13:39:46 [scrapy.core.engine] DEBUG: Crawled (200) <GET https://gz.fang.anjuke.com/loupan/250347.html> (referer: https://gz.fang.anjuke.com/loupan/yuexiu/p2/)
2018-02-12 13:39:52 [scrapy.extensions.throttle] INFO: slot: gz.fang.anjuke.com | conc: 1 | delay: 4000 ms (+0) | latency:  437 ms | size: 33213 bytes
2018-02-12 13:39:52 [scrapy.core.engine] DEBUG: Crawled (200) <GET https://gz.fang.anjuke.com/loupan/245240.html> (referer: https://gz.fang.anjuke.com/loupan/yuexiu/p2/)
2018-02-12 13:39:57 [scrapy.extensions.throttle] INFO: slot: gz.fang.anjuke.com | conc: 1 | delay: 4000 ms (+0) | latency:  483 ms | size: 36900 bytes
2018-02-12 13:39:57 [scrapy.core.engine] DEBUG: Crawled (200) <GET https://gz.fang.anjuke.com/loupan/239365.html> (referer: https://gz.fang.anjuke.com/loupan/yuexiu/p2/)
2018-02-12 13:40:03 [scrapy.extensions.throttle] INFO: slot: gz.fang.anjuke.com | conc: 1 | delay: 4000 ms (+0) | latency:  875 ms | size: 37005 bytes
2018-02-12 13:40:03 [scrapy.core.engine] DEBUG: Crawled (200) <GET https://gz.fang.anjuke.com/loupan/239437.html> (referer: https://gz.fang.anjuke.com/loupan/yuexiu/p2/)
2018-02-12 13:40:06 [scrapy.extensions.throttle] INFO: slot: gz.fang.anjuke.com | conc: 1 | delay: 4000 ms (+0) | latency:  421 ms | size: 37507 bytes
2018-02-12 13:40:06 [scrapy.core.engine] DEBUG: Crawled (200) <GET https://gz.fang.anjuke.com/loupan/239041.html> (referer: https://gz.fang.anjuke.com/loupan/yuexiu/)
2018-02-12 13:40:11 [scrapy.extensions.throttle] INFO: slot: gz.fang.anjuke.com | conc: 1 | delay: 4000 ms (+0) | latency:  421 ms | size: 37571 bytes
2018-02-12 13:40:11 [scrapy.core.engine] DEBUG: Crawled (200) <GET https://gz.fang.anjuke.com/loupan/238801.html> (referer: https://gz.fang.anjuke.com/loupan/yuexiu/)
2018-02-12 13:40:12 [scrapy.extensions.logstats] INFO: Crawled 51 pages (at 13 pages/min), scraped 16 items (at 0 items/min)
2018-02-12 13:40:16 [scrapy.extensions.throttle] INFO: slot: gz.fang.anjuke.com | conc: 1 | delay: 4000 ms (+0) | latency:  391 ms | size: 26524 bytes
2018-02-12 13:40:16 [scrapy.core.engine] DEBUG: Crawled (200) <GET https://gz.fang.anjuke.com/loupan/canshu-250589.html> (referer: https://gz.fang.anjuke.com/loupan/250589.html)
2018-02-12 13:40:16 [scrapy.core.scraper] DEBUG: Scraped from <200 https://gz.fang.anjuke.com/loupan/canshu-250589.html>
{'build_year': None,
 'city': '\xe5\xb9\xbf\xe5\xb7\x9e',
 'county': '\xe8\xb6\x8a\xe7\xa7\x80',
 'crawl_time': 1518414016.569,
 'description': None,
 'down_payment': None,
 'house_address': u'\u4e2d\u5c71\u56db\u8def\u4e0e\u4ed3\u8fb9\u8def\u4ea4\u754c\u5904',
 'house_name': u'\u4e1c\u5c71\u5370\u8c61\u53f0',
 'id': '344cf28f-0fb7-11e8-b690-382c4a16ce75',
 'monthly_payment': None,
 'province': u'\u5e7f\u4e1c\u7701',
 'source': u'\u5b89\u5c45\u5ba2',
 'total_price': None,
 'type': u'new',
 'unit_price': u'40525',
 'url': 'https://gz.fang.anjuke.com/loupan/canshu-250589.html'}
2018-02-12 13:40:21 [scrapy.extensions.throttle] INFO: slot: gz.fang.anjuke.com | conc: 1 | delay: 4000 ms (+0) | latency:  328 ms | size: 26690 bytes
2018-02-12 13:40:21 [scrapy.core.engine] DEBUG: Crawled (200) <GET https://gz.fang.anjuke.com/loupan/canshu-239466.html> (referer: https://gz.fang.anjuke.com/loupan/239466.html)
2018-02-12 13:40:21 [scrapy.core.scraper] DEBUG: Scraped from <200 https://gz.fang.anjuke.com/loupan/canshu-239466.html>
{'build_year': None,
 'city': '\xe5\xb9\xbf\xe5\xb7\x9e',
 'county': '\xe8\xb6\x8a\xe7\xa7\x80',
 'crawl_time': 1518414021.757,
 'description': None,
 'down_payment': None,
 'house_address': u'\u8d8a\u79c0\u767b\u5cf0\u5317\u4e03\u661f\u5c97',
 'house_name': u'\u65b0\u57ce\u5e02\u5c1a\u79c0',
 'id': '376492cf-0fb7-11e8-a5ba-382c4a16ce75',
 'monthly_payment': None,
 'province': u'\u5e7f\u4e1c\u7701',
 'source': u'\u5b89\u5c45\u5ba2',
 'total_price': None,
 'type': u'new',
 'unit_price': u'35322',
 'url': 'https://gz.fang.anjuke.com/loupan/canshu-239466.html'}
2018-02-12 13:40:27 [scrapy.extensions.throttle] INFO: slot: gz.fang.anjuke.com | conc: 1 | delay: 4000 ms (+0) | latency:  405 ms | size: 26558 bytes
2018-02-12 13:40:27 [scrapy.core.engine] DEBUG: Crawled (200) <GET https://gz.fang.anjuke.com/loupan/canshu-250319.html> (referer: https://gz.fang.anjuke.com/loupan/250319.html)
2018-02-12 13:40:27 [scrapy.core.scraper] DEBUG: Scraped from <200 https://gz.fang.anjuke.com/loupan/canshu-250319.html>
{'build_year': u'2014',
 'city': '\xe5\xb9\xbf\xe5\xb7\x9e',
 'county': '\xe8\xb6\x8a\xe7\xa7\x80',
 'crawl_time': 1518414027.788,
 'description': None,
 'down_payment': None,
 'house_address': u'\u4e2d\u5c71\u4e94\u8def217\uff0d255\u53f7',
 'house_name': u'\u5e9c\u524d\u94ed\u6cf0',
 'id': '3afcd4c0-0fb7-11e8-9994-382c4a16ce75',
 'monthly_payment': None,
 'province': u'\u5e7f\u4e1c\u7701',
 'source': u'\u5b89\u5c45\u5ba2',
 'total_price': None,
 'type': u'new',
 'unit_price': u'30000',
 'url': 'https://gz.fang.anjuke.com/loupan/canshu-250319.html'}
2018-02-12 13:40:31 [scrapy.extensions.throttle] INFO: slot: gz.fang.anjuke.com | conc: 1 | delay: 4000 ms (+0) | latency:  343 ms | size: 27112 bytes
2018-02-12 13:40:31 [scrapy.core.engine] DEBUG: Crawled (200) <GET https://gz.fang.anjuke.com/loupan/canshu-250345.html> (referer: https://gz.fang.anjuke.com/loupan/250345.html)
2018-02-12 13:40:31 [scrapy.core.scraper] DEBUG: Scraped from <200 https://gz.fang.anjuke.com/loupan/canshu-250345.html>
{'build_year': u'2014',
 'city': '\xe5\xb9\xbf\xe5\xb7\x9e',
 'county': '\xe8\xb6\x8a\xe7\xa7\x80',
 'crawl_time': 1518414031.163,
 'description': None,
 'down_payment': u'42',
 'house_address': u'\u957f\u5824\u5927\u9a6c\u8def316\u53f7',
 'house_name': u'\u5e7f\u5dde\u6c11\u95f4\u91d1\u878d\u5927\u53a6',
 'id': '3cffd0b0-0fb7-11e8-90df-382c4a16ce75',
 'monthly_payment': u'5201.12',
 'province': u'\u5e7f\u4e1c\u7701',
 'source': u'\u5b89\u5c45\u5ba2',
 'total_price': u'140',
 'type': u'new',
 'unit_price': u'35000',
 'url': 'https://gz.fang.anjuke.com/loupan/canshu-250345.html'}
2018-02-12 13:40:36 [scrapy.extensions.throttle] INFO: slot: gz.fang.anjuke.com | conc: 1 | delay: 4000 ms (+0) | latency:  452 ms | size: 26409 bytes
2018-02-12 13:40:36 [scrapy.core.engine] DEBUG: Crawled (200) <GET https://gz.fang.anjuke.com/loupan/canshu-245242.html> (referer: https://gz.fang.anjuke.com/loupan/245242.html)
2018-02-12 13:40:36 [scrapy.core.scraper] DEBUG: Scraped from <200 https://gz.fang.anjuke.com/loupan/canshu-245242.html>
{'build_year': None,
 'city': '\xe5\xb9\xbf\xe5\xb7\x9e',
 'county': '\xe8\xb6\x8a\xe7\xa7\x80',
 'crawl_time': 1518414036.898,
 'description': None,
 'down_payment': None,
 'house_address': u'\u4e1c\u534e\u897f\u8def\u4ee5\u5357\u3001\u4e1c\u6fe0\u6d8c\u6c38\u80dc\u897f\u4ee5\u4e1c',
 'house_name': u'\u65ed\u57ce\u5b9e\u4e1a\u4e1c\u534e\u897f\u8def\u9879\u76ee',
 'id': '406ae821-0fb7-11e8-9494-382c4a16ce75',
 'monthly_payment': None,
 'province': u'\u5e7f\u4e1c\u7701',
 'source': u'\u5b89\u5c45\u5ba2',
 'total_price': None,
 'type': u'new',
 'unit_price': None,
 'url': 'https://gz.fang.anjuke.com/loupan/canshu-245242.html'}
2018-02-12 13:40:40 [scrapy.extensions.throttle] INFO: slot: gz.fang.anjuke.com | conc: 1 | delay: 4000 ms (+0) | latency:  312 ms | size: 25905 bytes
2018-02-12 13:40:40 [scrapy.core.engine] DEBUG: Crawled (200) <GET https://gz.fang.anjuke.com/loupan/canshu-410817.html> (referer: https://gz.fang.anjuke.com/loupan/410817.html)
2018-02-12 13:40:40 [scrapy.core.scraper] DEBUG: Scraped from <200 https://gz.fang.anjuke.com/loupan/canshu-410817.html>
{'build_year': u'2014',
 'city': '\xe5\xb9\xbf\xe5\xb7\x9e',
 'county': '\xe8\xb6\x8a\xe7\xa7\x80',
 'crawl_time': 1518414040.632,
 'description': None,
 'down_payment': None,
 'house_address': u'\u6d77\u73e0\u5e7f\u573a\u4fa8\u5149\u8def',
 'house_name': u'\u4e07\u827a\u56fd\u9645\u7cbe\u54c1\u5e7f\u573a\uff08\u4e07\u827a\u5e7f\u573a\uff09',
 'id': '42a4ab80-0fb7-11e8-9c54-382c4a16ce75',
 'monthly_payment': None,
 'province': u'\u5e7f\u4e1c\u7701',
 'source': u'\u5b89\u5c45\u5ba2',
 'total_price': None,
 'type': u'new',
 'unit_price': None,
 'url': 'https://gz.fang.anjuke.com/loupan/canshu-410817.html'}
2018-02-12 13:40:45 [scrapy.extensions.throttle] INFO: slot: gz.fang.anjuke.com | conc: 1 | delay: 4000 ms (+0) | latency:  469 ms | size: 26690 bytes
2018-02-12 13:40:45 [scrapy.core.engine] DEBUG: Crawled (200) <GET https://gz.fang.anjuke.com/loupan/canshu-239442.html> (referer: https://gz.fang.anjuke.com/loupan/239442.html)
2018-02-12 13:40:45 [scrapy.core.scraper] DEBUG: Scraped from <200 https://gz.fang.anjuke.com/loupan/canshu-239442.html>
{'build_year': u'2011',
 'city': '\xe5\xb9\xbf\xe5\xb7\x9e',
 'county': '\xe8\xb6\x8a\xe7\xa7\x80',
 'crawl_time': 1518414045.507,
 'description': None,
 'down_payment': None,
 'house_address': u'\u5e7f\u56ed\u897f\u8def235\u53f7\uff08\u5e7f\u56ed\u897f\u8def\u7acb\u4ea4\u6865\u897f\u4fa7\uff09',
 'house_name': u'\u5fa1\u9f99\u56fd\u9645\u5546\u5bd3',
 'id': '458c8930-0fb7-11e8-ad6d-382c4a16ce75',
 'monthly_payment': None,
 'province': u'\u5e7f\u4e1c\u7701',
 'source': u'\u5b89\u5c45\u5ba2',
 'total_price': None,
 'type': u'new',
 'unit_price': u'16539',
 'url': 'https://gz.fang.anjuke.com/loupan/canshu-239442.html'}
2018-02-12 13:40:49 [scrapy.extensions.throttle] INFO: slot: gz.fang.anjuke.com | conc: 1 | delay: 4000 ms (+0) | latency:  359 ms | size: 26834 bytes
2018-02-12 13:40:49 [scrapy.core.engine] DEBUG: Crawled (200) <GET https://gz.fang.anjuke.com/loupan/canshu-239454.html> (referer: https://gz.fang.anjuke.com/loupan/239454.html)
2018-02-12 13:40:50 [scrapy.core.scraper] DEBUG: Scraped from <200 https://gz.fang.anjuke.com/loupan/canshu-239454.html>
{'build_year': u'2012',
 'city': '\xe5\xb9\xbf\xe5\xb7\x9e',
 'county': '\xe8\xb6\x8a\xe7\xa7\x80',
 'crawl_time': 1518414050.07,
 'description': None,
 'down_payment': None,
 'house_address': u'\u8d8a\u79c0\u533a\u9e93\u82d1\u8def39\u53f7',
 'house_name': u'\u9e93\u6e56\u5fa1\u666f',
 'id': '4844cb5e-0fb7-11e8-95de-382c4a16ce75',
 'monthly_payment': None,
 'province': u'\u5e7f\u4e1c\u7701',
 'source': u'\u5b89\u5c45\u5ba2',
 'total_price': None,
 'type': u'new',
 'unit_price': u'30000',
 'url': 'https://gz.fang.anjuke.com/loupan/canshu-239454.html'}
2018-02-12 13:40:55 [scrapy.extensions.throttle] INFO: slot: gz.fang.anjuke.com | conc: 1 | delay: 4000 ms (+0) | latency:  328 ms | size: 26589 bytes
2018-02-12 13:40:55 [scrapy.core.engine] DEBUG: Crawled (200) <GET https://gz.fang.anjuke.com/loupan/canshu-239584.html> (referer: https://gz.fang.anjuke.com/loupan/239584.html)
2018-02-12 13:40:55 [scrapy.core.scraper] DEBUG: Scraped from <200 https://gz.fang.anjuke.com/loupan/canshu-239584.html>
{'build_year': u'2012',
 'city': '\xe5\xb9\xbf\xe5\xb7\x9e',
 'county': '\xe8\xb6\x8a\xe7\xa7\x80',
 'crawl_time': 1518414055.742,
 'description': None,
 'down_payment': None,
 'house_address': u'\u8d8a\u79c0\u533a\u5317\u4eac\u8def\u6b65\u884c\u8857238\u53f7',
 'house_name': u'\u91d1\u6da6\u94c2\u5bab',
 'id': '4ba645e1-0fb7-11e8-a2ce-382c4a16ce75',
 'monthly_payment': None,
 'province': u'\u5e7f\u4e1c\u7701',
 'source': u'\u5b89\u5c45\u5ba2',
 'total_price': None,
 'type': u'new',
 'unit_price': u'32120',
 'url': 'https://gz.fang.anjuke.com/loupan/canshu-239584.html'}
2018-02-12 13:41:00 [scrapy.extensions.throttle] INFO: slot: gz.fang.anjuke.com | conc: 1 | delay: 4000 ms (+0) | latency:  327 ms | size: 27217 bytes
2018-02-12 13:41:00 [scrapy.core.engine] DEBUG: Crawled (200) <GET https://gz.fang.anjuke.com/loupan/canshu-247962.html> (referer: https://gz.fang.anjuke.com/loupan/247962.html)
2018-02-12 13:41:00 [scrapy.core.scraper] DEBUG: Scraped from <200 https://gz.fang.anjuke.com/loupan/canshu-247962.html>
{'build_year': u'2016',
 'city': '\xe5\xb9\xbf\xe5\xb7\x9e',
 'county': '\xe8\xb6\x8a\xe7\xa7\x80',
 'crawl_time': 1518414060.726,
 'description': None,
 'down_payment': u'391.5',
 'house_address': u'\u7280\u725b\u8def\u519c\u672c\u65b0\u6751\uff0c\u6bd7\u90bb\u5e7f\u5dde\u5e02\u4f20\u7edf\u5546\u4e1a\u4e2d\u5fc3\u519c\u6797\u4e0b\u8def',
 'house_name': u'\u6d77\u666f\u519c\u6797\u534e\u5e9c',
 'id': '4e9ec561-0fb7-11e8-a619-382c4a16ce75',
 'monthly_payment': u'48481.89',
 'province': u'\u5e7f\u4e1c\u7701',
 'source': u'\u5b89\u5c45\u5ba2',
 'total_price': u'1305',
 'type': u'new',
 'unit_price': u'58000',
 'url': 'https://gz.fang.anjuke.com/loupan/canshu-247962.html'}
2018-02-12 13:41:06 [scrapy.extensions.throttle] INFO: slot: gz.fang.anjuke.com | conc: 1 | delay: 4000 ms (+0) | latency:  437 ms | size: 27380 bytes
2018-02-12 13:41:06 [scrapy.core.engine] DEBUG: Crawled (200) <GET https://gz.fang.anjuke.com/loupan/canshu-239231.html> (referer: https://gz.fang.anjuke.com/loupan/239231.html)
2018-02-12 13:41:06 [scrapy.core.scraper] DEBUG: Scraped from <200 https://gz.fang.anjuke.com/loupan/canshu-239231.html>
{'build_year': u'2015',
 'city': '\xe5\xb9\xbf\xe5\xb7\x9e',
 'county': '\xe8\xb6\x8a\xe7\xa7\x80',
 'crawl_time': 1518414066.711,
 'description': None,
 'down_payment': u'159.6',
 'house_address': u'\u4e1c\u98ce\u4e1c\u8def787\u53f7',
 'house_name': u'\u4e1c\u98ce\u5e7f\u573a',
 'id': '52300270-0fb7-11e8-9a5a-382c4a16ce75',
 'monthly_payment': u'19764.26',
 'province': u'\u5e7f\u4e1c\u7701',
 'source': u'\u5b89\u5c45\u5ba2',
 'total_price': u'532',
 'type': u'new',
 'unit_price': u'70000',
 'url': 'https://gz.fang.anjuke.com/loupan/canshu-239231.html'}
2018-02-12 13:41:11 [scrapy.extensions.throttle] INFO: slot: gz.fang.anjuke.com | conc: 1 | delay: 4000 ms (+0) | latency:  453 ms | size: 26628 bytes
2018-02-12 13:41:11 [scrapy.core.engine] DEBUG: Crawled (200) <GET https://gz.fang.anjuke.com/loupan/canshu-250347.html> (referer: https://gz.fang.anjuke.com/loupan/250347.html)
2018-02-12 13:41:11 [scrapy.core.scraper] DEBUG: Scraped from <200 https://gz.fang.anjuke.com/loupan/canshu-250347.html>
{'build_year': u'2014',
 'city': '\xe5\xb9\xbf\xe5\xb7\x9e',
 'county': '\xe8\xb6\x8a\xe7\xa7\x80',
 'crawl_time': 1518414071.773,
 'description': None,
 'down_payment': None,
 'house_address': u'\u4e1c\u6e56\u897f\u8def4-5\u53f7',
 'house_name': u'\u4e1c\u6e56\u94ed\u6cf0\u516c\u9986',
 'id': '553468cf-0fb7-11e8-ad82-382c4a16ce75',
 'monthly_payment': None,
 'province': u'\u5e7f\u4e1c\u7701',
 'source': u'\u5b89\u5c45\u5ba2',
 'total_price': None,
 'type': u'new',
 'unit_price': u'28000',
 'url': 'https://gz.fang.anjuke.com/loupan/canshu-250347.html'}
2018-02-12 13:41:12 [scrapy.extensions.logstats] INFO: Crawled 63 pages (at 12 pages/min), scraped 28 items (at 12 items/min)
2018-02-12 13:41:15 [scrapy.extensions.throttle] INFO: slot: gz.fang.anjuke.com | conc: 1 | delay: 4000 ms (+0) | latency:  500 ms | size: 26483 bytes
2018-02-12 13:41:15 [scrapy.core.engine] DEBUG: Crawled (200) <GET https://gz.fang.anjuke.com/loupan/canshu-245240.html> (referer: https://gz.fang.anjuke.com/loupan/245240.html)
2018-02-12 13:41:15 [scrapy.core.scraper] DEBUG: Scraped from <200 https://gz.fang.anjuke.com/loupan/canshu-245240.html>
{'build_year': None,
 'city': '\xe5\xb9\xbf\xe5\xb7\x9e',
 'county': '\xe8\xb6\x8a\xe7\xa7\x80',
 'crawl_time': 1518414075.773,
 'description': None,
 'down_payment': None,
 'house_address': u'\u5317\u4eac\u8def\u897f\u8fb9',
 'house_name': u'\u666f\u8c6a\u574a',
 'id': '5796c2cf-0fb7-11e8-8e9f-382c4a16ce75',
 'monthly_payment': None,
 'province': u'\u5e7f\u4e1c\u7701',
 'source': u'\u5b89\u5c45\u5ba2',
 'total_price': None,
 'type': u'new',
 'unit_price': u'27500',
 'url': 'https://gz.fang.anjuke.com/loupan/canshu-245240.html'}
2018-02-12 13:41:21 [scrapy.extensions.throttle] INFO: slot: gz.fang.anjuke.com | conc: 1 | delay: 4000 ms (+0) | latency:  563 ms | size: 26685 bytes
2018-02-12 13:41:21 [scrapy.core.engine] DEBUG: Crawled (200) <GET https://gz.fang.anjuke.com/loupan/canshu-239365.html> (referer: https://gz.fang.anjuke.com/loupan/239365.html)
2018-02-12 13:41:21 [scrapy.core.scraper] DEBUG: Scraped from <200 https://gz.fang.anjuke.com/loupan/canshu-239365.html>
{'build_year': u'2010',
 'city': '\xe5\xb9\xbf\xe5\xb7\x9e',
 'county': '\xe8\xb6\x8a\xe7\xa7\x80',
 'crawl_time': 1518414081.898,
 'description': None,
 'down_payment': None,
 'house_address': u'\u76d8\u798f\u8def79\u53f7',
 'house_name': u'\u503e\u57ce\u4e94\u661f\u7687\u51a0',
 'id': '5b3d5ca1-0fb7-11e8-8b67-382c4a16ce75',
 'monthly_payment': None,
 'province': u'\u5e7f\u4e1c\u7701',
 'source': u'\u5b89\u5c45\u5ba2',
 'total_price': None,
 'type': u'new',
 'unit_price': u'20000',
 'url': 'https://gz.fang.anjuke.com/loupan/canshu-239365.html'}
2018-02-12 13:41:26 [scrapy.extensions.throttle] INFO: slot: gz.fang.anjuke.com | conc: 1 | delay: 4000 ms (+0) | latency:  453 ms | size: 26788 bytes
2018-02-12 13:41:26 [scrapy.core.engine] DEBUG: Crawled (200) <GET https://gz.fang.anjuke.com/loupan/canshu-239437.html> (referer: https://gz.fang.anjuke.com/loupan/239437.html)
2018-02-12 13:41:27 [scrapy.core.scraper] DEBUG: Scraped from <200 https://gz.fang.anjuke.com/loupan/canshu-239437.html>
{'build_year': u'2010',
 'city': '\xe5\xb9\xbf\xe5\xb7\x9e',
 'county': '\xe8\xb6\x8a\xe7\xa7\x80',
 'crawl_time': 1518414087.023,
 'description': None,
 'down_payment': None,
 'house_address': u'\u4e2d\u9a6c\u8def2\u30014\u53f7\uff08\u73af\u5e02\u4e1c\u8def\u548c\u5efa\u8bbe\u5927\u9a6c\u8def\u4ea4\u754c\uff09',
 'house_name': u'\u4e2d\u73af\u5e7f\u573a',
 'id': '5e4b5ff0-0fb7-11e8-958e-382c4a16ce75',
 'monthly_payment': None,
 'province': u'\u5e7f\u4e1c\u7701',
 'source': u'\u5b89\u5c45\u5ba2',
 'total_price': None,
 'type': u'new',
 'unit_price': u'47006',
 'url': 'https://gz.fang.anjuke.com/loupan/canshu-239437.html'}
2018-02-12 13:41:31 [scrapy.extensions.throttle] INFO: slot: gz.fang.anjuke.com | conc: 1 | delay: 4000 ms (+0) | latency:  500 ms | size: 26977 bytes
2018-02-12 13:41:31 [scrapy.core.engine] DEBUG: Crawled (200) <GET https://gz.fang.anjuke.com/loupan/canshu-239041.html> (referer: https://gz.fang.anjuke.com/loupan/239041.html)
2018-02-12 13:41:32 [scrapy.core.scraper] DEBUG: Scraped from <200 https://gz.fang.anjuke.com/loupan/canshu-239041.html>
{'build_year': u'2011',
 'city': '\xe5\xb9\xbf\xe5\xb7\x9e',
 'county': '\xe8\xb6\x8a\xe7\xa7\x80',
 'crawl_time': 1518414091.898,
 'description': None,
 'down_payment': None,
 'house_address': u'\u5929\u6cb3\u8def1\u53f7\u30013\u53f7\u30015\u53f7',
 'house_name': u'\u9526\u7ee3\u8054\u5408\u5546\u52a1\u5927\u53a6',
 'id': '61333da1-0fb7-11e8-afd2-382c4a16ce75',
 'monthly_payment': None,
 'province': u'\u5e7f\u4e1c\u7701',
 'source': u'\u5b89\u5c45\u5ba2',
 'total_price': None,
 'type': u'new',
 'unit_price': u'26179',
 'url': 'https://gz.fang.anjuke.com/loupan/canshu-239041.html'}
2018-02-12 13:41:36 [scrapy.extensions.throttle] INFO: slot: gz.fang.anjuke.com | conc: 1 | delay: 4000 ms (+0) | latency:  358 ms | size: 26906 bytes
2018-02-12 13:41:36 [scrapy.core.engine] DEBUG: Crawled (200) <GET https://gz.fang.anjuke.com/loupan/canshu-238801.html> (referer: https://gz.fang.anjuke.com/loupan/238801.html)
2018-02-12 13:41:36 [scrapy.core.scraper] DEBUG: Scraped from <200 https://gz.fang.anjuke.com/loupan/canshu-238801.html>
{'build_year': u'2012',
 'city': '\xe5\xb9\xbf\xe5\xb7\x9e',
 'county': '\xe8\xb6\x8a\xe7\xa7\x80',
 'crawl_time': 1518414096.867,
 'description': None,
 'down_payment': None,
 'house_address': u'\u8d8a\u79c0\u533a\u73af\u5e02\u4e1c\u8def\u4e0e\u6dd8\u91d1\u8def\u4ea4\u6c47\u5904\u82b1\u56ed\u9152\u5e97\u4e1c\u4fa7',
 'house_name': u'\u6b63\u4f73\u4e1c\u65b9\u56fd\u9645\u5e7f\u573a',
 'id': '64297330-0fb7-11e8-b8e1-382c4a16ce75',
 'monthly_payment': None,
 'province': u'\u5e7f\u4e1c\u7701',
 'source': u'\u5b89\u5c45\u5ba2',
 'total_price': None,
 'type': u'new',
 'unit_price': u'33033',
 'url': 'https://gz.fang.anjuke.com/loupan/canshu-238801.html'}
2018-02-12 13:41:41 [scrapy.extensions.throttle] INFO: slot: gz.fang.anjuke.com | conc: 1 | delay: 4000 ms (+0) | latency:  421 ms | size: 37585 bytes
2018-02-12 13:41:41 [scrapy.core.engine] DEBUG: Crawled (200) <GET https://gz.fang.anjuke.com/loupan/239179.html> (referer: https://gz.fang.anjuke.com/loupan/yuexiu/)
2018-02-12 13:41:46 [scrapy.extensions.throttle] INFO: slot: gz.fang.anjuke.com | conc: 1 | delay: 4000 ms (+0) | latency:  422 ms | size: 38962 bytes
2018-02-12 13:41:46 [scrapy.core.engine] DEBUG: Crawled (200) <GET https://gz.fang.anjuke.com/loupan/238874.html> (referer: https://gz.fang.anjuke.com/loupan/yuexiu/)
2018-02-12 13:41:51 [scrapy.extensions.throttle] INFO: slot: gz.fang.anjuke.com | conc: 1 | delay: 4000 ms (+0) | latency:  437 ms | size: 36508 bytes
2018-02-12 13:41:51 [scrapy.core.engine] DEBUG: Crawled (200) <GET https://gz.fang.anjuke.com/loupan/250548.html> (referer: https://gz.fang.anjuke.com/loupan/yuexiu/)
2018-02-12 13:41:56 [scrapy.extensions.throttle] INFO: slot: gz.fang.anjuke.com | conc: 1 | delay: 4000 ms (+0) | latency:  578 ms | size: 38774 bytes
2018-02-12 13:41:56 [scrapy.core.engine] DEBUG: Crawled (200) <GET https://gz.fang.anjuke.com/loupan/245239.html> (referer: https://gz.fang.anjuke.com/loupan/yuexiu/)
2018-02-12 13:41:58 [scrapy.extensions.throttle] INFO: slot: gz.fang.anjuke.com | conc: 1 | delay: 4000 ms (+0) | latency:  375 ms | size: 34770 bytes
2018-02-12 13:41:58 [scrapy.core.engine] DEBUG: Crawled (200) <GET https://gz.fang.anjuke.com/loupan/422828.html> (referer: https://gz.fang.anjuke.com/loupan/yuexiu/)
2018-02-12 13:42:03 [scrapy.extensions.throttle] INFO: slot: gz.fang.anjuke.com | conc: 1 | delay: 4000 ms (+0) | latency:  514 ms | size: 41360 bytes
2018-02-12 13:42:03 [scrapy.core.engine] DEBUG: Crawled (200) <GET https://gz.fang.anjuke.com/loupan/250622.html> (referer: https://gz.fang.anjuke.com/loupan/yuexiu/)
2018-02-12 13:42:09 [scrapy.extensions.throttle] INFO: slot: gz.fang.anjuke.com | conc: 1 | delay: 4000 ms (+0) | latency:  530 ms | size: 34437 bytes
2018-02-12 13:42:09 [scrapy.core.engine] DEBUG: Crawled (200) <GET https://gz.fang.anjuke.com/loupan/245241.html> (referer: https://gz.fang.anjuke.com/loupan/yuexiu/)
2018-02-12 13:42:12 [scrapy.extensions.logstats] INFO: Crawled 75 pages (at 12 pages/min), scraped 33 items (at 5 items/min)
2018-02-12 13:42:14 [scrapy.extensions.throttle] INFO: slot: gz.fang.anjuke.com | conc: 1 | delay: 4000 ms (+0) | latency:  484 ms | size: 34805 bytes
2018-02-12 13:42:14 [scrapy.core.engine] DEBUG: Crawled (200) <GET https://gz.fang.anjuke.com/loupan/416498.html> (referer: https://gz.fang.anjuke.com/loupan/yuexiu/)
2018-02-12 13:42:19 [scrapy.extensions.throttle] INFO: slot: gz.fang.anjuke.com | conc: 1 | delay: 4000 ms (+0) | latency:  437 ms | size: 34999 bytes
2018-02-12 13:42:19 [scrapy.core.engine] DEBUG: Crawled (200) <GET https://gz.fang.anjuke.com/loupan/422817.html> (referer: https://gz.fang.anjuke.com/loupan/yuexiu/)
2018-02-12 13:42:24 [scrapy.extensions.throttle] INFO: slot: gz.fang.anjuke.com | conc: 1 | delay: 4000 ms (+0) | latency:  500 ms | size: 35737 bytes
2018-02-12 13:42:24 [scrapy.core.engine] DEBUG: Crawled (200) <GET https://gz.fang.anjuke.com/loupan/412869.html> (referer: https://gz.fang.anjuke.com/loupan/yuexiu/)
2018-02-12 13:42:26 [scrapy.extensions.throttle] INFO: slot: gz.fang.anjuke.com | conc: 1 | delay: 4000 ms (+0) | latency:  437 ms | size: 39288 bytes
2018-02-12 13:42:26 [scrapy.core.engine] DEBUG: Crawled (200) <GET https://gz.fang.anjuke.com/loupan/251051.html> (referer: https://gz.fang.anjuke.com/loupan/yuexiu/)
2018-02-12 13:42:30 [scrapy.extensions.throttle] INFO: slot: gz.fang.anjuke.com | conc: 1 | delay: 4000 ms (+0) | latency:  422 ms | size: 35614 bytes
2018-02-12 13:42:30 [scrapy.core.engine] DEBUG: Crawled (200) <GET https://gz.fang.anjuke.com/loupan/419015.html> (referer: https://gz.fang.anjuke.com/loupan/yuexiu/)
2018-02-12 13:42:36 [scrapy.extensions.throttle] INFO: slot: gz.fang.anjuke.com | conc: 1 | delay: 4000 ms (+0) | latency:  765 ms | size: 26531 bytes
2018-02-12 13:42:36 [scrapy.core.engine] DEBUG: Crawled (200) <GET https://gz.fang.anjuke.com/loupan/canshu-239179.html> (referer: https://gz.fang.anjuke.com/loupan/239179.html)
2018-02-12 13:42:36 [scrapy.core.scraper] DEBUG: Scraped from <200 https://gz.fang.anjuke.com/loupan/canshu-239179.html>
{'build_year': u'2011',
 'city': '\xe5\xb9\xbf\xe5\xb7\x9e',
 'county': '\xe8\xb6\x8a\xe7\xa7\x80',
 'crawl_time': 1518414156.868,
 'description': None,
 'down_payment': None,
 'house_address': u'\u5e94\u5143\u8def\u6d2a\u6842\u65b0\u88571\u30013\u30015\u53f7\uff08\u660e\u8fbe\u5927\u53a6\u5357\u4fa7\uff09',
 'house_name': u'\u9890\u548c\u96c5\u8f69',
 'id': '87ece040-0fb7-11e8-9f1e-382c4a16ce75',
 'monthly_payment': None,
 'province': u'\u5e7f\u4e1c\u7701',
 'source': u'\u5b89\u5c45\u5ba2',
 'total_price': None,
 'type': u'new',
 'unit_price': u'45402',
 'url': 'https://gz.fang.anjuke.com/loupan/canshu-239179.html'}
2018-02-12 13:42:41 [scrapy.extensions.throttle] INFO: slot: gz.fang.anjuke.com | conc: 1 | delay: 4000 ms (+0) | latency:  640 ms | size: 27175 bytes
2018-02-12 13:42:41 [scrapy.core.engine] DEBUG: Crawled (200) <GET https://gz.fang.anjuke.com/loupan/canshu-238874.html> (referer: https://gz.fang.anjuke.com/loupan/238874.html)
2018-02-12 13:42:42 [scrapy.core.scraper] DEBUG: Scraped from <200 https://gz.fang.anjuke.com/loupan/canshu-238874.html>
{'build_year': u'2013',
 'city': '\xe5\xb9\xbf\xe5\xb7\x9e',
 'county': '\xe8\xb6\x8a\xe7\xa7\x80',
 'crawl_time': 1518414161.899,
 'description': None,
 'down_payment': u'112.8',
 'house_address': u'\u5357\u5824\u4e8c\u9a6c\u8def36-40\u53f7',
 'house_name': u'\u5fa1\u6c5f\u82d1',
 'id': '8aec8bae-0fb7-11e8-b5db-382c4a16ce75',
 'monthly_payment': u'13968.73',
 'province': u'\u5e7f\u4e1c\u7701',
 'source': u'\u5b89\u5c45\u5ba2',
 'total_price': u'376',
 'type': u'new',
 'unit_price': u'40000',
 'url': 'https://gz.fang.anjuke.com/loupan/canshu-238874.html'}
2018-02-12 13:42:46 [scrapy.extensions.throttle] INFO: slot: gz.fang.anjuke.com | conc: 1 | delay: 4000 ms (+0) | latency:  342 ms | size: 27033 bytes
2018-02-12 13:42:46 [scrapy.core.engine] DEBUG: Crawled (200) <GET https://gz.fang.anjuke.com/loupan/canshu-250548.html> (referer: https://gz.fang.anjuke.com/loupan/250548.html)
2018-02-12 13:42:46 [scrapy.core.scraper] DEBUG: Scraped from <200 https://gz.fang.anjuke.com/loupan/canshu-250548.html>
{'build_year': u'2016',
 'city': '\xe5\xb9\xbf\xe5\xb7\x9e',
 'county': '\xe8\xb6\x8a\xe7\xa7\x80',
 'crawl_time': 1518414166.196,
 'description': None,
 'down_payment': None,
 'house_address': u'\u5409\u7965\u8def\u4e0e\u4e2d\u5c71\u4e94\u8def\u4ea4\u754c\u5904',
 'house_name': u'\u6377\u767b\u90fd\u4f1a',
 'id': '8d7c3740-0fb7-11e8-8c78-382c4a16ce75',
 'monthly_payment': None,
 'province': u'\u5e7f\u4e1c\u7701',
 'source': u'\u5b89\u5c45\u5ba2',
 'total_price': None,
 'type': u'new',
 'unit_price': None,
 'url': 'https://gz.fang.anjuke.com/loupan/canshu-250548.html'}
2018-02-12 13:42:51 [scrapy.extensions.throttle] INFO: slot: gz.fang.anjuke.com | conc: 1 | delay: 4000 ms (+0) | latency:  312 ms | size: 27237 bytes
2018-02-12 13:42:51 [scrapy.core.engine] DEBUG: Crawled (200) <GET https://gz.fang.anjuke.com/loupan/canshu-245239.html> (referer: https://gz.fang.anjuke.com/loupan/245239.html)
2018-02-12 13:42:51 [scrapy.core.scraper] DEBUG: Scraped from <200 https://gz.fang.anjuke.com/loupan/canshu-245239.html>
{'build_year': u'2015',
 'city': '\xe5\xb9\xbf\xe5\xb7\x9e',
 'county': '\xe8\xb6\x8a\xe7\xa7\x80',
 'crawl_time': 1518414171.134,
 'description': None,
 'down_payment': u'121.2',
 'house_address': u'\u4e1c\u98ce\u897f\u8def238-248\u53f7\uff08\u4e2d\u5c71\u7eaa\u5ff5\u5802\u7684\u659c\u5bf9\u9762\uff09',
 'house_name': u'\u5fa1\u4e1c\u96c5\u82d1',
 'id': '906db1e1-0fb7-11e8-b518-382c4a16ce75',
 'monthly_payment': u'15008.95',
 'province': u'\u5e7f\u4e1c\u7701',
 'source': u'\u5b89\u5c45\u5ba2',
 'total_price': u'404',
 'type': u'new',
 'unit_price': u'43000',
 'url': 'https://gz.fang.anjuke.com/loupan/canshu-245239.html'}
2018-02-12 13:42:56 [scrapy.extensions.throttle] INFO: slot: gz.fang.anjuke.com | conc: 1 | delay: 4000 ms (+0) | latency:  328 ms | size: 28030 bytes
2018-02-12 13:42:56 [scrapy.core.engine] DEBUG: Crawled (200) <GET https://gz.fang.anjuke.com/loupan/canshu-422828.html> (referer: https://gz.fang.anjuke.com/loupan/422828.html)
2018-02-12 13:42:56 [scrapy.core.scraper] DEBUG: Scraped from <200 https://gz.fang.anjuke.com/loupan/canshu-422828.html>
{'build_year': None,
 'city': '\xe5\xb9\xbf\xe5\xb7\x9e',
 'county': '\xe8\xb6\x8a\xe7\xa7\x80',
 'crawl_time': 1518414176.212,
 'description': None,
 'down_payment': None,
 'house_address': u'\u6dd8\u91d1\u885748\u53f7',
 'house_name': u'\u6dd8\u91d1\u534a\u5c71\u8c6a\u5ead',
 'id': '93748940-0fb7-11e8-94e5-382c4a16ce75',
 'monthly_payment': None,
 'province': u'\u5e7f\u4e1c\u7701',
 'source': u'\u5b89\u5c45\u5ba2',
 'total_price': None,
 'type': u'new',
 'unit_price': None,
 'url': 'https://gz.fang.anjuke.com/loupan/canshu-422828.html'}
2018-02-12 13:43:01 [scrapy.extensions.throttle] INFO: slot: gz.fang.anjuke.com | conc: 1 | delay: 4000 ms (+0) | latency:  328 ms | size: 30576 bytes
2018-02-12 13:43:01 [scrapy.core.engine] DEBUG: Crawled (200) <GET https://gz.fang.anjuke.com/loupan/canshu-250622.html> (referer: https://gz.fang.anjuke.com/loupan/250622.html)
2018-02-12 13:43:01 [scrapy.core.scraper] DEBUG: Scraped from <200 https://gz.fang.anjuke.com/loupan/canshu-250622.html>
{'build_year': u'2016',
 'city': '\xe5\xb9\xbf\xe5\xb7\x9e',
 'county': '\xe8\xb6\x8a\xe7\xa7\x80',
 'crawl_time': 1518414181.446,
 'description': None,
 'down_payment': u'396',
 'house_address': u'\u4e1c\u5174\u5317\u8def84\u300186\u53f7\uff08\u5916\u5546\u6d3b\u52a8\u4e2d\u5fc3\u5357\u4fa7\u76f4\u516550\u7c73\uff09',
 'house_name': u'\u4e1c\u5c71\u4e0a\u54c1',
 'id': '96932e61-0fb7-11e8-922c-382c4a16ce75',
 'monthly_payment': u'49039.15',
 'province': u'\u5e7f\u4e1c\u7701',
 'source': u'\u5b89\u5c45\u5ba2',
 'total_price': u'1320',
 'type': u'new',
 'unit_price': u'80000',
 'url': 'https://gz.fang.anjuke.com/loupan/canshu-250622.html'}
2018-02-12 13:43:07 [scrapy.extensions.throttle] INFO: slot: gz.fang.anjuke.com | conc: 1 | delay: 4000 ms (+0) | latency:  562 ms | size: 28214 bytes
2018-02-12 13:43:07 [scrapy.core.engine] DEBUG: Crawled (200) <GET https://gz.fang.anjuke.com/loupan/canshu-245241.html> (referer: https://gz.fang.anjuke.com/loupan/245241.html)
2018-02-12 13:43:07 [scrapy.core.scraper] DEBUG: Scraped from <200 https://gz.fang.anjuke.com/loupan/canshu-245241.html>
{'build_year': u'2014',
 'city': '\xe5\xb9\xbf\xe5\xb7\x9e',
 'county': '\xe8\xb6\x8a\xe7\xa7\x80',
 'crawl_time': 1518414187.228,
 'description': None,
 'down_payment': None,
 'house_address': u'\u5171\u548c\u897f\u8def2\u53f7\u30014\u53f7',
 'house_name': u'\u8fbe\u9053\u96c5\u8f69',
 'id': '9a0571c0-0fb7-11e8-a873-382c4a16ce75',
 'monthly_payment': None,
 'province': u'\u5e7f\u4e1c\u7701',
 'source': u'\u5b89\u5c45\u5ba2',
 'total_price': None,
 'type': u'new',
 'unit_price': None,
 'url': 'https://gz.fang.anjuke.com/loupan/canshu-245241.html'}
2018-02-12 13:43:12 [scrapy.extensions.logstats] INFO: Crawled 87 pages (at 12 pages/min), scraped 40 items (at 7 items/min)
2018-02-12 13:43:12 [scrapy.extensions.throttle] INFO: slot: gz.fang.anjuke.com | conc: 1 | delay: 4000 ms (+0) | latency:  516 ms | size: 28100 bytes
2018-02-12 13:43:12 [scrapy.core.engine] DEBUG: Crawled (200) <GET https://gz.fang.anjuke.com/loupan/canshu-416498.html> (referer: https://gz.fang.anjuke.com/loupan/416498.html)
2018-02-12 13:43:13 [scrapy.core.scraper] DEBUG: Scraped from <200 https://gz.fang.anjuke.com/loupan/canshu-416498.html>
{'build_year': u'2018',
 'city': '\xe5\xb9\xbf\xe5\xb7\x9e',
 'county': '\xe8\xb6\x8a\xe7\xa7\x80',
 'crawl_time': 1518414193.056,
 'description': None,
 'down_payment': None,
 'house_address': u'\u6d41\u82b1\u8def\u4e0e\u7ad9\u524d\u6a2a\u8def\u4ea4\u6c47\u5904',
 'house_name': u'\u65b9\u5706\u6d41\u82b1\u6708\u5c9b',
 'id': '9d7eba00-0fb7-11e8-ac72-382c4a16ce75',
 'monthly_payment': None,
 'province': u'\u5e7f\u4e1c\u7701',
 'source': u'\u5b89\u5c45\u5ba2',
 'total_price': None,
 'type': u'new',
 'unit_price': None,
 'url': 'https://gz.fang.anjuke.com/loupan/canshu-416498.html'}
2018-02-12 13:43:18 [scrapy.extensions.throttle] INFO: slot: gz.fang.anjuke.com | conc: 1 | delay: 4000 ms (+0) | latency:  342 ms | size: 28075 bytes
2018-02-12 13:43:18 [scrapy.core.engine] DEBUG: Crawled (200) <GET https://gz.fang.anjuke.com/loupan/canshu-422817.html> (referer: https://gz.fang.anjuke.com/loupan/422817.html)
2018-02-12 13:43:18 [scrapy.core.scraper] DEBUG: Scraped from <200 https://gz.fang.anjuke.com/loupan/canshu-422817.html>
{'build_year': u'2018',
 'city': '\xe5\xb9\xbf\xe5\xb7\x9e',
 'county': '\xe8\xb6\x8a\xe7\xa7\x80',
 'crawl_time': 1518414198.572,
 'description': None,
 'down_payment': None,
 'house_address': u'\u897f\u885718\u53f7',
 'house_name': u'\u6dd8\u91d1\u534a\u5c71\u5fa1\u5ead',
 'id': 'a0c866c0-0fb7-11e8-90da-382c4a16ce75',
 'monthly_payment': None,
 'province': u'\u5e7f\u4e1c\u7701',
 'source': u'\u5b89\u5c45\u5ba2',
 'total_price': None,
 'type': u'new',
 'unit_price': None,
 'url': 'https://gz.fang.anjuke.com/loupan/canshu-422817.html'}
2018-02-12 13:43:24 [scrapy.extensions.throttle] INFO: slot: gz.fang.anjuke.com | conc: 1 | delay: 4000 ms (+0) | latency:  375 ms | size: 29708 bytes
2018-02-12 13:43:24 [scrapy.core.engine] DEBUG: Crawled (200) <GET https://gz.fang.anjuke.com/loupan/canshu-412869.html> (referer: https://gz.fang.anjuke.com/loupan/412869.html)
2018-02-12 13:43:24 [scrapy.core.scraper] DEBUG: Scraped from <200 https://gz.fang.anjuke.com/loupan/canshu-412869.html>
{'build_year': u'2015',
 'city': '\xe5\xb9\xbf\xe5\xb7\x9e',
 'county': '\xe8\xb6\x8a\xe7\xa7\x80',
 'crawl_time': 1518414204.244,
 'description': None,
 'down_payment': None,
 'house_address': u'\u5e7f\u5dde\u5927\u9053\u4e0e\u4e2d\u5c71\u4e00\u8def\u4ea4\u6c47',
 'house_name': u'\u5bcc\u529b\u65b0\u5929\u5730\u4e2d\u5fc3',
 'id': 'a429e140-0fb7-11e8-a344-382c4a16ce75',
 'monthly_payment': None,
 'province': u'\u5e7f\u4e1c\u7701',
 'source': u'\u5b89\u5c45\u5ba2',
 'total_price': u'831',
 'type': u'new',
 'unit_price': u'47500',
 'url': 'https://gz.fang.anjuke.com/loupan/canshu-412869.html'}
2018-02-12 13:43:30 [scrapy.extensions.throttle] INFO: slot: gz.fang.anjuke.com | conc: 1 | delay: 4000 ms (+0) | latency:  514 ms | size: 30055 bytes
2018-02-12 13:43:30 [scrapy.core.engine] DEBUG: Crawled (200) <GET https://gz.fang.anjuke.com/loupan/canshu-251051.html> (referer: https://gz.fang.anjuke.com/loupan/251051.html)
2018-02-12 13:43:30 [scrapy.core.scraper] DEBUG: Scraped from <200 https://gz.fang.anjuke.com/loupan/canshu-251051.html>
{'build_year': u'2016',
 'city': '\xe5\xb9\xbf\xe5\xb7\x9e',
 'county': '\xe8\xb6\x8a\xe7\xa7\x80',
 'crawl_time': 1518414210.259,
 'description': None,
 'down_payment': None,
 'house_address': u'\u9e93\u6e56\u8def9\u53f7\uff08\u5e7f\u4e1c\u7535\u89c6\u53f0\u65c1\uff09',
 'house_name': u'\u9e93\u6e56\u8f69',
 'id': 'a7bfb230-0fb7-11e8-83d2-382c4a16ce75',
 'monthly_payment': None,
 'province': u'\u5e7f\u4e1c\u7701',
 'source': u'\u5b89\u5c45\u5ba2',
 'total_price': None,
 'type': u'new',
 'unit_price': None,
 'url': 'https://gz.fang.anjuke.com/loupan/canshu-251051.html'}
2018-02-12 13:43:33 [scrapy.extensions.throttle] INFO: slot: gz.fang.anjuke.com | conc: 1 | delay: 4000 ms (+0) | latency:  437 ms | size: 29322 bytes
2018-02-12 13:43:33 [scrapy.core.engine] DEBUG: Crawled (200) <GET https://gz.fang.anjuke.com/loupan/canshu-419015.html> (referer: https://gz.fang.anjuke.com/loupan/419015.html)
2018-02-12 13:43:33 [scrapy.core.scraper] DEBUG: Scraped from <200 https://gz.fang.anjuke.com/loupan/canshu-419015.html>
{'build_year': u'2017',
 'city': '\xe5\xb9\xbf\xe5\xb7\x9e',
 'county': '\xe8\xb6\x8a\xe7\xa7\x80',
 'crawl_time': 1518414213.806,
 'description': None,
 'down_payment': u'48',
 'house_address': u'\u5efa\u8bbe\u56db\u9a6c\u8def17-29\u53f7(\u5b9c\u5b89\u5e7f\u573a\u897f\u4fa7)',
 'house_name': u'\u4e09\u5b63SOHO',
 'id': 'a9dcecde-0fb7-11e8-9873-382c4a16ce75',
 'monthly_payment': u'2547.49',
 'province': u'\u5e7f\u4e1c\u7701',
 'source': u'\u5b89\u5c45\u5ba2',
 'total_price': u'96',
 'type': u'new',
 'unit_price': u'30000',
 'url': 'https://gz.fang.anjuke.com/loupan/canshu-419015.html'}
2018-02-12 13:43:33 [scrapy.core.engine] INFO: Closing spider (finished)
2018-02-12 13:43:33 [scrapy.statscollectors] INFO: Dumping Scrapy stats:
{'downloader/request_bytes': 113240,
 'downloader/request_count': 92,
 'downloader/request_method_count/GET': 92,
 'downloader/response_bytes': 3083540,
 'downloader/response_count': 92,
 'downloader/response_status_count/200': 92,
 'dupefilter/filtered': 9,
 'finish_reason': 'finished',
 'finish_time': datetime.datetime(2018, 2, 12, 5, 43, 33, 900000),
 'item_scraped_count': 45,
 'log_count/DEBUG': 139,
 'log_count/INFO': 106,
 'request_depth_max': 3,
 'response_received_count': 92,
 'scheduler/dequeued': 92,
 'scheduler/dequeued/memory': 92,
 'scheduler/enqueued': 92,
 'scheduler/enqueued/memory': 92,
 'start_time': datetime.datetime(2018, 2, 12, 5, 36, 12, 128000)}
2018-02-12 13:43:33 [scrapy.core.engine] INFO: Spider closed (finished)
