2018-05-09 19:04:13 [scrapy.utils.log] INFO: Scrapy 1.4.0 started (bot: HouseCrawler)
2018-05-09 19:04:13 [scrapy.utils.log] INFO: Overridden settings: {'AUTOTHROTTLE_MAX_DELAY': 30, 'NEWSPIDER_MODULE': 'HouseCrawler.spiders', 'LOG_FILE': 'logs\\HouseCrawler\\AnjukeNewHouseSpider\\f84544f0536d11e899ba382c4a16ce75.log', 'CONCURRENT_REQUESTS_PER_DOMAIN': 1, 'SPIDER_MODULES': ['HouseCrawler.spiders'], 'AUTOTHROTTLE_START_DELAY': 6, 'BOT_NAME': 'HouseCrawler', 'AUTOTHROTTLE_ENABLED': True, 'DOWNLOAD_DELAY': 4, 'AUTOTHROTTLE_DEBUG': True}
2018-05-09 19:04:13 [scrapy.middleware] INFO: Enabled extensions:
['scrapy.extensions.logstats.LogStats',
 'scrapy.extensions.telnet.TelnetConsole',
 'scrapy.extensions.corestats.CoreStats',
 'scrapy.extensions.throttle.AutoThrottle']
2018-05-09 19:04:13 [scrapy.middleware] INFO: Enabled downloader middlewares:
['HouseCrawler.middlewares.AnjukeUserAgentMiddleware',
 'scrapy.downloadermiddlewares.httpauth.HttpAuthMiddleware',
 'scrapy.downloadermiddlewares.downloadtimeout.DownloadTimeoutMiddleware',
 'scrapy.downloadermiddlewares.defaultheaders.DefaultHeadersMiddleware',
 'scrapy.downloadermiddlewares.retry.RetryMiddleware',
 'scrapy.downloadermiddlewares.redirect.MetaRefreshMiddleware',
 'scrapy.downloadermiddlewares.httpcompression.HttpCompressionMiddleware',
 'scrapy.downloadermiddlewares.redirect.RedirectMiddleware',
 'scrapy.downloadermiddlewares.cookies.CookiesMiddleware',
 'scrapy.downloadermiddlewares.httpproxy.HttpProxyMiddleware',
 'scrapy.downloadermiddlewares.stats.DownloaderStats']
2018-05-09 19:04:13 [scrapy.middleware] INFO: Enabled spider middlewares:
['scrapy.spidermiddlewares.httperror.HttpErrorMiddleware',
 'scrapy.spidermiddlewares.offsite.OffsiteMiddleware',
 'scrapy.spidermiddlewares.referer.RefererMiddleware',
 'scrapy.spidermiddlewares.urllength.UrlLengthMiddleware',
 'scrapy.spidermiddlewares.depth.DepthMiddleware']
2018-05-09 19:04:13 [scrapy.middleware] INFO: Enabled item pipelines:
[]
2018-05-09 19:04:13 [scrapy.core.engine] INFO: Spider opened
2018-05-09 19:04:13 [scrapy.extensions.logstats] INFO: Crawled 0 pages (at 0 pages/min), scraped 0 items (at 0 items/min)
2018-05-09 19:04:13 [scrapy.extensions.telnet] DEBUG: Telnet console listening on 127.0.0.1:6023
2018-05-09 19:04:14 [scrapy.extensions.throttle] INFO: slot: yj.fang.anjuke.com | conc: 1 | delay: 4000 ms (-2000) | latency:  519 ms | size: 21003 bytes
2018-05-09 19:04:14 [scrapy.core.engine] DEBUG: Crawled (200) <GET https://yj.fang.anjuke.com/loupan/gaoxinqu/> (referer: https://gz.fang.anjuke.com/)
2018-05-09 19:04:21 [scrapy.extensions.throttle] INFO: slot: yj.fang.anjuke.com | conc: 1 | delay: 4000 ms (+0) | latency:  750 ms | size: 36206 bytes
2018-05-09 19:04:21 [scrapy.core.engine] DEBUG: Crawled (200) <GET https://yj.fang.anjuke.com/loupan/402803.html> (referer: https://yj.fang.anjuke.com/loupan/gaoxinqu/)
2018-05-09 19:04:26 [scrapy.extensions.throttle] INFO: slot: yj.fang.anjuke.com | conc: 1 | delay: 4000 ms (+0) | latency:  598 ms | size: 34448 bytes
2018-05-09 19:04:26 [scrapy.core.engine] DEBUG: Crawled (200) <GET https://yj.fang.anjuke.com/loupan/401739.html> (referer: https://yj.fang.anjuke.com/loupan/gaoxinqu/)
2018-05-09 19:04:30 [scrapy.extensions.throttle] INFO: slot: yj.fang.anjuke.com | conc: 1 | delay: 4000 ms (+0) | latency:  384 ms | size: 26778 bytes
2018-05-09 19:04:30 [scrapy.core.engine] DEBUG: Crawled (200) <GET https://yj.fang.anjuke.com/loupan/canshu-402803.html> (referer: https://yj.fang.anjuke.com/loupan/402803.html)
2018-05-09 19:04:30 [scrapy.core.scraper] DEBUG: Scraped from <200 https://yj.fang.anjuke.com/loupan/canshu-402803.html>
{'build_year': u'2018',
 'city': '\xe9\x98\xb3\xe6\xb1\x9f',
 'county': '\xe9\xab\x98\xe6\x96\xb0\xe5\x8c?',
 'crawl_time': 1525863870.813,
 'description': None,
 'down_payment': None,
 'house_address': u'\u5e73\u5188\u9547\u9ad8\u65b0\u5927\u9053',
 'house_name': u'\u5e73\u5188\u65b0\u57ce',
 'id': 'bf7580cf-5378-11e8-a5e8-382c4a16ce75',
 'monthly_payment': None,
 'province': u'\u5e7f\u4e1c',
 'source': u'\u5b89\u5c45\u5ba2',
 'total_price': None,
 'type': u'new',
 'unit_price': u'3600',
 'url': 'https://yj.fang.anjuke.com/loupan/canshu-402803.html'}
2018-05-09 19:04:36 [scrapy.extensions.throttle] INFO: slot: yj.fang.anjuke.com | conc: 1 | delay: 4000 ms (+0) | latency:  497 ms | size: 24058 bytes
2018-05-09 19:04:36 [scrapy.core.engine] DEBUG: Crawled (200) <GET https://yj.fang.anjuke.com/loupan/canshu-401739.html> (referer: https://yj.fang.anjuke.com/loupan/401739.html)
2018-05-09 19:04:36 [scrapy.core.scraper] DEBUG: Scraped from <200 https://yj.fang.anjuke.com/loupan/canshu-401739.html>
{'build_year': None,
 'city': '\xe9\x98\xb3\xe6\xb1\x9f',
 'county': '\xe9\xab\x98\xe6\x96\xb0\xe5\x8c?',
 'crawl_time': 1525863876.884,
 'description': None,
 'down_payment': None,
 'house_address': u'\u9ad8\u65b0\u533a\u9633\u6c5f\u9ad8\u65b0\u533a\u5e73\u5188\u65b0\u57ce',
 'house_name': u'\u5188\u5357\u540d\u5c45',
 'id': 'c313dd40-5378-11e8-aed8-382c4a16ce75',
 'monthly_payment': None,
 'province': u'\u5e7f\u4e1c',
 'source': u'\u5b89\u5c45\u5ba2',
 'total_price': None,
 'type': u'new',
 'unit_price': u'3100',
 'url': 'https://yj.fang.anjuke.com/loupan/canshu-401739.html'}
2018-05-09 19:04:36 [scrapy.core.engine] INFO: Closing spider (finished)
2018-05-09 19:04:36 [scrapy.statscollectors] INFO: Dumping Scrapy stats:
{'downloader/request_bytes': 5034,
 'downloader/request_count': 5,
 'downloader/request_method_count/GET': 5,
 'downloader/response_bytes': 146219,
 'downloader/response_count': 5,
 'downloader/response_status_count/200': 5,
 'finish_reason': 'finished',
 'finish_time': datetime.datetime(2018, 5, 9, 11, 4, 36, 925000),
 'item_scraped_count': 2,
 'log_count/DEBUG': 8,
 'log_count/INFO': 12,
 'request_depth_max': 2,
 'response_received_count': 5,
 'scheduler/dequeued': 5,
 'scheduler/dequeued/memory': 5,
 'scheduler/enqueued': 5,
 'scheduler/enqueued/memory': 5,
 'start_time': datetime.datetime(2018, 5, 9, 11, 4, 13, 813000)}
2018-05-09 19:04:36 [scrapy.core.engine] INFO: Spider closed (finished)
