2018-02-14 07:29:11 [scrapy.utils.log] INFO: Scrapy 1.4.0 started (bot: HouseCrawler)
2018-02-14 07:29:11 [scrapy.utils.log] INFO: Overridden settings: {'AUTOTHROTTLE_MAX_DELAY': 30, 'NEWSPIDER_MODULE': 'HouseCrawler.spiders', 'LOG_FILE': 'logs\\HouseCrawler\\AnjukeUsedHouseSpider\\2099239110a711e8b640382c4a16ce75.log', 'CONCURRENT_REQUESTS_PER_DOMAIN': 1, 'SPIDER_MODULES': ['HouseCrawler.spiders'], 'AUTOTHROTTLE_START_DELAY': 6, 'BOT_NAME': 'HouseCrawler', 'AUTOTHROTTLE_ENABLED': True, 'DOWNLOAD_DELAY': 4, 'AUTOTHROTTLE_DEBUG': True}
2018-02-14 07:29:11 [scrapy.middleware] INFO: Enabled extensions:
['scrapy.extensions.logstats.LogStats',
 'scrapy.extensions.telnet.TelnetConsole',
 'scrapy.extensions.corestats.CoreStats',
 'scrapy.extensions.throttle.AutoThrottle']
2018-02-14 07:29:11 [scrapy.middleware] INFO: Enabled downloader middlewares:
['HouseCrawler.middlewares.AnjukeUserAgentMiddleware',
 'scrapy.downloadermiddlewares.httpauth.HttpAuthMiddleware',
 'scrapy.downloadermiddlewares.downloadtimeout.DownloadTimeoutMiddleware',
 'scrapy.downloadermiddlewares.defaultheaders.DefaultHeadersMiddleware',
 'scrapy.downloadermiddlewares.retry.RetryMiddleware',
 'scrapy.downloadermiddlewares.redirect.MetaRefreshMiddleware',
 'scrapy.downloadermiddlewares.httpcompression.HttpCompressionMiddleware',
 'scrapy.downloadermiddlewares.redirect.RedirectMiddleware',
 'scrapy.downloadermiddlewares.cookies.CookiesMiddleware',
 'scrapy.downloadermiddlewares.httpproxy.HttpProxyMiddleware',
 'scrapy.downloadermiddlewares.stats.DownloaderStats']
2018-02-14 07:29:11 [scrapy.middleware] INFO: Enabled spider middlewares:
['scrapy.spidermiddlewares.httperror.HttpErrorMiddleware',
 'scrapy.spidermiddlewares.offsite.OffsiteMiddleware',
 'scrapy.spidermiddlewares.referer.RefererMiddleware',
 'scrapy.spidermiddlewares.urllength.UrlLengthMiddleware',
 'scrapy.spidermiddlewares.depth.DepthMiddleware']
2018-02-14 07:29:11 [scrapy.middleware] INFO: Enabled item pipelines:
[]
2018-02-14 07:29:11 [scrapy.core.engine] INFO: Spider opened
2018-02-14 07:29:11 [scrapy.extensions.logstats] INFO: Crawled 0 pages (at 0 pages/min), scraped 0 items (at 0 items/min)
2018-02-14 07:29:11 [scrapy.extensions.telnet] DEBUG: Telnet console listening on 127.0.0.1:6023
2018-02-14 07:29:12 [scrapy.extensions.throttle] INFO: slot: guangzhou.anjuke.com | conc: 1 | delay: 6000 ms (+0) | latency:  312 ms | size:     0 bytes
2018-02-14 07:29:12 [scrapy.downloadermiddlewares.redirect] DEBUG: Redirecting (302) to <GET https://www.anjuke.com/captcha-verify/?callback=shield&from=antispam&history=aHR0cHM6Ly9ndWFuZ3pob3UuYW5qdWtlLmNvbS9zYWxlL2NvbmdodWEv> from <GET https://guangzhou.anjuke.com/sale/conghua/>
2018-02-14 07:29:20 [scrapy.extensions.throttle] INFO: slot: guangzhou.anjuke.com | conc: 1 | delay: 4000 ms (-2000) | latency:  641 ms | size: 11522 bytes
2018-02-14 07:29:20 [scrapy.core.engine] DEBUG: Crawled (200) <GET https://www.anjuke.com/captcha-verify/?callback=shield&from=antispam&history=aHR0cHM6Ly9ndWFuZ3pob3UuYW5qdWtlLmNvbS9zYWxlL2NvbmdodWEv> (referer: https://gz.fang.anjuke.com/)
2018-02-14 07:29:20 [scrapy.core.engine] INFO: Closing spider (finished)
2018-02-14 07:29:20 [scrapy.statscollectors] INFO: Dumping Scrapy stats:
{'downloader/request_bytes': 2653,
 'downloader/request_count': 2,
 'downloader/request_method_count/GET': 2,
 'downloader/response_bytes': 12663,
 'downloader/response_count': 2,
 'downloader/response_status_count/200': 1,
 'downloader/response_status_count/302': 1,
 'finish_reason': 'finished',
 'finish_time': datetime.datetime(2018, 2, 13, 23, 29, 20, 774000),
 'log_count/DEBUG': 3,
 'log_count/INFO': 9,
 'response_received_count': 1,
 'scheduler/dequeued': 2,
 'scheduler/dequeued/memory': 2,
 'scheduler/enqueued': 2,
 'scheduler/enqueued/memory': 2,
 'start_time': datetime.datetime(2018, 2, 13, 23, 29, 11, 774000)}
2018-02-14 07:29:20 [scrapy.core.engine] INFO: Spider closed (finished)
