2018-01-05 13:36:59 [scrapy.utils.log] INFO: Scrapy 1.4.0 started (bot: HouseCrawler)
2018-01-05 13:36:59 [scrapy.utils.log] INFO: Overridden settings: {'AUTOTHROTTLE_MAX_DELAY': 30, 'NEWSPIDER_MODULE': 'HouseCrawler.spiders', 'LOG_FILE': 'logs\\HouseCrawler\\AnjukeUsedHouseSpider\\713e91e1f1da11e787b5382c4a16ce75.log', 'CONCURRENT_REQUESTS_PER_DOMAIN': 1, 'SPIDER_MODULES': ['HouseCrawler.spiders'], 'AUTOTHROTTLE_START_DELAY': 6, 'BOT_NAME': 'HouseCrawler', 'AUTOTHROTTLE_ENABLED': True, 'DOWNLOAD_DELAY': 4, 'AUTOTHROTTLE_DEBUG': True}
2018-01-05 13:36:59 [scrapy.middleware] INFO: Enabled extensions:
['scrapy.extensions.logstats.LogStats',
 'scrapy.extensions.telnet.TelnetConsole',
 'scrapy.extensions.corestats.CoreStats',
 'scrapy.extensions.throttle.AutoThrottle']
2018-01-05 13:36:59 [twisted] CRITICAL: Unhandled error in Deferred:
2018-01-05 13:36:59 [twisted] CRITICAL: 
Traceback (most recent call last):
  File "e:\program files\python2.7\lib\site-packages\twisted\internet\defer.py", line 1386, in _inlineCallbacks
    result = g.send(result)
  File "e:\program files\python2.7\lib\site-packages\scrapy\crawler.py", line 95, in crawl
    six.reraise(*exc_info)
  File "e:\program files\python2.7\lib\site-packages\scrapy\crawler.py", line 76, in crawl
    self.spider = self._create_spider(*args, **kwargs)
  File "e:\program files\python2.7\lib\site-packages\scrapy\crawler.py", line 99, in _create_spider
    return self.spidercls.from_crawler(self, *args, **kwargs)
  File "e:\program files\python2.7\lib\site-packages\scrapy\spiders\__init__.py", line 51, in from_crawler
    spider = cls(*args, **kwargs)
  File "HouseCrawler\spiders\anjuke_used_house_spider.py", line 24, in __init__
    self.address['city'] = city.decode('gbk')
UnicodeDecodeError: 'gbk' codec can't decode bytes in position 4-5: illegal multibyte sequence
